[ 2022-12-07T16:22:20+08:00 ] ::1 /wnetwork/
INFO: [ app_init ] --START--
INFO: Run Behavior\BuildLiteBehavior [ RunTime:0.000014s ]
INFO: [ app_init ] --END-- [ RunTime:0.012549s ]
INFO: [ app_begin ] --START--
INFO: Run Behavior\ReadHtmlCacheBehavior [ RunTime:0.013931s ]
INFO: [ app_begin ] --END-- [ RunTime:0.013985s ]
INFO: [ view_parse ] --START--
INFO: [ template_filter ] --START--
INFO: Run Behavior\ContentReplaceBehavior [ RunTime:0.002168s ]
INFO: [ template_filter ] --END-- [ RunTime:0.002241s ]
INFO: Run Behavior\ParseTemplateBehavior [ RunTime:0.133479s ]
INFO: [ view_parse ] --END-- [ RunTime:0.133560s ]
INFO: [ view_filter ] --START--
INFO: Run Behavior\WriteHtmlCacheBehavior [ RunTime:0.010430s ]
INFO: [ view_filter ] --END-- [ RunTime:0.010482s ]
INFO: [ app_end ] --START--
INFO: Run Behavior\ShowPageTraceBehavior [ RunTime:0.012483s ]
INFO: [ app_end ] --END-- [ RunTime:0.012570s ]

[ 2022-12-07T16:22:21+08:00 ] ::1 /wnetwork/
INFO: [ app_init ] --START--
INFO: Run Behavior\BuildLiteBehavior [ RunTime:0.000019s ]
INFO: [ app_init ] --END-- [ RunTime:0.000172s ]
INFO: [ app_begin ] --START--
INFO: Run Behavior\ReadHtmlCacheBehavior [ RunTime:0.000492s ]
INFO: [ app_begin ] --END-- [ RunTime:0.000610s ]
INFO: [ view_parse ] --START--
INFO: [ template_filter ] --START--
INFO: Run Behavior\ContentReplaceBehavior [ RunTime:0.000155s ]
INFO: [ template_filter ] --END-- [ RunTime:0.000314s ]
INFO: Run Behavior\ParseTemplateBehavior [ RunTime:0.050651s ]
INFO: [ view_parse ] --END-- [ RunTime:0.050764s ]
INFO: [ view_filter ] --START--
INFO: Run Behavior\WriteHtmlCacheBehavior [ RunTime:0.000324s ]
INFO: [ view_filter ] --END-- [ RunTime:0.000381s ]
INFO: [ app_end ] --START--
INFO: Run Behavior\ShowPageTraceBehavior [ RunTime:0.000268s ]
INFO: [ app_end ] --END-- [ RunTime:0.000326s ]

