[ 2021-12-17T11:45:58+08:00 ] ::1 /wnetwork/template/Main-Download-Printer-html5-Template/1.1/js/tabs/css/band.css
INFO: [ app_init ] --START--
INFO: Run Behavior\BuildLiteBehavior [ RunTime:0.000013s ]
INFO: [ app_init ] --END-- [ RunTime:0.000131s ]
ERR: æ— æ³•åŠ è½½æ¨¡å—:Template

te

[ 2021-12-17T11:51:54+08:00 ] ::1 /wnetwork/template/Main-Download-Printer-html5-Template/1.1/js/tabs/css/hairsaloon.css
INFO: [ app_init ] --START--
INFO: Run Behavior\BuildLiteBehavior [ RunTime:0.000036s ]
INFO: [ app_init ] --END-- [ RunTime:0.000118s ]
ERR: æ— æ³•åŠ è½½æ¨¡å—:Template

[ 2021-12-17T11:51:54+08:00 ] ::1 /wnetwork/template/Main-Download-Printer-html5-Template/1.1/js/tabs/css/barber.css
INFO: [ app_init ] --START--
INFO: Run Behavior\BuildLiteBehavior [ RunTime:0.000025s ]
INFO: [ app_init ] --END-- [ RunTime:0.000155s ]
ERR: æ— æ³•åŠ è½½æ¨¡å—:Template

[ 2021-12-17T11:51:54+08:00 ] ::1 /wnetwork/template/Main-Download-Printer-html5-Template/1.1/js/tabs/css/band.css
INFO: [ app_init ] --START--
INFO: Run Behavior\BuildLiteBehavior [ RunTime:0.000027s ]
INFO: [ app_init ] --END-- [ RunTime:0.000152s ]
ERR: æ— æ³•åŠ è½½æ¨¡å—:Template

[ 2021-12-17T11:52:08+08:00 ] ::1 /wnetwork/template/Main-Download-Printer-html5-Template/1.1/js/tabs/css/barber.css
INFO: [ app_init ] --START--
INFO: Run Behavior\BuildLiteBehavior [ RunTime:0.000033s ]
INFO: [ app_init ] --END-- [ RunTime:0.000409s ]
ERR: æ— æ³•åŠ è½½æ¨¡å—:Template

[ 2021-12-17T11:52:08+08:00 ] ::1 /wnetwork/template/Main-Download-Printer-html5-Template/1.1/js/tabs/css/hairsaloon.css
INFO: [ app_init ] --START--
INFO: Run Behavior\BuildLiteBehavior [ RunTime:0.000045s ]
INFO: [ app_init ] --END-- [ RunTime:0.000390s ]
ERR: æ— æ³•åŠ è½½æ¨¡å—:Template

[ 2021-12-17T11:52:08+08:00 ] ::1 /wnetwork/template/Main-Download-Printer-html5-Template/1.1/js/bootstrap/bootstrap.min.css.map
INFO: [ app_init ] --START--
INFO: Run Behavior\BuildLiteBehavior [ RunTime:0.000011s ]
INFO: [ app_init ] --END-- [ RunTime:0.000076s ]
ERR: æ— æ³•åŠ è½½æ¨¡å—:Template

[ 2021-12-17T11:52:08+08:00 ] ::1 /wnetwork/template/Main-Download-Printer-html5-Template/1.1/js/style-customizer/css/style-customizer.css.map
INFO: [ app_init ] --START--
INFO: Run Behavior\BuildLiteBehavior [ RunTime:0.000030s ]
INFO: [ app_init ] --END-- [ RunTime:0.000279s ]
ERR: æ— æ³•åŠ è½½æ¨¡å—:Template

[ 2021-12-17T11:54:45+08:00 ] ::1 /wnetwork/template/Main-Download-Printer-html5-Template/1.1/js/tabs/css/hairsaloon.css
INFO: [ app_init ] --START--
INFO: Run Behavior\BuildLiteBehavior [ RunTime:0.000088s ]
INFO: [ app_init ] --END-- [ RunTime:0.000205s ]
ERR: æ— æ³•åŠ è½½æ¨¡å—:Template

[ 2021-12-17T11:54:45+08:00 ] ::1 /wnetwork/template/Main-Download-Printer-html5-Template/1.1/js/tabs/css/band.css
INFO: [ app_init ] --START--
INFO: Run Behavior\BuildLiteBehavior [ RunTime:0.000028s ]
INFO: [ app_init ] --END-- [ RunTime:0.000216s ]
ERR: æ— æ³•åŠ è½½æ¨¡å—:Template

[ 2021-12-17T11:54:45+08:00 ] ::1 /wnetwork/template/Main-Download-Printer-html5-Template/1.1/js/tabs/css/barber.css
INFO: [ app_init ] --START--
INFO: Run Behavior\BuildLiteBehavior [ RunTime:0.000040s ]
INFO: [ app_init ] --END-- [ RunTime:0.000175s ]
ERR: æ— æ³•åŠ è½½æ¨¡å—:Template

[ 2021-12-17T11:54:46+08:00 ] ::1 /wnetwork/template/Main-Download-Printer-html5-Template/1.1/js/bootstrap/bootstrap.min.css.map
INFO: [ app_init ] --START--
INFO: Run Behavior\BuildLiteBehavior [ RunTime:0.000053s ]
INFO: [ app_init ] --END-- [ RunTime:0.000204s ]
ERR: æ— æ³•åŠ è½½æ¨¡å—:Template

[ 2021-12-17T11:54:46+08:00 ] ::1 /wnetwork/template/Main-Download-Printer-html5-Template/1.1/js/style-customizer/css/style-customizer.css.map
INFO: [ app_init ] --START--
INFO: Run Behavior\BuildLiteBehavior [ RunTime:0.000021s ]
INFO: [ app_init ] --END-- [ RunTime:0.000152s ]
ERR: æ— æ³•åŠ è½½æ¨¡å—:Template

[ 2021-12-17T12:03:07+08:00 ] ::1 /wnetwork/template/Main-Download-Printer-html5-Template/1.1/js/tabs/css/hairsaloon.css
INFO: [ app_init ] --START--
INFO: Run Behavior\BuildLiteBehavior [ RunTime:0.000037s ]
INFO: [ app_init ] --END-- [ RunTime:0.000213s ]
ERR: æ— æ³•åŠ è½½æ¨¡å—:Template

[ 2021-12-17T12:03:07+08:00 ] ::1 /wnetwork/template/Main-Download-Printer-html5-Template/1.1/js/tabs/css/band.css
INFO: [ app_init ] --START--
INFO: Run Behavior\BuildLiteBehavior [ RunTime:0.000040s ]
INFO: [ app_init ] --END-- [ RunTime:0.000165s ]
ERR: æ— æ³•åŠ è½½æ¨¡å—:Template

[ 2021-12-17T12:03:07+08:00 ] ::1 /wnetwork/template/Main-Download-Printer-html5-Template/1.1/js/tabs/css/barber.css
INFO: [ app_init ] --START--
INFO: Run Behavior\BuildLiteBehavior [ RunTime:0.000014s ]
INFO: [ app_init ] --END-- [ RunTime:0.000207s ]
ERR: æ— æ³•åŠ è½½æ¨¡å—:Template

[ 2021-12-17T12:03:32+08:00 ] ::1 /wnetwork/template/Main-Download-Printer-html5-Template/1.1/js/tabs/css/hairsaloon.css
INFO: [ app_init ] --START--
INFO: Run Behavior\BuildLiteBehavior [ RunTime:0.000027s ]
INFO: [ app_init ] --END-- [ RunTime:0.000152s ]
ERR: æ— æ³•åŠ è½½æ¨¡å—:Template

[ 2021-12-17T12:03:32+08:00 ] ::1 /wnetwork/template/Main-Download-Printer-html5-Template/1.1/js/tabs/css/band.css
INFO: [ app_init ] --START--
INFO: Run Behavior\BuildLiteBehavior [ RunTime:0.000029s ]
INFO: [ app_init ] --END-- [ RunTime:0.000199s ]
ERR: æ— æ³•åŠ è½½æ¨¡å—:Template

[ 2021-12-17T12:03:32+08:00 ] ::1 /wnetwork/template/Main-Download-Printer-html5-Template/1.1/js/tabs/css/barber.css
INFO: [ app_init ] --START--
INFO: Run Behavior\BuildLiteBehavior [ RunTime:0.000044s ]
INFO: [ app_init ] --END-- [ RunTime:0.000173s ]
ERR: æ— æ³•åŠ è½½æ¨¡å—:Template

[ 2021-12-17T12:03:46+08:00 ] ::1 /wnetwork/template/Main-Download-Printer-html5-Template/1.1/js/tabs/css/hairsaloon.css
INFO: [ app_init ] --START--
INFO: Run Behavior\BuildLiteBehavior [ RunTime:0.000041s ]
INFO: [ app_init ] --END-- [ RunTime:0.000222s ]
ERR: æ— æ³•åŠ è½½æ¨¡å—:Template

[ 2021-12-17T12:03:46+08:00 ] ::1 /wnetwork/template/Main-Download-Printer-html5-Template/1.1/js/tabs/css/barber.css
INFO: [ app_init ] --START--
INFO: Run Behavior\BuildLiteBehavior [ RunTime:0.000023s ]
INFO: [ app_init ] --END-- [ RunTime:0.000129s ]
ERR: æ— æ³•åŠ è½½æ¨¡å—:Template

[ 2021-12-17T12:03:46+08:00 ] ::1 /wnetwork/template/Main-Download-Printer-html5-Template/1.1/js/tabs/css/band.css
INFO: [ app_init ] --START--
INFO: Run Behavior\BuildLiteBehavior [ RunTime:0.000027s ]
INFO: [ app_init ] --END-- [ RunTime:0.000181s ]
ERR: æ— æ³•åŠ è½½æ¨¡å—:Template

[ 2021-12-17T12:03:56+08:00 ] ::1 /wnetwork/template/Main-Download-Printer-html5-Template/1.1/js/tabs/css/band.css
INFO: [ app_init ] --START--
INFO: Run Behavior\BuildLiteBehavior [ RunTime:0.000028s ]
INFO: [ app_init ] --END-- [ RunTime:0.000166s ]
ERR: æ— æ³•åŠ è½½æ¨¡å—:Template

[ 2021-12-17T12:03:56+08:00 ] ::1 /wnetwork/template/Main-Download-Printer-html5-Template/1.1/js/tabs/css/barber.css
INFO: [ app_init ] --START--
INFO: Run Behavior\BuildLiteBehavior [ RunTime:0.000031s ]
INFO: [ app_init ] --END-- [ RunTime:0.000119s ]
ERR: æ— æ³•åŠ è½½æ¨¡å—:Template

[ 2021-12-17T12:03:56+08:00 ] ::1 /wnetwork/template/Main-Download-Printer-html5-Template/1.1/js/tabs/css/hairsaloon.css
INFO: [ app_init ] --START--
INFO: Run Behavior\BuildLiteBehavior [ RunTime:0.000027s ]
INFO: [ app_init ] --END-- [ RunTime:0.000175s ]
ERR: æ— æ³•åŠ è½½æ¨¡å—:Template

[ 2021-12-17T12:04:21+08:00 ] ::1 /wnetwork/template/Main-Download-Printer-html5-Template/1.1/js/tabs/css/hairsaloon.css
INFO: [ app_init ] --START--
INFO: Run Behavior\BuildLiteBehavior [ RunTime:0.000032s ]
INFO: [ app_init ] --END-- [ RunTime:0.000184s ]
ERR: æ— æ³•åŠ è½½æ¨¡å—:Template

[ 2021-12-17T12:04:21+08:00 ] ::1 /wnetwork/template/Main-Download-Printer-html5-Template/1.1/js/tabs/css/band.css
INFO: [ app_init ] --START--
INFO: Run Behavior\BuildLiteBehavior [ RunTime:0.000041s ]
INFO: [ app_init ] --END-- [ RunTime:0.000203s ]
ERR: æ— æ³•åŠ è½½æ¨¡å—:Template

[ 2021-12-17T12:04:21+08:00 ] ::1 /wnetwork/template/Main-Download-Printer-html5-Template/1.1/js/tabs/css/barber.css
INFO: [ app_init ] --START--
INFO: Run Behavior\BuildLiteBehavior [ RunTime:0.000011s ]
INFO: [ app_init ] --END-- [ RunTime:0.000071s ]
ERR: æ— æ³•åŠ è½½æ¨¡å—:Template

[ 2021-12-17T12:05:30+08:00 ] ::1 /wnetwork/template/Main-Download-Printer-html5-Template/1.1/js/tabs/css/hairsaloon.css
INFO: [ app_init ] --START--
INFO: Run Behavior\BuildLiteBehavior [ RunTime:0.000024s ]
INFO: [ app_init ] --END-- [ RunTime:0.000139s ]
ERR: æ— æ³•åŠ è½½æ¨¡å—:Template

[ 2021-12-17T12:05:30+08:00 ] ::1 /wnetwork/template/Main-Download-Printer-html5-Template/1.1/js/tabs/css/band.css
INFO: [ app_init ] --START--
INFO: Run Behavior\BuildLiteBehavior [ RunTime:0.000026s ]
INFO: [ app_init ] --END-- [ RunTime:0.000171s ]
ERR: æ— æ³•åŠ è½½æ¨¡å—:Template

[ 2021-12-17T12:05:30+08:00 ] ::1 /wnetwork/template/Main-Download-Printer-html5-Template/1.1/js/tabs/css/barber.css
INFO: [ app_init ] --START--
INFO: Run Behavior\BuildLiteBehavior [ RunTime:0.000042s ]
INFO: [ app_init ] --END-- [ RunTime:0.000174s ]
ERR: æ— æ³•åŠ è½½æ¨¡å—:Template

[ 2021-12-17T12:05:41+08:00 ] ::1 /wnetwork/template/Main-Download-Printer-html5-Template/1.1/js/tabs/css/hairsaloon.css
INFO: [ app_init ] --START--
INFO: Run Behavior\BuildLiteBehavior [ RunTime:0.000042s ]
INFO: [ app_init ] --END-- [ RunTime:0.000185s ]
ERR: æ— æ³•åŠ è½½æ¨¡å—:Template

[ 2021-12-17T12:05:41+08:00 ] ::1 /wnetwork/template/Main-Download-Printer-html5-Template/1.1/js/tabs/css/barber.css
INFO: [ app_init ] --START--
INFO: Run Behavior\BuildLiteBehavior [ RunTime:0.000027s ]
INFO: [ app_init ] --END-- [ RunTime:0.000130s ]
ERR: æ— æ³•åŠ è½½æ¨¡å—:Template

[ 2021-12-17T12:05:41+08:00 ] ::1 /wnetwork/template/Main-Download-Printer-html5-Template/1.1/js/tabs/css/band.css
INFO: [ app_init ] --START--
INFO: Run Behavior\BuildLiteBehavior [ RunTime:0.000021s ]
INFO: [ app_init ] --END-- [ RunTime:0.000129s ]
ERR: æ— æ³•åŠ è½½æ¨¡å—:Template

[ 2021-12-17T12:12:13+08:00 ] ::1 /wnetwork/template/Main-Download-Printer-html5-Template/1.1/js/tabs/css/hairsaloon.css
INFO: [ app_init ] --START--
INFO: Run Behavior\BuildLiteBehavior [ RunTime:0.000029s ]
INFO: [ app_init ] --END-- [ RunTime:0.000318s ]
ERR: æ— æ³•åŠ è½½æ¨¡å—:Template[ 2021-12-17T12:12:13+08:00 ] ::1 /wnetwork/template/Main-Download-Printer-html5-Template/1.1/js/tabs/css/band.css
INFO: [ app_init ] --START--
INFO: Run Behavior\BuildLiteBehavior [ RunTime:0.000047s ]
INFO: [ app_init ] --END-- [ RunTime:0.000346s ]
ERR: æ— æ³•åŠ è½½æ¨¡å—:Template

[ 2021-12-17T12:12:14+08:00 ] ::1 /wnetwork/template/Main-Download-Printer-html5-Template/1.1/js/bootstrap/bootstrap.min.css.map
INFO: [ app_init ] --START--
INFO: Run Behavior\BuildLiteBehavior [ RunTime:0.000030s ]
INFO: [ app_init ] --END-- [ RunTime:0.000117s ]
ERR: æ— æ³•åŠ è½½æ¨¡å—:Template

[ 2021-12-17T12:12:14+08:00 ] ::1 /wnetwork/template/Main-Download-Printer-html5-Template/1.1/js/style-customizer/css/style-customizer.css.map
INFO: [ app_init ] --START--
INFO: Run Behavior\BuildLiteBehavior [ RunTime:0.000022s ]
INFO: [ app_init ] --END-- [ RunTime:0.000129s ]
ERR: æ— æ³•åŠ è½½æ¨¡å—:Template

[ 2021-12-17T12:13:02+08:00 ] ::1 /wnetwork/template/Main-Download-Printer-html5-Template/1.1/js/tabs/css/hairsaloon.css
INFO: [ app_init ] --START--
INFO: Run Behavior\BuildLiteBehavior [ RunTime:0.000043s ]
INFO: [ app_init ] --END-- [ RunTime:0.000221s ]
ERR: æ— æ³•åŠ è½½æ¨¡å—:Template

[ 2021-12-17T12:13:02+08:00 ] ::1 /wnetwork/template/Main-Download-Printer-html5-Template/1.1/js/tabs/css/barber.css
INFO: [ app_init ] --START--
INFO: Run Behavior\BuildLiteBehavior [ RunTime:0.000055s ]
INFO: [ app_init ] --END-- [ RunTime:0.000265s ]
ERR: æ— æ³•åŠ è½½æ¨¡å—:Template

[ 2021-12-17T12:13:02+08:00 ] ::1 /wnetwork/template/Main-Download-Printer-html5-Template/1.1/js/tabs/css/band.css
INFO: [ app_init ] --START--
INFO: Run Behavior\BuildLiteBehavior [ RunTime:0.000023s ]
INFO: [ app_init ] --END-- [ RunTime:0.000138s ]
ERR: æ— æ³•åŠ è½½æ¨¡å—:Template

[ 2021-12-17T12:13:02+08:00 ] ::1 /wnetwork/template/Main-Download-Printer-html5-Template/1.1/js/style-customizer/css/style-customizer.css.map
INFO: [ app_init ] --START--
INFO: Run Behavior\BuildLiteBehavior [ RunTime:0.000023s ]
INFO: [ app_init ] --END-- [ RunTime:0.000154s ]
ERR: æ— æ³•åŠ è½½æ¨¡å—:Template

[ 2021-12-17T12:13:02+08:00 ] ::1 /wnetwork/template/Main-Download-Printer-html5-Template/1.1/js/bootstrap/bootstrap.min.css.map
INFO: [ app_init ] --START--
INFO: Run Behavior\BuildLiteBehavior [ RunTime:0.000031s ]
INFO: [ app_init ] --END-- [ RunTime:0.000206s ]
ERR: æ— æ³•åŠ è½½æ¨¡å—:Template

[ 2021-12-17T12:13:45+08:00 ] ::1 /wnetwork/template/Main-Download-Printer-html5-Template/1.1/js/tabs/css/hairsaloon.css
INFO: [ app_init ] --START--
INFO: Run Behavior\BuildLiteBehavior [ RunTime:0.000024s ]
INFO: [ app_init ] --END-- [ RunTime:0.000145s ]
ERR: æ— æ³•åŠ è½½æ¨¡å—:Template

[ 2021-12-17T12:13:45+08:00 ] ::1 /wnetwork/template/Main-Download-Printer-html5-Template/1.1/js/tabs/css/barber.css
INFO: [ app_init ] --START--
INFO: Run Behavior\BuildLiteBehavior [ RunTime:0.000044s ]
INFO: [ app_init ] --END-- [ RunTime:0.000181s ]
ERR: æ— æ³•åŠ è½½æ¨¡å—:Template

[ 2021-12-17T12:13:45+08:00 ] ::1 /wnetwork/template/Main-Download-Printer-html5-Template/1.1/js/tabs/css/band.css
INFO: [ app_init ] --START--
INFO: Run Behavior\BuildLiteBehavior [ RunTime:0.000031s ]
INFO: [ app_init ] --END-- [ RunTime:0.000219s ]
ERR: æ— æ³•åŠ è½½æ¨¡å—:Template

[ 2021-12-17T12:13:45+08:00 ] ::1 /wnetwork/template/Main-Download-Printer-html5-Template/1.1/js/bootstrap/bootstrap.min.css.map
INFO: [ app_init ] --START--
INFO: Run Behavior\BuildLiteBehavior [ RunTime:0.000029s ]
INFO: [ app_init ] --END-- [ RunTime:0.000176s ]
ERR: æ— æ³•åŠ è½½æ¨¡å—:Template

[ 2021-12-17T12:13:45+08:00 ] ::1 /wnetwork/template/Main-Download-Printer-html5-Template/1.1/js/style-customizer/css/style-customizer.css.map
INFO: [ app_init ] --START--
INFO: Run Behavior\BuildLiteBehavior [ RunTime:0.000019s ]
INFO: [ app_init ] --END-- [ RunTime:0.000121s ]
ERR: æ— æ³•åŠ è½½æ¨¡å—:Template

[ 2021-12-17T12:14:07+08:00 ] ::1 /wnetwork/template/Main-Download-Printer-html5-Template/1.1/js/tabs/css/hairsaloon.css
INFO: [ app_init ] --START--
INFO: Run Behavior\BuildLiteBehavior [ RunTime:0.000042s ]
INFO: [ app_init ] --END-- [ RunTime:0.000272s ]
ERR: æ— æ³•åŠ è½½æ¨¡å—:Template

[ 2021-12-17T12:14:07+08:00 ] ::1 /wnetwork/template/Main-Download-Printer-html5-Template/1.1/js/tabs/css/barber.css
INFO: [ app_init ] --START--
INFO: Run Behavior\BuildLiteBehavior [ RunTime:0.000022s ]
INFO: [ app_init ] --END-- [ RunTime:0.000135s ]
ERR: æ— æ³•åŠ è½½æ¨¡å—:Template

[ 2021-12-17T12:14:07+08:00 ] ::1 /wnetwork/template/Main-Download-Printer-html5-Template/1.1/js/tabs/css/band.css
INFO: [ app_init ] --START--
INFO: Run Behavior\BuildLiteBehavior [ RunTime:0.000037s ]
INFO: [ app_init ] --END-- [ RunTime:0.000160s ]
ERR: æ— æ³•åŠ è½½æ¨¡å—:Template

[ 2021-12-17T12:14:07+08:00 ] ::1 /wnetwork/template/Main-Download-Printer-html5-Template/1.1/js/bootstrap/bootstrap.min.css.map
INFO: [ app_init ] --START--
INFO: Run Behavior\BuildLiteBehavior [ RunTime:0.000028s ]
INFO: [ app_init ] --END-- [ RunTime:0.000111s ]
ERR: æ— æ³•åŠ è½½æ¨¡å—:Template

[ 2021-12-17T12:14:07+08:00 ] ::1 /wnetwork/template/Main-Download-Printer-html5-Template/1.1/js/style-customizer/css/style-customizer.css.map
INFO: [ app_init ] --START--
INFO: Run Behavior\BuildLiteBehavior [ RunTime:0.000027s ]
INFO: [ app_init ] --END-- [ RunTime:0.000104s ]
ERR: æ— æ³•åŠ è½½æ¨¡å—:Template

[ 2021-12-17T12:15:10+08:00 ] ::1 /wnetwork/template/Main-Download-Printer-html5-Template/1.1/js/tabs/css/hairsaloon.css
INFO: [ app_init ] --START--
INFO: Run Behavior\BuildLiteBehavior [ RunTime:0.000043s ]
INFO: [ app_init ] --END-- [ RunTime:0.000228s ]
ERR: æ— æ³•åŠ è½½æ¨¡å—:Template

[ 2021-12-17T12:15:10+08:00 ] ::1 /wnetwork/template/Main-Download-Printer-html5-Template/1.1/js/tabs/css/barber.css
INFO: [ app_init ] --START--
INFO: Run Behavior\BuildLiteBehavior [ RunTime:0.000029s ]
INFO: [ app_init ] --END-- [ RunTime:0.000233s ]
ERR: æ— æ³•åŠ è½½æ¨¡å—:Template

[ 2021-12-17T12:15:10+08:00 ] ::1 /wnetwork/template/Main-Download-Printer-html5-Template/1.1/js/tabs/css/band.css
INFO: [ app_init ] --START--
INFO: Run Behavior\BuildLiteBehavior [ RunTime:0.000030s ]
INFO: [ app_init ] --END-- [ RunTime:0.000150s ]
ERR: æ— æ³•åŠ è½½æ¨¡å—:Template

[ 2021-12-17T12:15:11+08:00 ] ::1 /wnetwork/template/Main-Download-Printer-html5-Template/1.1/js/bootstrap/bootstrap.min.css.map
INFO: [ app_init ] --START--
INFO: Run Behavior\BuildLiteBehavior [ RunTime:0.000015s ]
INFO: [ app_init ] --END-- [ RunTime:0.000138s ]
ERR: æ— æ³•åŠ è½½æ¨¡å—:Template

[ 2021-12-17T12:15:11+08:00 ] ::1 /wnetwork/template/Main-Download-Printer-html5-Template/1.1/js/style-customizer/css/style-customizer.css.map
INFO: [ app_init ] --START--
INFO: Run Behavior\BuildLiteBehavior [ RunTime:0.000014s ]
INFO: [ app_init ] --END-- [ RunTime:0.000100s ]
ERR: æ— æ³•åŠ è½½æ¨¡å—:Template

[ 2021-12-17T12:16:49+08:00 ] ::1 /wnetwork/template/Main-Download-Printer-html5-Template/1.1/js/tabs/css/hairsaloon.css
INFO: [ app_init ] --START--
INFO: Run Behavior\BuildLiteBehavior [ RunTime:0.000015s ]
INFO: [ app_init ] --END-- [ RunTime:0.000078s ]
ERR: æ— æ³•åŠ è½½æ¨¡å—:Template

[ 2021-12-17T12:16:49+08:00 ] ::1 /wnetwork/template/Main-Download-Printer-html5-Template/1.1/js/tabs/css/band.css
INFO: [ app_init ] --START--
INFO: Run Behavior\BuildLiteBehavior [ RunTime:0.000024s ]
INFO: [ app_init ] --END-- [ RunTime:0.000140s ]
ERR: æ— æ³•åŠ è½½æ¨¡å—:Template

[ 2021-12-17T12:16:49+08:00 ] ::1 /wnetwork/template/Main-Download-Printer-html5-Template/1.1/js/tabs/css/barber.css
INFO: [ app_init ] --START--
INFO: Run Behavior\BuildLiteBehavior [ RunTime:0.000044s ]
INFO: [ app_init ] --END-- [ RunTime:0.000175s ]
ERR: æ— æ³•åŠ è½½æ¨¡å—:Template

[ 2021-12-17T12:16:49+08:00 ] ::1 /wnetwork/template/Main-Download-Printer-html5-Template/1.1/js/bootstrap/bootstrap.min.css.map
INFO: [ app_init ] --START--
INFO: Run Behavior\BuildLiteBehavior [ RunTime:0.000039s ]
INFO: [ app_init ] --END-- [ RunTime:0.000175s ]
ERR: æ— æ³•åŠ è½½æ¨¡å—:Template

[ 2021-12-17T12:16:50+08:00 ] ::1 /wnetwork/template/Main-Download-Printer-html5-Template/1.1/js/style-customizer/css/style-customizer.css.map
INFO: [ app_init ] --START--
INFO: Run Behavior\BuildLiteBehavior [ RunTime:0.000041s ]
INFO: [ app_init ] --END-- [ RunTime:0.000128s ]
ERR: æ— æ³•åŠ è½½æ¨¡å—:Template

[ 2021-12-17T12:17:21+08:00 ] ::1 /wnetwork/template/Main-Download-Printer-html5-Template/1.1/js/tabs/css/hairsaloon.css
INFO: [ app_init ] --START--
INFO: Run Behavior\BuildLiteBehavior [ RunTime:0.000041s ]
INFO: [ app_init ] --END-- [ RunTime:0.000175s ]
ERR: æ— æ³•åŠ è½½æ¨¡å—:Template

[ 2021-12-17T12:17:21+08:00 ] ::1 /wnetwork/template/Main-Download-Printer-html5-Template/1.1/js/tabs/css/barber.css
INFO: [ app_init ] --START--
INFO: Run Behavior\BuildLiteBehavior [ RunTime:0.000022s ]
INFO: [ app_init ] --END-- [ RunTime:0.000139s ]
ERR: æ— æ³•åŠ è½½æ¨¡å—:Template

[ 2021-12-17T12:17:21+08:00 ] ::1 /wnetwork/template/Main-Download-Printer-html5-Template/1.1/js/tabs/css/band.css
INFO: [ app_init ] --START--
INFO: Run Behavior\BuildLiteBehavior [ RunTime:0.000030s ]
INFO: [ app_init ] --END-- [ RunTime:0.000185s ]
ERR: æ— æ³•åŠ è½½æ¨¡å—:Template

[ 2021-12-17T12:17:21+08:00 ] ::1 /wnetwork/template/Main-Download-Printer-html5-Template/1.1/js/bootstrap/bootstrap.min.css.map
INFO: [ app_init ] --START--
INFO: Run Behavior\BuildLiteBehavior [ RunTime:0.000020s ]
INFO: [ app_init ] --END-- [ RunTime:0.000118s ]
ERR: æ— æ³•åŠ è½½æ¨¡å—:Template

[ 2021-12-17T12:17:21+08:00 ] ::1 /wnetwork/template/Main-Download-Printer-html5-Template/1.1/js/style-customizer/css/style-customizer.css.map
INFO: [ app_init ] --START--
INFO: Run Behavior\BuildLiteBehavior [ RunTime:0.000071s ]
INFO: [ app_init ] --END-- [ RunTime:0.000211s ]
ERR: æ— æ³•åŠ è½½æ¨¡å—:Template

[ 2021-12-17T12:17:51+08:00 ] ::1 /wnetwork/template/Main-Download-Printer-html5-Template/1.1/js/tabs/css/barber.css
INFO: [ app_init ] --START--
INFO: Run Behavior\BuildLiteBehavior [ RunTime:0.000026s ]
INFO: [ app_init ] --END-- [ RunTime:0.000239s ]
ERR: æ— æ³•åŠ è½½æ¨¡å—:Template

[ 2021-12-17T12:17:51+08:00 ] ::1 /wnetwork/template/Main-Download-Printer-html5-Template/1.1/js/tabs/css/band.css
INFO: [ app_init ] --START--
INFO: Run Behavior\BuildLiteBehavior [ RunTime:0.000040s ]
INFO: [ app_init ] --END-- [ RunTime:0.000171s ]
ERR: æ— æ³•åŠ è½½æ¨¡å—:Template

[ 2021-12-17T12:17:51+08:00 ] ::1 /wnetwork/template/Main-Download-Printer-html5-Template/1.1/js/tabs/css/hairsaloon.css
INFO: [ app_init ] --START--
INFO: Run Behavior\BuildLiteBehavior [ RunTime:0.000034s ]
INFO: [ app_init ] --END-- [ RunTime:0.000248s ]
ERR: æ— æ³•åŠ è½½æ¨¡å—:Template

[ 2021-12-17T12:17:51+08:00 ] ::1 /wnetwork/template/Main-Download-Printer-html5-Template/1.1/js/bootstrap/bootstrap.min.css.map
INFO: [ app_init ] --START--
INFO: Run Behavior\BuildLiteBehavior [ RunTime:0.000018s ]
INFO: [ app_init ] --END-- [ RunTime:0.000118s ]
ERR: æ— æ³•åŠ è½½æ¨¡å—:Template

[ 2021-12-17T12:17:51+08:00 ] ::1 /wnetwork/template/Main-Download-Printer-html5-Template/1.1/js/style-customizer/css/style-customizer.css.map
INFO: [ app_init ] --START--
INFO: Run Behavior\BuildLiteBehavior [ RunTime:0.000034s ]
INFO: [ app_init ] --END-- [ RunTime:0.000128s ]
ERR: æ— æ³•åŠ è½½æ¨¡å—:Template

[ 2021-12-17T12:19:16+08:00 ] ::1 /wnetwork/template/Main-Download-Printer-html5-Template/1.1/js/tabs/css/hairsaloon.css
INFO: [ app_init ] --START--
INFO: Run Behavior\BuildLiteBehavior [ RunTime:0.000040s ]
INFO: [ app_init ] --END-- [ RunTime:0.000212s ]
ERR: æ— æ³•åŠ è½½æ¨¡å—:Template

[ 2021-12-17T12:19:16+08:00 ] ::1 /wnetwork/template/Main-Download-Printer-html5-Template/1.1/js/tabs/css/barber.css
INFO: [ app_init ] --START--
INFO: Run Behavior\BuildLiteBehavior [ RunTime:0.000017s ]
INFO: [ app_init ] --END-- [ RunTime:0.000101s ]
ERR: æ— æ³•åŠ è½½æ¨¡å—:Template

[ 2021-12-17T12:19:16+08:00 ] ::1 /wnetwork/template/Main-Download-Printer-html5-Template/1.1/js/tabs/css/band.css
INFO: [ app_init ] --START--
INFO: Run Behavior\BuildLiteBehavior [ RunTime:0.000034s ]
INFO: [ app_init ] --END-- [ RunTime:0.000142s ]
ERR: æ— æ³•åŠ è½½æ¨¡å—:Template

[ 2021-12-17T12:19:16+08:00 ] ::1 /wnetwork/template/Main-Download-Printer-html5-Template/1.1/js/style-customizer/css/style-customizer.css.map
INFO: [ app_init ] --START--
INFO: Run Behavior\BuildLiteBehavior [ RunTime:0.000038s ]
INFO: [ app_init ] --END-- [ RunTime:0.000181s ]
ERR: æ— æ³•åŠ è½½æ¨¡å—:Template

[ 2021-12-17T12:19:16+08:00 ] ::1 /wnetwork/template/Main-Download-Printer-html5-Template/1.1/js/bootstrap/bootstrap.min.css.map
INFO: [ app_init ] --START--
INFO: Run Behavior\BuildLiteBehavior [ RunTime:0.000023s ]
INFO: [ app_init ] --END-- [ RunTime:0.000163s ]
ERR: æ— æ³•åŠ è½½æ¨¡å—:Template

[ 2021-12-17T12:19:51+08:00 ] ::1 /wnetwork/template/Main-Download-Printer-html5-Template/1.1/js/tabs/css/hairsaloon.css
INFO: [ app_init ] --START--
INFO: Run Behavior\BuildLiteBehavior [ RunTime:0.000024s ]
INFO: [ app_init ] --END-- [ RunTime:0.000137s ]
ERR: æ— æ³•åŠ è½½æ¨¡å—:Template

[ 2021-12-17T12:19:51+08:00 ] ::1 /wnetwork/template/Main-Download-Printer-html5-Template/1.1/js/tabs/css/barber.css
INFO: [ app_init ] --START--
INFO: Run Behavior\BuildLiteBehavior [ RunTime:0.000026s ]
INFO: [ app_init ] --END-- [ RunTime:0.000164s ]
ERR: æ— æ³•åŠ è½½æ¨¡å—:Template

[ 2021-12-17T12:19:51+08:00 ] ::1 /wnetwork/template/Main-Download-Printer-html5-Template/1.1/js/bootstrap/bootstrap.min.css.map
INFO: [ app_init ] --START--
INFO: Run Behavior\BuildLiteBehavior [ RunTime:0.000018s ]
INFO: [ app_init ] --END-- [ RunTime:0.000115s ]
ERR: æ— æ³•åŠ è½½æ¨¡å—:Template

[ 2021-12-17T12:19:51+08:00 ] ::1 /wnetwork/template/Main-Download-Printer-html5-Template/1.1/js/style-customizer/css/style-customizer.css.map
INFO: [ app_init ] --START--
INFO: Run Behavior\BuildLiteBehavior [ RunTime:0.000028s ]
INFO: [ app_init ] --END-- [ RunTime:0.000179s ]
ERR: æ— æ³•åŠ è½½æ¨¡å—:Template

[ 2021-12-17T12:20:03+08:00 ] ::1 /wnetwork/template/Main-Download-Printer-html5-Template/1.1/js/tabs/css/hairsaloon.css
INFO: [ app_init ] --START--
INFO: Run Behavior\BuildLiteBehavior [ RunTime:0.000021s ]
INFO: [ app_init ] --END-- [ RunTime:0.000221s ]
ERR: æ— æ³•åŠ è½½æ¨¡å—:Template

[ 2021-12-17T12:20:03+08:00 ] ::1 /wnetwork/template/Main-Download-Printer-html5-Template/1.1/js/tabs/css/band.css
INFO: [ app_init ] --START--
INFO: Run Behavior\BuildLiteBehavior [ RunTime:0.000039s ]
INFO: [ app_init ] --END-- [ RunTime:0.000169s ]
ERR: æ— æ³•åŠ è½½æ¨¡å—:Template


[ 2021-12-17T12:20:03+08:00 ] ::1 /wnetwork/template/Main-Download-Printer-html5-Template/1.1/js/bootstrap/bootstrap.min.css.map
INFO: [ app_init ] --START--
INFO: Run Behavior\BuildLiteBehavior [ RunTime:0.000029s ]
INFO: [ app_init ] --END-- [ RunTime:0.000121s ]
ERR: æ— æ³•åŠ è½½æ¨¡å—:Template

[ 2021-12-17T12:20:03+08:00 ] ::1 /wnetwork/template/Main-Download-Printer-html5-Template/1.1/js/style-customizer/css/style-customizer.css.map
INFO: [ app_init ] --START--
INFO: Run Behavior\BuildLiteBehavior [ RunTime:0.000037s ]
INFO: [ app_init ] --END-- [ RunTime:0.000152s ]
ERR: æ— æ³•åŠ è½½æ¨¡å—:Template

[ 2021-12-17T12:20:10+08:00 ] ::1 /wnetwork/template/Main-Download-Printer-html5-Template/1.1/js/tabs/css/band.css
INFO: [ app_init ] --START--
INFO: Run Behavior\BuildLiteBehavior [ RunTime:0.000029s ]
INFO: [ app_init ] --END-- [ RunTime:0.000277s ]
ERR: æ— æ³•åŠ è½½æ¨¡å—:Template

[ 2021-12-17T12:20:10+08:00 ] ::1 /wnetwork/template/Main-Download-Printer-html5-Template/1.1/js/tabs/css/hairsaloon.css
INFO: [ app_init ] --START--
INFO: Run Behavior\BuildLiteBehavior [ RunTime:0.000045s ]
INFO: [ app_init ] --END-- [ RunTime:0.000383s ]
ERR: æ— æ³•åŠ è½½æ¨¡å—:Template

[ 2021-12-17T12:20:10+08:00 ] ::1 /wnetwork/template/Main-Download-Printer-html5-Template/1.1/js/tabs/css/barber.css
INFO: [ app_init ] --START--
INFO: Run Behavior\BuildLiteBehavior [ RunTime:0.000037s ]
INFO: [ app_init ] --END-- [ RunTime:0.000318s ]
ERR: æ— æ³•åŠ è½½æ¨¡å—:Template

[ 2021-12-17T12:20:10+08:00 ] ::1 /wnetwork/template/Main-Download-Printer-html5-Template/1.1/js/bootstrap/bootstrap.min.css.map
INFO: [ app_init ] --START--
INFO: Run Behavior\BuildLiteBehavior [ RunTime:0.000018s ]
INFO: [ app_init ] --END-- [ RunTime:0.000119s ]
ERR: æ— æ³•åŠ è½½æ¨¡å—:Template

[ 2021-12-17T12:20:10+08:00 ] ::1 /wnetwork/template/Main-Download-Printer-html5-Template/1.1/js/style-customizer/css/style-customizer.css.map
INFO: [ app_init ] --START--
INFO: Run Behavior\BuildLiteBehavior [ RunTime:0.000050s ]
INFO: [ app_init ] --END-- [ RunTime:0.000261s ]
ERR: æ— æ³•åŠ è½½æ¨¡å—:Template

[ 2021-12-17T12:20:19+08:00 ] ::1 /wnetwork/template/Main-Download-Printer-html5-Template/1.1/js/tabs/css/hairsaloon.css
INFO: [ app_init ] --START--
INFO: Run Behavior\BuildLiteBehavior [ RunTime:0.000050s ]
INFO: [ app_init ] --END-- [ RunTime:0.000236s ]
ERR: æ— æ³•åŠ è½½æ¨¡å—:Template

[ 2021-12-17T12:20:19+08:00 ] ::1 /wnetwork/template/Main-Download-Printer-html5-Template/1.1/js/tabs/css/barber.css
INFO: [ app_init ] --START--
INFO: Run Behavior\BuildLiteBehavior [ RunTime:0.000020s ]
INFO: [ app_init ] --END-- [ RunTime:0.000122s ]
ERR: æ— æ³•åŠ è½½æ¨¡å—:Template

[ 2021-12-17T12:20:19+08:00 ] ::1 /wnetwork/template/Main-Download-Printer-html5-Template/1.1/js/tabs/css/band.css
INFO: [ app_init ] --START--
INFO: Run Behavior\BuildLiteBehavior [ RunTime:0.000030s ]
INFO: [ app_init ] --END-- [ RunTime:0.000201s ]
ERR: æ— æ³•åŠ è½½æ¨¡å—:Template

[ 2021-12-17T12:20:19+08:00 ] ::1 /wnetwork/template/Main-Download-Printer-html5-Template/1.1/js/bootstrap/bootstrap.min.css.map
INFO: [ app_init ] --START--
INFO: Run Behavior\BuildLiteBehavior [ RunTime:0.000031s ]
INFO: [ app_init ] --END-- [ RunTime:0.000205s ]
ERR: æ— æ³•åŠ è½½æ¨¡å—:Template

[ 2021-12-17T12:20:19+08:00 ] ::1 /wnetwork/template/Main-Download-Printer-html5-Template/1.1/js/style-customizer/css/style-customizer.css.map
INFO: [ app_init ] --START--
INFO: Run Behavior\BuildLiteBehavior [ RunTime:0.000012s ]
INFO: [ app_init ] --END-- [ RunTime:0.000071s ]
ERR: æ— æ³•åŠ è½½æ¨¡å—:Template

[ 2021-12-17T12:40:55+08:00 ] ::1 /wnetwork/template/Main-Download-Printer-html5-Template/1.1/js/tabs/css/hairsaloon.css
INFO: [ app_init ] --START--
INFO: Run Behavior\BuildLiteBehavior [ RunTime:0.000025s ]
INFO: [ app_init ] --END-- [ RunTime:0.000136s ]
ERR: æ— æ³•åŠ è½½æ¨¡å—:Template

[ 2021-12-17T12:40:55+08:00 ] ::1 /wnetwork/template/Main-Download-Printer-html5-Template/1.1/js/tabs/css/band.css
INFO: [ app_init ] --START--
INFO: Run Behavior\BuildLiteBehavior [ RunTime:0.000039s ]
INFO: [ app_init ] --END-- [ RunTime:0.000175s ]
ERR: æ— æ³•åŠ è½½æ¨¡å—:Template

[ 2021-12-17T12:40:55+08:00 ] ::1 /wnetwork/template/Main-Download-Printer-html5-Template/1.1/js/tabs/css/barber.css
INFO: [ app_init ] --START--
INFO: Run Behavior\BuildLiteBehavior [ RunTime:0.000045s ]
INFO: [ app_init ] --END-- [ RunTime:0.000471s ]
ERR: æ— æ³•åŠ è½½æ¨¡å—:Template

[ 2021-12-17T12:40:55+08:00 ] ::1 /wnetwork/pic/twinpalms.png
INFO: [ app_init ] --START--
INFO: Run Behavior\BuildLiteBehavior [ RunTime:0.000034s ]
INFO: [ app_init ] --END-- [ RunTime:0.000158s ]
ERR: æ— æ³•åŠ è½½æ¨¡å—:Pic

[ 2021-12-17T12:40:55+08:00 ] ::1 /wnetwork/pic/inbosz.png
INFO: [ app_init ] --START--
INFO: Run Behavior\BuildLiteBehavior [ RunTime:0.000041s ]
INFO: [ app_init ] --END-- [ RunTime:0.000233s ]
ERR: æ— æ³•åŠ è½½æ¨¡å—:Pic


[ 2021-12-17T12:42:21+08:00 ] ::1 /wnetwork/template/Main-Download-Printer-html5-Template/1.1/js/tabs/css/hairsaloon.css
INFO: [ app_init ] --START--
INFO: Run Behavior\BuildLiteBehavior [ RunTime:0.000022s ]
INFO: [ app_init ] --END-- [ RunTime:0.000102s ]
ERR: æ— æ³•åŠ è½½æ¨¡å—:Template

[ 2021-12-17T12:42:21+08:00 ] ::1 /wnetwork/template/Main-Download-Printer-html5-Template/1.1/js/tabs/css/band.css
INFO: [ app_init ] --START--
INFO: Run Behavior\BuildLiteBehavior [ RunTime:0.000016s ]
INFO: [ app_init ] --END-- [ RunTime:0.000096s ]
ERR: æ— æ³•åŠ è½½æ¨¡å—:Template

[ 2021-12-17T12:42:21+08:00 ] ::1 /wnetwork/template/Main-Download-Printer-html5-Template/1.1/js/tabs/css/barber.css
INFO: [ app_init ] --START--
INFO: Run Behavior\BuildLiteBehavior [ RunTime:0.000027s ]
INFO: [ app_init ] --END-- [ RunTime:0.000139s ]
ERR: æ— æ³•åŠ è½½æ¨¡å—:Template

[ 2021-12-17T12:42:21+08:00 ] ::1 /wnetwork/pic/Linurex.jpg
INFO: [ app_init ] --START--
INFO: Run Behavior\BuildLiteBehavior [ RunTime:0.000042s ]
INFO: [ app_init ] --END-- [ RunTime:0.000171s ]
ERR: æ— æ³•åŠ è½½æ¨¡å—:Pic

[ 2021-12-17T12:42:30+08:00 ] ::1 /wnetwork/template/Main-Download-Printer-html5-Template/1.1/js/tabs/css/hairsaloon.css
INFO: [ app_init ] --START--
INFO: Run Behavior\BuildLiteBehavior [ RunTime:0.000080s ]
INFO: [ app_init ] --END-- [ RunTime:0.000239s ]
ERR: æ— æ³•åŠ è½½æ¨¡å—:Template

[ 2021-12-17T12:42:30+08:00 ] ::1 /wnetwork/template/Main-Download-Printer-html5-Template/1.1/js/tabs/css/band.css
INFO: [ app_init ] --START--
INFO: Run Behavior\BuildLiteBehavior [ RunTime:0.000024s ]
INFO: [ app_init ] --END-- [ RunTime:0.000142s ]
ERR: æ— æ³•åŠ è½½æ¨¡å—:Template

[ 2021-12-17T12:42:30+08:00 ] ::1 /wnetwork/template/Main-Download-Printer-html5-Template/1.1/js/tabs/css/barber.css
INFO: [ app_init ] --START--
INFO: Run Behavior\BuildLiteBehavior [ RunTime:0.000033s ]
INFO: [ app_init ] --END-- [ RunTime:0.000600s ]
ERR: æ— æ³•åŠ è½½æ¨¡å—:Template

[ 2021-12-17T12:47:15+08:00 ] ::1 /wnetwork/template/Main-Download-Printer-html5-Template/1.1/js/tabs/css/hairsaloon.css
INFO: [ app_init ] --START--
INFO: Run Behavior\BuildLiteBehavior [ RunTime:0.000079s ]
INFO: [ app_init ] --END-- [ RunTime:0.000382s ]
ERR: æ— æ³•åŠ è½½æ¨¡å—:Template

[ 2021-12-17T12:47:15+08:00 ] ::1 /wnetwork/template/Main-Download-Printer-html5-Template/1.1/js/tabs/css/band.css
INFO: [ app_init ] --START--
INFO: Run Behavior\BuildLiteBehavior [ RunTime:0.000025s ]
INFO: [ app_init ] --END-- [ RunTime:0.000139s ]
ERR: æ— æ³•åŠ è½½æ¨¡å—:Template

[ 2021-12-17T12:47:15+08:00 ] ::1 /wnetwork/template/Main-Download-Printer-html5-Template/1.1/js/tabs/css/barber.css
INFO: [ app_init ] --START--
INFO: Run Behavior\BuildLiteBehavior [ RunTime:0.000025s ]
INFO: [ app_init ] --END-- [ RunTime:0.000169s ]
ERR: æ— æ³•åŠ è½½æ¨¡å—:Template

[ 2021-12-17T12:47:17+08:00 ] ::1 /wnetwork/template/Main-Download-Printer-html5-Template/1.1/js/tabs/css/hairsaloon.css
INFO: [ app_init ] --START--
INFO: Run Behavior\BuildLiteBehavior [ RunTime:0.000061s ]
INFO: [ app_init ] --END-- [ RunTime:0.000205s ]
ERR: æ— æ³•åŠ è½½æ¨¡å—:Template

[ 2021-12-17T12:47:17+08:00 ] ::1 /wnetwork/template/Main-Download-Printer-html5-Template/1.1/js/tabs/css/barber.css
INFO: [ app_init ] --START--
INFO: Run Behavior\BuildLiteBehavior [ RunTime:0.000025s ]
INFO: [ app_init ] --END-- [ RunTime:0.000139s ]
ERR: æ— æ³•åŠ è½½æ¨¡å—:Template

[ 2021-12-17T12:47:17+08:00 ] ::1 /wnetwork/template/Main-Download-Printer-html5-Template/1.1/js/tabs/css/band.css
INFO: [ app_init ] --START--
INFO: Run Behavior\BuildLiteBehavior [ RunTime:0.000028s ]
INFO: [ app_init ] --END-- [ RunTime:0.000186s ]
ERR: æ— æ³•åŠ è½½æ¨¡å—:Template

[ 2021-12-17T12:47:19+08:00 ] ::1 /wnetwork/template/Main-Download-Printer-html5-Template/1.1/js/tabs/css/barber.css
INFO: [ app_init ] --START--
INFO: Run Behavior\BuildLiteBehavior [ RunTime:0.000042s ]
INFO: [ app_init ] --END-- [ RunTime:0.000166s ]
ERR: æ— æ³•åŠ è½½æ¨¡å—:Template

[ 2021-12-17T12:47:19+08:00 ] ::1 /wnetwork/template/Main-Download-Printer-html5-Template/1.1/js/tabs/css/band.css
INFO: [ app_init ] --START--
INFO: Run Behavior\BuildLiteBehavior [ RunTime:0.000022s ]
INFO: [ app_init ] --END-- [ RunTime:0.000144s ]
ERR: æ— æ³•åŠ è½½æ¨¡å—:Template

[ 2021-12-17T12:47:19+08:00 ] ::1 /wnetwork/template/Main-Download-Printer-html5-Template/1.1/js/tabs/css/hairsaloon.css
INFO: [ app_init ] --START--
INFO: Run Behavior\BuildLiteBehavior [ RunTime:0.000038s ]
INFO: [ app_init ] --END-- [ RunTime:0.000204s ]
ERR: æ— æ³•åŠ è½½æ¨¡å—:Template

[ 2021-12-17T12:47:24+08:00 ] ::1 /wnetwork/template/Main-Download-Printer-html5-Template/1.1/js/tabs/css/band.css
INFO: [ app_init ] --START--
INFO: Run Behavior\BuildLiteBehavior [ RunTime:0.000030s ]
INFO: [ app_init ] --END-- [ RunTime:0.000136s ]
ERR: æ— æ³•åŠ è½½æ¨¡å—:Template

[ 2021-12-17T12:47:24+08:00 ] ::1 /wnetwork/template/Main-Download-Printer-html5-Template/1.1/js/tabs/css/hairsaloon.css
INFO: [ app_init ] --START--
INFO: Run Behavior\BuildLiteBehavior [ RunTime:0.000207s ]
INFO: [ app_init ] --END-- [ RunTime:0.000424s ]
ERR: æ— æ³•åŠ è½½æ¨¡å—:Template

[ 2021-12-17T12:47:24+08:00 ] ::1 /wnetwork/template/Main-Download-Printer-html5-Template/1.1/js/tabs/css/barber.css
INFO: [ app_init ] --START--
INFO: Run Behavior\BuildLiteBehavior [ RunTime:0.000045s ]
INFO: [ app_init ] --END-- [ RunTime:0.000181s ]
ERR: æ— æ³•åŠ è½½æ¨¡å—:Template

[ 2021-12-17T12:47:26+08:00 ] ::1 /wnetwork/template/Main-Download-Printer-html5-Template/1.1/js/tabs/css/band.css
INFO: [ app_init ] --START--
INFO: Run Behavior\BuildLiteBehavior [ RunTime:0.000026s ]
INFO: [ app_init ] --END-- [ RunTime:0.000113s ]
ERR: æ— æ³•åŠ è½½æ¨¡å—:Template


[ 2021-12-17T12:47:26+08:00 ] ::1 /wnetwork/template/Main-Download-Printer-html5-Template/1.1/js/tabs/css/hairsaloon.css
INFO: [ app_init ] --START--
INFO: Run Behavior\BuildLiteBehavior [ RunTime:0.000035s ]
INFO: [ app_init ] --END-- [ RunTime:0.000128s ]
ERR: æ— æ³•åŠ è½½æ¨¡å—:Template

[ 2021-12-17T12:47:28+08:00 ] ::1 /wnetwork/template/Main-Download-Printer-html5-Template/1.1/js/tabs/css/band.css
INFO: [ app_init ] --START--
INFO: Run Behavior\BuildLiteBehavior [ RunTime:0.000020s ]
INFO: [ app_init ] --END-- [ RunTime:0.000096s ]
ERR: æ— æ³•åŠ è½½æ¨¡å—:Template

[ 2021-12-17T12:47:28+08:00 ] ::1 /wnetwork/template/Main-Download-Printer-html5-Template/1.1/js/tabs/css/barber.css
INFO: [ app_init ] --START--
INFO: Run Behavior\BuildLiteBehavior [ RunTime:0.000012s ]
INFO: [ app_init ] --END-- [ RunTime:0.000074s ]
ERR: æ— æ³•åŠ è½½æ¨¡å—:Template

[ 2021-12-17T12:47:28+08:00 ] ::1 /wnetwork/template/Main-Download-Printer-html5-Template/1.1/js/tabs/css/hairsaloon.css
INFO: [ app_init ] --START--
INFO: Run Behavior\BuildLiteBehavior [ RunTime:0.000036s ]
INFO: [ app_init ] --END-- [ RunTime:0.000169s ]
ERR: æ— æ³•åŠ è½½æ¨¡å—:Template

[ 2021-12-17T12:48:21+08:00 ] ::1 /wnetwork/template/Main-Download-Printer-html5-Template/1.1/js/tabs/css/hairsaloon.css
INFO: [ app_init ] --START--
INFO: Run Behavior\BuildLiteBehavior [ RunTime:0.000038s ]
INFO: [ app_init ] --END-- [ RunTime:0.000157s ]
ERR: æ— æ³•åŠ è½½æ¨¡å—:Template

[ 2021-12-17T12:48:21+08:00 ] ::1 /wnetwork/template/Main-Download-Printer-html5-Template/1.1/js/tabs/css/band.css
INFO: [ app_init ] --START--
INFO: Run Behavior\BuildLiteBehavior [ RunTime:0.000013s ]
INFO: [ app_init ] --END-- [ RunTime:0.000068s ]
ERR: æ— æ³•åŠ è½½æ¨¡å—:Template

[ 2021-12-17T12:48:21+08:00 ] ::1 /wnetwork/template/Main-Download-Printer-html5-Template/1.1/js/tabs/css/barber.css
INFO: [ app_init ] --START--
INFO: Run Behavior\BuildLiteBehavior [ RunTime:0.000041s ]
INFO: [ app_init ] --END-- [ RunTime:0.000176s ]
ERR: æ— æ³•åŠ è½½æ¨¡å—:Template

[ 2021-12-17T12:48:23+08:00 ] ::1 /wnetwork/template/Main-Download-Printer-html5-Template/1.1/js/tabs/css/band.css
INFO: [ app_init ] --START--
INFO: Run Behavior\BuildLiteBehavior [ RunTime:0.000012s ]
INFO: [ app_init ] --END-- [ RunTime:0.000070s ]
ERR: æ— æ³•åŠ è½½æ¨¡å—:Template

[ 2021-12-17T12:48:23+08:00 ] ::1 /wnetwork/template/Main-Download-Printer-html5-Template/1.1/js/tabs/css/barber.css
INFO: [ app_init ] --START--
INFO: Run Behavior\BuildLiteBehavior [ RunTime:0.000053s ]
INFO: [ app_init ] --END-- [ RunTime:0.000161s ]
ERR: æ— æ³•åŠ è½½æ¨¡å—:Template



[ 2021-12-17T12:49:04+08:00 ] ::1 /wnetwork/template/Main-Download-Printer-html5-Template/1.1/js/tabs/css/hairsaloon.css
INFO: [ app_init ] --START--
INFO: Run Behavior\BuildLiteBehavior [ RunTime:0.000022s ]
INFO: [ app_init ] --END-- [ RunTime:0.000101s ]
ERR: æ— æ³•åŠ è½½æ¨¡å—:Template

[ 2021-12-17T12:49:04+08:00 ] ::1 /wnetwork/template/Main-Download-Printer-html5-Template/1.1/js/tabs/css/barber.css
INFO: [ app_init ] --START--
INFO: Run Behavior\BuildLiteBehavior [ RunTime:0.000011s ]
INFO: [ app_init ] --END-- [ RunTime:0.000064s ]
ERR: æ— æ³•åŠ è½½æ¨¡å—:Template

[ 2021-12-17T12:49:04+08:00 ] ::1 /wnetwork/template/Main-Download-Printer-html5-Template/1.1/js/tabs/css/band.css
INFO: [ app_init ] --START--
INFO: Run Behavior\BuildLiteBehavior [ RunTime:0.000049s ]
INFO: [ app_init ] --END-- [ RunTime:0.000200s ]
ERR: æ— æ³•åŠ è½½æ¨¡å—:Template

[ 2021-12-17T12:49:10+08:00 ] ::1 /wnetwork/template/Main-Download-Printer-html5-Template/1.1/js/tabs/css/band.css
INFO: [ app_init ] --START--
INFO: Run Behavior\BuildLiteBehavior [ RunTime:0.000013s ]
INFO: [ app_init ] --END-- [ RunTime:0.000072s ]
ERR: æ— æ³•åŠ è½½æ¨¡å—:Template


[ 2021-12-17T12:49:10+08:00 ] ::1 /wnetwork/template/Main-Download-Printer-html5-Template/1.1/js/tabs/css/hairsaloon.css
INFO: [ app_init ] --START--
INFO: Run Behavior\BuildLiteBehavior [ RunTime:0.000042s ]
INFO: [ app_init ] --END-- [ RunTime:0.000169s ]
ERR: æ— æ³•åŠ è½½æ¨¡å—:Template

[ 2021-12-17T12:49:10+08:00 ] ::1 /wnetwork/template/Main-Download-Printer-html5-Template/1.1/js/style-customizer/css/style-customizer.css.map
INFO: [ app_init ] --START--
INFO: Run Behavior\BuildLiteBehavior [ RunTime:0.000042s ]
INFO: [ app_init ] --END-- [ RunTime:0.000209s ]
ERR: æ— æ³•åŠ è½½æ¨¡å—:Template

[ 2021-12-17T12:49:10+08:00 ] ::1 /wnetwork/template/Main-Download-Printer-html5-Template/1.1/js/bootstrap/bootstrap.min.css.map
INFO: [ app_init ] --START--
INFO: Run Behavior\BuildLiteBehavior [ RunTime:0.000025s ]
INFO: [ app_init ] --END-- [ RunTime:0.000160s ]
ERR: æ— æ³•åŠ è½½æ¨¡å—:Template

[ 2021-12-17T12:50:55+08:00 ] ::1 /wnetwork/template/Main-Download-Printer-html5-Template/1.1/js/tabs/css/hairsaloon.css
INFO: [ app_init ] --START--
INFO: Run Behavior\BuildLiteBehavior [ RunTime:0.000025s ]
INFO: [ app_init ] --END-- [ RunTime:0.000148s ]
ERR: æ— æ³•åŠ è½½æ¨¡å—:Template

[ 2021-12-17T12:50:55+08:00 ] ::1 /wnetwork/template/Main-Download-Printer-html5-Template/1.1/js/tabs/css/band.css
INFO: [ app_init ] --START--
INFO: Run Behavior\BuildLiteBehavior [ RunTime:0.000041s ]
INFO: [ app_init ] --END-- [ RunTime:0.000175s ]
ERR: æ— æ³•åŠ è½½æ¨¡å—:Template

[ 2021-12-17T12:50:55+08:00 ] ::1 /wnetwork/template/Main-Download-Printer-html5-Template/1.1/js/tabs/css/barber.css
INFO: [ app_init ] --START--
INFO: Run Behavior\BuildLiteBehavior [ RunTime:0.000049s ]
INFO: [ app_init ] --END-- [ RunTime:0.000241s ]
ERR: æ— æ³•åŠ è½½æ¨¡å—:Template

[ 2021-12-17T12:50:55+08:00 ] ::1 /wnetwork/template/Main-Download-Printer-html5-Template/1.1/js/bootstrap/bootstrap.min.css.map
INFO: [ app_init ] --START--
INFO: Run Behavior\BuildLiteBehavior [ RunTime:0.000022s ]
INFO: [ app_init ] --END-- [ RunTime:0.000111s ]
ERR: æ— æ³•åŠ è½½æ¨¡å—:Template

—:Template

[ 2021-12-17T12:52:28+08:00 ] ::1 /wnetwork/template/Main-Download-Printer-html5-Template/1.1/css/img_girl.jpg
INFO: [ app_init ] --START--
INFO: Run Behavior\BuildLiteBehavior [ RunTime:0.000041s ]
INFO: [ app_init ] --END-- [ RunTime:0.000345s ]
ERR: æ— æ³•åŠ è½½æ¨¡å—:Template

[ 2021-12-17T12:52:29+08:00 ] ::1 /wnetwork/template/Main-Download-Printer-html5-Template/1.1/css/img_girl.jpg
INFO: [ app_init ] --START--
INFO: Run Behavior\BuildLiteBehavior [ RunTime:0.000039s ]
INFO: [ app_init ] --END-- [ RunTime:0.000151s ]
ERR: æ— æ³•åŠ è½½æ¨¡å—:Template

[ 2021-12-17T12:52:31+08:00 ] ::1 /wnetwork/template/Main-Download-Printer-html5-Template/1.1/css/img_girl.jpg
INFO: [ app_init ] --START--
INFO: Run Behavior\BuildLiteBehavior [ RunTime:0.000034s ]
INFO: [ app_init ] --END-- [ RunTime:0.000234s ]
ERR: æ— æ³•åŠ è½½æ¨¡å—:Template

[ 2021-12-17T12:52:32+08:00 ] ::1 /wnetwork/template/Main-Download-Printer-html5-Template/1.1/css/img_girl.jpg
INFO: [ app_init ] --START--
INFO: Run Behavior\BuildLiteBehavior [ RunTime:0.000026s ]
INFO: [ app_init ] --END-- [ RunTime:0.000119s ]
ERR: æ— æ³•åŠ è½½æ¨¡å—:Template

[ 2021-12-17T12:52:32+08:00 ] ::1 /wnetwork/template/Main-Download-Printer-html5-Template/1.1/css/img_girl.jpg
INFO: [ app_init ] --START--
INFO: Run Behavior\BuildLiteBehavior [ RunTime:0.000022s ]
INFO: [ app_init ] --END-- [ RunTime:0.000104s ]
ERR: æ— æ³•åŠ è½½æ¨¡å—:Template

[ 2021-12-17T12:54:31+08:00 ] ::1 /wnetwork/template/Main-Download-Printer-html5-Template/1.1/js/tabs/css/hairsaloon.css
INFO: [ app_init ] --START--
INFO: Run Behavior\BuildLiteBehavior [ RunTime:0.000039s ]
INFO: [ app_init ] --END-- [ RunTime:0.000175s ]
ERR: æ— æ³•åŠ è½½æ¨¡å—:Template

[ 2021-12-17T12:54:31+08:00 ] ::1 /wnetwork/template/Main-Download-Printer-html5-Template/1.1/js/tabs/css/barber.css
INFO: [ app_init ] --START--
INFO: Run Behavior\BuildLiteBehavior [ RunTime:0.000016s ]
INFO: [ app_init ] --END-- [ RunTime:0.000081s ]
ERR: æ— æ³•åŠ è½½æ¨¡å—:Template

[ 2021-12-17T12:54:31+08:00 ] ::1 /wnetwork/template/Main-Download-Printer-html5-Template/1.1/js/bootstrap/bootstrap.min.css.map
INFO: [ app_init ] --START--
INFO: Run Behavior\BuildLiteBehavior [ RunTime:0.000045s ]
INFO: [ app_init ] --END-- [ RunTime:0.000196s ]
ERR: æ— æ³•åŠ è½½æ¨¡å—:Template

[ 2021-12-17T12:54:31+08:00 ] ::1 /wnetwork/template/Main-Download-Printer-html5-Template/1.1/js/style-customizer/css/style-customizer.css.map
INFO: [ app_init ] --START--
INFO: Run Behavior\BuildLiteBehavior [ RunTime:0.000066s ]
INFO: [ app_init ] --END-- [ RunTime:0.000268s ]
ERR: æ— æ³•åŠ è½½æ¨¡å—:Template

[ 2021-12-17T12:57:27+08:00 ] ::1 /wnetwork/template/Main-Download-Printer-html5-Template/1.1/js/tabs/css/hairsaloon.css
INFO: [ app_init ] --START--
INFO: Run Behavior\BuildLiteBehavior [ RunTime:0.000107s ]
INFO: [ app_init ] --END-- [ RunTime:0.000331s ]
ERR: æ— æ³•åŠ è½½æ¨¡å—:Template

[ 2021-12-17T12:57:27+08:00 ] ::1 /wnetwork/template/Main-Download-Printer-html5-Template/1.1/js/tabs/css/barber.css
INFO: [ app_init ] --START--
INFO: Run Behavior\BuildLiteBehavior [ RunTime:0.000022s ]
INFO: [ app_init ] --END-- [ RunTime:0.000172s ]
ERR: æ— æ³•åŠ è½½æ¨¡å—:Template

[ 2021-12-17T12:57:27+08:00 ] ::1 /wnetwork/template/Main-Download-Printer-html5-Template/1.1/js/tabs/css/band.css
INFO: [ app_init ] --START--
INFO: Run Behavior\BuildLiteBehavior [ RunTime:0.000033s ]
INFO: [ app_init ] --END-- [ RunTime:0.000218s ]
ERR: æ— æ³•åŠ è½½æ¨¡å—:Template

[ 2021-12-17T12:57:27+08:00 ] ::1 /wnetwork/template/Main-Download-Printer-html5-Template/1.1/js/bootstrap/bootstrap.min.css.map
INFO: [ app_init ] --START--
INFO: Run Behavior\BuildLiteBehavior [ RunTime:0.000022s ]
INFO: [ app_init ] --END-- [ RunTime:0.000104s ]
ERR: æ— æ³•åŠ è½½æ¨¡å—:Template

[ 2021-12-17T12:57:27+08:00 ] ::1 /wnetwork/template/Main-Download-Printer-html5-Template/1.1/js/style-customizer/css/style-customizer.css.map
INFO: [ app_init ] --START--
INFO: Run Behavior\BuildLiteBehavior [ RunTime:0.000035s ]
INFO: [ app_init ] --END-- [ RunTime:0.000180s ]
ERR: æ— æ³•åŠ è½½æ¨¡å—:Template

[ 2021-12-17T13:01:26+08:00 ] ::1 /wnetwork/template/Main-Download-Printer-html5-Template/1.1/js/tabs/css/hairsaloon.css
INFO: [ app_init ] --START--
INFO: Run Behavior\BuildLiteBehavior [ RunTime:0.000048s ]
INFO: [ app_init ] --END-- [ RunTime:0.000298s ]
ERR: æ— æ³•åŠ è½½æ¨¡å—:Template

[ 2021-12-17T13:01:26+08:00 ] ::1 /wnetwork/template/Main-Download-Printer-html5-Template/1.1/js/tabs/css/barber.css
INFO: [ app_init ] --START--
INFO: Run Behavior\BuildLiteBehavior [ RunTime:0.000029s ]
INFO: [ app_init ] --END-- [ RunTime:0.000171s ]
ERR: æ— æ³•åŠ è½½æ¨¡å—:Template

[ 2021-12-17T13:01:26+08:00 ] ::1 /wnetwork/template/Main-Download-Printer-html5-Template/1.1/js/bootstrap/bootstrap.min.css.map
INFO: [ app_init ] --START--
INFO: Run Behavior\BuildLiteBehavior [ RunTime:0.000057s ]
INFO: [ app_init ] --END-- [ RunTime:0.000228s ]
ERR: æ— æ³•åŠ è½½æ¨¡å—:Template

[ 2021-12-17T13:01:26+08:00 ] ::1 /wnetwork/template/Main-Download-Printer-html5-Template/1.1/js/style-customizer/css/style-customizer.css.map
INFO: [ app_init ] --START--
INFO: Run Behavior\BuildLiteBehavior [ RunTime:0.000028s ]
INFO: [ app_init ] --END-- [ RunTime:0.000124s ]
ERR: æ— æ³•åŠ è½½æ¨¡å—:Template

[ 2021-12-17T13:02:26+08:00 ] ::1 /wnetwork/template/Main-Download-Printer-html5-Template/1.1/js/tabs/css/band.css
INFO: [ app_init ] --START--
INFO: Run Behavior\BuildLiteBehavior [ RunTime:0.000023s ]
INFO: [ app_init ] --END-- [ RunTime:0.000147s ]
ERR: æ— æ³•åŠ è½½æ¨¡å—:Template

te

[ 2021-12-17T13:02:26+08:00 ] ::1 /wnetwork/template/Main-Download-Printer-html5-Template/1.1/js/tabs/css/barber.css
INFO: [ app_init ] --START--
INFO: Run Behavior\BuildLiteBehavior [ RunTime:0.000035s ]
INFO: [ app_init ] --END-- [ RunTime:0.000197s ]
ERR: æ— æ³•åŠ è½½æ¨¡å—:Template

[ 2021-12-17T13:02:26+08:00 ] ::1 /wnetwork/template/Main-Download-Printer-html5-Template/1.1/js/bootstrap/bootstrap.min.css.map
INFO: [ app_init ] --START--
INFO: Run Behavior\BuildLiteBehavior [ RunTime:0.000037s ]
INFO: [ app_init ] --END-- [ RunTime:0.000187s ]
ERR: æ— æ³•åŠ è½½æ¨¡å—:Template

[ 2021-12-17T13:02:26+08:00 ] ::1 /wnetwork/template/Main-Download-Printer-html5-Template/1.1/js/style-customizer/css/style-customizer.css.map
INFO: [ app_init ] --START--
INFO: Run Behavior\BuildLiteBehavior [ RunTime:0.000035s ]
INFO: [ app_init ] --END-- [ RunTime:0.000182s ]
ERR: æ— æ³•åŠ è½½æ¨¡å—:Template

[ 2021-12-17T13:02:37+08:00 ] ::1 /wnetwork/template/Main-Download-Printer-html5-Template/1.1/js/tabs/css/hairsaloon.css
INFO: [ app_init ] --START--
INFO: Run Behavior\BuildLiteBehavior [ RunTime:0.000051s ]
INFO: [ app_init ] --END-- [ RunTime:0.000299s ]
ERR: æ— æ³•åŠ è½½æ¨¡å—:Template

[ 2021-12-17T13:02:37+08:00 ] ::1 /wnetwork/template/Main-Download-Printer-html5-Template/1.1/js/tabs/css/band.css
INFO: [ app_init ] --START--
INFO: Run Behavior\BuildLiteBehavior [ RunTime:0.000053s ]
INFO: [ app_init ] --END-- [ RunTime:0.000182s ]
ERR: æ— æ³•åŠ è½½æ¨¡å—:Template

[ 2021-12-17T13:02:37+08:00 ] ::1 /wnetwork/template/Main-Download-Printer-html5-Template/1.1/js/tabs/css/barber.css
INFO: [ app_init ] --START--
INFO: Run Behavior\BuildLiteBehavior [ RunTime:0.000024s ]
INFO: [ app_init ] --END-- [ RunTime:0.000263s ]
ERR: æ— æ³•åŠ è½½æ¨¡å—:Template

[ 2021-12-17T13:02:37+08:00 ] ::1 /wnetwork/template/Main-Download-Printer-html5-Template/1.1/js/bootstrap/bootstrap.min.css.map
INFO: [ app_init ] --START--
INFO: Run Behavior\BuildLiteBehavior [ RunTime:0.000012s ]
INFO: [ app_init ] --END-- [ RunTime:0.000068s ]
ERR: æ— æ³•åŠ è½½æ¨¡å—:Template

[ 2021-12-17T13:02:37+08:00 ] ::1 /wnetwork/template/Main-Download-Printer-html5-Template/1.1/js/style-customizer/css/style-customizer.css.map
INFO: [ app_init ] --START--
INFO: Run Behavior\BuildLiteBehavior [ RunTime:0.000021s ]
INFO: [ app_init ] --END-- [ RunTime:0.000140s ]
ERR: æ— æ³•åŠ è½½æ¨¡å—:Template

[ 2021-12-17T13:02:45+08:00 ] ::1 /wnetwork/template/Main-Download-Printer-html5-Template/1.1/js/tabs/css/hairsaloon.css
INFO: [ app_init ] --START--
INFO: Run Behavior\BuildLiteBehavior [ RunTime:0.000025s ]
INFO: [ app_init ] --END-- [ RunTime:0.000132s ]
ERR: æ— æ³•åŠ è½½æ¨¡å—:Template

[ 2021-12-17T13:02:45+08:00 ] ::1 /wnetwork/template/Main-Download-Printer-html5-Template/1.1/js/tabs/css/band.css
INFO: [ app_init ] --START--
INFO: Run Behavior\BuildLiteBehavior [ RunTime:0.000049s ]
INFO: [ app_init ] --END-- [ RunTime:0.000223s ]
ERR: æ— æ³•åŠ è½½æ¨¡å—:Template

[ 2021-12-17T13:02:45+08:00 ] ::1 /wnetwork/template/Main-Download-Printer-html5-Template/1.1/js/tabs/css/barber.css
INFO: [ app_init ] --START--
INFO: Run Behavior\BuildLiteBehavior [ RunTime:0.000040s ]
INFO: [ app_init ] --END-- [ RunTime:0.000191s ]
ERR: æ— æ³•åŠ è½½æ¨¡å—:Template

[ 2021-12-17T13:02:45+08:00 ] ::1 /wnetwork/template/Main-Download-Printer-html5-Template/1.1/js/bootstrap/bootstrap.min.css.map
INFO: [ app_init ] --START--
INFO: Run Behavior\BuildLiteBehavior [ RunTime:0.000039s ]
INFO: [ app_init ] --END-- [ RunTime:0.000173s ]
ERR: æ— æ³•åŠ è½½æ¨¡å—:Template

[ 2021-12-17T13:02:45+08:00 ] ::1 /wnetwork/template/Main-Download-Printer-html5-Template/1.1/js/style-customizer/css/style-customizer.css.map
INFO: [ app_init ] --START--
INFO: Run Behavior\BuildLiteBehavior [ RunTime:0.000046s ]
INFO: [ app_init ] --END-- [ RunTime:0.000264s ]
ERR: æ— æ³•åŠ è½½æ¨¡å—:Template

[ 2021-12-17T13:04:12+08:00 ] ::1 /wnetwork/template/Main-Download-Printer-html5-Template/1.1/js/tabs/css/hairsaloon.css
INFO: [ app_init ] --START--
INFO: Run Behavior\BuildLiteBehavior [ RunTime:0.000041s ]
INFO: [ app_init ] --END-- [ RunTime:0.000182s ]
ERR: æ— æ³•åŠ è½½æ¨¡å—:Template

[ 2021-12-17T13:04:12+08:00 ] ::1 /wnetwork/template/Main-Download-Printer-html5-Template/1.1/js/tabs/css/barber.css
INFO: [ app_init ] --START--
INFO: Run Behavior\BuildLiteBehavior [ RunTime:0.000027s ]
INFO: [ app_init ] --END-- [ RunTime:0.000134s ]
ERR: æ— æ³•åŠ è½½æ¨¡å—:Template

[ 2021-12-17T13:04:12+08:00 ] ::1 /wnetwork/template/Main-Download-Printer-html5-Template/1.1/js/tabs/css/band.css
INFO: [ app_init ] --START--
INFO: Run Behavior\BuildLiteBehavior [ RunTime:0.000039s ]
INFO: [ app_init ] --END-- [ RunTime:0.000348s ]
ERR: æ— æ³•åŠ è½½æ¨¡å—:Template

[ 2021-12-17T13:04:12+08:00 ] ::1 /wnetwork/template/Main-Download-Printer-html5-Template/1.1/js/bootstrap/bootstrap.min.css.map
INFO: [ app_init ] --START--
INFO: Run Behavior\BuildLiteBehavior [ RunTime:0.000023s ]
INFO: [ app_init ] --END-- [ RunTime:0.000104s ]
ERR: æ— æ³•åŠ è½½æ¨¡å—:Template

[ 2021-12-17T13:04:12+08:00 ] ::1 /wnetwork/template/Main-Download-Printer-html5-Template/1.1/js/style-customizer/css/style-customizer.css.map
INFO: [ app_init ] --START--
INFO: Run Behavior\BuildLiteBehavior [ RunTime:0.000033s ]
INFO: [ app_init ] --END-- [ RunTime:0.000172s ]
ERR: æ— æ³•åŠ è½½æ¨¡å—:Template

[ 2021-12-17T13:04:25+08:00 ] ::1 /wnetwork/template/Main-Download-Printer-html5-Template/1.1/js/tabs/css/band.css
INFO: [ app_init ] --START--
INFO: Run Behavior\BuildLiteBehavior [ RunTime:0.000040s ]
INFO: [ app_init ] --END-- [ RunTime:0.000204s ]
ERR: æ— æ³•åŠ è½½æ¨¡å—:Template




[ 2021-12-17T13:04:25+08:00 ] ::1 /wnetwork/template/Main-Download-Printer-html5-Template/1.1/js/bootstrap/bootstrap.min.css.map
INFO: [ app_init ] --START--
INFO: Run Behavior\BuildLiteBehavior [ RunTime:0.000036s ]
INFO: [ app_init ] --END-- [ RunTime:0.000159s ]
ERR: æ— æ³•åŠ è½½æ¨¡å—:Template

[ 2021-12-17T13:04:25+08:00 ] ::1 /wnetwork/template/Main-Download-Printer-html5-Template/1.1/js/style-customizer/css/style-customizer.css.map
INFO: [ app_init ] --START--
INFO: Run Behavior\BuildLiteBehavior [ RunTime:0.000028s ]
INFO: [ app_init ] --END-- [ RunTime:0.000113s ]
ERR: æ— æ³•åŠ è½½æ¨¡å—:Template

[ 2021-12-17T13:04:42+08:00 ] ::1 /wnetwork/template/Main-Download-Printer-html5-Template/1.1/js/tabs/css/hairsaloon.css
INFO: [ app_init ] --START--
INFO: Run Behavior\BuildLiteBehavior [ RunTime:0.000055s ]
INFO: [ app_init ] --END-- [ RunTime:0.000313s ]
ERR: æ— æ³•åŠ è½½æ¨¡å—:Template

[ 2021-12-17T13:04:42+08:00 ] ::1 /wnetwork/template/Main-Download-Printer-html5-Template/1.1/js/tabs/css/band.css
INFO: [ app_init ] --START--
INFO: Run Behavior\BuildLiteBehavior [ RunTime:0.000023s ]
INFO: [ app_init ] --END-- [ RunTime:0.000135s ]
ERR: æ— æ³•åŠ è½½æ¨¡å—:Template

[ 2021-12-17T13:04:42+08:00 ] ::1 /wnetwork/template/Main-Download-Printer-html5-Template/1.1/js/tabs/css/barber.css
INFO: [ app_init ] --START--
INFO: Run Behavior\BuildLiteBehavior [ RunTime:0.000045s ]
INFO: [ app_init ] --END-- [ RunTime:0.000242s ]
ERR: æ— æ³•åŠ è½½æ¨¡å—:Template

[ 2021-12-17T13:04:42+08:00 ] ::1 /wnetwork/template/Main-Download-Printer-html5-Template/1.1/js/bootstrap/bootstrap.min.css.map
INFO: [ app_init ] --START--
INFO: Run Behavior\BuildLiteBehavior [ RunTime:0.000023s ]
INFO: [ app_init ] --END-- [ RunTime:0.000110s ]
ERR: æ— æ³•åŠ è½½æ¨¡å—:Template

[ 2021-12-17T13:04:42+08:00 ] ::1 /wnetwork/template/Main-Download-Printer-html5-Template/1.1/js/style-customizer/css/style-customizer.css.map
INFO: [ app_init ] --START--
INFO: Run Behavior\BuildLiteBehavior [ RunTime:0.000024s ]
INFO: [ app_init ] --END-- [ RunTime:0.000109s ]
ERR: æ— æ³•åŠ è½½æ¨¡å—:Template

[ 2021-12-17T13:05:22+08:00 ] ::1 /wnetwork/template/Main-Download-Printer-html5-Template/1.1/js/tabs/css/hairsaloon.css
INFO: [ app_init ] --START--
INFO: Run Behavior\BuildLiteBehavior [ RunTime:0.000052s ]
INFO: [ app_init ] --END-- [ RunTime:0.000267s ]
ERR: æ— æ³•åŠ è½½æ¨¡å—:Template

[ 2021-12-17T13:05:22+08:00 ] ::1 /wnetwork/template/Main-Download-Printer-html5-Template/1.1/js/tabs/css/band.css
INFO: [ app_init ] --START--
INFO: Run Behavior\BuildLiteBehavior [ RunTime:0.000057s ]
INFO: [ app_init ] --END-- [ RunTime:0.000251s ]
ERR: æ— æ³•åŠ è½½æ¨¡å—:Template

[ 2021-12-17T13:05:22+08:00 ] ::1 /wnetwork/template/Main-Download-Printer-html5-Template/1.1/js/tabs/css/barber.css
INFO: [ app_init ] --START--
INFO: Run Behavior\BuildLiteBehavior [ RunTime:0.000023s ]
INFO: [ app_init ] --END-- [ RunTime:0.000229s ]
ERR: æ— æ³•åŠ è½½æ¨¡å—:Template

[ 2021-12-17T13:05:22+08:00 ] ::1 /wnetwork/template/Main-Download-Printer-html5-Template/1.1/js/bootstrap/bootstrap.min.css.map
INFO: [ app_init ] --START--
INFO: Run Behavior\BuildLiteBehavior [ RunTime:0.000011s ]
INFO: [ app_init ] --END-- [ RunTime:0.000069s ]
ERR: æ— æ³•åŠ è½½æ¨¡å—:Template

[ 2021-12-17T13:05:22+08:00 ] ::1 /wnetwork/template/Main-Download-Printer-html5-Template/1.1/js/style-customizer/css/style-customizer.css.map
INFO: [ app_init ] --START--
INFO: Run Behavior\BuildLiteBehavior [ RunTime:0.000012s ]
INFO: [ app_init ] --END-- [ RunTime:0.000073s ]
ERR: æ— æ³•åŠ è½½æ¨¡å—:Template

[ 2021-12-17T13:05:51+08:00 ] ::1 /wnetwork/template/Main-Download-Printer-html5-Template/1.1/js/tabs/css/hairsaloon.css
INFO: [ app_init ] --START--
INFO: Run Behavior\BuildLiteBehavior [ RunTime:0.000041s ]
INFO: [ app_init ] --END-- [ RunTime:0.000233s ]
ERR: æ— æ³•åŠ è½½æ¨¡å—:Template

[ 2021-12-17T13:05:51+08:00 ] ::1 /wnetwork/template/Main-Download-Printer-html5-Template/1.1/js/tabs/css/barber.css
INFO: [ app_init ] --START--
INFO: Run Behavior\BuildLiteBehavior [ RunTime:0.000049s ]
INFO: [ app_init ] --END-- [ RunTime:0.000258s ]
ERR: æ— æ³•åŠ è½½æ¨¡å—:Template

[ 2021-12-17T13:05:51+08:00 ] ::1 /wnetwork/template/Main-Download-Printer-html5-Template/1.1/js/tabs/css/band.css
INFO: [ app_init ] --START--
INFO: Run Behavior\BuildLiteBehavior [ RunTime:0.000051s ]
INFO: [ app_init ] --END-- [ RunTime:0.000253s ]
ERR: æ— æ³•åŠ è½½æ¨¡å—:Template

[ 2021-12-17T13:05:51+08:00 ] ::1 /wnetwork/template/Main-Download-Printer-html5-Template/1.1/js/bootstrap/bootstrap.min.css.map
INFO: [ app_init ] --START--
INFO: Run Behavior\BuildLiteBehavior [ RunTime:0.000041s ]
INFO: [ app_init ] --END-- [ RunTime:0.000169s ]
ERR: æ— æ³•åŠ è½½æ¨¡å—:Template

[ 2021-12-17T13:05:51+08:00 ] ::1 /wnetwork/template/Main-Download-Printer-html5-Template/1.1/js/style-customizer/css/style-customizer.css.map
INFO: [ app_init ] --START--
INFO: Run Behavior\BuildLiteBehavior [ RunTime:0.000030s ]
INFO: [ app_init ] --END-- [ RunTime:0.000119s ]
ERR: æ— æ³•åŠ è½½æ¨¡å—:Template

[ 2021-12-17T13:06:02+08:00 ] ::1 /wnetwork/template/Main-Download-Printer-html5-Template/1.1/js/tabs/css/hairsaloon.css
INFO: [ app_init ] --START--
INFO: Run Behavior\BuildLiteBehavior [ RunTime:0.000048s ]
INFO: [ app_init ] --END-- [ RunTime:0.000225s ]
ERR: æ— æ³•åŠ è½½æ¨¡å—:Template

[ 2021-12-17T13:06:02+08:00 ] ::1 /wnetwork/template/Main-Download-Printer-html5-Template/1.1/js/tabs/css/barber.css
INFO: [ app_init ] --START--
INFO: Run Behavior\BuildLiteBehavior [ RunTime:0.000029s ]
INFO: [ app_init ] --END-- [ RunTime:0.000200s ]
ERR: æ— æ³•åŠ è½½æ¨¡å—:Template

[ 2021-12-17T13:06:02+08:00 ] ::1 /wnetwork/template/Main-Download-Printer-html5-Template/1.1/js/bootstrap/bootstrap.min.css.map
INFO: [ app_init ] --START--
INFO: Run Behavior\BuildLiteBehavior [ RunTime:0.000028s ]
INFO: [ app_init ] --END-- [ RunTime:0.000127s ]
ERR: æ— æ³•åŠ è½½æ¨¡å—:Template

[ 2021-12-17T13:06:02+08:00 ] ::1 /wnetwork/template/Main-Download-Printer-html5-Template/1.1/js/style-customizer/css/style-customizer.css.map
INFO: [ app_init ] --START--
INFO: Run Behavior\BuildLiteBehavior [ RunTime:0.000039s ]
INFO: [ app_init ] --END-- [ RunTime:0.000198s ]
ERR: æ— æ³•åŠ è½½æ¨¡å—:Template

[ 2021-12-17T13:06:20+08:00 ] ::1 /wnetwork/template/Main-Download-Printer-html5-Template/1.1/js/tabs/css/hairsaloon.css
INFO: [ app_init ] --START--
INFO: Run Behavior\BuildLiteBehavior [ RunTime:0.000078s ]
INFO: [ app_init ] --END-- [ RunTime:0.000236s ]
ERR: æ— æ³•åŠ è½½æ¨¡å—:Template

[ 2021-12-17T13:06:20+08:00 ] ::1 /wnetwork/template/Main-Download-Printer-html5-Template/1.1/js/tabs/css/band.css
INFO: [ app_init ] --START--
INFO: Run Behavior\BuildLiteBehavior [ RunTime:0.000023s ]
INFO: [ app_init ] --END-- [ RunTime:0.000190s ]
ERR: æ— æ³•åŠ è½½æ¨¡å—:Template

[ 2021-12-17T13:06:20+08:00 ] ::1 /wnetwork/template/Main-Download-Printer-html5-Template/1.1/js/tabs/css/barber.css
INFO: [ app_init ] --START--
INFO: Run Behavior\BuildLiteBehavior [ RunTime:0.000043s ]
INFO: [ app_init ] --END-- [ RunTime:0.000218s ]
ERR: æ— æ³•åŠ è½½æ¨¡å—:Template

[ 2021-12-17T13:06:20+08:00 ] ::1 /wnetwork/template/Main-Download-Printer-html5-Template/1.1/js/bootstrap/bootstrap.min.css.map
INFO: [ app_init ] --START--
INFO: Run Behavior\BuildLiteBehavior [ RunTime:0.000037s ]
INFO: [ app_init ] --END-- [ RunTime:0.000172s ]
ERR: æ— æ³•åŠ è½½æ¨¡å—:Template

[ 2021-12-17T13:06:20+08:00 ] ::1 /wnetwork/template/Main-Download-Printer-html5-Template/1.1/js/style-customizer/css/style-customizer.css.map
INFO: [ app_init ] --START--
INFO: Run Behavior\BuildLiteBehavior [ RunTime:0.000041s ]
INFO: [ app_init ] --END-- [ RunTime:0.000175s ]
ERR: æ— æ³•åŠ è½½æ¨¡å—:Template

[ 2021-12-17T13:07:04+08:00 ] ::1 /wnetwork/template/Main-Download-Printer-html5-Template/1.1/css/paper.gif
INFO: [ app_init ] --START--
INFO: Run Behavior\BuildLiteBehavior [ RunTime:0.000028s ]
INFO: [ app_init ] --END-- [ RunTime:0.000196s ]
ERR: æ— æ³•åŠ è½½æ¨¡å—:Template

[ 2021-12-17T13:07:07+08:00 ] ::1 /wnetwork/template/Main-Download-Printer-html5-Template/1.1/css/paper.gif
INFO: [ app_init ] --START--
INFO: Run Behavior\BuildLiteBehavior [ RunTime:0.000030s ]
INFO: [ app_init ] --END-- [ RunTime:0.000157s ]
ERR: æ— æ³•åŠ è½½æ¨¡å—:Template

[ 2021-12-17T13:07:14+08:00 ] ::1 /wnetwork/template/Main-Download-Printer-html5-Template/1.1/css/paper.gi
INFO: [ app_init ] --START--
INFO: Run Behavior\BuildLiteBehavior [ RunTime:0.000034s ]
INFO: [ app_init ] --END-- [ RunTime:0.000209s ]
ERR: æ— æ³•åŠ è½½æ¨¡å—:Template

[ 2021-12-17T13:07:14+08:00 ] ::1 /wnetwork/template/Main-Download-Printer-html5-Template/1.1/css/paper.g
INFO: [ app_init ] --START--
INFO: Run Behavior\BuildLiteBehavior [ RunTime:0.000036s ]
INFO: [ app_init ] --END-- [ RunTime:0.000245s ]
ERR: æ— æ³•åŠ è½½æ¨¡å—:Template

[ 2021-12-17T13:07:14+08:00 ] ::1 /wnetwork/template/Main-Download-Printer-html5-Template/1.1/css/paper.
INFO: [ app_init ] --START--
INFO: Run Behavior\BuildLiteBehavior [ RunTime:0.000027s ]
INFO: [ app_init ] --END-- [ RunTime:0.000108s ]
ERR: æ— æ³•åŠ è½½æ¨¡å—:Template

[ 2021-12-17T13:07:14+08:00 ] ::1 /wnetwork/template/Main-Download-Printer-html5-Template/1.1/css/paper
INFO: [ app_init ] --START--
INFO: Run Behavior\BuildLiteBehavior [ RunTime:0.000071s ]
INFO: [ app_init ] --END-- [ RunTime:0.000174s ]
ERR: æ— æ³•åŠ è½½æ¨¡å—:Template

[ 2021-12-17T13:07:15+08:00 ] ::1 /wnetwork/template/Main-Download-Printer-html5-Template/1.1/css/pape
INFO: [ app_init ] --START--
INFO: Run Behavior\BuildLiteBehavior [ RunTime:0.000039s ]
INFO: [ app_init ] --END-- [ RunTime:0.000159s ]
ERR: æ— æ³•åŠ è½½æ¨¡å—:Template

[ 2021-12-17T13:07:15+08:00 ] ::1 /wnetwork/template/Main-Download-Printer-html5-Template/1.1/css/pap
INFO: [ app_init ] --START--
INFO: Run Behavior\BuildLiteBehavior [ RunTime:0.000039s ]
INFO: [ app_init ] --END-- [ RunTime:0.000159s ]
ERR: æ— æ³•åŠ è½½æ¨¡å—:Template

[ 2021-12-17T13:07:15+08:00 ] ::1 /wnetwork/template/Main-Download-Printer-html5-Template/1.1/css/pa
INFO: [ app_init ] --START--
INFO: Run Behavior\BuildLiteBehavior [ RunTime:0.000031s ]
INFO: [ app_init ] --END-- [ RunTime:0.000131s ]
ERR: æ— æ³•åŠ è½½æ¨¡å—:Template

[ 2021-12-17T13:07:15+08:00 ] ::1 /wnetwork/template/Main-Download-Printer-html5-Template/1.1/css/p
INFO: [ app_init ] --START--
INFO: Run Behavior\BuildLiteBehavior [ RunTime:0.000041s ]
INFO: [ app_init ] --END-- [ RunTime:0.000161s ]
ERR: æ— æ³•åŠ è½½æ¨¡å—:Template

[ 2021-12-17T13:07:47+08:00 ] ::1 /wnetwork/template/Main-Download-Printer-html5-Template/1.1/js/tabs/css/hairsaloon.css
INFO: [ app_init ] --START--
INFO: Run Behavior\BuildLiteBehavior [ RunTime:0.000044s ]
INFO: [ app_init ] --END-- [ RunTime:0.000202s ]
ERR: æ— æ³•åŠ è½½æ¨¡å—:Template

[ 2021-12-17T13:07:47+08:00 ] ::1 /wnetwork/template/Main-Download-Printer-html5-Template/1.1/js/tabs/css/barber.css
INFO: [ app_init ] --START--
INFO: Run Behavior\BuildLiteBehavior [ RunTime:0.000031s ]
INFO: [ app_init ] --END-- [ RunTime:0.000177s ]
ERR: æ— æ³•åŠ è½½æ¨¡å—:Template

[ 2021-12-17T13:07:47+08:00 ] ::1 /wnetwork/template/Main-Download-Printer-html5-Template/1.1/js/tabs/css/band.css
INFO: [ app_init ] --START--
INFO: Run Behavior\BuildLiteBehavior [ RunTime:0.000020s ]
INFO: [ app_init ] --END-- [ RunTime:0.000118s ]
ERR: æ— æ³•åŠ è½½æ¨¡å—:Template

[ 2021-12-17T13:07:47+08:00 ] ::1 /wnetwork/template/Main-Download-Printer-html5-Template/1.1/js/bootstrap/bootstrap.min.css.map
INFO: [ app_init ] --START--
INFO: Run Behavior\BuildLiteBehavior [ RunTime:0.000012s ]
INFO: [ app_init ] --END-- [ RunTime:0.000072s ]
ERR: æ— æ³•åŠ è½½æ¨¡å—:Template

[ 2021-12-17T13:07:47+08:00 ] ::1 /wnetwork/template/Main-Download-Printer-html5-Template/1.1/js/style-customizer/css/style-customizer.css.map
INFO: [ app_init ] --START--
INFO: Run Behavior\BuildLiteBehavior [ RunTime:0.000024s ]
INFO: [ app_init ] --END-- [ RunTime:0.000150s ]
ERR: æ— æ³•åŠ è½½æ¨¡å—:Template

[ 2021-12-17T13:08:20+08:00 ] ::1 /wnetwork/template/Main-Download-Printer-html5-Template/1.1/js/tabs/css/hairsaloon.css
INFO: [ app_init ] --START--
INFO: Run Behavior\BuildLiteBehavior [ RunTime:0.000021s ]
INFO: [ app_init ] --END-- [ RunTime:0.000120s ]
ERR: æ— æ³•åŠ è½½æ¨¡å—:Template

[ 2021-12-17T13:08:20+08:00 ] ::1 /wnetwork/template/Main-Download-Printer-html5-Template/1.1/js/tabs/css/barber.css
INFO: [ app_init ] --START--
INFO: Run Behavior\BuildLiteBehavior [ RunTime:0.000054s ]
INFO: [ app_init ] --END-- [ RunTime:0.000244s ]
ERR: æ— æ³•åŠ è½½æ¨¡å—:Template

[ 2021-12-17T13:08:20+08:00 ] ::1 /wnetwork/template/Main-Download-Printer-html5-Template/1.1/js/tabs/css/band.css
INFO: [ app_init ] --START--
INFO: Run Behavior\BuildLiteBehavior [ RunTime:0.000054s ]
INFO: [ app_init ] --END-- [ RunTime:0.000419s ]
ERR: æ— æ³•åŠ è½½æ¨¡å—:Template

[ 2021-12-17T13:08:20+08:00 ] ::1 /wnetwork/template/Main-Download-Printer-html5-Template/1.1/js/bootstrap/bootstrap.min.css.map
INFO: [ app_init ] --START--
INFO: Run Behavior\BuildLiteBehavior [ RunTime:0.000022s ]
INFO: [ app_init ] --END-- [ RunTime:0.000107s ]
ERR: æ— æ³•åŠ è½½æ¨¡å—:Template

[ 2021-12-17T13:08:20+08:00 ] ::1 /wnetwork/template/Main-Download-Printer-html5-Template/1.1/js/style-customizer/css/style-customizer.css.map
INFO: [ app_init ] --START--
INFO: Run Behavior\BuildLiteBehavior [ RunTime:0.000023s ]
INFO: [ app_init ] --END-- [ RunTime:0.000109s ]
ERR: æ— æ³•åŠ è½½æ¨¡å—:Template

[ 2021-12-17T13:08:31+08:00 ] ::1 /wnetwork/template/Main-Download-Printer-html5-Template/1.1/js/tabs/css/hairsaloon.css
INFO: [ app_init ] --START--
INFO: Run Behavior\BuildLiteBehavior [ RunTime:0.000046s ]
INFO: [ app_init ] --END-- [ RunTime:0.000260s ]
ERR: æ— æ³•åŠ è½½æ¨¡å—:Template

[ 2021-12-17T13:08:31+08:00 ] ::1 /wnetwork/template/Main-Download-Printer-html5-Template/1.1/js/tabs/css/band.css
INFO: [ app_init ] --START--
INFO: Run Behavior\BuildLiteBehavior [ RunTime:0.000046s ]
INFO: [ app_init ] --END-- [ RunTime:0.000197s ]
ERR: æ— æ³•åŠ è½½æ¨¡å—:Template

[ 2021-12-17T13:08:31+08:00 ] ::1 /wnetwork/template/Main-Download-Printer-html5-Template/1.1/js/tabs/css/barber.css
INFO: [ app_init ] --START--
INFO: Run Behavior\BuildLiteBehavior [ RunTime:0.000013s ]
INFO: [ app_init ] --END-- [ RunTime:0.000070s ]
ERR: æ— æ³•åŠ è½½æ¨¡å—:Template

[ 2021-12-17T13:08:31+08:00 ] ::1 /wnetwork/template/Main-Download-Printer-html5-Template/1.1/js/bootstrap/bootstrap.min.css.map
INFO: [ app_init ] --START--
INFO: Run Behavior\BuildLiteBehavior [ RunTime:0.000033s ]
INFO: [ app_init ] --END-- [ RunTime:0.000204s ]
ERR: æ— æ³•åŠ è½½æ¨¡å—:Template

[ 2021-12-17T13:08:31+08:00 ] ::1 /wnetwork/template/Main-Download-Printer-html5-Template/1.1/js/style-customizer/css/style-customizer.css.map
INFO: [ app_init ] --START--
INFO: Run Behavior\BuildLiteBehavior [ RunTime:0.000026s ]
INFO: [ app_init ] --END-- [ RunTime:0.000156s ]
ERR: æ— æ³•åŠ è½½æ¨¡å—:Template

[ 2021-12-17T13:08:47+08:00 ] ::1 /wnetwork/template/Main-Download-Printer-html5-Template/1.1/js/tabs/css/hairsaloon.css
INFO: [ app_init ] --START--
INFO: Run Behavior\BuildLiteBehavior [ RunTime:0.000024s ]
INFO: [ app_init ] --END-- [ RunTime:0.000145s ]
ERR: æ— æ³•åŠ è½½æ¨¡å—:Template

[ 2021-12-17T13:08:47+08:00 ] ::1 /wnetwork/template/Main-Download-Printer-html5-Template/1.1/js/tabs/css/band.css
INFO: [ app_init ] --START--
INFO: Run Behavior\BuildLiteBehavior [ RunTime:0.000049s ]
INFO: [ app_init ] --END-- [ RunTime:0.000243s ]
ERR: æ— æ³•åŠ è½½æ¨¡å—:Template

[ 2021-12-17T13:08:47+08:00 ] ::1 /wnetwork/template/Main-Download-Printer-html5-Template/1.1/js/tabs/css/barber.css
INFO: [ app_init ] --START--
INFO: Run Behavior\BuildLiteBehavior [ RunTime:0.000047s ]
INFO: [ app_init ] --END-- [ RunTime:0.000256s ]
ERR: æ— æ³•åŠ è½½æ¨¡å—:Template

[ 2021-12-17T13:08:47+08:00 ] ::1 /wnetwork/template/Main-Download-Printer-html5-Template/1.1/js/bootstrap/bootstrap.min.css.map
INFO: [ app_init ] --START--
INFO: Run Behavior\BuildLiteBehavior [ RunTime:0.000042s ]
INFO: [ app_init ] --END-- [ RunTime:0.000182s ]
ERR: æ— æ³•åŠ è½½æ¨¡å—:Template

[ 2021-12-17T13:08:47+08:00 ] ::1 /wnetwork/template/Main-Download-Printer-html5-Template/1.1/js/style-customizer/css/style-customizer.css.map
INFO: [ app_init ] --START--
INFO: Run Behavior\BuildLiteBehavior [ RunTime:0.000021s ]
INFO: [ app_init ] --END-- [ RunTime:0.000103s ]
ERR: æ— æ³•åŠ è½½æ¨¡å—:Template

[ 2021-12-17T13:08:50+08:00 ] ::1 /wnetwork/template/Main-Download-Printer-html5-Template/1.1/js/tabs/css/hairsaloon.css
INFO: [ app_init ] --START--
INFO: Run Behavior\BuildLiteBehavior [ RunTime:0.000036s ]
INFO: [ app_init ] --END-- [ RunTime:0.000217s ]
ERR: æ— æ³•åŠ è½½æ¨¡å—:Template[ 2021-12-17T13:08:50+08:00 ] ::1 /wnetwork/template/Main-Download-Printer-html5-Template/1.1/js/tabs/css/band.css
INFO: [ app_init ] --START--
INFO: Run Behavior\BuildLiteBehavior [ RunTime:0.000047s ]
INFO: [ app_init ] --END-- [ RunTime:0.000228s ]
ERR: æ— æ³•åŠ è½½æ¨¡å—:Template

[ 2021-12-17T13:08:50+08:00 ] ::1 /wnetwork/template/Main-Download-Printer-html5-Template/1.1/js/bootstrap/bootstrap.min.css.map
INFO: [ app_init ] --START--
INFO: Run Behavior\BuildLiteBehavior [ RunTime:0.000040s ]
INFO: [ app_init ] --END-- [ RunTime:0.000193s ]
ERR: æ— æ³•åŠ è½½æ¨¡å—:Template

[ 2021-12-17T13:08:50+08:00 ] ::1 /wnetwork/template/Main-Download-Printer-html5-Template/1.1/js/style-customizer/css/style-customizer.css.map
INFO: [ app_init ] --START--
INFO: Run Behavior\BuildLiteBehavior [ RunTime:0.000038s ]
INFO: [ app_init ] --END-- [ RunTime:0.000175s ]
ERR: æ— æ³•åŠ è½½æ¨¡å—:Template

[ 2021-12-17T13:08:53+08:00 ] ::1 /wnetwork/template/Main-Download-Printer-html5-Template/1.1/js/tabs/css/hairsaloon.css
INFO: [ app_init ] --START--
INFO: Run Behavior\BuildLiteBehavior [ RunTime:0.000052s ]
INFO: [ app_init ] --END-- [ RunTime:0.000212s ]
ERR: æ— æ³•åŠ è½½æ¨¡å—:Template

[ 2021-12-17T13:08:53+08:00 ] ::1 /wnetwork/template/Main-Download-Printer-html5-Template/1.1/js/tabs/css/barber.css
INFO: [ app_init ] --START--
INFO: Run Behavior\BuildLiteBehavior [ RunTime:0.000030s ]
INFO: [ app_init ] --END-- [ RunTime:0.000172s ]
ERR: æ— æ³•åŠ è½½æ¨¡å—:Template

[ 2021-12-17T13:08:53+08:00 ] ::1 /wnetwork/template/Main-Download-Printer-html5-Template/1.1/js/bootstrap/bootstrap.min.css.map
INFO: [ app_init ] --START--
INFO: Run Behavior\BuildLiteBehavior [ RunTime:0.000029s ]
INFO: [ app_init ] --END-- [ RunTime:0.000153s ]
ERR: æ— æ³•åŠ è½½æ¨¡å—:Template

[ 2021-12-17T13:08:53+08:00 ] ::1 /wnetwork/template/Main-Download-Printer-html5-Template/1.1/js/style-customizer/css/style-customizer.css.map
INFO: [ app_init ] --START--
INFO: Run Behavior\BuildLiteBehavior [ RunTime:0.000022s ]
INFO: [ app_init ] --END-- [ RunTime:0.000105s ]
ERR: æ— æ³•åŠ è½½æ¨¡å—:Template

[ 2021-12-17T13:09:30+08:00 ] ::1 /wnetwork/template/Main-Download-Printer-html5-Template/1.1/js/tabs/css/barber.css
INFO: [ app_init ] --START--
INFO: Run Behavior\BuildLiteBehavior [ RunTime:0.000051s ]
INFO: [ app_init ] --END-- [ RunTime:0.000215s ]
ERR: æ— æ³•åŠ è½½æ¨¡å—:Template

[ 2021-12-17T13:09:30+08:00 ] ::1 /wnetwork/template/Main-Download-Printer-html5-Template/1.1/js/tabs/css/hairsaloon.css
INFO: [ app_init ] --START--
INFO: Run Behavior\BuildLiteBehavior [ RunTime:0.000034s ]
INFO: [ app_init ] --END-- [ RunTime:0.000166s ]
ERR: æ— æ³•åŠ è½½æ¨¡å—:Template

[ 2021-12-17T13:09:30+08:00 ] ::1 /wnetwork/template/Main-Download-Printer-html5-Template/1.1/js/tabs/css/band.css
INFO: [ app_init ] --START--
INFO: Run Behavior\BuildLiteBehavior [ RunTime:0.000034s ]
INFO: [ app_init ] --END-- [ RunTime:0.000226s ]
ERR: æ— æ³•åŠ è½½æ¨¡å—:Template

[ 2021-12-17T13:09:30+08:00 ] ::1 /wnetwork/template/Main-Download-Printer-html5-Template/1.1/js/bootstrap/bootstrap.min.css.map
INFO: [ app_init ] --START--
INFO: Run Behavior\BuildLiteBehavior [ RunTime:0.000031s ]
INFO: [ app_init ] --END-- [ RunTime:0.000160s ]
ERR: æ— æ³•åŠ è½½æ¨¡å—:Template

[ 2021-12-17T13:09:30+08:00 ] ::1 /wnetwork/template/Main-Download-Printer-html5-Template/1.1/js/style-customizer/css/style-customizer.css.map
INFO: [ app_init ] --START--
INFO: Run Behavior\BuildLiteBehavior [ RunTime:0.000028s ]
INFO: [ app_init ] --END-- [ RunTime:0.000142s ]
ERR: æ— æ³•åŠ è½½æ¨¡å—:Template

[ 2021-12-17T13:17:28+08:00 ] ::1 /wnetwork/template/Main-Download-Printer-html5-Template/1.1/js/tabs/css/hairsaloon.css
INFO: [ app_init ] --START--
INFO: Run Behavior\BuildLiteBehavior [ RunTime:0.000019s ]
INFO: [ app_init ] --END-- [ RunTime:0.000120s ]
ERR: æ— æ³•åŠ è½½æ¨¡å—:Template

[ 2021-12-17T13:17:28+08:00 ] ::1 /wnetwork/template/Main-Download-Printer-html5-Template/1.1/js/tabs/css/band.css
INFO: [ app_init ] --START--
INFO: Run Behavior\BuildLiteBehavior [ RunTime:0.000030s ]
INFO: [ app_init ] --END-- [ RunTime:0.000161s ]
ERR: æ— æ³•åŠ è½½æ¨¡å—:Template

[ 2021-12-17T13:17:28+08:00 ] ::1 /wnetwork/template/Main-Download-Printer-html5-Template/1.1/js/tabs/css/barber.css
INFO: [ app_init ] --START--
INFO: Run Behavior\BuildLiteBehavior [ RunTime:0.000031s ]
INFO: [ app_init ] --END-- [ RunTime:0.000203s ]
ERR: æ— æ³•åŠ è½½æ¨¡å—:Template

[ 2021-12-17T13:17:36+08:00 ] ::1 /wnetwork/template/Main-Download-Printer-html5-Template/1.1/js/tabs/css/hairsaloon.css
INFO: [ app_init ] --START--
INFO: Run Behavior\BuildLiteBehavior [ RunTime:0.000040s ]
INFO: [ app_init ] --END-- [ RunTime:0.000707s ]
ERR: æ— æ³•åŠ è½½æ¨¡å—:Template

[ 2021-12-17T13:17:36+08:00 ] ::1 /wnetwork/template/Main-Download-Printer-html5-Template/1.1/js/tabs/css/band.css
INFO: [ app_init ] --START--
INFO: Run Behavior\BuildLiteBehavior [ RunTime:0.000014s ]
INFO: [ app_init ] --END-- [ RunTime:0.000077s ]
ERR: æ— æ³•åŠ è½½æ¨¡å—:Template

[ 2021-12-17T13:17:36+08:00 ] ::1 /wnetwork/template/Main-Download-Printer-html5-Template/1.1/js/tabs/css/barber.css
INFO: [ app_init ] --START--
INFO: Run Behavior\BuildLiteBehavior [ RunTime:0.000035s ]
INFO: [ app_init ] --END-- [ RunTime:0.000172s ]
ERR: æ— æ³•åŠ è½½æ¨¡å—:Template

[ 2021-12-17T13:17:43+08:00 ] ::1 /wnetwork/template/Main-Download-Printer-html5-Template/1.1/js/tabs/css/hairsaloon.css
INFO: [ app_init ] --START--
INFO: Run Behavior\BuildLiteBehavior [ RunTime:0.000032s ]
INFO: [ app_init ] --END-- [ RunTime:0.000167s ]
ERR: æ— æ³•åŠ è½½æ¨¡å—:Template

[ 2021-12-17T13:17:43+08:00 ] ::1 /wnetwork/template/Main-Download-Printer-html5-Template/1.1/js/tabs/css/barber.css
INFO: [ app_init ] --START--
INFO: Run Behavior\BuildLiteBehavior [ RunTime:0.000036s ]
INFO: [ app_init ] --END-- [ RunTime:0.000155s ]
ERR: æ— æ³•åŠ è½½æ¨¡å—:Template

[ 2021-12-17T13:17:47+08:00 ] ::1 /wnetwork/template/Main-Download-Printer-html5-Template/1.1/js/tabs/css/band.css
INFO: [ app_init ] --START--
INFO: Run Behavior\BuildLiteBehavior [ RunTime:0.000022s ]
INFO: [ app_init ] --END-- [ RunTime:0.000120s ]
ERR: æ— æ³•åŠ è½½æ¨¡å—:Template

[ 2021-12-17T13:17:47+08:00 ] ::1 /wnetwork/template/Main-Download-Printer-html5-Template/1.1/js/tabs/css/hairsaloon.css
INFO: [ app_init ] --START--
INFO: Run Behavior\BuildLiteBehavior [ RunTime:0.000046s ]
INFO: [ app_init ] --END-- [ RunTime:0.000255s ]
ERR: æ— æ³•åŠ è½½æ¨¡å—:Template

[ 2021-12-17T13:17:47+08:00 ] ::1 /wnetwork/template/Main-Download-Printer-html5-Template/1.1/js/tabs/css/barber.css
INFO: [ app_init ] --START--
INFO: Run Behavior\BuildLiteBehavior [ RunTime:0.000045s ]
INFO: [ app_init ] --END-- [ RunTime:0.000203s ]
ERR: æ— æ³•åŠ è½½æ¨¡å—:Template

[ 2021-12-17T13:17:50+08:00 ] ::1 /wnetwork/template/Main-Download-Printer-html5-Template/1.1/js/tabs/css/band.css
INFO: [ app_init ] --START--
INFO: Run Behavior\BuildLiteBehavior [ RunTime:0.000080s ]
INFO: [ app_init ] --END-- [ RunTime:0.000338s ]
ERR: æ— æ³•åŠ è½½æ¨¡å—:Template




