[ 2021-12-08T13:26:18+08:00 ] ::1 /wnetwork/images/fo-icon-box-shape2.png
INFO: [ app_init ] --START--
INFO: Run Behavior\BuildLiteBehavior [ RunTime:0.000012s ]
INFO: [ app_init ] --END-- [ RunTime:0.000097s ]
ERR: æ— æ³•åŠ è½½æ¨¡å—:Images

[ 2021-12-08T13:26:18+08:00 ] ::1 /wnetwork/images/ce4-2.jpg
INFO: [ app_init ] --START--
INFO: Run Behavior\BuildLiteBehavior [ RunTime:0.000011s ]
INFO: [ app_init ] --END-- [ RunTime:0.000068s ]
ERR: æ— æ³•åŠ è½½æ¨¡å—:Images

[ 2021-12-08T13:26:18+08:00 ] ::1 /wnetwork/images/logo/f-logo.png
INFO: [ app_init ] --START--
INFO: Run Behavior\BuildLiteBehavior [ RunTime:0.000016s ]
INFO: [ app_init ] --END-- [ RunTime:0.000078s ]
ERR: æ— æ³•åŠ è½½æ¨¡å—:Images

[ 2021-12-08T15:17:20+08:00 ] ::1 /wnetwork/images/logo/f-logo.png
INFO: [ app_init ] --START--
INFO: Run Behavior\BuildLiteBehavior [ RunTime:0.000026s ]
INFO: [ app_init ] --END-- [ RunTime:0.000141s ]
ERR: æ— æ³•åŠ è½½æ¨¡å—:Images

[ 2021-12-08T15:17:20+08:00 ] ::1 /wnetwork/images/ce4-1.jpg
INFO: [ app_init ] --START--
INFO: Run Behavior\BuildLiteBehavior [ RunTime:0.000032s ]
INFO: [ app_init ] --END-- [ RunTime:0.000170s ]
ERR: æ— æ³•åŠ è½½æ¨¡å—:Images

[ 2021-12-08T15:17:20+08:00 ] ::1 /wnetwork/images/fo-icon-box-shape1.png
INFO: [ app_init ] --START--
INFO: Run Behavior\BuildLiteBehavior [ RunTime:0.000027s ]
INFO: [ app_init ] --END-- [ RunTime:0.000135s ]
ERR: æ— æ³•åŠ è½½æ¨¡å—:Images

[ 2021-12-08T15:17:20+08:00 ] ::1 /wnetwork/images/fo-icon-box-shape2.png
INFO: [ app_init ] --START--
INFO: Run Behavior\BuildLiteBehavior [ RunTime:0.000023s ]
INFO: [ app_init ] --END-- [ RunTime:0.000161s ]
ERR: æ— æ³•åŠ è½½æ¨¡å—:Images

[ 2021-12-08T15:17:20+08:00 ] ::1 /wnetwork/images/ce4-2.jpg
INFO: [ app_init ] --START--
INFO: Run Behavior\BuildLiteBehavior [ RunTime:0.000021s ]
INFO: [ app_init ] --END-- [ RunTime:0.000110s ]
ERR: æ— æ³•åŠ è½½æ¨¡å—:Images

[ 2021-12-08T15:18:50+08:00 ] ::1 /wnetwork/images/logo/f-logo.png
INFO: [ app_init ] --START--
INFO: Run Behavior\BuildLiteBehavior [ RunTime:0.000022s ]
INFO: [ app_init ] --END-- [ RunTime:0.000114s ]
ERR: æ— æ³•åŠ è½½æ¨¡å—:Images

[ 2021-12-08T15:18:50+08:00 ] ::1 /wnetwork/images/ce4-1.jpg
INFO: [ app_init ] --START--
INFO: Run Behavior\BuildLiteBehavior [ RunTime:0.000014s ]
INFO: [ app_init ] --END-- [ RunTime:0.000137s ]
ERR: æ— æ³•åŠ è½½æ¨¡å—:Images

[ 2021-12-08T15:18:50+08:00 ] ::1 /wnetwork/images/ce4-2.jpg
INFO: [ app_init ] --START--
INFO: Run Behavior\BuildLiteBehavior [ RunTime:0.000016s ]
INFO: [ app_init ] --END-- [ RunTime:0.000098s ]
ERR: æ— æ³•åŠ è½½æ¨¡å—:Images

[ 2021-12-08T15:18:50+08:00 ] ::1 /wnetwork/images/fo-icon-box-shape2.png
INFO: [ app_init ] --START--
INFO: Run Behavior\BuildLiteBehavior [ RunTime:0.000023s ]
INFO: [ app_init ] --END-- [ RunTime:0.000110s ]
ERR: æ— æ³•åŠ è½½æ¨¡å—:Images

[ 2021-12-08T15:19:10+08:00 ] ::1 /wnetwork/images/logo/f-logo.png
INFO: [ app_init ] --START--
INFO: Run Behavior\BuildLiteBehavior [ RunTime:0.000031s ]
INFO: [ app_init ] --END-- [ RunTime:0.000153s ]
ERR: æ— æ³•åŠ è½½æ¨¡å—:Images

[ 2021-12-08T15:19:10+08:00 ] ::1 /wnetwork/images/ce4-2.jpg
INFO: [ app_init ] --START--
INFO: Run Behavior\BuildLiteBehavior [ RunTime:0.000018s ]
INFO: [ app_init ] --END-- [ RunTime:0.000099s ]
ERR: æ— æ³•åŠ è½½æ¨¡å—:Images

[ 2021-12-08T15:19:10+08:00 ] ::1 /wnetwork/images/ce4-1.jpg
INFO: [ app_init ] --START--
INFO: Run Behavior\BuildLiteBehavior [ RunTime:0.000017s ]
INFO: [ app_init ] --END-- [ RunTime:0.000108s ]
ERR: æ— æ³•åŠ è½½æ¨¡å—:Images

[ 2021-12-08T15:19:10+08:00 ] ::1 /wnetwork/images/fo-icon-box-shape2.png
INFO: [ app_init ] --START--
INFO: Run Behavior\BuildLiteBehavior [ RunTime:0.000016s ]
INFO: [ app_init ] --END-- [ RunTime:0.000095s ]
ERR: æ— æ³•åŠ è½½æ¨¡å—:Images

[ 2021-12-08T15:19:10+08:00 ] ::1 /wnetwork/images/fo-icon-box-shape1.png
INFO: [ app_init ] --START--
INFO: Run Behavior\BuildLiteBehavior [ RunTime:0.000010s ]
INFO: [ app_init ] --END-- [ RunTime:0.000102s ]
ERR: æ— æ³•åŠ è½½æ¨¡å—:Images

[ 2021-12-08T15:22:24+08:00 ] ::1 /wnetwork/images/logo/f-logo.png
INFO: [ app_init ] --START--
INFO: Run Behavior\BuildLiteBehavior [ RunTime:0.000026s ]
INFO: [ app_init ] --END-- [ RunTime:0.000143s ]
ERR: æ— æ³•åŠ è½½æ¨¡å—:Images

[ 2021-12-08T15:22:24+08:00 ] ::1 /wnetwork/images/ce4-1.jpg
INFO: [ app_init ] --START--
INFO: Run Behavior\BuildLiteBehavior [ RunTime:0.000025s ]
INFO: [ app_init ] --END-- [ RunTime:0.000136s ]
ERR: æ— æ³•åŠ è½½æ¨¡å—:Images

[ 2021-12-08T15:22:24+08:00 ] ::1 /wnetwork/images/fo-icon-box-shape2.png
INFO: [ app_init ] --START--
INFO: Run Behavior\BuildLiteBehavior [ RunTime:0.000074s ]
INFO: [ app_init ] --END-- [ RunTime:0.000175s ]
ERR: æ— æ³•åŠ è½½æ¨¡å—:Images

[ 2021-12-08T15:22:24+08:00 ] ::1 /wnetwork/images/fo-icon-box-shape1.png
INFO: [ app_init ] --START--
INFO: Run Behavior\BuildLiteBehavior [ RunTime:0.000025s ]
INFO: [ app_init ] --END-- [ RunTime:0.000127s ]
ERR: æ— æ³•åŠ è½½æ¨¡å—:Images

[ 2021-12-08T15:22:24+08:00 ] ::1 /wnetwork/images/ce4-2.jpg
INFO: [ app_init ] --START--
INFO: Run Behavior\BuildLiteBehavior [ RunTime:0.000018s ]
INFO: [ app_init ] --END-- [ RunTime:0.000126s ]
ERR: æ— æ³•åŠ è½½æ¨¡å—:Images

[ 2021-12-08T15:23:15+08:00 ] ::1 /wnetwork/images/logo/f-logo.png
INFO: [ app_init ] --START--
INFO: Run Behavior\BuildLiteBehavior [ RunTime:0.000010s ]
INFO: [ app_init ] --END-- [ RunTime:0.000063s ]
ERR: æ— æ³•åŠ è½½æ¨¡å—:Images

[ 2021-12-08T15:23:15+08:00 ] ::1 /wnetwork/images/fo-icon-box-shape1.png
INFO: [ app_init ] --START--
INFO: Run Behavior\BuildLiteBehavior [ RunTime:0.000009s ]
INFO: [ app_init ] --END-- [ RunTime:0.000059s ]
ERR: æ— æ³•åŠ è½½æ¨¡å—:Images

[ 2021-12-08T15:23:15+08:00 ] ::1 /wnetwork/images/ce4-1.jpg
INFO: [ app_init ] --START--
INFO: Run Behavior\BuildLiteBehavior [ RunTime:0.000025s ]
INFO: [ app_init ] --END-- [ RunTime:0.000131s ]
ERR: æ— æ³•åŠ è½½æ¨¡å—:Images

[ 2021-12-08T15:23:15+08:00 ] ::1 /wnetwork/images/fo-icon-box-shape2.png
INFO: [ app_init ] --START--
INFO: Run Behavior\BuildLiteBehavior [ RunTime:0.000018s ]
INFO: [ app_init ] --END-- [ RunTime:0.000115s ]
ERR: æ— æ³•åŠ è½½æ¨¡å—:Images

[ 2021-12-08T15:23:15+08:00 ] ::1 /wnetwork/images/ce4-2.jpg
INFO: [ app_init ] --START--
INFO: Run Behavior\BuildLiteBehavior [ RunTime:0.000016s ]
INFO: [ app_init ] --END-- [ RunTime:0.000110s ]
ERR: æ— æ³•åŠ è½½æ¨¡å—:Images

[ 2021-12-08T15:23:19+08:00 ] ::1 /wnetwork/template/Main-Download-Printer-html5-Template/1.1/js/bootstrap/bootstrap.min.css.map
INFO: [ app_init ] --START--
INFO: Run Behavior\BuildLiteBehavior [ RunTime:0.000029s ]
INFO: [ app_init ] --END-- [ RunTime:0.000317s ]
ERR: æ— æ³•åŠ è½½æ¨¡å—:Template

—:Template

[ 2021-12-08T15:28:54+08:00 ] ::1 /wnetwork/images/ce4-1.jpg
INFO: [ app_init ] --START--
INFO: Run Behavior\BuildLiteBehavior [ RunTime:0.000024s ]
INFO: [ app_init ] --END-- [ RunTime:0.000139s ]
ERR: æ— æ³•åŠ è½½æ¨¡å—:Images

[ 2021-12-08T15:28:54+08:00 ] ::1 /wnetwork/images/logo/f-logo.png
INFO: [ app_init ] --START--
INFO: Run Behavior\BuildLiteBehavior [ RunTime:0.000022s ]
INFO: [ app_init ] --END-- [ RunTime:0.000133s ]
ERR: æ— æ³•åŠ è½½æ¨¡å—:Images

[ 2021-12-08T15:28:54+08:00 ] ::1 /wnetwork/images/ce4-2.jpg
INFO: [ app_init ] --START--
INFO: Run Behavior\BuildLiteBehavior [ RunTime:0.000019s ]
INFO: [ app_init ] --END-- [ RunTime:0.000122s ]
ERR: æ— æ³•åŠ è½½æ¨¡å—:Images

[ 2021-12-08T15:28:54+08:00 ] ::1 /wnetwork/template/Main-Download-Printer-html5-Template/1.1/js/bootstrap/bootstrap.min.css.map
INFO: [ app_init ] --START--
INFO: Run Behavior\BuildLiteBehavior [ RunTime:0.000018s ]
INFO: [ app_init ] --END-- [ RunTime:0.000163s ]
ERR: æ— æ³•åŠ è½½æ¨¡å—:Template

[ 2021-12-08T15:28:54+08:00 ] ::1 /wnetwork/images/fo-icon-box-shape1.png
INFO: [ app_init ] --START--
INFO: Run Behavior\BuildLiteBehavior [ RunTime:0.000021s ]
INFO: [ app_init ] --END-- [ RunTime:0.000142s ]
ERR: æ— æ³•åŠ è½½æ¨¡å—:Images

[ 2021-12-08T15:28:54+08:00 ] ::1 /wnetwork/images/fo-icon-box-shape2.png
INFO: [ app_init ] --START--
INFO: Run Behavior\BuildLiteBehavior [ RunTime:0.000030s ]
INFO: [ app_init ] --END-- [ RunTime:0.000401s ]
ERR: æ— æ³•åŠ è½½æ¨¡å—:Images

[ 2021-12-08T15:28:54+08:00 ] ::1 /wnetwork/template/Main-Download-Printer-html5-Template/1.1/js/style-customizer/css/style-customizer.css.map
INFO: [ app_init ] --START--
INFO: Run Behavior\BuildLiteBehavior [ RunTime:0.000022s ]
INFO: [ app_init ] --END-- [ RunTime:0.000123s ]
ERR: æ— æ³•åŠ è½½æ¨¡å—:Template

[ 2021-12-08T15:29:05+08:00 ] ::1 /wnetwork/images/logo/f-logo.png
INFO: [ app_init ] --START--
INFO: Run Behavior\BuildLiteBehavior [ RunTime:0.000031s ]
INFO: [ app_init ] --END-- [ RunTime:0.000152s ]
ERR: æ— æ³•åŠ è½½æ¨¡å—:Images

[ 2021-12-08T15:29:05+08:00 ] ::1 /wnetwork/images/ce4-2.jpg
INFO: [ app_init ] --START--
INFO: Run Behavior\BuildLiteBehavior [ RunTime:0.000016s ]
INFO: [ app_init ] --END-- [ RunTime:0.000104s ]
ERR: æ— æ³•åŠ è½½æ¨¡å—:Images

[ 2021-12-08T15:29:05+08:00 ] ::1 /wnetwork/images/ce4-1.jpg
INFO: [ app_init ] --START--
INFO: Run Behavior\BuildLiteBehavior [ RunTime:0.000016s ]
INFO: [ app_init ] --END-- [ RunTime:0.000105s ]
ERR: æ— æ³•åŠ è½½æ¨¡å—:Images

—:Images

[ 2021-12-08T15:29:05+08:00 ] ::1 /wnetwork/images/fo-icon-box-shape1.png
INFO: [ app_init ] --START--
INFO: Run Behavior\BuildLiteBehavior [ RunTime:0.000021s ]
INFO: [ app_init ] --END-- [ RunTime:0.000138s ]
ERR: æ— æ³•åŠ è½½æ¨¡å—:Images

[ 2021-12-08T15:29:05+08:00 ] ::1 /wnetwork/template/Main-Download-Printer-html5-Template/1.1/js/bootstrap/bootstrap.min.css.map
INFO: [ app_init ] --START--
INFO: Run Behavior\BuildLiteBehavior [ RunTime:0.000019s ]
INFO: [ app_init ] --END-- [ RunTime:0.000126s ]
ERR: æ— æ³•åŠ è½½æ¨¡å—:Template

[ 2021-12-08T15:29:05+08:00 ] ::1 /wnetwork/template/Main-Download-Printer-html5-Template/1.1/js/style-customizer/css/style-customizer.css.map
INFO: [ app_init ] --START--
INFO: Run Behavior\BuildLiteBehavior [ RunTime:0.000010s ]
INFO: [ app_init ] --END-- [ RunTime:0.000068s ]
ERR: æ— æ³•åŠ è½½æ¨¡å—:Template

[ 2021-12-08T15:30:33+08:00 ] ::1 /wnetwork/images/logo/f-logo.png
INFO: [ app_init ] --START--
INFO: Run Behavior\BuildLiteBehavior [ RunTime:0.000018s ]
INFO: [ app_init ] --END-- [ RunTime:0.000129s ]
ERR: æ— æ³•åŠ è½½æ¨¡å—:Images

[ 2021-12-08T15:30:33+08:00 ] ::1 /wnetwork/images/ce4-1.jpg
INFO: [ app_init ] --START--
INFO: Run Behavior\BuildLiteBehavior [ RunTime:0.000018s ]
INFO: [ app_init ] --END-- [ RunTime:0.000208s ]
ERR: æ— æ³•åŠ è½½æ¨¡å—:Images

[ 2021-12-08T15:30:33+08:00 ] ::1 /wnetwork/images/ce4-2.jpg
INFO: [ app_init ] --START--
INFO: Run Behavior\BuildLiteBehavior [ RunTime:0.000031s ]
INFO: [ app_init ] --END-- [ RunTime:0.000144s ]
ERR: æ— æ³•åŠ è½½æ¨¡å—:Images

[ 2021-12-08T15:30:33+08:00 ] ::1 /wnetwork/images/fo-icon-box-shape1.png
INFO: [ app_init ] --START--
INFO: Run Behavior\BuildLiteBehavior [ RunTime:0.000027s ]
INFO: [ app_init ] --END-- [ RunTime:0.000148s ]
ERR: æ— æ³•åŠ è½½æ¨¡å—:Images

[ 2021-12-08T15:30:33+08:00 ] ::1 /wnetwork/images/fo-icon-box-shape2.png
INFO: [ app_init ] --START--
INFO: Run Behavior\BuildLiteBehavior [ RunTime:0.000046s ]
INFO: [ app_init ] --END-- [ RunTime:0.000328s ]
ERR: æ— æ³•åŠ è½½æ¨¡å—:Images

[ 2021-12-08T15:30:33+08:00 ] ::1 /wnetwork/template/Main-Download-Printer-html5-Template/1.1/js/bootstrap/bootstrap.min.css.map
INFO: [ app_init ] --START--
INFO: Run Behavior\BuildLiteBehavior [ RunTime:0.000021s ]
INFO: [ app_init ] --END-- [ RunTime:0.000209s ]
ERR: æ— æ³•åŠ è½½æ¨¡å—:Template

[ 2021-12-08T15:30:33+08:00 ] ::1 /wnetwork/template/Main-Download-Printer-html5-Template/1.1/js/style-customizer/css/style-customizer.css.map
INFO: [ app_init ] --START--
INFO: Run Behavior\BuildLiteBehavior [ RunTime:0.000022s ]
INFO: [ app_init ] --END-- [ RunTime:0.000195s ]
ERR: æ— æ³•åŠ è½½æ¨¡å—:Template

[ 2021-12-08T15:45:51+08:00 ] ::1 /wnetwork/images/logo/f-logo.png
INFO: [ app_init ] --START--
INFO: Run Behavior\BuildLiteBehavior [ RunTime:0.000027s ]
INFO: [ app_init ] --END-- [ RunTime:0.000164s ]
ERR: æ— æ³•åŠ è½½æ¨¡å—:Images

[ 2021-12-08T15:45:51+08:00 ] ::1 /wnetwork/images/ce4-1.jpg
INFO: [ app_init ] --START--
INFO: Run Behavior\BuildLiteBehavior [ RunTime:0.000026s ]
INFO: [ app_init ] --END-- [ RunTime:0.000184s ]
ERR: æ— æ³•åŠ è½½æ¨¡å—:Images

[ 2021-12-08T15:45:51+08:00 ] ::1 /wnetwork/images/fo-icon-box-shape2.png
INFO: [ app_init ] --START--
INFO: Run Behavior\BuildLiteBehavior [ RunTime:0.000018s ]
INFO: [ app_init ] --END-- [ RunTime:0.000116s ]
ERR: æ— æ³•åŠ è½½æ¨¡å—:Images

[ 2021-12-08T15:45:51+08:00 ] ::1 /wnetwork/images/fo-icon-box-shape1.png
INFO: [ app_init ] --START--
INFO: Run Behavior\BuildLiteBehavior [ RunTime:0.000017s ]
INFO: [ app_init ] --END-- [ RunTime:0.000113s ]
ERR: æ— æ³•åŠ è½½æ¨¡å—:Images

[ 2021-12-08T15:45:51+08:00 ] ::1 /wnetwork/images/ce4-2.jpg
INFO: [ app_init ] --START--
INFO: Run Behavior\BuildLiteBehavior [ RunTime:0.000019s ]
INFO: [ app_init ] --END-- [ RunTime:0.000126s ]
ERR: æ— æ³•åŠ è½½æ¨¡å—:Images

[ 2021-12-08T15:45:51+08:00 ] ::1 /wnetwork/template/Main-Download-Printer-html5-Template/1.1/js/bootstrap/bootstrap.min.css.map
INFO: [ app_init ] --START--
INFO: Run Behavior\BuildLiteBehavior [ RunTime:0.000022s ]
INFO: [ app_init ] --END-- [ RunTime:0.000164s ]
ERR: æ— æ³•åŠ è½½æ¨¡å—:Template

[ 2021-12-08T15:45:51+08:00 ] ::1 /wnetwork/template/Main-Download-Printer-html5-Template/1.1/js/style-customizer/css/style-customizer.css.map
INFO: [ app_init ] --START--
INFO: Run Behavior\BuildLiteBehavior [ RunTime:0.000011s ]
INFO: [ app_init ] --END-- [ RunTime:0.000073s ]
ERR: æ— æ³•åŠ è½½æ¨¡å—:Template

[ 2021-12-08T15:46:57+08:00 ] ::1 /wnetwork/images/logo/f-logo.png
INFO: [ app_init ] --START--
INFO: Run Behavior\BuildLiteBehavior [ RunTime:0.000017s ]
INFO: [ app_init ] --END-- [ RunTime:0.000108s ]
ERR: æ— æ³•åŠ è½½æ¨¡å—:Images

[ 2021-12-08T15:46:57+08:00 ] ::1 /wnetwork/images/ce4-2.jpg
INFO: [ app_init ] --START--
INFO: Run Behavior\BuildLiteBehavior [ RunTime:0.000010s ]
INFO: [ app_init ] --END-- [ RunTime:0.000062s ]
ERR: æ— æ³•åŠ è½½æ¨¡å—:Images

[ 2021-12-08T15:46:57+08:00 ] ::1 /wnetwork/images/fo-icon-box-shape1.png
INFO: [ app_init ] --START--
INFO: Run Behavior\BuildLiteBehavior [ RunTime:0.000011s ]
INFO: [ app_init ] --END-- [ RunTime:0.000061s ]
ERR: æ— æ³•åŠ è½½æ¨¡å—:Images

[ 2021-12-08T15:46:57+08:00 ] ::1 /wnetwork/images/fo-icon-box-shape2.png
INFO: [ app_init ] --START--
INFO: Run Behavior\BuildLiteBehavior [ RunTime:0.000018s ]
INFO: [ app_init ] --END-- [ RunTime:0.000099s ]
ERR: æ— æ³•åŠ è½½æ¨¡å—:Images

[ 2021-12-08T15:46:57+08:00 ] ::1 /wnetwork/template/Main-Download-Printer-html5-Template/1.1/js/style-customizer/css/style-customizer.css.map
INFO: [ app_init ] --START--
INFO: Run Behavior\BuildLiteBehavior [ RunTime:0.000013s ]
INFO: [ app_init ] --END-- [ RunTime:0.000081s ]
ERR: æ— æ³•åŠ è½½æ¨¡å—:Template

[ 2021-12-08T15:46:57+08:00 ] ::1 /wnetwork/template/Main-Download-Printer-html5-Template/1.1/js/bootstrap/bootstrap.min.css.map
INFO: [ app_init ] --START--
INFO: Run Behavior\BuildLiteBehavior [ RunTime:0.000037s ]
INFO: [ app_init ] --END-- [ RunTime:0.000207s ]
ERR: æ— æ³•åŠ è½½æ¨¡å—:Template

[ 2021-12-08T15:51:38+08:00 ] ::1 /wnetwork/images/ce4-1.jpg
INFO: [ app_init ] --START--
INFO: Run Behavior\BuildLiteBehavior [ RunTime:0.000021s ]
INFO: [ app_init ] --END-- [ RunTime:0.000131s ]
ERR: æ— æ³•åŠ è½½æ¨¡å—:Images

[ 2021-12-08T15:51:38+08:00 ] ::1 /wnetwork/images/logo/f-logo.png
INFO: [ app_init ] --START--
INFO: Run Behavior\BuildLiteBehavior [ RunTime:0.000017s ]
INFO: [ app_init ] --END-- [ RunTime:0.000113s ]
ERR: æ— æ³•åŠ è½½æ¨¡å—:Images

[ 2021-12-08T15:51:38+08:00 ] ::1 /wnetwork/images/ce4-2.jpg
INFO: [ app_init ] --START--
INFO: Run Behavior\BuildLiteBehavior [ RunTime:0.000016s ]
INFO: [ app_init ] --END-- [ RunTime:0.000108s ]
ERR: æ— æ³•åŠ è½½æ¨¡å—:Images

[ 2021-12-08T15:51:38+08:00 ] ::1 /wnetwork/images/fo-icon-box-shape2.png
INFO: [ app_init ] --START--
INFO: Run Behavior\BuildLiteBehavior [ RunTime:0.000057s ]
INFO: [ app_init ] --END-- [ RunTime:0.000220s ]
ERR: æ— æ³•åŠ è½½æ¨¡å—:Images

[ 2021-12-08T15:52:14+08:00 ] ::1 /wnetwork/template/Main-Download-Printer-html5-Template/1.1/js/style-customizer/css/style-customizer.css.map
INFO: [ app_init ] --START--
INFO: Run Behavior\BuildLiteBehavior [ RunTime:0.000020s ]
INFO: [ app_init ] --END-- [ RunTime:0.000248s ]
ERR: æ— æ³•åŠ è½½æ¨¡å—:Template

[ 2021-12-08T15:52:14+08:00 ] ::1 /wnetwork/template/Main-Download-Printer-html5-Template/1.1/js/bootstrap/bootstrap.min.css.map
INFO: [ app_init ] --START--
INFO: Run Behavior\BuildLiteBehavior [ RunTime:0.000021s ]
INFO: [ app_init ] --END-- [ RunTime:0.000101s ]
ERR: æ— æ³•åŠ è½½æ¨¡å—:Template

[ 2021-12-08T15:54:55+08:00 ] ::1 /wnetwork/images/logo/f-logo.png
INFO: [ app_init ] --START--
INFO: Run Behavior\BuildLiteBehavior [ RunTime:0.000036s ]
INFO: [ app_init ] --END-- [ RunTime:0.000181s ]
ERR: æ— æ³•åŠ è½½æ¨¡å—:Images

[ 2021-12-08T15:54:55+08:00 ] ::1 /wnetwork/images/ce4-1.jpg
INFO: [ app_init ] --START--
INFO: Run Behavior\BuildLiteBehavior [ RunTime:0.000070s ]
INFO: [ app_init ] --END-- [ RunTime:0.000200s ]
ERR: æ— æ³•åŠ è½½æ¨¡å—:Images

[ 2021-12-08T15:54:55+08:00 ] ::1 /wnetwork/images/ce4-2.jpg
INFO: [ app_init ] --START--
INFO: Run Behavior\BuildLiteBehavior [ RunTime:0.000020s ]
INFO: [ app_init ] --END-- [ RunTime:0.000137s ]
ERR: æ— æ³•åŠ è½½æ¨¡å—:Images

[ 2021-12-08T15:54:55+08:00 ] ::1 /wnetwork/images/fo-icon-box-shape2.png
INFO: [ app_init ] --START--
INFO: Run Behavior\BuildLiteBehavior [ RunTime:0.000030s ]
INFO: [ app_init ] --END-- [ RunTime:0.000197s ]
ERR: æ— æ³•åŠ è½½æ¨¡å—:Images

[ 2021-12-08T15:55:02+08:00 ] ::1 /wnetwork/template/Main-Download-Printer-html5-Template/1.1/js/bootstrap/bootstrap.min.css.map
INFO: [ app_init ] --START--
INFO: Run Behavior\BuildLiteBehavior [ RunTime:0.000011s ]
INFO: [ app_init ] --END-- [ RunTime:0.000164s ]
ERR: æ— æ³•åŠ è½½æ¨¡å—:Template

[ 2021-12-08T15:55:02+08:00 ] ::1 /wnetwork/template/Main-Download-Printer-html5-Template/1.1/js/style-customizer/css/style-customizer.css.map
INFO: [ app_init ] --START--
INFO: Run Behavior\BuildLiteBehavior [ RunTime:0.000010s ]
INFO: [ app_init ] --END-- [ RunTime:0.000153s ]
ERR: æ— æ³•åŠ è½½æ¨¡å—:Template

[ 2021-12-08T15:55:42+08:00 ] ::1 /wnetwork/images/ce4-1.jpg
INFO: [ app_init ] --START--
INFO: Run Behavior\BuildLiteBehavior [ RunTime:0.000026s ]
INFO: [ app_init ] --END-- [ RunTime:0.000144s ]
ERR: æ— æ³•åŠ è½½æ¨¡å—:Images

[ 2021-12-08T15:55:42+08:00 ] ::1 /wnetwork/images/logo/f-logo.png
INFO: [ app_init ] --START--
INFO: Run Behavior\BuildLiteBehavior [ RunTime:0.000057s ]
INFO: [ app_init ] --END-- [ RunTime:0.000557s ]
ERR: æ— æ³•åŠ è½½æ¨¡å—:Images

[ 2021-12-08T15:55:42+08:00 ] ::1 /wnetwork/images/ce4-2.jpg
INFO: [ app_init ] --START--
INFO: Run Behavior\BuildLiteBehavior [ RunTime:0.000025s ]
INFO: [ app_init ] --END-- [ RunTime:0.000126s ]
ERR: æ— æ³•åŠ è½½æ¨¡å—:Images

[ 2021-12-08T15:55:42+08:00 ] ::1 /wnetwork/images/fo-icon-box-shape1.png
INFO: [ app_init ] --START--
INFO: Run Behavior\BuildLiteBehavior [ RunTime:0.000034s ]
INFO: [ app_init ] --END-- [ RunTime:0.000214s ]
ERR: æ— æ³•åŠ è½½æ¨¡å—:Images

[ 2021-12-08T15:55:42+08:00 ] ::1 /wnetwork/images/fo-icon-box-shape2.png
INFO: [ app_init ] --START--
INFO: Run Behavior\BuildLiteBehavior [ RunTime:0.000029s ]
INFO: [ app_init ] --END-- [ RunTime:0.000220s ]
ERR: æ— æ³•åŠ è½½æ¨¡å—:Images

[ 2021-12-08T15:55:42+08:00 ] ::1 /wnetwork/template/Main-Download-Printer-html5-Template/1.1/js/style-customizer/css/style-customizer.css.map
INFO: [ app_init ] --START--
INFO: Run Behavior\BuildLiteBehavior [ RunTime:0.000014s ]
INFO: [ app_init ] --END-- [ RunTime:0.000117s ]
ERR: æ— æ³•åŠ è½½æ¨¡å—:Template

[ 2021-12-08T15:55:42+08:00 ] ::1 /wnetwork/template/Main-Download-Printer-html5-Template/1.1/js/bootstrap/bootstrap.min.css.map
INFO: [ app_init ] --START--
INFO: Run Behavior\BuildLiteBehavior [ RunTime:0.000022s ]
INFO: [ app_init ] --END-- [ RunTime:0.000106s ]
ERR: æ— æ³•åŠ è½½æ¨¡å—:Template

[ 2021-12-08T15:55:58+08:00 ] ::1 /wnetwork/template/Main-Download-Printer-html5-Template/1.1/js/bootstrap/bootstrap.min.css.map
INFO: [ app_init ] --START--
INFO: Run Behavior\BuildLiteBehavior [ RunTime:0.000020s ]
INFO: [ app_init ] --END-- [ RunTime:0.000135s ]
ERR: æ— æ³•åŠ è½½æ¨¡å—:Template

[ 2021-12-08T15:55:58+08:00 ] ::1 /wnetwork/images/logo/f-logo.png
INFO: [ app_init ] --START--
INFO: Run Behavior\BuildLiteBehavior [ RunTime:0.000027s ]
INFO: [ app_init ] --END-- [ RunTime:0.000140s ]
ERR: æ— æ³•åŠ è½½æ¨¡å—:Images

[ 2021-12-08T15:55:58+08:00 ] ::1 /wnetwork/images/ce4-1.jpg
INFO: [ app_init ] --START--
INFO: Run Behavior\BuildLiteBehavior [ RunTime:0.000019s ]
INFO: [ app_init ] --END-- [ RunTime:0.000142s ]
ERR: æ— æ³•åŠ è½½æ¨¡å—:Images

[ 2021-12-08T15:55:58+08:00 ] ::1 /wnetwork/images/fo-icon-box-shape2.png
INFO: [ app_init ] --START--
INFO: Run Behavior\BuildLiteBehavior [ RunTime:0.000022s ]
INFO: [ app_init ] --END-- [ RunTime:0.000206s ]
ERR: æ— æ³•åŠ è½½æ¨¡å—:Images

[ 2021-12-08T15:55:58+08:00 ] ::1 /wnetwork/images/ce4-2.jpg
INFO: [ app_init ] --START--
INFO: Run Behavior\BuildLiteBehavior [ RunTime:0.000028s ]
INFO: [ app_init ] --END-- [ RunTime:0.000170s ]
ERR: æ— æ³•åŠ è½½æ¨¡å—:Images

[ 2021-12-08T15:55:58+08:00 ] ::1 /wnetwork/template/Main-Download-Printer-html5-Template/1.1/js/style-customizer/css/style-customizer.css.map
INFO: [ app_init ] --START--
INFO: Run Behavior\BuildLiteBehavior [ RunTime:0.000016s ]
INFO: [ app_init ] --END-- [ RunTime:0.000131s ]
ERR: æ— æ³•åŠ è½½æ¨¡å—:Template

[ 2021-12-08T15:56:15+08:00 ] ::1 /wnetwork/images/logo/f-logo.png
INFO: [ app_init ] --START--
INFO: Run Behavior\BuildLiteBehavior [ RunTime:0.000019s ]
INFO: [ app_init ] --END-- [ RunTime:0.000124s ]
ERR: æ— æ³•åŠ è½½æ¨¡å—:Images

[ 2021-12-08T15:56:15+08:00 ] ::1 /wnetwork/images/fo-icon-box-shape1.png
INFO: [ app_init ] --START--
INFO: Run Behavior\BuildLiteBehavior [ RunTime:0.000026s ]
INFO: [ app_init ] --END-- [ RunTime:0.000141s ]
ERR: æ— æ³•åŠ è½½æ¨¡å—:Images

[ 2021-12-08T15:56:15+08:00 ] ::1 /wnetwork/images/ce4-2.jpg
INFO: [ app_init ] --START--
INFO: Run Behavior\BuildLiteBehavior [ RunTime:0.000020s ]
INFO: [ app_init ] --END-- [ RunTime:0.000119s ]
ERR: æ— æ³•åŠ è½½æ¨¡å—:Images

[ 2021-12-08T15:56:15+08:00 ] ::1 /wnetwork/images/fo-icon-box-shape2.png
INFO: [ app_init ] --START--
INFO: Run Behavior\BuildLiteBehavior [ RunTime:0.000016s ]
INFO: [ app_init ] --END-- [ RunTime:0.000106s ]
ERR: æ— æ³•åŠ è½½æ¨¡å—:Images

[ 2021-12-08T15:56:15+08:00 ] ::1 /wnetwork/template/Main-Download-Printer-html5-Template/1.1/js/bootstrap/bootstrap.min.css.map
INFO: [ app_init ] --START--
INFO: Run Behavior\BuildLiteBehavior [ RunTime:0.000026s ]
INFO: [ app_init ] --END-- [ RunTime:0.000142s ]
ERR: æ— æ³•åŠ è½½æ¨¡å—:Template

[ 2021-12-08T15:56:15+08:00 ] ::1 /wnetwork/template/Main-Download-Printer-html5-Template/1.1/js/style-customizer/css/style-customizer.css.map
INFO: [ app_init ] --START--
INFO: Run Behavior\BuildLiteBehavior [ RunTime:0.000024s ]
INFO: [ app_init ] --END-- [ RunTime:0.000115s ]
ERR: æ— æ³•åŠ è½½æ¨¡å—:Template

[ 2021-12-08T15:57:45+08:00 ] ::1 /wnetwork/images/logo/f-logo.png
INFO: [ app_init ] --START--
INFO: Run Behavior\BuildLiteBehavior [ RunTime:0.000015s ]
INFO: [ app_init ] --END-- [ RunTime:0.000172s ]
ERR: æ— æ³•åŠ è½½æ¨¡å—:Images

ges

[ 2021-12-08T15:57:45+08:00 ] ::1 /wnetwork/images/ce4-1.jpg
INFO: [ app_init ] --START--
INFO: Run Behavior\BuildLiteBehavior [ RunTime:0.000025s ]
INFO: [ app_init ] --END-- [ RunTime:0.000128s ]
ERR: æ— æ³•åŠ è½½æ¨¡å—:Images

[ 2021-12-08T15:57:45+08:00 ] ::1 /wnetwork/images/ce4-2.jpg
INFO: [ app_init ] --START--
INFO: Run Behavior\BuildLiteBehavior [ RunTime:0.000022s ]
INFO: [ app_init ] --END-- [ RunTime:0.000300s ]
ERR: æ— æ³•åŠ è½½æ¨¡å—:Images

[ 2021-12-08T15:57:45+08:00 ] ::1 /wnetwork/images/fo-icon-box-shape2.png
INFO: [ app_init ] --START--
INFO: Run Behavior\BuildLiteBehavior [ RunTime:0.000020s ]
INFO: [ app_init ] --END-- [ RunTime:0.000210s ]
ERR: æ— æ³•åŠ è½½æ¨¡å—:Images

[ 2021-12-08T15:57:45+08:00 ] ::1 /wnetwork/template/Main-Download-Printer-html5-Template/1.1/js/bootstrap/bootstrap.min.css.map
INFO: [ app_init ] --START--
INFO: Run Behavior\BuildLiteBehavior [ RunTime:0.000038s ]
INFO: [ app_init ] --END-- [ RunTime:0.000218s ]
ERR: æ— æ³•åŠ è½½æ¨¡å—:Template

[ 2021-12-08T15:57:45+08:00 ] ::1 /wnetwork/template/Main-Download-Printer-html5-Template/1.1/js/style-customizer/css/style-customizer.css.map
INFO: [ app_init ] --START--
INFO: Run Behavior\BuildLiteBehavior [ RunTime:0.000011s ]
INFO: [ app_init ] --END-- [ RunTime:0.000067s ]
ERR: æ— æ³•åŠ è½½æ¨¡å—:Template

[ 2021-12-08T15:58:38+08:00 ] ::1 /wnetwork/images/ce4-1.jpg
INFO: [ app_init ] --START--
INFO: Run Behavior\BuildLiteBehavior [ RunTime:0.000021s ]
INFO: [ app_init ] --END-- [ RunTime:0.000127s ]
ERR: æ— æ³•åŠ è½½æ¨¡å—:Images

[ 2021-12-08T15:58:38+08:00 ] ::1 /wnetwork/images/fo-icon-box-shape1.png
INFO: [ app_init ] --START--
INFO: Run Behavior\BuildLiteBehavior [ RunTime:0.000026s ]
INFO: [ app_init ] --END-- [ RunTime:0.000177s ]
ERR: æ— æ³•åŠ è½½æ¨¡å—:Images

[ 2021-12-08T15:58:38+08:00 ] ::1 /wnetwork/images/logo/f-logo.png
INFO: [ app_init ] --START--
INFO: Run Behavior\BuildLiteBehavior [ RunTime:0.000024s ]
INFO: [ app_init ] --END-- [ RunTime:0.000142s ]
ERR: æ— æ³•åŠ è½½æ¨¡å—:Images

[ 2021-12-08T15:58:38+08:00 ] ::1 /wnetwork/images/ce4-2.jpg
INFO: [ app_init ] --START--
INFO: Run Behavior\BuildLiteBehavior [ RunTime:0.000024s ]
INFO: [ app_init ] --END-- [ RunTime:0.000180s ]
ERR: æ— æ³•åŠ è½½æ¨¡å—:Images

[ 2021-12-08T15:58:38+08:00 ] ::1 /wnetwork/images/fo-icon-box-shape2.png
INFO: [ app_init ] --START--
INFO: Run Behavior\BuildLiteBehavior [ RunTime:0.000033s ]
INFO: [ app_init ] --END-- [ RunTime:0.000285s ]
ERR: æ— æ³•åŠ è½½æ¨¡å—:Images

[ 2021-12-08T15:58:38+08:00 ] ::1 /wnetwork/template/Main-Download-Printer-html5-Template/1.1/js/bootstrap/bootstrap.min.css.map
INFO: [ app_init ] --START--
INFO: Run Behavior\BuildLiteBehavior [ RunTime:0.000013s ]
INFO: [ app_init ] --END-- [ RunTime:0.000071s ]
ERR: æ— æ³•åŠ è½½æ¨¡å—:Template

[ 2021-12-08T15:58:39+08:00 ] ::1 /wnetwork/template/Main-Download-Printer-html5-Template/1.1/js/style-customizer/css/style-customizer.css.map
INFO: [ app_init ] --START--
INFO: Run Behavior\BuildLiteBehavior [ RunTime:0.000011s ]
INFO: [ app_init ] --END-- [ RunTime:0.000069s ]
ERR: æ— æ³•åŠ è½½æ¨¡å—:Template

[ 2021-12-08T15:58:59+08:00 ] ::1 /wnetwork/images/ce4-1.jpg
INFO: [ app_init ] --START--
INFO: Run Behavior\BuildLiteBehavior [ RunTime:0.000020s ]
INFO: [ app_init ] --END-- [ RunTime:0.000155s ]
ERR: æ— æ³•åŠ è½½æ¨¡å—:Images

[ 2021-12-08T15:58:59+08:00 ] ::1 /wnetwork/images/logo/f-logo.png
INFO: [ app_init ] --START--
INFO: Run Behavior\BuildLiteBehavior [ RunTime:0.000020s ]
INFO: [ app_init ] --END-- [ RunTime:0.000180s ]
ERR: æ— æ³•åŠ è½½æ¨¡å—:Images

[ 2021-12-08T15:58:59+08:00 ] ::1 /wnetwork/images/fo-icon-box-shape1.png
INFO: [ app_init ] --START--
INFO: Run Behavior\BuildLiteBehavior [ RunTime:0.000026s ]
INFO: [ app_init ] --END-- [ RunTime:0.000170s ]
ERR: æ— æ³•åŠ è½½æ¨¡å—:Images

[ 2021-12-08T15:58:59+08:00 ] ::1 /wnetwork/images/ce4-2.jpg
INFO: [ app_init ] --START--
INFO: Run Behavior\BuildLiteBehavior [ RunTime:0.000018s ]
INFO: [ app_init ] --END-- [ RunTime:0.000098s ]
ERR: æ— æ³•åŠ è½½æ¨¡å—:Images

[ 2021-12-08T15:58:59+08:00 ] ::1 /wnetwork/images/fo-icon-box-shape2.png
INFO: [ app_init ] --START--
INFO: Run Behavior\BuildLiteBehavior [ RunTime:0.000027s ]
INFO: [ app_init ] --END-- [ RunTime:0.000149s ]
ERR: æ— æ³•åŠ è½½æ¨¡å—:Images

[ 2021-12-08T15:58:59+08:00 ] ::1 /wnetwork/template/Main-Download-Printer-html5-Template/1.1/js/bootstrap/bootstrap.min.css.map
INFO: [ app_init ] --START--
INFO: Run Behavior\BuildLiteBehavior [ RunTime:0.000032s ]
INFO: [ app_init ] --END-- [ RunTime:0.000196s ]
ERR: æ— æ³•åŠ è½½æ¨¡å—:Template

[ 2021-12-08T15:58:59+08:00 ] ::1 /wnetwork/template/Main-Download-Printer-html5-Template/1.1/js/style-customizer/css/style-customizer.css.map
INFO: [ app_init ] --START--
INFO: Run Behavior\BuildLiteBehavior [ RunTime:0.000020s ]
INFO: [ app_init ] --END-- [ RunTime:0.000108s ]
ERR: æ— æ³•åŠ è½½æ¨¡å—:Template

[ 2021-12-08T16:03:14+08:00 ] ::1 /wnetwork/images/logo/f-logo.png
INFO: [ app_init ] --START--
INFO: Run Behavior\BuildLiteBehavior [ RunTime:0.000024s ]
INFO: [ app_init ] --END-- [ RunTime:0.000162s ]
ERR: æ— æ³•åŠ è½½æ¨¡å—:Images

[ 2021-12-08T16:03:14+08:00 ] ::1 /wnetwork/images/ce4-1.jpg
INFO: [ app_init ] --START--
INFO: Run Behavior\BuildLiteBehavior [ RunTime:0.000018s ]
INFO: [ app_init ] --END-- [ RunTime:0.000119s ]
ERR: æ— æ³•åŠ è½½æ¨¡å—:Images

[ 2021-12-08T16:03:14+08:00 ] ::1 /wnetwork/images/ce4-2.jpg
INFO: [ app_init ] --START--
INFO: Run Behavior\BuildLiteBehavior [ RunTime:0.000023s ]
INFO: [ app_init ] --END-- [ RunTime:0.000141s ]
ERR: æ— æ³•åŠ è½½æ¨¡å—:Images

[ 2021-12-08T16:03:14+08:00 ] ::1 /wnetwork/images/fo-icon-box-shape1.png
INFO: [ app_init ] --START--
INFO: Run Behavior\BuildLiteBehavior [ RunTime:0.000072s ]
INFO: [ app_init ] --END-- [ RunTime:0.000252s ]
ERR: æ— æ³•åŠ è½½æ¨¡å—:Images

[ 2021-12-08T16:03:14+08:00 ] ::1 /wnetwork/images/fo-icon-box-shape2.png
INFO: [ app_init ] --START--
INFO: Run Behavior\BuildLiteBehavior [ RunTime:0.000023s ]
INFO: [ app_init ] --END-- [ RunTime:0.000196s ]
ERR: æ— æ³•åŠ è½½æ¨¡å—:Images

[ 2021-12-08T16:03:14+08:00 ] ::1 /wnetwork/template/Main-Download-Printer-html5-Template/1.1/js/bootstrap/bootstrap.min.css.map
INFO: [ app_init ] --START--
INFO: Run Behavior\BuildLiteBehavior [ RunTime:0.000023s ]
INFO: [ app_init ] --END-- [ RunTime:0.000172s ]
ERR: æ— æ³•åŠ è½½æ¨¡å—:Template

[ 2021-12-08T16:03:14+08:00 ] ::1 /wnetwork/template/Main-Download-Printer-html5-Template/1.1/js/style-customizer/css/style-customizer.css.map
INFO: [ app_init ] --START--
INFO: Run Behavior\BuildLiteBehavior [ RunTime:0.000015s ]
INFO: [ app_init ] --END-- [ RunTime:0.000112s ]
ERR: æ— æ³•åŠ è½½æ¨¡å—:Template

[ 2021-12-08T16:08:08+08:00 ] ::1 /wnetwork/pic/web1.png
INFO: [ app_init ] --START--
INFO: Run Behavior\BuildLiteBehavior [ RunTime:0.000026s ]
INFO: [ app_init ] --END-- [ RunTime:0.000150s ]
ERR: æ— æ³•åŠ è½½æ¨¡å—:Pic

[ 2021-12-08T16:08:08+08:00 ] ::1 /wnetwork/images/fo-icon-box-shape2.png
INFO: [ app_init ] --START--
INFO: Run Behavior\BuildLiteBehavior [ RunTime:0.000024s ]
INFO: [ app_init ] --END-- [ RunTime:0.000180s ]
ERR: æ— æ³•åŠ è½½æ¨¡å—:Images

[ 2021-12-08T16:08:08+08:00 ] ::1 /wnetwork/images/ce4-2.jpg
INFO: [ app_init ] --START--
INFO: Run Behavior\BuildLiteBehavior [ RunTime:0.000038s ]
INFO: [ app_init ] --END-- [ RunTime:0.000186s ]
ERR: æ— æ³•åŠ è½½æ¨¡å—:Images

es

[ 2021-12-08T16:08:08+08:00 ] ::1 /wnetwork/images/fo-icon-box-shape1.png
INFO: [ app_init ] --START--
INFO: Run Behavior\BuildLiteBehavior [ RunTime:0.000019s ]
INFO: [ app_init ] --END-- [ RunTime:0.000154s ]
ERR: æ— æ³•åŠ è½½æ¨¡å—:Images

[ 2021-12-08T16:08:08+08:00 ] ::1 /wnetwork/images/ce4-1.jpg
INFO: [ app_init ] --START--
INFO: Run Behavior\BuildLiteBehavior [ RunTime:0.000020s ]
INFO: [ app_init ] --END-- [ RunTime:0.000141s ]
ERR: æ— æ³•åŠ è½½æ¨¡å—:Images

[ 2021-12-08T16:08:08+08:00 ] ::1 /wnetwork/template/Main-Download-Printer-html5-Template/1.1/js/bootstrap/bootstrap.min.css.map
INFO: [ app_init ] --START--
INFO: Run Behavior\BuildLiteBehavior [ RunTime:0.000035s ]
INFO: [ app_init ] --END-- [ RunTime:0.000229s ]
ERR: æ— æ³•åŠ è½½æ¨¡å—:Template

[ 2021-12-08T16:08:08+08:00 ] ::1 /wnetwork/template/Main-Download-Printer-html5-Template/1.1/js/style-customizer/css/style-customizer.css.map
INFO: [ app_init ] --START--
INFO: Run Behavior\BuildLiteBehavior [ RunTime:0.000011s ]
INFO: [ app_init ] --END-- [ RunTime:0.000105s ]
ERR: æ— æ³•åŠ è½½æ¨¡å—:Template

[ 2021-12-08T16:08:09+08:00 ] ::1 /wnetwork/pic/web1.png
INFO: [ app_init ] --START--
INFO: Run Behavior\BuildLiteBehavior [ RunTime:0.000029s ]
INFO: [ app_init ] --END-- [ RunTime:0.000176s ]
ERR: æ— æ³•åŠ è½½æ¨¡å—:Pic

[ 2021-12-08T16:08:14+08:00 ] ::1 /wnetwork/pic/web1.png
INFO: [ app_init ] --START--
INFO: Run Behavior\BuildLiteBehavior [ RunTime:0.000014s ]
INFO: [ app_init ] --END-- [ RunTime:0.000159s ]
ERR: æ— æ³•åŠ è½½æ¨¡å—:Pic

[ 2021-12-08T16:08:16+08:00 ] ::1 /wnetwork/pic/web1.png
INFO: [ app_init ] --START--
INFO: Run Behavior\BuildLiteBehavior [ RunTime:0.000010s ]
INFO: [ app_init ] --END-- [ RunTime:0.000066s ]
ERR: æ— æ³•åŠ è½½æ¨¡å—:Pic

[ 2021-12-08T16:08:29+08:00 ] ::1 /wnetwork/images/ce4-2.jpg
INFO: [ app_init ] --START--
INFO: Run Behavior\BuildLiteBehavior [ RunTime:0.000011s ]
INFO: [ app_init ] --END-- [ RunTime:0.000069s ]
ERR: æ— æ³•åŠ è½½æ¨¡å—:Images

[ 2021-12-08T16:08:29+08:00 ] ::1 /wnetwork/images/fo-icon-box-shape1.png
INFO: [ app_init ] --START--
INFO: Run Behavior\BuildLiteBehavior [ RunTime:0.000018s ]
INFO: [ app_init ] --END-- [ RunTime:0.000149s ]
ERR: æ— æ³•åŠ è½½æ¨¡å—:Images

[ 2021-12-08T16:08:29+08:00 ] ::1 /wnetwork/images/logo/f-logo.png
INFO: [ app_init ] --START--
INFO: Run Behavior\BuildLiteBehavior [ RunTime:0.000025s ]
INFO: [ app_init ] --END-- [ RunTime:0.000102s ]
ERR: æ— æ³•åŠ è½½æ¨¡å—:Images

[ 2021-12-08T16:08:29+08:00 ] ::1 /wnetwork/images/fo-icon-box-shape2.png
INFO: [ app_init ] --START--
INFO: Run Behavior\BuildLiteBehavior [ RunTime:0.000024s ]
INFO: [ app_init ] --END-- [ RunTime:0.000126s ]
ERR: æ— æ³•åŠ è½½æ¨¡å—:Images

[ 2021-12-08T16:08:52+08:00 ] ::1 /wnetwork/images/fo-icon-box-shape1.png
INFO: [ app_init ] --START--
INFO: Run Behavior\BuildLiteBehavior [ RunTime:0.000017s ]
INFO: [ app_init ] --END-- [ RunTime:0.000111s ]
ERR: æ— æ³•åŠ è½½æ¨¡å—:Images

[ 2021-12-08T16:08:52+08:00 ] ::1 /wnetwork/images/logo/f-logo.png
INFO: [ app_init ] --START--
INFO: Run Behavior\BuildLiteBehavior [ RunTime:0.000018s ]
INFO: [ app_init ] --END-- [ RunTime:0.000107s ]
ERR: æ— æ³•åŠ è½½æ¨¡å—:Images

[ 2021-12-08T16:08:52+08:00 ] ::1 /wnetwork/images/ce4-2.jpg
INFO: [ app_init ] --START--
INFO: Run Behavior\BuildLiteBehavior [ RunTime:0.000020s ]
INFO: [ app_init ] --END-- [ RunTime:0.000165s ]
ERR: æ— æ³•åŠ è½½æ¨¡å—:Images

[ 2021-12-08T16:08:52+08:00 ] ::1 /wnetwork/images/fo-icon-box-shape2.png
INFO: [ app_init ] --START--
INFO: Run Behavior\BuildLiteBehavior [ RunTime:0.000020s ]
INFO: [ app_init ] --END-- [ RunTime:0.000103s ]
ERR: æ— æ³•åŠ è½½æ¨¡å—:Images

[ 2021-12-08T16:09:05+08:00 ] ::1 /wnetwork/template/Main-Download-Printer-html5-Template/1.1/js/bootstrap/bootstrap.min.css.map
INFO: [ app_init ] --START--
INFO: Run Behavior\BuildLiteBehavior [ RunTime:0.000020s ]
INFO: [ app_init ] --END-- [ RunTime:0.000158s ]
ERR: æ— æ³•åŠ è½½æ¨¡å—:Template

[ 2021-12-08T16:09:05+08:00 ] ::1 /wnetwork/template/Main-Download-Printer-html5-Template/1.1/js/style-customizer/css/style-customizer.css.map
INFO: [ app_init ] --START--
INFO: Run Behavior\BuildLiteBehavior [ RunTime:0.000019s ]
INFO: [ app_init ] --END-- [ RunTime:0.000116s ]
ERR: æ— æ³•åŠ è½½æ¨¡å—:Template

[ 2021-12-08T16:09:28+08:00 ] ::1 /wnetwork/template/Main-Download-Printer-html5-Template/1.1/js/bootstrap/bootstrap.min.css.map
INFO: [ app_init ] --START--
INFO: Run Behavior\BuildLiteBehavior [ RunTime:0.000019s ]
INFO: [ app_init ] --END-- [ RunTime:0.000175s ]
ERR: æ— æ³•åŠ è½½æ¨¡å—:Template

[ 2021-12-08T16:09:28+08:00 ] ::1 /wnetwork/template/Main-Download-Printer-html5-Template/1.1/js/style-customizer/css/style-customizer.css.map
INFO: [ app_init ] --START--
INFO: Run Behavior\BuildLiteBehavior [ RunTime:0.000018s ]
INFO: [ app_init ] --END-- [ RunTime:0.000102s ]
ERR: æ— æ³•åŠ è½½æ¨¡å—:Template

[ 2021-12-08T16:11:52+08:00 ] ::1 /wnetwork/images/logo/f-logo.png
INFO: [ app_init ] --START--
INFO: Run Behavior\BuildLiteBehavior [ RunTime:0.000018s ]
INFO: [ app_init ] --END-- [ RunTime:0.000113s ]
ERR: æ— æ³•åŠ è½½æ¨¡å—:Images

[ 2021-12-08T16:11:52+08:00 ] ::1 /wnetwork/images/ce4-1.jpg
INFO: [ app_init ] --START--
INFO: Run Behavior\BuildLiteBehavior [ RunTime:0.000017s ]
INFO: [ app_init ] --END-- [ RunTime:0.000106s ]
ERR: æ— æ³•åŠ è½½æ¨¡å—:Images

—:Images

[ 2021-12-08T16:11:52+08:00 ] ::1 /wnetwork/images/fo-icon-box-shape1.png
INFO: [ app_init ] --START--
INFO: Run Behavior\BuildLiteBehavior [ RunTime:0.000051s ]
INFO: [ app_init ] --END-- [ RunTime:0.000218s ]
ERR: æ— æ³•åŠ è½½æ¨¡å—:Images

[ 2021-12-08T16:12:46+08:00 ] ::1 /wnetwork/pic/22.png
INFO: [ app_init ] --START--
INFO: Run Behavior\BuildLiteBehavior [ RunTime:0.000014s ]
INFO: [ app_init ] --END-- [ RunTime:0.000116s ]
ERR: æ— æ³•åŠ è½½æ¨¡å—:Pic

[ 2021-12-08T16:12:46+08:00 ] ::1 /wnetwork/images/ce4-1.jpg
INFO: [ app_init ] --START--
INFO: Run Behavior\BuildLiteBehavior [ RunTime:0.000024s ]
INFO: [ app_init ] --END-- [ RunTime:0.000121s ]
ERR: æ— æ³•åŠ è½½æ¨¡å—:Images

[ 2021-12-08T16:12:46+08:00 ] ::1 /wnetwork/images/ce4-2.jpg
INFO: [ app_init ] --START--
INFO: Run Behavior\BuildLiteBehavior [ RunTime:0.000017s ]
INFO: [ app_init ] --END-- [ RunTime:0.000119s ]
ERR: æ— æ³•åŠ è½½æ¨¡å—:Images

[ 2021-12-08T16:12:46+08:00 ] ::1 /wnetwork/images/fo-icon-box-shape1.png
INFO: [ app_init ] --START--
INFO: Run Behavior\BuildLiteBehavior [ RunTime:0.000030s ]
INFO: [ app_init ] --END-- [ RunTime:0.000318s ]
ERR: æ— æ³•åŠ è½½æ¨¡å—:Images

[ 2021-12-08T16:12:46+08:00 ] ::1 /wnetwork/images/logo/f-logo.png
INFO: [ app_init ] --START--
INFO: Run Behavior\BuildLiteBehavior [ RunTime:0.000043s ]
INFO: [ app_init ] --END-- [ RunTime:0.000143s ]
ERR: æ— æ³•åŠ è½½æ¨¡å—:Images

[ 2021-12-08T16:12:46+08:00 ] ::1 /wnetwork/images/fo-icon-box-shape2.png
INFO: [ app_init ] --START--
INFO: Run Behavior\BuildLiteBehavior [ RunTime:0.000041s ]
INFO: [ app_init ] --END-- [ RunTime:0.000134s ]
ERR: æ— æ³•åŠ è½½æ¨¡å—:Images

[ 2021-12-08T16:12:47+08:00 ] ::1 /wnetwork/pic/22.png
INFO: [ app_init ] --START--
INFO: Run Behavior\BuildLiteBehavior [ RunTime:0.000011s ]
INFO: [ app_init ] --END-- [ RunTime:0.000094s ]
ERR: æ— æ³•åŠ è½½æ¨¡å—:Pic

[ 2021-12-08T16:12:59+08:00 ] ::1 /wnetwork/pic/22.png
INFO: [ app_init ] --START--
INFO: Run Behavior\BuildLiteBehavior [ RunTime:0.000011s ]
INFO: [ app_init ] --END-- [ RunTime:0.000169s ]
ERR: æ— æ³•åŠ è½½æ¨¡å—:Pic

[ 2021-12-08T16:13:01+08:00 ] ::1 /wnetwork/pic/22.png
INFO: [ app_init ] --START--
INFO: Run Behavior\BuildLiteBehavior [ RunTime:0.000016s ]
INFO: [ app_init ] --END-- [ RunTime:0.000108s ]
ERR: æ— æ³•åŠ è½½æ¨¡å—:Pic

[ 2021-12-08T16:13:01+08:00 ] ::1 /wnetwork/images/logo/f-logo.png
INFO: [ app_init ] --START--
INFO: Run Behavior\BuildLiteBehavior [ RunTime:0.000090s ]
INFO: [ app_init ] --END-- [ RunTime:0.000201s ]
ERR: æ— æ³•åŠ è½½æ¨¡å—:Images

[ 2021-12-08T16:13:01+08:00 ] ::1 /wnetwork/images/ce4-1.jpg
INFO: [ app_init ] --START--
INFO: Run Behavior\BuildLiteBehavior [ RunTime:0.000017s ]
INFO: [ app_init ] --END-- [ RunTime:0.000116s ]
ERR: æ— æ³•åŠ è½½æ¨¡å—:Images

[ 2021-12-08T16:13:01+08:00 ] ::1 /wnetwork/images/ce4-2.jpg
INFO: [ app_init ] --START--
INFO: Run Behavior\BuildLiteBehavior [ RunTime:0.000025s ]
INFO: [ app_init ] --END-- [ RunTime:0.000136s ]
ERR: æ— æ³•åŠ è½½æ¨¡å—:Images

[ 2021-12-08T16:13:01+08:00 ] ::1 /wnetwork/images/fo-icon-box-shape1.png
INFO: [ app_init ] --START--
INFO: Run Behavior\BuildLiteBehavior [ RunTime:0.000019s ]
INFO: [ app_init ] --END-- [ RunTime:0.000135s ]
ERR: æ— æ³•åŠ è½½æ¨¡å—:Images

[ 2021-12-08T16:13:01+08:00 ] ::1 /wnetwork/images/fo-icon-box-shape2.png
INFO: [ app_init ] --START--
INFO: Run Behavior\BuildLiteBehavior [ RunTime:0.000020s ]
INFO: [ app_init ] --END-- [ RunTime:0.000152s ]
ERR: æ— æ³•åŠ è½½æ¨¡å—:Images

[ 2021-12-08T16:13:02+08:00 ] ::1 /wnetwork/pic/22.png
INFO: [ app_init ] --START--
INFO: Run Behavior\BuildLiteBehavior [ RunTime:0.000018s ]
INFO: [ app_init ] --END-- [ RunTime:0.000132s ]
ERR: æ— æ³•åŠ è½½æ¨¡å—:Pic

[ 2021-12-08T16:13:05+08:00 ] ::1 /wnetwork/pic/22.png
INFO: [ app_init ] --START--
INFO: Run Behavior\BuildLiteBehavior [ RunTime:0.000014s ]
INFO: [ app_init ] --END-- [ RunTime:0.000149s ]
ERR: æ— æ³•åŠ è½½æ¨¡å—:Pic

[ 2021-12-08T16:13:06+08:00 ] ::1 /wnetwork/pic/22.png
INFO: [ app_init ] --START--
INFO: Run Behavior\BuildLiteBehavior [ RunTime:0.000014s ]
INFO: [ app_init ] --END-- [ RunTime:0.000108s ]
ERR: æ— æ³•åŠ è½½æ¨¡å—:Pic

[ 2021-12-08T16:13:07+08:00 ] ::1 /wnetwork/pic/22.png
INFO: [ app_init ] --START--
INFO: Run Behavior\BuildLiteBehavior [ RunTime:0.000021s ]
INFO: [ app_init ] --END-- [ RunTime:0.000166s ]
ERR: æ— æ³•åŠ è½½æ¨¡å—:Pic

[ 2021-12-08T16:13:31+08:00 ] ::1 /wnetwork/images/ce4-1.jpg
INFO: [ app_init ] --START--
INFO: Run Behavior\BuildLiteBehavior [ RunTime:0.000016s ]
INFO: [ app_init ] --END-- [ RunTime:0.000119s ]
ERR: æ— æ³•åŠ è½½æ¨¡å—:Images

es

[ 2021-12-08T16:13:31+08:00 ] ::1 /wnetwork/images/fo-icon-box-shape1.png
INFO: [ app_init ] --START--
INFO: Run Behavior\BuildLiteBehavior [ RunTime:0.000024s ]
INFO: [ app_init ] --END-- [ RunTime:0.000163s ]
ERR: æ— æ³•åŠ è½½æ¨¡å—:Images

[ 2021-12-08T16:13:31+08:00 ] ::1 /wnetwork/images/ce4-2.jpg
INFO: [ app_init ] --START--
INFO: Run Behavior\BuildLiteBehavior [ RunTime:0.000025s ]
INFO: [ app_init ] --END-- [ RunTime:0.000129s ]
ERR: æ— æ³•åŠ è½½æ¨¡å—:Images

[ 2021-12-08T16:13:31+08:00 ] ::1 /wnetwork/images/fo-icon-box-shape2.png
INFO: [ app_init ] --START--
INFO: Run Behavior\BuildLiteBehavior [ RunTime:0.000023s ]
INFO: [ app_init ] --END-- [ RunTime:0.000181s ]
ERR: æ— æ³•åŠ è½½æ¨¡å—:Images

[ 2021-12-08T16:13:49+08:00 ] ::1 /wnetwork/images/logo/f-logo.png
INFO: [ app_init ] --START--
INFO: Run Behavior\BuildLiteBehavior [ RunTime:0.000028s ]
INFO: [ app_init ] --END-- [ RunTime:0.000178s ]
ERR: æ— æ³•åŠ è½½æ¨¡å—:Images

[ 2021-12-08T16:13:49+08:00 ] ::1 /wnetwork/images/ce4-1.jpg
INFO: [ app_init ] --START--
INFO: Run Behavior\BuildLiteBehavior [ RunTime:0.000028s ]
INFO: [ app_init ] --END-- [ RunTime:0.000181s ]
ERR: æ— æ³•åŠ è½½æ¨¡å—:Images

[ 2021-12-08T16:13:49+08:00 ] ::1 /wnetwork/images/ce4-2.jpg
INFO: [ app_init ] --START--
INFO: Run Behavior\BuildLiteBehavior [ RunTime:0.000029s ]
INFO: [ app_init ] --END-- [ RunTime:0.000199s ]
ERR: æ— æ³•åŠ è½½æ¨¡å—:Images

[ 2021-12-08T16:13:49+08:00 ] ::1 /wnetwork/images/fo-icon-box-shape1.png
INFO: [ app_init ] --START--
INFO: Run Behavior\BuildLiteBehavior [ RunTime:0.000022s ]
INFO: [ app_init ] --END-- [ RunTime:0.000145s ]
ERR: æ— æ³•åŠ è½½æ¨¡å—:Images

[ 2021-12-08T16:13:49+08:00 ] ::1 /wnetwork/images/fo-icon-box-shape2.png
INFO: [ app_init ] --START--
INFO: Run Behavior\BuildLiteBehavior [ RunTime:0.000021s ]
INFO: [ app_init ] --END-- [ RunTime:0.000410s ]
ERR: æ— æ³•åŠ è½½æ¨¡å—:Images

[ 2021-12-08T16:14:49+08:00 ] ::1 /wnetwork/images/ce4-1.jpg
INFO: [ app_init ] --START--
INFO: Run Behavior\BuildLiteBehavior [ RunTime:0.000028s ]
INFO: [ app_init ] --END-- [ RunTime:0.000147s ]
ERR: æ— æ³•åŠ è½½æ¨¡å—:Images

[ 2021-12-08T16:14:49+08:00 ] ::1 /wnetwork/images/logo/f-logo.png
INFO: [ app_init ] --START--
INFO: Run Behavior\BuildLiteBehavior [ RunTime:0.000030s ]
INFO: [ app_init ] --END-- [ RunTime:0.000158s ]
ERR: æ— æ³•åŠ è½½æ¨¡å—:Images

[ 2021-12-08T16:14:49+08:00 ] ::1 /wnetwork/images/ce4-2.jpg
INFO: [ app_init ] --START--
INFO: Run Behavior\BuildLiteBehavior [ RunTime:0.000021s ]
INFO: [ app_init ] --END-- [ RunTime:0.000165s ]
ERR: æ— æ³•åŠ è½½æ¨¡å—:Images

[ 2021-12-08T16:14:49+08:00 ] ::1 /wnetwork/images/fo-icon-box-shape1.png
INFO: [ app_init ] --START--
INFO: Run Behavior\BuildLiteBehavior [ RunTime:0.000021s ]
INFO: [ app_init ] --END-- [ RunTime:0.000178s ]
ERR: æ— æ³•åŠ è½½æ¨¡å—:Images

[ 2021-12-08T16:14:49+08:00 ] ::1 /wnetwork/images/fo-icon-box-shape2.png
INFO: [ app_init ] --START--
INFO: Run Behavior\BuildLiteBehavior [ RunTime:0.000014s ]
INFO: [ app_init ] --END-- [ RunTime:0.000105s ]
ERR: æ— æ³•åŠ è½½æ¨¡å—:Images

[ 2021-12-08T16:15:29+08:00 ] ::1 /wnetwork/images/logo/f-logo.png
INFO: [ app_init ] --START--
INFO: Run Behavior\BuildLiteBehavior [ RunTime:0.000026s ]
INFO: [ app_init ] --END-- [ RunTime:0.000217s ]
ERR: æ— æ³•åŠ è½½æ¨¡å—:Images

[ 2021-12-08T16:15:29+08:00 ] ::1 /wnetwork/images/fo-icon-box-shape1.png
INFO: [ app_init ] --START--
INFO: Run Behavior\BuildLiteBehavior [ RunTime:0.000035s ]
INFO: [ app_init ] --END-- [ RunTime:0.000222s ]
ERR: æ— æ³•åŠ è½½æ¨¡å—:Images

[ 2021-12-08T16:15:29+08:00 ] ::1 /wnetwork/images/ce4-2.jpg
INFO: [ app_init ] --START--
INFO: Run Behavior\BuildLiteBehavior [ RunTime:0.000021s ]
INFO: [ app_init ] --END-- [ RunTime:0.000227s ]
ERR: æ— æ³•åŠ è½½æ¨¡å—:Images

[ 2021-12-08T16:15:29+08:00 ] ::1 /wnetwork/images/ce4-1.jpg
INFO: [ app_init ] --START--
INFO: Run Behavior\BuildLiteBehavior [ RunTime:0.000021s ]
INFO: [ app_init ] --END-- [ RunTime:0.000153s ]
ERR: æ— æ³•åŠ è½½æ¨¡å—:Images

[ 2021-12-08T16:15:29+08:00 ] ::1 /wnetwork/images/fo-icon-box-shape2.png
INFO: [ app_init ] --START--
INFO: Run Behavior\BuildLiteBehavior [ RunTime:0.000026s ]
INFO: [ app_init ] --END-- [ RunTime:0.000288s ]
ERR: æ— æ³•åŠ è½½æ¨¡å—:Images

[ 2021-12-08T16:15:42+08:00 ] ::1 /wnetwork/images/ce4-2.jpg
INFO: [ app_init ] --START--
INFO: Run Behavior\BuildLiteBehavior [ RunTime:0.000024s ]
INFO: [ app_init ] --END-- [ RunTime:0.000125s ]
ERR: æ— æ³•åŠ è½½æ¨¡å—:Images

es

[ 2021-12-08T16:15:42+08:00 ] ::1 /wnetwork/images/fo-icon-box-shape1.png
INFO: [ app_init ] --START--
INFO: Run Behavior\BuildLiteBehavior [ RunTime:0.000020s ]
INFO: [ app_init ] --END-- [ RunTime:0.000130s ]
ERR: æ— æ³•åŠ è½½æ¨¡å—:Images

[ 2021-12-08T16:15:42+08:00 ] ::1 /wnetwork/images/fo-icon-box-shape2.png
INFO: [ app_init ] --START--
INFO: Run Behavior\BuildLiteBehavior [ RunTime:0.000024s ]
INFO: [ app_init ] --END-- [ RunTime:0.000164s ]
ERR: æ— æ³•åŠ è½½æ¨¡å—:Images

[ 2021-12-08T16:17:29+08:00 ] ::1 /wnetwork/images/logo/f-logo.png
INFO: [ app_init ] --START--
INFO: Run Behavior\BuildLiteBehavior [ RunTime:0.000020s ]
INFO: [ app_init ] --END-- [ RunTime:0.000136s ]
ERR: æ— æ³•åŠ è½½æ¨¡å—:Images

[ 2021-12-08T16:17:29+08:00 ] ::1 /wnetwork/images/ce4-2.jpg
INFO: [ app_init ] --START--
INFO: Run Behavior\BuildLiteBehavior [ RunTime:0.000021s ]
INFO: [ app_init ] --END-- [ RunTime:0.000130s ]
ERR: æ— æ³•åŠ è½½æ¨¡å—:Images

[ 2021-12-08T16:17:29+08:00 ] ::1 /wnetwork/images/ce4-1.jpg
INFO: [ app_init ] --START--
INFO: Run Behavior\BuildLiteBehavior [ RunTime:0.000027s ]
INFO: [ app_init ] --END-- [ RunTime:0.000148s ]
ERR: æ— æ³•åŠ è½½æ¨¡å—:Images

[ 2021-12-08T16:17:29+08:00 ] ::1 /wnetwork/images/fo-icon-box-shape1.png
INFO: [ app_init ] --START--
INFO: Run Behavior\BuildLiteBehavior [ RunTime:0.000018s ]
INFO: [ app_init ] --END-- [ RunTime:0.000125s ]
ERR: æ— æ³•åŠ è½½æ¨¡å—:Images

[ 2021-12-08T16:17:29+08:00 ] ::1 /wnetwork/images/fo-icon-box-shape2.png
INFO: [ app_init ] --START--
INFO: Run Behavior\BuildLiteBehavior [ RunTime:0.000021s ]
INFO: [ app_init ] --END-- [ RunTime:0.000172s ]
ERR: æ— æ³•åŠ è½½æ¨¡å—:Images

[ 2021-12-08T16:18:46+08:00 ] ::1 /wnetwork/images/logo/f-logo.png
INFO: [ app_init ] --START--
INFO: Run Behavior\BuildLiteBehavior [ RunTime:0.000026s ]
INFO: [ app_init ] --END-- [ RunTime:0.000127s ]
ERR: æ— æ³•åŠ è½½æ¨¡å—:Images

[ 2021-12-08T16:18:46+08:00 ] ::1 /wnetwork/images/fo-icon-box-shape1.png
INFO: [ app_init ] --START--
INFO: Run Behavior\BuildLiteBehavior [ RunTime:0.000017s ]
INFO: [ app_init ] --END-- [ RunTime:0.000173s ]
ERR: æ— æ³•åŠ è½½æ¨¡å—:Images

[ 2021-12-08T16:18:46+08:00 ] ::1 /wnetwork/images/ce4-1.jpg
INFO: [ app_init ] --START--
INFO: Run Behavior\BuildLiteBehavior [ RunTime:0.000029s ]
INFO: [ app_init ] --END-- [ RunTime:0.000130s ]
ERR: æ— æ³•åŠ è½½æ¨¡å—:Images

[ 2021-12-08T16:18:46+08:00 ] ::1 /wnetwork/images/fo-icon-box-shape2.png
INFO: [ app_init ] --START--
INFO: Run Behavior\BuildLiteBehavior [ RunTime:0.000010s ]
INFO: [ app_init ] --END-- [ RunTime:0.000066s ]
ERR: æ— æ³•åŠ è½½æ¨¡å—:Images

[ 2021-12-08T16:18:55+08:00 ] ::1 /wnetwork/images/ce4-1.jpg
INFO: [ app_init ] --START--
INFO: Run Behavior\BuildLiteBehavior [ RunTime:0.000019s ]
INFO: [ app_init ] --END-- [ RunTime:0.000121s ]
ERR: æ— æ³•åŠ è½½æ¨¡å—:Images

[ 2021-12-08T16:18:55+08:00 ] ::1 /wnetwork/images/logo/f-logo.png
INFO: [ app_init ] --START--
INFO: Run Behavior\BuildLiteBehavior [ RunTime:0.000029s ]
INFO: [ app_init ] --END-- [ RunTime:0.000189s ]
ERR: æ— æ³•åŠ è½½æ¨¡å—:Images

[ 2021-12-08T16:18:55+08:00 ] ::1 /wnetwork/images/fo-icon-box-shape1.png
INFO: [ app_init ] --START--
INFO: Run Behavior\BuildLiteBehavior [ RunTime:0.000019s ]
INFO: [ app_init ] --END-- [ RunTime:0.000116s ]
ERR: æ— æ³•åŠ è½½æ¨¡å—:Images

[ 2021-12-08T16:18:55+08:00 ] ::1 /wnetwork/images/ce4-2.jpg
INFO: [ app_init ] --START--
INFO: Run Behavior\BuildLiteBehavior [ RunTime:0.000027s ]
INFO: [ app_init ] --END-- [ RunTime:0.000187s ]
ERR: æ— æ³•åŠ è½½æ¨¡å—:Images

[ 2021-12-08T16:18:55+08:00 ] ::1 /wnetwork/images/fo-icon-box-shape2.png
INFO: [ app_init ] --START--
INFO: Run Behavior\BuildLiteBehavior [ RunTime:0.000020s ]
INFO: [ app_init ] --END-- [ RunTime:0.000127s ]
ERR: æ— æ³•åŠ è½½æ¨¡å—:Images

[ 2021-12-08T16:19:34+08:00 ] ::1 /wnetwork/images/logo/f-logo.png
INFO: [ app_init ] --START--
INFO: Run Behavior\BuildLiteBehavior [ RunTime:0.000014s ]
INFO: [ app_init ] --END-- [ RunTime:0.000109s ]
ERR: æ— æ³•åŠ è½½æ¨¡å—:Images

[ 2021-12-08T16:19:34+08:00 ] ::1 /wnetwork/images/ce4-1.jpg
INFO: [ app_init ] --START--
INFO: Run Behavior\BuildLiteBehavior [ RunTime:0.000020s ]
INFO: [ app_init ] --END-- [ RunTime:0.000142s ]
ERR: æ— æ³•åŠ è½½æ¨¡å—:Images

—:Images

[ 2021-12-08T16:19:34+08:00 ] ::1 /wnetwork/images/ce4-2.jpg
INFO: [ app_init ] --START--
INFO: Run Behavior\BuildLiteBehavior [ RunTime:0.000015s ]
INFO: [ app_init ] --END-- [ RunTime:0.000104s ]
ERR: æ— æ³•åŠ è½½æ¨¡å—:Images

[ 2021-12-08T16:19:34+08:00 ] ::1 /wnetwork/images/fo-icon-box-shape2.png
INFO: [ app_init ] --START--
INFO: Run Behavior\BuildLiteBehavior [ RunTime:0.000041s ]
INFO: [ app_init ] --END-- [ RunTime:0.000244s ]
ERR: æ— æ³•åŠ è½½æ¨¡å—:Images

[ 2021-12-08T16:21:15+08:00 ] ::1 /wnetwork/images/ce4-2.jpg
INFO: [ app_init ] --START--
INFO: Run Behavior\BuildLiteBehavior [ RunTime:0.000020s ]
INFO: [ app_init ] --END-- [ RunTime:0.000121s ]
ERR: æ— æ³•åŠ è½½æ¨¡å—:Images

[ 2021-12-08T16:21:15+08:00 ] ::1 /wnetwork/images/logo/f-logo.png
INFO: [ app_init ] --START--
INFO: Run Behavior\BuildLiteBehavior [ RunTime:0.000020s ]
INFO: [ app_init ] --END-- [ RunTime:0.000151s ]
ERR: æ— æ³•åŠ è½½æ¨¡å—:Images

[ 2021-12-08T16:21:15+08:00 ] ::1 /wnetwork/images/fo-icon-box-shape1.png
INFO: [ app_init ] --START--
INFO: Run Behavior\BuildLiteBehavior [ RunTime:0.000051s ]
INFO: [ app_init ] --END-- [ RunTime:0.000161s ]
ERR: æ— æ³•åŠ è½½æ¨¡å—:Images

[ 2021-12-08T16:21:15+08:00 ] ::1 /wnetwork/images/fo-icon-box-shape2.png
INFO: [ app_init ] --START--
INFO: Run Behavior\BuildLiteBehavior [ RunTime:0.000018s ]
INFO: [ app_init ] --END-- [ RunTime:0.000124s ]
ERR: æ— æ³•åŠ è½½æ¨¡å—:Images

[ 2021-12-08T16:23:32+08:00 ] ::1 /wnetwork/images/logo/f-logo.png
INFO: [ app_init ] --START--
INFO: Run Behavior\BuildLiteBehavior [ RunTime:0.000015s ]
INFO: [ app_init ] --END-- [ RunTime:0.000773s ]
ERR: æ— æ³•åŠ è½½æ¨¡å—:Images

[ 2021-12-08T16:23:32+08:00 ] ::1 /wnetwork/images/ce4-1.jpg
INFO: [ app_init ] --START--
INFO: Run Behavior\BuildLiteBehavior [ RunTime:0.000018s ]
INFO: [ app_init ] --END-- [ RunTime:0.000111s ]
ERR: æ— æ³•åŠ è½½æ¨¡å—:Images

[ 2021-12-08T16:23:32+08:00 ] ::1 /wnetwork/images/ce4-2.jpg
INFO: [ app_init ] --START--
INFO: Run Behavior\BuildLiteBehavior [ RunTime:0.000016s ]
INFO: [ app_init ] --END-- [ RunTime:0.000112s ]
ERR: æ— æ³•åŠ è½½æ¨¡å—:Images

[ 2021-12-08T16:23:32+08:00 ] ::1 /wnetwork/images/fo-icon-box-shape1.png
INFO: [ app_init ] --START--
INFO: Run Behavior\BuildLiteBehavior [ RunTime:0.000630s ]
INFO: [ app_init ] --END-- [ RunTime:0.000895s ]
ERR: æ— æ³•åŠ è½½æ¨¡å—:Images

[ 2021-12-08T16:23:32+08:00 ] ::1 /wnetwork/images/fo-icon-box-shape2.png
INFO: [ app_init ] --START--
INFO: Run Behavior\BuildLiteBehavior [ RunTime:0.000017s ]
INFO: [ app_init ] --END-- [ RunTime:0.000126s ]
ERR: æ— æ³•åŠ è½½æ¨¡å—:Images

[ 2021-12-08T16:24:13+08:00 ] ::1 /wnetwork/images/logo/f-logo.png
INFO: [ app_init ] --START--
INFO: Run Behavior\BuildLiteBehavior [ RunTime:0.000017s ]
INFO: [ app_init ] --END-- [ RunTime:0.000113s ]
ERR: æ— æ³•åŠ è½½æ¨¡å—:Images

[ 2021-12-08T16:24:13+08:00 ] ::1 /wnetwork/images/ce4-2.jpg
INFO: [ app_init ] --START--
INFO: Run Behavior\BuildLiteBehavior [ RunTime:0.000034s ]
INFO: [ app_init ] --END-- [ RunTime:0.000283s ]
ERR: æ— æ³•åŠ è½½æ¨¡å—:Images

[ 2021-12-08T16:24:13+08:00 ] ::1 /wnetwork/images/fo-icon-box-shape1.png
INFO: [ app_init ] --START--
INFO: Run Behavior\BuildLiteBehavior [ RunTime:0.000018s ]
INFO: [ app_init ] --END-- [ RunTime:0.000130s ]
ERR: æ— æ³•åŠ è½½æ¨¡å—:Images

[ 2021-12-08T16:24:13+08:00 ] ::1 /wnetwork/images/ce4-1.jpg
INFO: [ app_init ] --START--
INFO: Run Behavior\BuildLiteBehavior [ RunTime:0.000018s ]
INFO: [ app_init ] --END-- [ RunTime:0.000111s ]
ERR: æ— æ³•åŠ è½½æ¨¡å—:Images

[ 2021-12-08T16:24:13+08:00 ] ::1 /wnetwork/images/fo-icon-box-shape2.png
INFO: [ app_init ] --START--
INFO: Run Behavior\BuildLiteBehavior [ RunTime:0.000019s ]
INFO: [ app_init ] --END-- [ RunTime:0.000122s ]
ERR: æ— æ³•åŠ è½½æ¨¡å—:Images

[ 2021-12-08T16:24:37+08:00 ] ::1 /wnetwork/images/fo-icon-box-shape1.png
INFO: [ app_init ] --START--
INFO: Run Behavior\BuildLiteBehavior [ RunTime:0.000010s ]
INFO: [ app_init ] --END-- [ RunTime:0.000068s ]
ERR: æ— æ³•åŠ è½½æ¨¡å—:Images

[ 2021-12-08T16:24:37+08:00 ] ::1 /wnetwork/images/logo/f-logo.png
INFO: [ app_init ] --START--
INFO: Run Behavior\BuildLiteBehavior [ RunTime:0.000025s ]
INFO: [ app_init ] --END-- [ RunTime:0.000129s ]
ERR: æ— æ³•åŠ è½½æ¨¡å—:Images

[ 2021-12-08T16:24:37+08:00 ] ::1 /wnetwork/images/fo-icon-box-shape2.png
INFO: [ app_init ] --START--
INFO: Run Behavior\BuildLiteBehavior [ RunTime:0.000025s ]
INFO: [ app_init ] --END-- [ RunTime:0.000143s ]
ERR: æ— æ³•åŠ è½½æ¨¡å—:Images

[ 2021-12-08T16:25:14+08:00 ] ::1 /wnetwork/images/logo/f-logo.png
INFO: [ app_init ] --START--
INFO: Run Behavior\BuildLiteBehavior [ RunTime:0.000019s ]
INFO: [ app_init ] --END-- [ RunTime:0.000138s ]
ERR: æ— æ³•åŠ è½½æ¨¡å—:Images

ges

[ 2021-12-08T16:25:35+08:00 ] ::1 /wnetwork/images/logo/f-logo.png
INFO: [ app_init ] --START--
INFO: Run Behavior\BuildLiteBehavior [ RunTime:0.000016s ]
INFO: [ app_init ] --END-- [ RunTime:0.000145s ]
ERR: æ— æ³•åŠ è½½æ¨¡å—:Images

[ 2021-12-08T16:25:35+08:00 ] ::1 /wnetwork/images/fo-icon-box-shape1.png
INFO: [ app_init ] --START--
INFO: Run Behavior\BuildLiteBehavior [ RunTime:0.000010s ]
INFO: [ app_init ] --END-- [ RunTime:0.000087s ]
ERR: æ— æ³•åŠ è½½æ¨¡å—:Images

[ 2021-12-08T16:25:35+08:00 ] ::1 /wnetwork/images/fo-icon-box-shape2.png
INFO: [ app_init ] --START--
INFO: Run Behavior\BuildLiteBehavior [ RunTime:0.000022s ]
INFO: [ app_init ] --END-- [ RunTime:0.000103s ]
ERR: æ— æ³•åŠ è½½æ¨¡å—:Images

[ 2021-12-08T16:25:57+08:00 ] ::1 /wnetwork/template/Main-Download-Printer-html5-Template/1.1/js/bootstrap/bootstrap.min.css.map
INFO: [ app_init ] --START--
INFO: Run Behavior\BuildLiteBehavior [ RunTime:0.000012s ]
INFO: [ app_init ] --END-- [ RunTime:0.000174s ]
ERR: æ— æ³•åŠ è½½æ¨¡å—:Template

[ 2021-12-08T16:25:57+08:00 ] ::1 /wnetwork/template/Main-Download-Printer-html5-Template/1.1/js/style-customizer/css/style-customizer.css.map
INFO: [ app_init ] --START--
INFO: Run Behavior\BuildLiteBehavior [ RunTime:0.000024s ]
INFO: [ app_init ] --END-- [ RunTime:0.000274s ]
ERR: æ— æ³•åŠ è½½æ¨¡å—:Template

[ 2021-12-08T16:29:06+08:00 ] ::1 /wnetwork/images/fo-icon-box-shape1.png
INFO: [ app_init ] --START--
INFO: Run Behavior\BuildLiteBehavior [ RunTime:0.000021s ]
INFO: [ app_init ] --END-- [ RunTime:0.000125s ]
ERR: æ— æ³•åŠ è½½æ¨¡å—:Images

[ 2021-12-08T16:29:07+08:00 ] ::1 /wnetwork/images/fo-icon-box-shape2.png
INFO: [ app_init ] --START--
INFO: Run Behavior\BuildLiteBehavior [ RunTime:0.000018s ]
INFO: [ app_init ] --END-- [ RunTime:0.000122s ]
ERR: æ— æ³•åŠ è½½æ¨¡å—:Images

[ 2021-12-08T16:29:07+08:00 ] ::1 /wnetwork/template/Main-Download-Printer-html5-Template/1.1/js/bootstrap/bootstrap.min.css.map
INFO: [ app_init ] --START--
INFO: Run Behavior\BuildLiteBehavior [ RunTime:0.000020s ]
INFO: [ app_init ] --END-- [ RunTime:0.000110s ]
ERR: æ— æ³•åŠ è½½æ¨¡å—:Template

[ 2021-12-08T16:29:07+08:00 ] ::1 /wnetwork/template/Main-Download-Printer-html5-Template/1.1/js/style-customizer/css/style-customizer.css.map
INFO: [ app_init ] --START--
INFO: Run Behavior\BuildLiteBehavior [ RunTime:0.000019s ]
INFO: [ app_init ] --END-- [ RunTime:0.000122s ]
ERR: æ— æ³•åŠ è½½æ¨¡å—:Template

[ 2021-12-08T16:29:44+08:00 ] ::1 /wnetwork/images/fo-icon-box-shape1.png
INFO: [ app_init ] --START--
INFO: Run Behavior\BuildLiteBehavior [ RunTime:0.000025s ]
INFO: [ app_init ] --END-- [ RunTime:0.000153s ]
ERR: æ— æ³•åŠ è½½æ¨¡å—:Images

[ 2021-12-08T16:29:44+08:00 ] ::1 /wnetwork/images/fo-icon-box-shape2.png
INFO: [ app_init ] --START--
INFO: Run Behavior\BuildLiteBehavior [ RunTime:0.000026s ]
INFO: [ app_init ] --END-- [ RunTime:0.000114s ]
ERR: æ— æ³•åŠ è½½æ¨¡å—:Images

[ 2021-12-08T16:29:44+08:00 ] ::1 /wnetwork/template/Main-Download-Printer-html5-Template/1.1/js/bootstrap/bootstrap.min.css.map
INFO: [ app_init ] --START--
INFO: Run Behavior\BuildLiteBehavior [ RunTime:0.000032s ]
INFO: [ app_init ] --END-- [ RunTime:0.000137s ]
ERR: æ— æ³•åŠ è½½æ¨¡å—:Template

[ 2021-12-08T16:29:44+08:00 ] ::1 /wnetwork/template/Main-Download-Printer-html5-Template/1.1/js/style-customizer/css/style-customizer.css.map
INFO: [ app_init ] --START--
INFO: Run Behavior\BuildLiteBehavior [ RunTime:0.000010s ]
INFO: [ app_init ] --END-- [ RunTime:0.000068s ]
ERR: æ— æ³•åŠ è½½æ¨¡å—:Template

[ 2021-12-08T16:30:44+08:00 ] ::1 /wnetwork/images/fo-icon-box-shape1.png
INFO: [ app_init ] --START--
INFO: Run Behavior\BuildLiteBehavior [ RunTime:0.000022s ]
INFO: [ app_init ] --END-- [ RunTime:0.000175s ]
ERR: æ— æ³•åŠ è½½æ¨¡å—:Images

[ 2021-12-08T16:30:44+08:00 ] ::1 /wnetwork/images/fo-icon-box-shape2.png
INFO: [ app_init ] --START--
INFO: Run Behavior\BuildLiteBehavior [ RunTime:0.000020s ]
INFO: [ app_init ] --END-- [ RunTime:0.000139s ]
ERR: æ— æ³•åŠ è½½æ¨¡å—:Images

[ 2021-12-08T16:31:41+08:00 ] ::1 /wnetwork/images/fo-icon-box-shape1.png
INFO: [ app_init ] --START--
INFO: Run Behavior\BuildLiteBehavior [ RunTime:0.000018s ]
INFO: [ app_init ] --END-- [ RunTime:0.000116s ]
ERR: æ— æ³•åŠ è½½æ¨¡å—:Images

[ 2021-12-08T16:31:41+08:00 ] ::1 /wnetwork/images/fo-icon-box-shape2.png
INFO: [ app_init ] --START--
INFO: Run Behavior\BuildLiteBehavior [ RunTime:0.000020s ]
INFO: [ app_init ] --END-- [ RunTime:0.000144s ]
ERR: æ— æ³•åŠ è½½æ¨¡å—:Images

[ 2021-12-08T16:32:02+08:00 ] ::1 /wnetwork/images/fo-icon-box-shape1.png
INFO: [ app_init ] --START--
INFO: Run Behavior\BuildLiteBehavior [ RunTime:0.000013s ]
INFO: [ app_init ] --END-- [ RunTime:0.000105s ]
ERR: æ— æ³•åŠ è½½æ¨¡å—:Images

[ 2021-12-08T16:32:21+08:00 ] ::1 /wnetwork/template/Main-Download-Printer-html5-Template/1.1/js/bootstrap/bootstrap.min.css.map
INFO: [ app_init ] --START--
INFO: Run Behavior\BuildLiteBehavior [ RunTime:0.000022s ]
INFO: [ app_init ] --END-- [ RunTime:0.000219s ]
ERR: æ— æ³•åŠ è½½æ¨¡å—:Template

[ 2021-12-08T16:32:21+08:00 ] ::1 /wnetwork/template/Main-Download-Printer-html5-Template/1.1/js/style-customizer/css/style-customizer.css.map
INFO: [ app_init ] --START--
INFO: Run Behavior\BuildLiteBehavior [ RunTime:0.000019s ]
INFO: [ app_init ] --END-- [ RunTime:0.000124s ]
ERR: æ— æ³•åŠ è½½æ¨¡å—:Template

[ 2021-12-08T16:32:51+08:00 ] ::1 /wnetwork/images/fo-icon-box-shape2.png
INFO: [ app_init ] --START--
INFO: Run Behavior\BuildLiteBehavior [ RunTime:0.000011s ]
INFO: [ app_init ] --END-- [ RunTime:0.000070s ]
ERR: æ— æ³•åŠ è½½æ¨¡å—:Images

[ 2021-12-08T16:32:51+08:00 ] ::1 /wnetwork/images/fo-icon-box-shape1.png
INFO: [ app_init ] --START--
INFO: Run Behavior\BuildLiteBehavior [ RunTime:0.000018s ]
INFO: [ app_init ] --END-- [ RunTime:0.000094s ]
ERR: æ— æ³•åŠ è½½æ¨¡å—:Images

[ 2021-12-08T16:32:51+08:00 ] ::1 /wnetwork/template/Main-Download-Printer-html5-Template/1.1/js/bootstrap/bootstrap.min.css.map
INFO: [ app_init ] --START--
INFO: Run Behavior\BuildLiteBehavior [ RunTime:0.000029s ]
INFO: [ app_init ] --END-- [ RunTime:0.000150s ]
ERR: æ— æ³•åŠ è½½æ¨¡å—:Template

[ 2021-12-08T16:32:51+08:00 ] ::1 /wnetwork/template/Main-Download-Printer-html5-Template/1.1/js/style-customizer/css/style-customizer.css.map
INFO: [ app_init ] --START--
INFO: Run Behavior\BuildLiteBehavior [ RunTime:0.000010s ]
INFO: [ app_init ] --END-- [ RunTime:0.000069s ]
ERR: æ— æ³•åŠ è½½æ¨¡å—:Template

[ 2021-12-08T16:33:03+08:00 ] ::1 /wnetwork/images/fo-icon-box-shape1.png
INFO: [ app_init ] --START--
INFO: Run Behavior\BuildLiteBehavior [ RunTime:0.000011s ]
INFO: [ app_init ] --END-- [ RunTime:0.000070s ]
ERR: æ— æ³•åŠ è½½æ¨¡å—:Images

[ 2021-12-08T16:33:03+08:00 ] ::1 /wnetwork/images/fo-icon-box-shape2.png
INFO: [ app_init ] --START--
INFO: Run Behavior\BuildLiteBehavior [ RunTime:0.000025s ]
INFO: [ app_init ] --END-- [ RunTime:0.000138s ]
ERR: æ— æ³•åŠ è½½æ¨¡å—:Images

[ 2021-12-08T16:33:03+08:00 ] ::1 /wnetwork/template/Main-Download-Printer-html5-Template/1.1/js/bootstrap/bootstrap.min.css.map
INFO: [ app_init ] --START--
INFO: Run Behavior\BuildLiteBehavior [ RunTime:0.000066s ]
INFO: [ app_init ] --END-- [ RunTime:0.000165s ]
ERR: æ— æ³•åŠ è½½æ¨¡å—:Template

[ 2021-12-08T16:33:03+08:00 ] ::1 /wnetwork/template/Main-Download-Printer-html5-Template/1.1/js/style-customizer/css/style-customizer.css.map
INFO: [ app_init ] --START--
INFO: Run Behavior\BuildLiteBehavior [ RunTime:0.000018s ]
INFO: [ app_init ] --END-- [ RunTime:0.000095s ]
ERR: æ— æ³•åŠ è½½æ¨¡å—:Template

[ 2021-12-08T16:33:31+08:00 ] ::1 /wnetwork/images/fo-icon-box-shape2.png
INFO: [ app_init ] --START--
INFO: Run Behavior\BuildLiteBehavior [ RunTime:0.000021s ]
INFO: [ app_init ] --END-- [ RunTime:0.000119s ]
ERR: æ— æ³•åŠ è½½æ¨¡å—:Images

[ 2021-12-08T16:33:31+08:00 ] ::1 /wnetwork/images/fo-icon-box-shape1.png
INFO: [ app_init ] --START--
INFO: Run Behavior\BuildLiteBehavior [ RunTime:0.000024s ]
INFO: [ app_init ] --END-- [ RunTime:0.000120s ]
ERR: æ— æ³•åŠ è½½æ¨¡å—:Images

[ 2021-12-08T16:33:31+08:00 ] ::1 /wnetwork/template/Main-Download-Printer-html5-Template/1.1/js/bootstrap/bootstrap.min.css.map
INFO: [ app_init ] --START--
INFO: Run Behavior\BuildLiteBehavior [ RunTime:0.000029s ]
INFO: [ app_init ] --END-- [ RunTime:0.000145s ]
ERR: æ— æ³•åŠ è½½æ¨¡å—:Template

[ 2021-12-08T16:33:31+08:00 ] ::1 /wnetwork/template/Main-Download-Printer-html5-Template/1.1/js/style-customizer/css/style-customizer.css.map
INFO: [ app_init ] --START--
INFO: Run Behavior\BuildLiteBehavior [ RunTime:0.000017s ]
INFO: [ app_init ] --END-- [ RunTime:0.000087s ]
ERR: æ— æ³•åŠ è½½æ¨¡å—:Template

[ 2021-12-08T16:33:48+08:00 ] ::1 /wnetwork/images/fo-icon-box-shape1.png
INFO: [ app_init ] --START--
INFO: Run Behavior\BuildLiteBehavior [ RunTime:0.000012s ]
INFO: [ app_init ] --END-- [ RunTime:0.000104s ]
ERR: æ— æ³•åŠ è½½æ¨¡å—:Images

[ 2021-12-08T16:33:48+08:00 ] ::1 /wnetwork/images/fo-icon-box-shape2.png
INFO: [ app_init ] --START--
INFO: Run Behavior\BuildLiteBehavior [ RunTime:0.000019s ]
INFO: [ app_init ] --END-- [ RunTime:0.000113s ]
ERR: æ— æ³•åŠ è½½æ¨¡å—:Images

[ 2021-12-08T16:33:48+08:00 ] ::1 /wnetwork/template/Main-Download-Printer-html5-Template/1.1/js/bootstrap/bootstrap.min.css.map
INFO: [ app_init ] --START--
INFO: Run Behavior\BuildLiteBehavior [ RunTime:0.000021s ]
INFO: [ app_init ] --END-- [ RunTime:0.000138s ]
ERR: æ— æ³•åŠ è½½æ¨¡å—:Template

[ 2021-12-08T16:33:48+08:00 ] ::1 /wnetwork/template/Main-Download-Printer-html5-Template/1.1/js/style-customizer/css/style-customizer.css.map
INFO: [ app_init ] --START--
INFO: Run Behavior\BuildLiteBehavior [ RunTime:0.000012s ]
INFO: [ app_init ] --END-- [ RunTime:0.000074s ]
ERR: æ— æ³•åŠ è½½æ¨¡å—:Template

[ 2021-12-08T16:34:00+08:00 ] ::1 /wnetwork/images/fo-icon-box-shape1.png
INFO: [ app_init ] --START--
INFO: Run Behavior\BuildLiteBehavior [ RunTime:0.000020s ]
INFO: [ app_init ] --END-- [ RunTime:0.000151s ]
ERR: æ— æ³•åŠ è½½æ¨¡å—:Images

[ 2021-12-08T16:34:00+08:00 ] ::1 /wnetwork/template/Main-Download-Printer-html5-Template/1.1/js/bootstrap/bootstrap.min.css.map
INFO: [ app_init ] --START--
INFO: Run Behavior\BuildLiteBehavior [ RunTime:0.000019s ]
INFO: [ app_init ] --END-- [ RunTime:0.000142s ]
ERR: æ— æ³•åŠ è½½æ¨¡å—:Template

[ 2021-12-08T16:34:00+08:00 ] ::1 /wnetwork/template/Main-Download-Printer-html5-Template/1.1/js/style-customizer/css/style-customizer.css.map
INFO: [ app_init ] --START--
INFO: Run Behavior\BuildLiteBehavior [ RunTime:0.000011s ]
INFO: [ app_init ] --END-- [ RunTime:0.000071s ]
ERR: æ— æ³•åŠ è½½æ¨¡å—:Template

[ 2021-12-08T16:34:39+08:00 ] ::1 /wnetwork/images/fo-icon-box-shape1.png
INFO: [ app_init ] --START--
INFO: Run Behavior\BuildLiteBehavior [ RunTime:0.000012s ]
INFO: [ app_init ] --END-- [ RunTime:0.000123s ]
ERR: æ— æ³•åŠ è½½æ¨¡å—:Images

[ 2021-12-08T16:34:39+08:00 ] ::1 /wnetwork/template/Main-Download-Printer-html5-Template/1.1/js/bootstrap/bootstrap.min.css.map
INFO: [ app_init ] --START--
INFO: Run Behavior\BuildLiteBehavior [ RunTime:0.000014s ]
INFO: [ app_init ] --END-- [ RunTime:0.000089s ]
ERR: æ— æ³•åŠ è½½æ¨¡å—:Template

[ 2021-12-08T16:34:39+08:00 ] ::1 /wnetwork/template/Main-Download-Printer-html5-Template/1.1/js/style-customizer/css/style-customizer.css.map
INFO: [ app_init ] --START--
INFO: Run Behavior\BuildLiteBehavior [ RunTime:0.000016s ]
INFO: [ app_init ] --END-- [ RunTime:0.000129s ]
ERR: æ— æ³•åŠ è½½æ¨¡å—:Template

[ 2021-12-08T16:36:22+08:00 ] ::1 /wnetwork/images/fo-icon-box-shape1.png
INFO: [ app_init ] --START--
INFO: Run Behavior\BuildLiteBehavior [ RunTime:0.000016s ]
INFO: [ app_init ] --END-- [ RunTime:0.000100s ]
ERR: æ— æ³•åŠ è½½æ¨¡å—:Images

[ 2021-12-08T16:36:22+08:00 ] ::1 /wnetwork/images/fo-icon-box-shape2.png
INFO: [ app_init ] --START--
INFO: Run Behavior\BuildLiteBehavior [ RunTime:0.000020s ]
INFO: [ app_init ] --END-- [ RunTime:0.000100s ]
ERR: æ— æ³•åŠ è½½æ¨¡å—:Images

[ 2021-12-08T16:45:01+08:00 ] ::1 /wnetwork/images/fo-icon-box-shape2.png
INFO: [ app_init ] --START--
INFO: Run Behavior\BuildLiteBehavior [ RunTime:0.000011s ]
INFO: [ app_init ] --END-- [ RunTime:0.000071s ]
ERR: æ— æ³•åŠ è½½æ¨¡å—:Images

[ 2021-12-08T16:45:01+08:00 ] ::1 /wnetwork/images/fo-icon-box-shape1.png
INFO: [ app_init ] --START--
INFO: Run Behavior\BuildLiteBehavior [ RunTime:0.000021s ]
INFO: [ app_init ] --END-- [ RunTime:0.000143s ]
ERR: æ— æ³•åŠ è½½æ¨¡å—:Images

[ 2021-12-08T16:54:43+08:00 ] ::1 /wnetwork/index.html
INFO: [ app_init ] --START--
INFO: Run Behavior\BuildLiteBehavior [ RunTime:0.000029s ]
INFO: [ app_init ] --END-- [ RunTime:0.000211s ]
ERR: æ— æ³•åŠ è½½æ¨¡å—:Index

[ 2021-12-08T16:54:46+08:00 ] ::1 /wnetwork/index.html
INFO: [ app_init ] --START--
INFO: Run Behavior\BuildLiteBehavior [ RunTime:0.000011s ]
INFO: [ app_init ] --END-- [ RunTime:0.000109s ]
ERR: æ— æ³•åŠ è½½æ¨¡å—:Index

[ 2021-12-08T16:58:59+08:00 ] ::1 /wnetwork/images/fo-icon-box-shape1.png
INFO: [ app_init ] --START--
INFO: Run Behavior\BuildLiteBehavior [ RunTime:0.000023s ]
INFO: [ app_init ] --END-- [ RunTime:0.000132s ]
ERR: æ— æ³•åŠ è½½æ¨¡å—:Images

[ 2021-12-08T16:58:59+08:00 ] ::1 /wnetwork/images/fo-icon-box-shape2.png
INFO: [ app_init ] --START--
INFO: Run Behavior\BuildLiteBehavior [ RunTime:0.000023s ]
INFO: [ app_init ] --END-- [ RunTime:0.000139s ]
ERR: æ— æ³•åŠ è½½æ¨¡å—:Images

[ 2021-12-08T16:59:28+08:00 ] ::1 /wnetwork/images/fo-icon-box-shape1.png
INFO: [ app_init ] --START--
INFO: Run Behavior\BuildLiteBehavior [ RunTime:0.000034s ]
INFO: [ app_init ] --END-- [ RunTime:0.000267s ]
ERR: æ— æ³•åŠ è½½æ¨¡å—:Images

[ 2021-12-08T16:59:28+08:00 ] ::1 /wnetwork/images/fo-icon-box-shape2.png
INFO: [ app_init ] --START--
INFO: Run Behavior\BuildLiteBehavior [ RunTime:0.000015s ]
INFO: [ app_init ] --END-- [ RunTime:0.000114s ]
ERR: æ— æ³•åŠ è½½æ¨¡å—:Images

[ 2021-12-08T17:43:35+08:00 ] ::1 /wnetwork/template/Main-Download-Printer-html5-Template/1.1/js/bootstrap/bootstrap.min.css.map
INFO: [ app_init ] --START--
INFO: Run Behavior\BuildLiteBehavior [ RunTime:0.000021s ]
INFO: [ app_init ] --END-- [ RunTime:0.000341s ]
ERR: æ— æ³•åŠ è½½æ¨¡å—:Template

[ 2021-12-08T17:43:35+08:00 ] ::1 /wnetwork/template/Main-Download-Printer-html5-Template/1.1/js/style-customizer/css/style-customizer.css.map
INFO: [ app_init ] --START--
INFO: Run Behavior\BuildLiteBehavior [ RunTime:0.000017s ]
INFO: [ app_init ] --END-- [ RunTime:0.000317s ]
ERR: æ— æ³•åŠ è½½æ¨¡å—:Template

[ 2021-12-08T17:46:32+08:00 ] ::1 /wnetwork/template/Main-Download-Printer-html5-Template/1.1/js/bootstrap/bootstrap.min.css.map
INFO: [ app_init ] --START--
INFO: Run Behavior\BuildLiteBehavior [ RunTime:0.000012s ]
INFO: [ app_init ] --END-- [ RunTime:0.000090s ]
ERR: æ— æ³•åŠ è½½æ¨¡å—:Template

[ 2021-12-08T17:46:32+08:00 ] ::1 /wnetwork/template/Main-Download-Printer-html5-Template/1.1/js/style-customizer/css/style-customizer.css.map
INFO: [ app_init ] --START--
INFO: Run Behavior\BuildLiteBehavior [ RunTime:0.000011s ]
INFO: [ app_init ] --END-- [ RunTime:0.000086s ]
ERR: æ— æ³•åŠ è½½æ¨¡å—:Template

[ 2021-12-08T17:46:41+08:00 ] ::1 /wnetwork/template/Main-Download-Printer-html5-Template/1.1/js/bootstrap/bootstrap.min.css.map
INFO: [ app_init ] --START--
INFO: Run Behavior\BuildLiteBehavior [ RunTime:0.000016s ]
INFO: [ app_init ] --END-- [ RunTime:0.000121s ]
ERR: æ— æ³•åŠ è½½æ¨¡å—:Template

[ 2021-12-08T17:46:41+08:00 ] ::1 /wnetwork/template/Main-Download-Printer-html5-Template/1.1/js/style-customizer/css/style-customizer.css.map
INFO: [ app_init ] --START--
INFO: Run Behavior\BuildLiteBehavior [ RunTime:0.000029s ]
INFO: [ app_init ] --END-- [ RunTime:0.000152s ]
ERR: æ— æ³•åŠ è½½æ¨¡å—:Template

[ 2021-12-08T17:49:18+08:00 ] ::1 /wnetwork/template/Main-Download-Printer-html5-Template/1.1/js/style-customizer/css/style-customizer.css.map
INFO: [ app_init ] --START--
INFO: Run Behavior\BuildLiteBehavior [ RunTime:0.000013s ]
INFO: [ app_init ] --END-- [ RunTime:0.000204s ]
ERR: æ— æ³•åŠ è½½æ¨¡å—:Template

[ 2021-12-08T17:49:18+08:00 ] ::1 /wnetwork/template/Main-Download-Printer-html5-Template/1.1/js/bootstrap/bootstrap.min.css.map
INFO: [ app_init ] --START--
INFO: Run Behavior\BuildLiteBehavior [ RunTime:0.000010s ]
INFO: [ app_init ] --END-- [ RunTime:0.000232s ]
ERR: æ— æ³•åŠ è½½æ¨¡å—:Template

[ 2021-12-08T17:51:48+08:00 ] ::1 /wnetwork/template/Main-Download-Printer-html5-Template/1.1/js/bootstrap/bootstrap.min.css.map
INFO: [ app_init ] --START--
INFO: Run Behavior\BuildLiteBehavior [ RunTime:0.000025s ]
INFO: [ app_init ] --END-- [ RunTime:0.000197s ]
ERR: æ— æ³•åŠ è½½æ¨¡å—:Template

[ 2021-12-08T17:51:48+08:00 ] ::1 /wnetwork/template/Main-Download-Printer-html5-Template/1.1/js/style-customizer/css/style-customizer.css.map
INFO: [ app_init ] --START--
INFO: Run Behavior\BuildLiteBehavior [ RunTime:0.000018s ]
INFO: [ app_init ] --END-- [ RunTime:0.000114s ]
ERR: æ— æ³•åŠ è½½æ¨¡å—:Template

[ 2021-12-08T18:03:28+08:00 ] ::1 /wnetwork/template/Main-Download-Printer-html5-Template/1.1/js/bootstrap/bootstrap.min.css.map
INFO: [ app_init ] --START--
INFO: Run Behavior\BuildLiteBehavior [ RunTime:0.000015s ]
INFO: [ app_init ] --END-- [ RunTime:0.000131s ]
ERR: æ— æ³•åŠ è½½æ¨¡å—:Template

—:Template

[ 2021-12-08T18:18:14+08:00 ] ::1 /wnetwork/template/Main-Download-Printer-html5-Template/1.1/images/3.png
INFO: [ app_init ] --START--
INFO: Run Behavior\BuildLiteBehavior [ RunTime:0.000015s ]
INFO: [ app_init ] --END-- [ RunTime:0.000116s ]
ERR: æ— æ³•åŠ è½½æ¨¡å—:Template

[ 2021-12-08T18:18:18+08:00 ] ::1 /wnetwork/template/Main-Download-Printer-html5-Template/1.1/images/3.png
INFO: [ app_init ] --START--
INFO: Run Behavior\BuildLiteBehavior [ RunTime:0.000020s ]
INFO: [ app_init ] --END-- [ RunTime:0.000115s ]
ERR: æ— æ³•åŠ è½½æ¨¡å—:Template

[ 2021-12-08T18:18:30+08:00 ] ::1 /wnetwork/template/Main-Download-Printer-html5-Template/1.1/images/3.png
INFO: [ app_init ] --START--
INFO: Run Behavior\BuildLiteBehavior [ RunTime:0.000030s ]
INFO: [ app_init ] --END-- [ RunTime:0.000128s ]
ERR: æ— æ³•åŠ è½½æ¨¡å—:Template

[ 2021-12-08T18:18:41+08:00 ] ::1 /wnetwork/template/Main-Download-Printer-html5-Template/1.1/images/3.png
INFO: [ app_init ] --START--
INFO: Run Behavior\BuildLiteBehavior [ RunTime:0.000010s ]
INFO: [ app_init ] --END-- [ RunTime:0.000065s ]
ERR: æ— æ³•åŠ è½½æ¨¡å—:Template

[ 2021-12-08T18:19:06+08:00 ] ::1 /wnetwork/template/Main-Download-Printer-html5-Template/1.1/images/3.png
INFO: [ app_init ] --START--
INFO: Run Behavior\BuildLiteBehavior [ RunTime:0.000011s ]
INFO: [ app_init ] --END-- [ RunTime:0.000160s ]
ERR: æ— æ³•åŠ è½½æ¨¡å—:Template

[ 2021-12-08T18:19:23+08:00 ] ::1 /wnetwork/template/Main-Download-Printer-html5-Template/1.1/js/bootstrap/bootstrap.min.css.map
INFO: [ app_init ] --START--
INFO: Run Behavior\BuildLiteBehavior [ RunTime:0.000012s ]
INFO: [ app_init ] --END-- [ RunTime:0.000128s ]
ERR: æ— æ³•åŠ è½½æ¨¡å—:Template

—:Template

[ 2021-12-08T18:20:34+08:00 ] ::1 /wnetwork/template/Main-Download-Printer-html5-Template/1.1/js/style-customizer/css/style-customizer.css.map
INFO: [ app_init ] --START--
INFO: Run Behavior\BuildLiteBehavior [ RunTime:0.000025s ]
INFO: [ app_init ] --END-- [ RunTime:0.000135s ]
ERR: æ— æ³•åŠ è½½æ¨¡å—:Template

[ 2021-12-08T18:22:05+08:00 ] ::1 /wnetwork/template/Main-Download-Printer-html5-Template/1.1/js/bootstrap/bootstrap.min.css.map
INFO: [ app_init ] --START--
INFO: Run Behavior\BuildLiteBehavior [ RunTime:0.000016s ]
INFO: [ app_init ] --END-- [ RunTime:0.000096s ]
ERR: æ— æ³•åŠ è½½æ¨¡å—:Template

[ 2021-12-08T18:22:05+08:00 ] ::1 /wnetwork/template/Main-Download-Printer-html5-Template/1.1/js/style-customizer/css/style-customizer.css.map
INFO: [ app_init ] --START--
INFO: Run Behavior\BuildLiteBehavior [ RunTime:0.000011s ]
INFO: [ app_init ] --END-- [ RunTime:0.000071s ]
ERR: æ— æ³•åŠ è½½æ¨¡å—:Template

[ 2021-12-08T18:24:15+08:00 ] ::1 /wnetwork/template/Main-Download-Printer-html5-Template/1.1/js/bootstrap/bootstrap.min.css.map
INFO: [ app_init ] --START--
INFO: Run Behavior\BuildLiteBehavior [ RunTime:0.000019s ]
INFO: [ app_init ] --END-- [ RunTime:0.000139s ]
ERR: æ— æ³•åŠ è½½æ¨¡å—:Template

[ 2021-12-08T18:24:15+08:00 ] ::1 /wnetwork/template/Main-Download-Printer-html5-Template/1.1/js/style-customizer/css/style-customizer.css.map
INFO: [ app_init ] --START--
INFO: Run Behavior\BuildLiteBehavior [ RunTime:0.000020s ]
INFO: [ app_init ] --END-- [ RunTime:0.000121s ]
ERR: æ— æ³•åŠ è½½æ¨¡å—:Template

[ 2021-12-08T18:26:24+08:00 ] ::1 /wnetwork/template/Main-Download-Printer-html5-Template/1.1/js/tabs/css/hairsaloon.css
INFO: [ app_init ] --START--
INFO: Run Behavior\BuildLiteBehavior [ RunTime:0.000011s ]
INFO: [ app_init ] --END-- [ RunTime:0.000065s ]
ERR: æ— æ³•åŠ è½½æ¨¡å—:Template

[ 2021-12-08T18:26:24+08:00 ] ::1 /wnetwork/template/Main-Download-Printer-html5-Template/1.1/js/tabs/css/barber.css
INFO: [ app_init ] --START--
INFO: Run Behavior\BuildLiteBehavior [ RunTime:0.000016s ]
INFO: [ app_init ] --END-- [ RunTime:0.000128s ]
ERR: æ— æ³•åŠ è½½æ¨¡å—:Template

[ 2021-12-08T18:26:24+08:00 ] ::1 /wnetwork/template/Main-Download-Printer-html5-Template/1.1/js/tabs/css/band.css
INFO: [ app_init ] --START--
INFO: Run Behavior\BuildLiteBehavior [ RunTime:0.000020s ]
INFO: [ app_init ] --END-- [ RunTime:0.000114s ]
ERR: æ— æ³•åŠ è½½æ¨¡å—:Template

[ 2021-12-08T18:29:03+08:00 ] ::1 /wnetwork/template/Main-Download-Printer-html5-Template/1.1/js/tabs/css/hairsaloon.css
INFO: [ app_init ] --START--
INFO: Run Behavior\BuildLiteBehavior [ RunTime:0.000011s ]
INFO: [ app_init ] --END-- [ RunTime:0.000068s ]
ERR: æ— æ³•åŠ è½½æ¨¡å—:Template

[ 2021-12-08T18:29:03+08:00 ] ::1 /wnetwork/template/Main-Download-Printer-html5-Template/1.1/js/tabs/css/barber.css
INFO: [ app_init ] --START--
INFO: Run Behavior\BuildLiteBehavior [ RunTime:0.000012s ]
INFO: [ app_init ] --END-- [ RunTime:0.000088s ]
ERR: æ— æ³•åŠ è½½æ¨¡å—:Template

[ 2021-12-08T18:29:03+08:00 ] ::1 /wnetwork/template/Main-Download-Printer-html5-Template/1.1/js/tabs/css/band.css
INFO: [ app_init ] --START--
INFO: Run Behavior\BuildLiteBehavior [ RunTime:0.000012s ]
INFO: [ app_init ] --END-- [ RunTime:0.000071s ]
ERR: æ— æ³•åŠ è½½æ¨¡å—:Template

[ 2021-12-08T18:30:18+08:00 ] ::1 /wnetwork/template/Main-Download-Printer-html5-Template/1.1/js/tabs/css/hairsaloon.css
INFO: [ app_init ] --START--
INFO: Run Behavior\BuildLiteBehavior [ RunTime:0.000018s ]
INFO: [ app_init ] --END-- [ RunTime:0.000115s ]
ERR: æ— æ³•åŠ è½½æ¨¡å—:Template

[ 2021-12-08T18:30:18+08:00 ] ::1 /wnetwork/template/Main-Download-Printer-html5-Template/1.1/js/tabs/css/barber.css
INFO: [ app_init ] --START--
INFO: Run Behavior\BuildLiteBehavior [ RunTime:0.000026s ]
INFO: [ app_init ] --END-- [ RunTime:0.000148s ]
ERR: æ— æ³•åŠ è½½æ¨¡å—:Template

[ 2021-12-08T18:30:18+08:00 ] ::1 /wnetwork/template/Main-Download-Printer-html5-Template/1.1/js/tabs/css/band.css
INFO: [ app_init ] --START--
INFO: Run Behavior\BuildLiteBehavior [ RunTime:0.000017s ]
INFO: [ app_init ] --END-- [ RunTime:0.000138s ]
ERR: æ— æ³•åŠ è½½æ¨¡å—:Template

[ 2021-12-08T18:31:16+08:00 ] ::1 /wnetwork/template/Main-Download-Printer-html5-Template/1.1/js/tabs/css/hairsaloon.css
INFO: [ app_init ] --START--
INFO: Run Behavior\BuildLiteBehavior [ RunTime:0.000025s ]
INFO: [ app_init ] --END-- [ RunTime:0.000138s ]
ERR: æ— æ³•åŠ è½½æ¨¡å—:Template

[ 2021-12-08T18:31:16+08:00 ] ::1 /wnetwork/template/Main-Download-Printer-html5-Template/1.1/js/tabs/css/barber.css
INFO: [ app_init ] --START--
INFO: Run Behavior\BuildLiteBehavior [ RunTime:0.000018s ]
INFO: [ app_init ] --END-- [ RunTime:0.000116s ]
ERR: æ— æ³•åŠ è½½æ¨¡å—:Template

[ 2021-12-08T18:31:37+08:00 ] ::1 /wnetwork/template/Main-Download-Printer-html5-Template/1.1/js/tabs/css/barber.css
INFO: [ app_init ] --START--
INFO: Run Behavior\BuildLiteBehavior [ RunTime:0.000015s ]
INFO: [ app_init ] --END-- [ RunTime:0.000104s ]
ERR: æ— æ³•åŠ è½½æ¨¡å—:Template

[ 2021-12-08T18:31:37+08:00 ] ::1 /wnetwork/template/Main-Download-Printer-html5-Template/1.1/js/tabs/css/hairsaloon.css
INFO: [ app_init ] --START--
INFO: Run Behavior\BuildLiteBehavior [ RunTime:0.000028s ]
INFO: [ app_init ] --END-- [ RunTime:0.000190s ]
ERR: æ— æ³•åŠ è½½æ¨¡å—:Template

[ 2021-12-08T18:31:37+08:00 ] ::1 /wnetwork/template/Main-Download-Printer-html5-Template/1.1/js/tabs/css/band.css
INFO: [ app_init ] --START--
INFO: Run Behavior\BuildLiteBehavior [ RunTime:0.000021s ]
INFO: [ app_init ] --END-- [ RunTime:0.000219s ]
ERR: æ— æ³•åŠ è½½æ¨¡å—:Template

[ 2021-12-08T18:36:01+08:00 ] ::1 /wnetwork/template/Main-Download-Printer-html5-Template/1.1/js/tabs/css/hairsaloon.css
INFO: [ app_init ] --START--
INFO: Run Behavior\BuildLiteBehavior [ RunTime:0.000026s ]
INFO: [ app_init ] --END-- [ RunTime:0.000164s ]
ERR: æ— æ³•åŠ è½½æ¨¡å—:Template

[ 2021-12-08T18:36:01+08:00 ] ::1 /wnetwork/template/Main-Download-Printer-html5-Template/1.1/js/tabs/css/barber.css
INFO: [ app_init ] --START--
INFO: Run Behavior\BuildLiteBehavior [ RunTime:0.000017s ]
INFO: [ app_init ] --END-- [ RunTime:0.000131s ]
ERR: æ— æ³•åŠ è½½æ¨¡å—:Template

[ 2021-12-08T18:36:01+08:00 ] ::1 /wnetwork/template/Main-Download-Printer-html5-Template/1.1/js/tabs/css/band.css
INFO: [ app_init ] --START--
INFO: Run Behavior\BuildLiteBehavior [ RunTime:0.000017s ]
INFO: [ app_init ] --END-- [ RunTime:0.000116s ]
ERR: æ— æ³•åŠ è½½æ¨¡å—:Template

[ 2021-12-08T18:36:07+08:00 ] ::1 /wnetwork/template/Main-Download-Printer-html5-Template/1.1/js/tabs/css/hairsaloon.css
INFO: [ app_init ] --START--
INFO: Run Behavior\BuildLiteBehavior [ RunTime:0.000019s ]
INFO: [ app_init ] --END-- [ RunTime:0.000122s ]
ERR: æ— æ³•åŠ è½½æ¨¡å—:Template

[ 2021-12-08T18:36:07+08:00 ] ::1 /wnetwork/template/Main-Download-Printer-html5-Template/1.1/js/tabs/css/band.css
INFO: [ app_init ] --START--
INFO: Run Behavior\BuildLiteBehavior [ RunTime:0.000011s ]
INFO: [ app_init ] --END-- [ RunTime:0.000068s ]
ERR: æ— æ³•åŠ è½½æ¨¡å—:Template


[ 2021-12-08T18:38:39+08:00 ] ::1 /wnetwork/template/Main-Download-Printer-html5-Template/1.1/js/tabs/css/hairsaloon.css
INFO: [ app_init ] --START--
INFO: Run Behavior\BuildLiteBehavior [ RunTime:0.000017s ]
INFO: [ app_init ] --END-- [ RunTime:0.000091s ]
ERR: æ— æ³•åŠ è½½æ¨¡å—:Template

[ 2021-12-08T18:38:39+08:00 ] ::1 /wnetwork/template/Main-Download-Printer-html5-Template/1.1/js/tabs/css/band.css
INFO: [ app_init ] --START--
INFO: Run Behavior\BuildLiteBehavior [ RunTime:0.000010s ]
INFO: [ app_init ] --END-- [ RunTime:0.000070s ]
ERR: æ— æ³•åŠ è½½æ¨¡å—:Template

[ 2021-12-08T18:38:39+08:00 ] ::1 /wnetwork/template/Main-Download-Printer-html5-Template/1.1/js/tabs/css/barber.css
INFO: [ app_init ] --START--
INFO: Run Behavior\BuildLiteBehavior [ RunTime:0.000011s ]
INFO: [ app_init ] --END-- [ RunTime:0.000077s ]
ERR: æ— æ³•åŠ è½½æ¨¡å—:Template

[ 2021-12-08T18:46:40+08:00 ] ::1 /wnetwork/template/Main-Download-Printer-html5-Template/1.1/js/tabs/css/hairsaloon.css
INFO: [ app_init ] --START--
INFO: Run Behavior\BuildLiteBehavior [ RunTime:0.000018s ]
INFO: [ app_init ] --END-- [ RunTime:0.000134s ]
ERR: æ— æ³•åŠ è½½æ¨¡å—:Template

[ 2021-12-08T18:46:40+08:00 ] ::1 /wnetwork/template/Main-Download-Printer-html5-Template/1.1/js/tabs/css/band.css
INFO: [ app_init ] --START--
INFO: Run Behavior\BuildLiteBehavior [ RunTime:0.000030s ]
INFO: [ app_init ] --END-- [ RunTime:0.000286s ]
ERR: æ— æ³•åŠ è½½æ¨¡å—:Template

[ 2021-12-08T18:46:40+08:00 ] ::1 /wnetwork/template/Main-Download-Printer-html5-Template/1.1/js/tabs/css/barber.css
INFO: [ app_init ] --START--
INFO: Run Behavior\BuildLiteBehavior [ RunTime:0.000017s ]
INFO: [ app_init ] --END-- [ RunTime:0.000103s ]
ERR: æ— æ³•åŠ è½½æ¨¡å—:Template

[ 2021-12-08T18:50:00+08:00 ] ::1 /wnetwork/template/Main-Download-Printer-html5-Template/1.1/js/tabs/css/hairsaloon.css
INFO: [ app_init ] --START--
INFO: Run Behavior\BuildLiteBehavior [ RunTime:0.000018s ]
INFO: [ app_init ] --END-- [ RunTime:0.000199s ]
ERR: æ— æ³•åŠ è½½æ¨¡å—:Template

[ 2021-12-08T18:50:00+08:00 ] ::1 /wnetwork/template/Main-Download-Printer-html5-Template/1.1/js/tabs/css/barber.css
INFO: [ app_init ] --START--
INFO: Run Behavior\BuildLiteBehavior [ RunTime:0.000020s ]
INFO: [ app_init ] --END-- [ RunTime:0.000152s ]
ERR: æ— æ³•åŠ è½½æ¨¡å—:Template

[ 2021-12-08T18:54:02+08:00 ] ::1 /wnetwork/template/Main-Download-Printer-html5-Template/1.1/js/tabs/css/hairsaloon.css
INFO: [ app_init ] --START--
INFO: Run Behavior\BuildLiteBehavior [ RunTime:0.000027s ]
INFO: [ app_init ] --END-- [ RunTime:0.000116s ]
ERR: æ— æ³•åŠ è½½æ¨¡å—:Template

[ 2021-12-08T18:54:02+08:00 ] ::1 /wnetwork/template/Main-Download-Printer-html5-Template/1.1/js/tabs/css/band.css
INFO: [ app_init ] --START--
INFO: Run Behavior\BuildLiteBehavior [ RunTime:0.000032s ]
INFO: [ app_init ] --END-- [ RunTime:0.000154s ]
ERR: æ— æ³•åŠ è½½æ¨¡å—:Template

[ 2021-12-08T18:54:02+08:00 ] ::1 /wnetwork/template/Main-Download-Printer-html5-Template/1.1/js/tabs/css/barber.css
INFO: [ app_init ] --START--
INFO: Run Behavior\BuildLiteBehavior [ RunTime:0.000011s ]
INFO: [ app_init ] --END-- [ RunTime:0.000073s ]
ERR: æ— æ³•åŠ è½½æ¨¡å—:Template

