[ 2021-12-07T15:10:14+08:00 ] ::1 /wnetwork/images/fo-icon-box-shape1.png
INFO: [ app_init ] --START--
INFO: Run Behavior\BuildLiteBehavior [ RunTime:0.000020s ]
INFO: [ app_init ] --END-- [ RunTime:0.000108s ]
ERR: æ— æ³•åŠ è½½æ¨¡å—:Images

[ 2021-12-07T15:10:14+08:00 ] ::1 /wnetwork/images/ce4-1.jpg
INFO: [ app_init ] --START--
INFO: Run Behavior\BuildLiteBehavior [ RunTime:0.000012s ]
INFO: [ app_init ] --END-- [ RunTime:0.000082s ]
ERR: æ— æ³•åŠ è½½æ¨¡å—:Images

[ 2021-12-07T15:10:14+08:00 ] ::1 /wnetwork/images/logo/f-logo.png
INFO: [ app_init ] --START--
INFO: Run Behavior\BuildLiteBehavior [ RunTime:0.000037s ]
INFO: [ app_init ] --END-- [ RunTime:0.000177s ]
ERR: æ— æ³•åŠ è½½æ¨¡å—:Images

[ 2021-12-07T15:10:14+08:00 ] ::1 /wnetwork/images/fo-icon-box-shape2.png
INFO: [ app_init ] --START--
INFO: Run Behavior\BuildLiteBehavior [ RunTime:0.000020s ]
INFO: [ app_init ] --END-- [ RunTime:0.000275s ]
ERR: æ— æ³•åŠ è½½æ¨¡å—:Images

[ 2021-12-07T15:13:25+08:00 ] ::1 /wnetwork/template/Main-Download-Printer-html5-Template/1.1/js/style-customizer/css/style-customizer.css.map
INFO: [ app_init ] --START--
INFO: Run Behavior\BuildLiteBehavior [ RunTime:0.000018s ]
INFO: [ app_init ] --END-- [ RunTime:0.000289s ]
ERR: æ— æ³•åŠ è½½æ¨¡å—:Template

[ 2021-12-07T15:13:25+08:00 ] ::1 /wnetwork/template/Main-Download-Printer-html5-Template/1.1/js/bootstrap/bootstrap.min.css.map
INFO: [ app_init ] --START--
INFO: Run Behavior\BuildLiteBehavior [ RunTime:0.000011s ]
INFO: [ app_init ] --END-- [ RunTime:0.000124s ]
ERR: æ— æ³•åŠ è½½æ¨¡å—:Template

[ 2021-12-07T15:14:29+08:00 ] ::1 /wnetwork/template/Main-Download-Printer-html5-Template/1.1/js/style-customizer/css/style-customizer.css.map
INFO: [ app_init ] --START--
INFO: Run Behavior\BuildLiteBehavior [ RunTime:0.000011s ]
INFO: [ app_init ] --END-- [ RunTime:0.000145s ]
ERR: æ— æ³•åŠ è½½æ¨¡å—:Template

[ 2021-12-07T15:14:29+08:00 ] ::1 /wnetwork/template/Main-Download-Printer-html5-Template/1.1/js/bootstrap/bootstrap.min.css.map
INFO: [ app_init ] --START--
INFO: Run Behavior\BuildLiteBehavior [ RunTime:0.000017s ]
INFO: [ app_init ] --END-- [ RunTime:0.000138s ]
ERR: æ— æ³•åŠ è½½æ¨¡å—:Template

[ 2021-12-07T15:15:58+08:00 ] ::1 /wnetwork/images/logo/f-logo.png
INFO: [ app_init ] --START--
INFO: Run Behavior\BuildLiteBehavior [ RunTime:0.000012s ]
INFO: [ app_init ] --END-- [ RunTime:0.000068s ]
ERR: æ— æ³•åŠ è½½æ¨¡å—:Images

[ 2021-12-07T15:15:58+08:00 ] ::1 /wnetwork/images/ce4-1.jpg
INFO: [ app_init ] --START--
INFO: Run Behavior\BuildLiteBehavior [ RunTime:0.000011s ]
INFO: [ app_init ] --END-- [ RunTime:0.000104s ]
ERR: æ— æ³•åŠ è½½æ¨¡å—:Images

[ 2021-12-07T15:15:58+08:00 ] ::1 /wnetwork/images/fo-icon-box-shape1.png
INFO: [ app_init ] --START--
INFO: Run Behavior\BuildLiteBehavior [ RunTime:0.000011s ]
INFO: [ app_init ] --END-- [ RunTime:0.000067s ]
ERR: æ— æ³•åŠ è½½æ¨¡å—:Images

[ 2021-12-07T15:15:58+08:00 ] ::1 /wnetwork/images/ce4-2.jpg
INFO: [ app_init ] --START--
INFO: Run Behavior\BuildLiteBehavior [ RunTime:0.000017s ]
INFO: [ app_init ] --END-- [ RunTime:0.000158s ]
ERR: æ— æ³•åŠ è½½æ¨¡å—:Images

[ 2021-12-07T15:15:58+08:00 ] ::1 /wnetwork/images/fo-icon-box-shape2.png
INFO: [ app_init ] --START--
INFO: Run Behavior\BuildLiteBehavior [ RunTime:0.000024s ]
INFO: [ app_init ] --END-- [ RunTime:0.000130s ]
ERR: æ— æ³•åŠ è½½æ¨¡å—:Images

[ 2021-12-07T16:10:01+08:00 ] ::1 /wnetwork/template/Main-Download-Printer-html5-Template/1.1/js/style-customizer/css/style-customizer.css.map
INFO: [ app_init ] --START--
INFO: Run Behavior\BuildLiteBehavior [ RunTime:0.000018s ]
INFO: [ app_init ] --END-- [ RunTime:0.000156s ]
ERR: æ— æ³•åŠ è½½æ¨¡å—:Template

[ 2021-12-07T17:23:13+08:00 ] ::1 /wnetwork/images/logo/f-logo.png
INFO: [ app_init ] --START--
INFO: Run Behavior\BuildLiteBehavior [ RunTime:0.000019s ]
INFO: [ app_init ] --END-- [ RunTime:0.000127s ]
ERR: æ— æ³•åŠ è½½æ¨¡å—:Images

[ 2021-12-07T17:23:13+08:00 ] ::1 /wnetwork/images/ce4-1.jpg
INFO: [ app_init ] --START--
INFO: Run Behavior\BuildLiteBehavior [ RunTime:0.000017s ]
INFO: [ app_init ] --END-- [ RunTime:0.000106s ]
ERR: æ— æ³•åŠ è½½æ¨¡å—:Images

[ 2021-12-07T17:23:13+08:00 ] ::1 /wnetwork/images/ce4-2.jpg
INFO: [ app_init ] --START--
INFO: Run Behavior\BuildLiteBehavior [ RunTime:0.000023s ]
INFO: [ app_init ] --END-- [ RunTime:0.000161s ]
ERR: æ— æ³•åŠ è½½æ¨¡å—:Images

[ 2021-12-07T17:23:13+08:00 ] ::1 /wnetwork/images/fo-icon-box-shape1.png
INFO: [ app_init ] --START--
INFO: Run Behavior\BuildLiteBehavior [ RunTime:0.000023s ]
INFO: [ app_init ] --END-- [ RunTime:0.000125s ]
ERR: æ— æ³•åŠ è½½æ¨¡å—:Images

[ 2021-12-07T17:23:13+08:00 ] ::1 /wnetwork/images/fo-icon-box-shape2.png
INFO: [ app_init ] --START--
INFO: Run Behavior\BuildLiteBehavior [ RunTime:0.000016s ]
INFO: [ app_init ] --END-- [ RunTime:0.000116s ]
ERR: æ— æ³•åŠ è½½æ¨¡å—:Images

[ 2021-12-07T17:39:23+08:00 ] ::1 /wnetwork/images/ce4-1.jpg
INFO: [ app_init ] --START--
INFO: Run Behavior\BuildLiteBehavior [ RunTime:0.000041s ]
INFO: [ app_init ] --END-- [ RunTime:0.000169s ]
ERR: æ— æ³•åŠ è½½æ¨¡å—:Images

[ 2021-12-07T17:39:23+08:00 ] ::1 /wnetwork/images/ce4-2.jpg
INFO: [ app_init ] --START--
INFO: Run Behavior\BuildLiteBehavior [ RunTime:0.000025s ]
INFO: [ app_init ] --END-- [ RunTime:0.000166s ]
ERR: æ— æ³•åŠ è½½æ¨¡å—:Images

[ 2021-12-07T17:39:23+08:00 ] ::1 /wnetwork/images/logo/f-logo.png
INFO: [ app_init ] --START--
INFO: Run Behavior\BuildLiteBehavior [ RunTime:0.000112s ]
INFO: [ app_init ] --END-- [ RunTime:0.000371s ]
ERR: æ— æ³•åŠ è½½æ¨¡å—:Images

[ 2021-12-07T17:39:23+08:00 ] ::1 /wnetwork/images/fo-icon-box-shape2.png
INFO: [ app_init ] --START--
INFO: Run Behavior\BuildLiteBehavior [ RunTime:0.000018s ]
INFO: [ app_init ] --END-- [ RunTime:0.000117s ]
ERR: æ— æ³•åŠ è½½æ¨¡å—:Images

[ 2021-12-07T17:39:23+08:00 ] ::1 /wnetwork/images/fo-icon-box-shape1.png
INFO: [ app_init ] --START--
INFO: Run Behavior\BuildLiteBehavior [ RunTime:0.000059s ]
INFO: [ app_init ] --END-- [ RunTime:0.000252s ]
ERR: æ— æ³•åŠ è½½æ¨¡å—:Images

[ 2021-12-07T17:39:35+08:00 ] ::1 /wnetwork/template/Main-Download-Printer-html5-Template/1.1/js/style-customizer/css/style-customizer.css.map
INFO: [ app_init ] --START--
INFO: Run Behavior\BuildLiteBehavior [ RunTime:0.000010s ]
INFO: [ app_init ] --END-- [ RunTime:0.000185s ]
ERR: æ— æ³•åŠ è½½æ¨¡å—:Template

[ 2021-12-07T17:40:31+08:00 ] ::1 /wnetwork/template/Main-Download-Printer-html5-Template/1.1/js/bootstrap/bootstrap.min.css.map
INFO: [ app_init ] --START--
INFO: Run Behavior\BuildLiteBehavior [ RunTime:0.000017s ]
INFO: [ app_init ] --END-- [ RunTime:0.000165s ]
ERR: æ— æ³•åŠ è½½æ¨¡å—:Template

[ 2021-12-07T17:40:31+08:00 ] ::1 /wnetwork/template/Main-Download-Printer-html5-Template/1.1/js/style-customizer/css/style-customizer.css.map
INFO: [ app_init ] --START--
INFO: Run Behavior\BuildLiteBehavior [ RunTime:0.000015s ]
INFO: [ app_init ] --END-- [ RunTime:0.000094s ]
ERR: æ— æ³•åŠ è½½æ¨¡å—:Template

[ 2021-12-07T17:42:04+08:00 ] ::1 /wnetwork/images/logo/f-logo.png
INFO: [ app_init ] --START--
INFO: Run Behavior\BuildLiteBehavior [ RunTime:0.000011s ]
INFO: [ app_init ] --END-- [ RunTime:0.000069s ]
ERR: æ— æ³•åŠ è½½æ¨¡å—:Images

[ 2021-12-07T17:42:04+08:00 ] ::1 /wnetwork/images/ce4-2.jpg
INFO: [ app_init ] --START--
INFO: Run Behavior\BuildLiteBehavior [ RunTime:0.000030s ]
INFO: [ app_init ] --END-- [ RunTime:0.000208s ]
ERR: æ— æ³•åŠ è½½æ¨¡å—:Images

[ 2021-12-07T17:42:04+08:00 ] ::1 /wnetwork/images/ce4-1.jpg
INFO: [ app_init ] --START--
INFO: Run Behavior\BuildLiteBehavior [ RunTime:0.000019s ]
INFO: [ app_init ] --END-- [ RunTime:0.000124s ]
ERR: æ— æ³•åŠ è½½æ¨¡å—:Images

[ 2021-12-07T17:42:04+08:00 ] ::1 /wnetwork/images/fo-icon-box-shape2.png
INFO: [ app_init ] --START--
INFO: Run Behavior\BuildLiteBehavior [ RunTime:0.000015s ]
INFO: [ app_init ] --END-- [ RunTime:0.000101s ]
ERR: æ— æ³•åŠ è½½æ¨¡å—:Images

[ 2021-12-07T17:42:04+08:00 ] ::1 /wnetwork/images/fo-icon-box-shape1.png
INFO: [ app_init ] --START--
INFO: Run Behavior\BuildLiteBehavior [ RunTime:0.000017s ]
INFO: [ app_init ] --END-- [ RunTime:0.000128s ]
ERR: æ— æ³•åŠ è½½æ¨¡å—:Images

[ 2021-12-07T17:42:41+08:00 ] ::1 /wnetwork/images/logo/f-logo.png
INFO: [ app_init ] --START--
INFO: Run Behavior\BuildLiteBehavior [ RunTime:0.000010s ]
INFO: [ app_init ] --END-- [ RunTime:0.000069s ]
ERR: æ— æ³•åŠ è½½æ¨¡å—:Images

[ 2021-12-07T17:42:41+08:00 ] ::1 /wnetwork/images/ce4-2.jpg
INFO: [ app_init ] --START--
INFO: Run Behavior\BuildLiteBehavior [ RunTime:0.000009s ]
INFO: [ app_init ] --END-- [ RunTime:0.000061s ]
ERR: æ— æ³•åŠ è½½æ¨¡å—:Images

[ 2021-12-07T17:42:41+08:00 ] ::1 /wnetwork/images/ce4-1.jpg
INFO: [ app_init ] --START--
INFO: Run Behavior\BuildLiteBehavior [ RunTime:0.000020s ]
INFO: [ app_init ] --END-- [ RunTime:0.000122s ]
ERR: æ— æ³•åŠ è½½æ¨¡å—:Images

[ 2021-12-07T17:42:41+08:00 ] ::1 /wnetwork/images/fo-icon-box-shape1.png
INFO: [ app_init ] --START--
INFO: Run Behavior\BuildLiteBehavior [ RunTime:0.000016s ]
INFO: [ app_init ] --END-- [ RunTime:0.000102s ]
ERR: æ— æ³•åŠ è½½æ¨¡å—:Images

[ 2021-12-07T17:42:59+08:00 ] ::1 /wnetwork/images/logo/f-logo.png
INFO: [ app_init ] --START--
INFO: Run Behavior\BuildLiteBehavior [ RunTime:0.000019s ]
INFO: [ app_init ] --END-- [ RunTime:0.000123s ]
ERR: æ— æ³•åŠ è½½æ¨¡å—:Images

[ 2021-12-07T17:42:59+08:00 ] ::1 /wnetwork/images/ce4-2.jpg
INFO: [ app_init ] --START--
INFO: Run Behavior\BuildLiteBehavior [ RunTime:0.000016s ]
INFO: [ app_init ] --END-- [ RunTime:0.000109s ]
ERR: æ— æ³•åŠ è½½æ¨¡å—:Images

[ 2021-12-07T17:42:59+08:00 ] ::1 /wnetwork/images/ce4-1.jpg
INFO: [ app_init ] --START--
INFO: Run Behavior\BuildLiteBehavior [ RunTime:0.000018s ]
INFO: [ app_init ] --END-- [ RunTime:0.000126s ]
ERR: æ— æ³•åŠ è½½æ¨¡å—:Images

[ 2021-12-07T17:42:59+08:00 ] ::1 /wnetwork/images/fo-icon-box-shape1.png
INFO: [ app_init ] --START--
INFO: Run Behavior\BuildLiteBehavior [ RunTime:0.000020s ]
INFO: [ app_init ] --END-- [ RunTime:0.000134s ]
ERR: æ— æ³•åŠ è½½æ¨¡å—:Images

[ 2021-12-07T17:42:59+08:00 ] ::1 /wnetwork/images/fo-icon-box-shape2.png
INFO: [ app_init ] --START--
INFO: Run Behavior\BuildLiteBehavior [ RunTime:0.000030s ]
INFO: [ app_init ] --END-- [ RunTime:0.000209s ]
ERR: æ— æ³•åŠ è½½æ¨¡å—:Images

[ 2021-12-07T17:43:02+08:00 ] ::1 /wnetwork/template/Main-Download-Printer-html5-Template/1.1/js/style-customizer/css/style-customizer.css.map
INFO: [ app_init ] --START--
INFO: Run Behavior\BuildLiteBehavior [ RunTime:0.000018s ]
INFO: [ app_init ] --END-- [ RunTime:0.000174s ]
ERR: æ— æ³•åŠ è½½æ¨¡å—:Template

[ 2021-12-07T17:43:02+08:00 ] ::1 /wnetwork/template/Main-Download-Printer-html5-Template/1.1/js/bootstrap/bootstrap.min.css.map
INFO: [ app_init ] --START--
INFO: Run Behavior\BuildLiteBehavior [ RunTime:0.000013s ]
INFO: [ app_init ] --END-- [ RunTime:0.000145s ]
ERR: æ— æ³•åŠ è½½æ¨¡å—:Template

[ 2021-12-07T17:43:55+08:00 ] ::1 /wnetwork/images/logo/f-logo.png
INFO: [ app_init ] --START--
INFO: Run Behavior\BuildLiteBehavior [ RunTime:0.000017s ]
INFO: [ app_init ] --END-- [ RunTime:0.000111s ]
ERR: æ— æ³•åŠ è½½æ¨¡å—:Images

[ 2021-12-07T17:43:55+08:00 ] ::1 /wnetwork/images/ce4-2.jpg
INFO: [ app_init ] --START--
INFO: Run Behavior\BuildLiteBehavior [ RunTime:0.000025s ]
INFO: [ app_init ] --END-- [ RunTime:0.000136s ]
ERR: æ— æ³•åŠ è½½æ¨¡å—:Images

[ 2021-12-07T17:43:55+08:00 ] ::1 /wnetwork/images/fo-icon-box-shape1.png
INFO: [ app_init ] --START--
INFO: Run Behavior\BuildLiteBehavior [ RunTime:0.000021s ]
INFO: [ app_init ] --END-- [ RunTime:0.000133s ]
ERR: æ— æ³•åŠ è½½æ¨¡å—:Images

[ 2021-12-07T17:43:55+08:00 ] ::1 /wnetwork/images/ce4-1.jpg
INFO: [ app_init ] --START--
INFO: Run Behavior\BuildLiteBehavior [ RunTime:0.000017s ]
INFO: [ app_init ] --END-- [ RunTime:0.000151s ]
ERR: æ— æ³•åŠ è½½æ¨¡å—:Images

—:Images

[ 2021-12-07T17:43:55+08:00 ] ::1 /wnetwork/template/Main-Download-Printer-html5-Template/1.1/js/style-customizer/css/style-customizer.css.map
INFO: [ app_init ] --START--
INFO: Run Behavior\BuildLiteBehavior [ RunTime:0.000016s ]
INFO: [ app_init ] --END-- [ RunTime:0.000124s ]
ERR: æ— æ³•åŠ è½½æ¨¡å—:Template

[ 2021-12-07T17:44:30+08:00 ] ::1 /wnetwork/images/logo/f-logo.png
INFO: [ app_init ] --START--
INFO: Run Behavior\BuildLiteBehavior [ RunTime:0.000024s ]
INFO: [ app_init ] --END-- [ RunTime:0.002098s ]
ERR: æ— æ³•åŠ è½½æ¨¡å—:Images

[ 2021-12-07T17:44:30+08:00 ] ::1 /wnetwork/images/fo-icon-box-shape1.png
INFO: [ app_init ] --START--
INFO: Run Behavior\BuildLiteBehavior [ RunTime:0.000019s ]
INFO: [ app_init ] --END-- [ RunTime:0.000117s ]
ERR: æ— æ³•åŠ è½½æ¨¡å—:Images

[ 2021-12-07T17:44:30+08:00 ] ::1 /wnetwork/images/fo-icon-box-shape2.png
INFO: [ app_init ] --START--
INFO: Run Behavior\BuildLiteBehavior [ RunTime:0.000016s ]
INFO: [ app_init ] --END-- [ RunTime:0.000105s ]
ERR: æ— æ³•åŠ è½½æ¨¡å—:Images

[ 2021-12-07T17:44:30+08:00 ] ::1 /wnetwork/images/ce4-1.jpg
INFO: [ app_init ] --START--
INFO: Run Behavior\BuildLiteBehavior [ RunTime:0.000016s ]
INFO: [ app_init ] --END-- [ RunTime:0.000104s ]
ERR: æ— æ³•åŠ è½½æ¨¡å—:Images

[ 2021-12-07T17:44:30+08:00 ] ::1 /wnetwork/images/ce4-2.jpg
INFO: [ app_init ] --START--
INFO: Run Behavior\BuildLiteBehavior [ RunTime:0.000017s ]
INFO: [ app_init ] --END-- [ RunTime:0.000138s ]
ERR: æ— æ³•åŠ è½½æ¨¡å—:Images

[ 2021-12-07T17:44:30+08:00 ] ::1 /wnetwork/template/Main-Download-Printer-html5-Template/1.1/js/bootstrap/bootstrap.min.css.map
INFO: [ app_init ] --START--
INFO: Run Behavior\BuildLiteBehavior [ RunTime:0.000012s ]
INFO: [ app_init ] --END-- [ RunTime:0.000074s ]
ERR: æ— æ³•åŠ è½½æ¨¡å—:Template

[ 2021-12-07T17:44:30+08:00 ] ::1 /wnetwork/template/Main-Download-Printer-html5-Template/1.1/js/style-customizer/css/style-customizer.css.map
INFO: [ app_init ] --START--
INFO: Run Behavior\BuildLiteBehavior [ RunTime:0.000012s ]
INFO: [ app_init ] --END-- [ RunTime:0.000070s ]
ERR: æ— æ³•åŠ è½½æ¨¡å—:Template

[ 2021-12-07T17:45:03+08:00 ] ::1 /wnetwork/images/logo/f-logo.png
INFO: [ app_init ] --START--
INFO: Run Behavior\BuildLiteBehavior [ RunTime:0.000017s ]
INFO: [ app_init ] --END-- [ RunTime:0.000115s ]
ERR: æ— æ³•åŠ è½½æ¨¡å—:Images

[ 2021-12-07T17:45:03+08:00 ] ::1 /wnetwork/images/ce4-2.jpg
INFO: [ app_init ] --START--
INFO: Run Behavior\BuildLiteBehavior [ RunTime:0.000016s ]
INFO: [ app_init ] --END-- [ RunTime:0.000107s ]
ERR: æ— æ³•åŠ è½½æ¨¡å—:Images

[ 2021-12-07T17:45:03+08:00 ] ::1 /wnetwork/images/fo-icon-box-shape1.png
INFO: [ app_init ] --START--
INFO: Run Behavior\BuildLiteBehavior [ RunTime:0.000030s ]
INFO: [ app_init ] --END-- [ RunTime:0.000176s ]
ERR: æ— æ³•åŠ è½½æ¨¡å—:Images

[ 2021-12-07T17:45:03+08:00 ] ::1 /wnetwork/images/fo-icon-box-shape2.png
INFO: [ app_init ] --START--
INFO: Run Behavior\BuildLiteBehavior [ RunTime:0.000018s ]
INFO: [ app_init ] --END-- [ RunTime:0.000114s ]
ERR: æ— æ³•åŠ è½½æ¨¡å—:Images

[ 2021-12-07T17:45:10+08:00 ] ::1 /wnetwork/template/Main-Download-Printer-html5-Template/1.1/js/bootstrap/bootstrap.min.css.map
INFO: [ app_init ] --START--
INFO: Run Behavior\BuildLiteBehavior [ RunTime:0.000012s ]
INFO: [ app_init ] --END-- [ RunTime:0.000162s ]
ERR: æ— æ³•åŠ è½½æ¨¡å—:Template

—:Template

[ 2021-12-07T17:45:24+08:00 ] ::1 /wnetwork/images/logo/f-logo.png
INFO: [ app_init ] --START--
INFO: Run Behavior\BuildLiteBehavior [ RunTime:0.000017s ]
INFO: [ app_init ] --END-- [ RunTime:0.000111s ]
ERR: æ— æ³•åŠ è½½æ¨¡å—:Images

[ 2021-12-07T17:45:24+08:00 ] ::1 /wnetwork/images/ce4-1.jpg
INFO: [ app_init ] --START--
INFO: Run Behavior\BuildLiteBehavior [ RunTime:0.000015s ]
INFO: [ app_init ] --END-- [ RunTime:0.000088s ]
ERR: æ— æ³•åŠ è½½æ¨¡å—:Images

[ 2021-12-07T17:45:24+08:00 ] ::1 /wnetwork/images/fo-icon-box-shape1.png
INFO: [ app_init ] --START--
INFO: Run Behavior\BuildLiteBehavior [ RunTime:0.000011s ]
INFO: [ app_init ] --END-- [ RunTime:0.000071s ]
ERR: æ— æ³•åŠ è½½æ¨¡å—:Images

[ 2021-12-07T17:45:35+08:00 ] ::1 /wnetwork/images/logo/f-logo.png
INFO: [ app_init ] --START--
INFO: Run Behavior\BuildLiteBehavior [ RunTime:0.000017s ]
INFO: [ app_init ] --END-- [ RunTime:0.000119s ]
ERR: æ— æ³•åŠ è½½æ¨¡å—:Images

[ 2021-12-07T17:45:35+08:00 ] ::1 /wnetwork/images/ce4-2.jpg
INFO: [ app_init ] --START--
INFO: Run Behavior\BuildLiteBehavior [ RunTime:0.000018s ]
INFO: [ app_init ] --END-- [ RunTime:0.000086s ]
ERR: æ— æ³•åŠ è½½æ¨¡å—:Images

[ 2021-12-07T17:45:35+08:00 ] ::1 /wnetwork/images/fo-icon-box-shape1.png
INFO: [ app_init ] --START--
INFO: Run Behavior\BuildLiteBehavior [ RunTime:0.000016s ]
INFO: [ app_init ] --END-- [ RunTime:0.000098s ]
ERR: æ— æ³•åŠ è½½æ¨¡å—:Images

[ 2021-12-07T17:45:35+08:00 ] ::1 /wnetwork/images/fo-icon-box-shape2.png
INFO: [ app_init ] --START--
INFO: Run Behavior\BuildLiteBehavior [ RunTime:0.000015s ]
INFO: [ app_init ] --END-- [ RunTime:0.000103s ]
ERR: æ— æ³•åŠ è½½æ¨¡å—:Images

[ 2021-12-07T17:45:40+08:00 ] ::1 /wnetwork/template/Main-Download-Printer-html5-Template/1.1/js/style-customizer/css/style-customizer.css.map
INFO: [ app_init ] --START--
INFO: Run Behavior\BuildLiteBehavior [ RunTime:0.000018s ]
INFO: [ app_init ] --END-- [ RunTime:0.000187s ]
ERR: æ— æ³•åŠ è½½æ¨¡å—:Template

[ 2021-12-07T17:45:40+08:00 ] ::1 /wnetwork/template/Main-Download-Printer-html5-Template/1.1/js/bootstrap/bootstrap.min.css.map
INFO: [ app_init ] --START--
INFO: Run Behavior\BuildLiteBehavior [ RunTime:0.000011s ]
INFO: [ app_init ] --END-- [ RunTime:0.000075s ]
ERR: æ— æ³•åŠ è½½æ¨¡å—:Template

[ 2021-12-07T17:45:57+08:00 ] ::1 /wnetwork/template/Main-Download-Printer-html5-Template/1.1/js/style-customizer/css/style-customizer.css.map
INFO: [ app_init ] --START--
INFO: Run Behavior\BuildLiteBehavior [ RunTime:0.000021s ]
INFO: [ app_init ] --END-- [ RunTime:0.000192s ]
ERR: æ— æ³•åŠ è½½æ¨¡å—:Template

[ 2021-12-07T17:45:57+08:00 ] ::1 /wnetwork/template/Main-Download-Printer-html5-Template/1.1/js/bootstrap/bootstrap.min.css.map
INFO: [ app_init ] --START--
INFO: Run Behavior\BuildLiteBehavior [ RunTime:0.000018s ]
INFO: [ app_init ] --END-- [ RunTime:0.000128s ]
ERR: æ— æ³•åŠ è½½æ¨¡å—:Template

[ 2021-12-07T17:46:27+08:00 ] ::1 /wnetwork/images/logo/f-logo.png
INFO: [ app_init ] --START--
INFO: Run Behavior\BuildLiteBehavior [ RunTime:0.000084s ]
INFO: [ app_init ] --END-- [ RunTime:0.000190s ]
ERR: æ— æ³•åŠ è½½æ¨¡å—:Images

[ 2021-12-07T17:46:27+08:00 ] ::1 /wnetwork/images/fo-icon-box-shape1.png
INFO: [ app_init ] --START--
INFO: Run Behavior\BuildLiteBehavior [ RunTime:0.000020s ]
INFO: [ app_init ] --END-- [ RunTime:0.000123s ]
ERR: æ— æ³•åŠ è½½æ¨¡å—:Images

[ 2021-12-07T17:46:27+08:00 ] ::1 /wnetwork/images/ce4-2.jpg
INFO: [ app_init ] --START--
INFO: Run Behavior\BuildLiteBehavior [ RunTime:0.000023s ]
INFO: [ app_init ] --END-- [ RunTime:0.000117s ]
ERR: æ— æ³•åŠ è½½æ¨¡å—:Images

[ 2021-12-07T17:46:27+08:00 ] ::1 /wnetwork/images/fo-icon-box-shape2.png
INFO: [ app_init ] --START--
INFO: Run Behavior\BuildLiteBehavior [ RunTime:0.000033s ]
INFO: [ app_init ] --END-- [ RunTime:0.000901s ]
ERR: æ— æ³•åŠ è½½æ¨¡å—:Images

[ 2021-12-07T17:46:27+08:00 ] ::1 /wnetwork/template/Main-Download-Printer-html5-Template/1.1/js/style-customizer/css/style-customizer.css.map
INFO: [ app_init ] --START--
INFO: Run Behavior\BuildLiteBehavior [ RunTime:0.000011s ]
INFO: [ app_init ] --END-- [ RunTime:0.000073s ]
ERR: æ— æ³•åŠ è½½æ¨¡å—:Template

[ 2021-12-07T17:46:27+08:00 ] ::1 /wnetwork/template/Main-Download-Printer-html5-Template/1.1/js/bootstrap/bootstrap.min.css.map
INFO: [ app_init ] --START--
INFO: Run Behavior\BuildLiteBehavior [ RunTime:0.000017s ]
INFO: [ app_init ] --END-- [ RunTime:0.000110s ]
ERR: æ— æ³•åŠ è½½æ¨¡å—:Template

[ 2021-12-07T17:46:41+08:00 ] ::1 /wnetwork/images/logo/f-logo.png
INFO: [ app_init ] --START--
INFO: Run Behavior\BuildLiteBehavior [ RunTime:0.000021s ]
INFO: [ app_init ] --END-- [ RunTime:0.000133s ]
ERR: æ— æ³•åŠ è½½æ¨¡å—:Images

[ 2021-12-07T17:46:41+08:00 ] ::1 /wnetwork/images/ce4-2.jpg
INFO: [ app_init ] --START--
INFO: Run Behavior\BuildLiteBehavior [ RunTime:0.000019s ]
INFO: [ app_init ] --END-- [ RunTime:0.000108s ]
ERR: æ— æ³•åŠ è½½æ¨¡å—:Images

[ 2021-12-07T17:46:41+08:00 ] ::1 /wnetwork/images/fo-icon-box-shape1.png
INFO: [ app_init ] --START--
INFO: Run Behavior\BuildLiteBehavior [ RunTime:0.000196s ]
INFO: [ app_init ] --END-- [ RunTime:0.000584s ]
ERR: æ— æ³•åŠ è½½æ¨¡å—:Images

[ 2021-12-07T17:46:41+08:00 ] ::1 /wnetwork/images/ce4-1.jpg
INFO: [ app_init ] --START--
INFO: Run Behavior\BuildLiteBehavior [ RunTime:0.000019s ]
INFO: [ app_init ] --END-- [ RunTime:0.000128s ]
ERR: æ— æ³•åŠ è½½æ¨¡å—:Images

[ 2021-12-07T17:46:41+08:00 ] ::1 /wnetwork/images/fo-icon-box-shape2.png
INFO: [ app_init ] --START--
INFO: Run Behavior\BuildLiteBehavior [ RunTime:0.000020s ]
INFO: [ app_init ] --END-- [ RunTime:0.000222s ]
ERR: æ— æ³•åŠ è½½æ¨¡å—:Images

[ 2021-12-07T17:46:41+08:00 ] ::1 /wnetwork/template/Main-Download-Printer-html5-Template/1.1/js/bootstrap/bootstrap.min.css.map
INFO: [ app_init ] --START--
INFO: Run Behavior\BuildLiteBehavior [ RunTime:0.000021s ]
INFO: [ app_init ] --END-- [ RunTime:0.000130s ]
ERR: æ— æ³•åŠ è½½æ¨¡å—:Template

[ 2021-12-07T17:46:41+08:00 ] ::1 /wnetwork/template/Main-Download-Printer-html5-Template/1.1/js/style-customizer/css/style-customizer.css.map
INFO: [ app_init ] --START--
INFO: Run Behavior\BuildLiteBehavior [ RunTime:0.000010s ]
INFO: [ app_init ] --END-- [ RunTime:0.000063s ]
ERR: æ— æ³•åŠ è½½æ¨¡å—:Template

[ 2021-12-07T17:47:07+08:00 ] ::1 /wnetwork/template/Main-Download-Printer-html5-Template/1.1/js/bootstrap/bootstrap.min.css.map
INFO: [ app_init ] --START--
INFO: Run Behavior\BuildLiteBehavior [ RunTime:0.000027s ]
INFO: [ app_init ] --END-- [ RunTime:0.000292s ]
ERR: æ— æ³•åŠ è½½æ¨¡å—:Template

[ 2021-12-07T17:47:07+08:00 ] ::1 /wnetwork/template/Main-Download-Printer-html5-Template/1.1/js/style-customizer/css/style-customizer.css.map
INFO: [ app_init ] --START--
INFO: Run Behavior\BuildLiteBehavior [ RunTime:0.000024s ]
INFO: [ app_init ] --END-- [ RunTime:0.000115s ]
ERR: æ— æ³•åŠ è½½æ¨¡å—:Template

[ 2021-12-07T17:48:25+08:00 ] ::1 /wnetwork/images/logo/f-logo.png
INFO: [ app_init ] --START--
INFO: Run Behavior\BuildLiteBehavior [ RunTime:0.000017s ]
INFO: [ app_init ] --END-- [ RunTime:0.000117s ]
ERR: æ— æ³•åŠ è½½æ¨¡å—:Images

[ 2021-12-07T17:48:25+08:00 ] ::1 /wnetwork/images/fo-icon-box-shape2.png
INFO: [ app_init ] --START--
INFO: Run Behavior\BuildLiteBehavior [ RunTime:0.000018s ]
INFO: [ app_init ] --END-- [ RunTime:0.000114s ]
ERR: æ— æ³•åŠ è½½æ¨¡å—:Images

[ 2021-12-07T17:48:25+08:00 ] ::1 /wnetwork/images/fo-icon-box-shape1.png
INFO: [ app_init ] --START--
INFO: Run Behavior\BuildLiteBehavior [ RunTime:0.000015s ]
INFO: [ app_init ] --END-- [ RunTime:0.000098s ]
ERR: æ— æ³•åŠ è½½æ¨¡å—:Images

[ 2021-12-07T17:48:25+08:00 ] ::1 /wnetwork/images/ce4-2.jpg
INFO: [ app_init ] --START--
INFO: Run Behavior\BuildLiteBehavior [ RunTime:0.000028s ]
INFO: [ app_init ] --END-- [ RunTime:0.000121s ]
ERR: æ— æ³•åŠ è½½æ¨¡å—:Images

[ 2021-12-07T17:48:25+08:00 ] ::1 /wnetwork/images/ce4-1.jpg
INFO: [ app_init ] --START--
INFO: Run Behavior\BuildLiteBehavior [ RunTime:0.000015s ]
INFO: [ app_init ] --END-- [ RunTime:0.000138s ]
ERR: æ— æ³•åŠ è½½æ¨¡å—:Images

[ 2021-12-07T17:48:25+08:00 ] ::1 /wnetwork/template/Main-Download-Printer-html5-Template/1.1/js/style-customizer/css/style-customizer.css.map
INFO: [ app_init ] --START--
INFO: Run Behavior\BuildLiteBehavior [ RunTime:0.000021s ]
INFO: [ app_init ] --END-- [ RunTime:0.000139s ]
ERR: æ— æ³•åŠ è½½æ¨¡å—:Template

[ 2021-12-07T17:48:25+08:00 ] ::1 /wnetwork/template/Main-Download-Printer-html5-Template/1.1/js/bootstrap/bootstrap.min.css.map
INFO: [ app_init ] --START--
INFO: Run Behavior\BuildLiteBehavior [ RunTime:0.000019s ]
INFO: [ app_init ] --END-- [ RunTime:0.000144s ]
ERR: æ— æ³•åŠ è½½æ¨¡å—:Template

[ 2021-12-07T17:53:19+08:00 ] ::1 /wnetwork/images/ce4-1.jpg
INFO: [ app_init ] --START--
INFO: Run Behavior\BuildLiteBehavior [ RunTime:0.000039s ]
INFO: [ app_init ] --END-- [ RunTime:0.000171s ]
ERR: æ— æ³•åŠ è½½æ¨¡å—:Images

[ 2021-12-07T17:53:19+08:00 ] ::1 /wnetwork/images/logo/f-logo.png
INFO: [ app_init ] --START--
INFO: Run Behavior\BuildLiteBehavior [ RunTime:0.000018s ]
INFO: [ app_init ] --END-- [ RunTime:0.000169s ]
ERR: æ— æ³•åŠ è½½æ¨¡å—:Images

[ 2021-12-07T17:53:19+08:00 ] ::1 /wnetwork/images/fo-icon-box-shape1.png
INFO: [ app_init ] --START--
INFO: Run Behavior\BuildLiteBehavior [ RunTime:0.000021s ]
INFO: [ app_init ] --END-- [ RunTime:0.000131s ]
ERR: æ— æ³•åŠ è½½æ¨¡å—:Images

[ 2021-12-07T17:53:19+08:00 ] ::1 /wnetwork/images/fo-icon-box-shape2.png
INFO: [ app_init ] --START--
INFO: Run Behavior\BuildLiteBehavior [ RunTime:0.000031s ]
INFO: [ app_init ] --END-- [ RunTime:0.000139s ]
ERR: æ— æ³•åŠ è½½æ¨¡å—:Images

[ 2021-12-07T17:53:19+08:00 ] ::1 /wnetwork/images/ce4-2.jpg
INFO: [ app_init ] --START--
INFO: Run Behavior\BuildLiteBehavior [ RunTime:0.000033s ]
INFO: [ app_init ] --END-- [ RunTime:0.000158s ]
ERR: æ— æ³•åŠ è½½æ¨¡å—:Images

[ 2021-12-07T17:54:50+08:00 ] ::1 /wnetwork/template/Main-Download-Printer-html5-Template/1.1/js/style-customizer/css/style-customizer.css.map
INFO: [ app_init ] --START--
INFO: Run Behavior\BuildLiteBehavior [ RunTime:0.000023s ]
INFO: [ app_init ] --END-- [ RunTime:0.000200s ]
ERR: æ— æ³•åŠ è½½æ¨¡å—:Template

[ 2021-12-07T17:54:50+08:00 ] ::1 /wnetwork/template/Main-Download-Printer-html5-Template/1.1/js/bootstrap/bootstrap.min.css.map
INFO: [ app_init ] --START--
INFO: Run Behavior\BuildLiteBehavior [ RunTime:0.000017s ]
INFO: [ app_init ] --END-- [ RunTime:0.000120s ]
ERR: æ— æ³•åŠ è½½æ¨¡å—:Template

[ 2021-12-07T17:55:40+08:00 ] ::1 /wnetwork/images/logo/f-logo.png
INFO: [ app_init ] --START--
INFO: Run Behavior\BuildLiteBehavior [ RunTime:0.000021s ]
INFO: [ app_init ] --END-- [ RunTime:0.000134s ]
ERR: æ— æ³•åŠ è½½æ¨¡å—:Images

[ 2021-12-07T17:55:40+08:00 ] ::1 /wnetwork/images/ce4-1.jpg
INFO: [ app_init ] --START--
INFO: Run Behavior\BuildLiteBehavior [ RunTime:0.000020s ]
INFO: [ app_init ] --END-- [ RunTime:0.000281s ]
ERR: æ— æ³•åŠ è½½æ¨¡å—:Images

[ 2021-12-07T17:55:40+08:00 ] ::1 /wnetwork/template/Main-Download-Printer-html5-Template/1.1/js/bootstrap/bootstrap.min.css.map
INFO: [ app_init ] --START--
INFO: Run Behavior\BuildLiteBehavior [ RunTime:0.000017s ]
INFO: [ app_init ] --END-- [ RunTime:0.000133s ]
ERR: æ— æ³•åŠ è½½æ¨¡å—:Template

[ 2021-12-07T17:55:40+08:00 ] ::1 /wnetwork/images/ce4-2.jpg
INFO: [ app_init ] --START--
INFO: Run Behavior\BuildLiteBehavior [ RunTime:0.000024s ]
INFO: [ app_init ] --END-- [ RunTime:0.000200s ]
ERR: æ— æ³•åŠ è½½æ¨¡å—:Images

[ 2021-12-07T17:55:40+08:00 ] ::1 /wnetwork/images/fo-icon-box-shape1.png
INFO: [ app_init ] --START--
INFO: Run Behavior\BuildLiteBehavior [ RunTime:0.000023s ]
INFO: [ app_init ] --END-- [ RunTime:0.000137s ]
ERR: æ— æ³•åŠ è½½æ¨¡å—:Images

[ 2021-12-07T17:55:40+08:00 ] ::1 /wnetwork/images/fo-icon-box-shape2.png
INFO: [ app_init ] --START--
INFO: Run Behavior\BuildLiteBehavior [ RunTime:0.000021s ]
INFO: [ app_init ] --END-- [ RunTime:0.000155s ]
ERR: æ— æ³•åŠ è½½æ¨¡å—:Images

[ 2021-12-07T17:55:40+08:00 ] ::1 /wnetwork/template/Main-Download-Printer-html5-Template/1.1/js/style-customizer/css/style-customizer.css.map
INFO: [ app_init ] --START--
INFO: Run Behavior\BuildLiteBehavior [ RunTime:0.000019s ]
INFO: [ app_init ] --END-- [ RunTime:0.000122s ]
ERR: æ— æ³•åŠ è½½æ¨¡å—:Template

[ 2021-12-07T17:56:13+08:00 ] ::1 /wnetwork/images/logo/f-logo.png
INFO: [ app_init ] --START--
INFO: Run Behavior\BuildLiteBehavior [ RunTime:0.000017s ]
INFO: [ app_init ] --END-- [ RunTime:0.000110s ]
ERR: æ— æ³•åŠ è½½æ¨¡å—:Images

[ 2021-12-07T17:56:13+08:00 ] ::1 /wnetwork/images/ce4-2.jpg
INFO: [ app_init ] --START--
INFO: Run Behavior\BuildLiteBehavior [ RunTime:0.000020s ]
INFO: [ app_init ] --END-- [ RunTime:0.000117s ]
ERR: æ— æ³•åŠ è½½æ¨¡å—:Images

[ 2021-12-07T17:56:13+08:00 ] ::1 /wnetwork/images/ce4-1.jpg
INFO: [ app_init ] --START--
INFO: Run Behavior\BuildLiteBehavior [ RunTime:0.000016s ]
INFO: [ app_init ] --END-- [ RunTime:0.000099s ]
ERR: æ— æ³•åŠ è½½æ¨¡å—:Images

[ 2021-12-07T17:56:13+08:00 ] ::1 /wnetwork/images/fo-icon-box-shape1.png
INFO: [ app_init ] --START--
INFO: Run Behavior\BuildLiteBehavior [ RunTime:0.000015s ]
INFO: [ app_init ] --END-- [ RunTime:0.000097s ]
ERR: æ— æ³•åŠ è½½æ¨¡å—:Images

[ 2021-12-07T17:56:13+08:00 ] ::1 /wnetwork/images/fo-icon-box-shape2.png
INFO: [ app_init ] --START--
INFO: Run Behavior\BuildLiteBehavior [ RunTime:0.000016s ]
INFO: [ app_init ] --END-- [ RunTime:0.000094s ]
ERR: æ— æ³•åŠ è½½æ¨¡å—:Images

[ 2021-12-07T17:59:13+08:00 ] ::1 /wnetwork/template/Main-Download-Printer-html5-Template/1.1/js/style-customizer/css/style-customizer.css.map
INFO: [ app_init ] --START--
INFO: Run Behavior\BuildLiteBehavior [ RunTime:0.000016s ]
INFO: [ app_init ] --END-- [ RunTime:0.000197s ]
ERR: æ— æ³•åŠ è½½æ¨¡å—:Template

[ 2021-12-07T18:04:07+08:00 ] ::1 /wnetwork/images/logo/f-logo.png
INFO: [ app_init ] --START--
INFO: Run Behavior\BuildLiteBehavior [ RunTime:0.000018s ]
INFO: [ app_init ] --END-- [ RunTime:0.000129s ]
ERR: æ— æ³•åŠ è½½æ¨¡å—:Images

[ 2021-12-07T18:04:07+08:00 ] ::1 /wnetwork/images/ce4-1.jpg
INFO: [ app_init ] --START--
INFO: Run Behavior\BuildLiteBehavior [ RunTime:0.000017s ]
INFO: [ app_init ] --END-- [ RunTime:0.000103s ]
ERR: æ— æ³•åŠ è½½æ¨¡å—:Images

[ 2021-12-07T18:04:07+08:00 ] ::1 /wnetwork/images/ce4-2.jpg
INFO: [ app_init ] --START--
INFO: Run Behavior\BuildLiteBehavior [ RunTime:0.000034s ]
INFO: [ app_init ] --END-- [ RunTime:0.000199s ]
ERR: æ— æ³•åŠ è½½æ¨¡å—:Images

[ 2021-12-07T18:04:07+08:00 ] ::1 /wnetwork/images/fo-icon-box-shape1.png
INFO: [ app_init ] --START--
INFO: Run Behavior\BuildLiteBehavior [ RunTime:0.000018s ]
INFO: [ app_init ] --END-- [ RunTime:0.000119s ]
ERR: æ— æ³•åŠ è½½æ¨¡å—:Images

[ 2021-12-07T18:04:07+08:00 ] ::1 /wnetwork/images/fo-icon-box-shape2.png
INFO: [ app_init ] --START--
INFO: Run Behavior\BuildLiteBehavior [ RunTime:0.000013s ]
INFO: [ app_init ] --END-- [ RunTime:0.000120s ]
ERR: æ— æ³•åŠ è½½æ¨¡å—:Images

[ 2021-12-07T18:04:07+08:00 ] ::1 /wnetwork/template/Main-Download-Printer-html5-Template/1.1/js/style-customizer/css/style-customizer.css.map
INFO: [ app_init ] --START--
INFO: Run Behavior\BuildLiteBehavior [ RunTime:0.000012s ]
INFO: [ app_init ] --END-- [ RunTime:0.000096s ]
ERR: æ— æ³•åŠ è½½æ¨¡å—:Template

[ 2021-12-07T18:04:07+08:00 ] ::1 /wnetwork/template/Main-Download-Printer-html5-Template/1.1/js/bootstrap/bootstrap.min.css.map
INFO: [ app_init ] --START--
INFO: Run Behavior\BuildLiteBehavior [ RunTime:0.000009s ]
INFO: [ app_init ] --END-- [ RunTime:0.000065s ]
ERR: æ— æ³•åŠ è½½æ¨¡å—:Template

[ 2021-12-07T18:05:03+08:00 ] ::1 /wnetwork/template/Main-Download-Printer-html5-Template/1.1/js/style-customizer/css/style-customizer.css.map
INFO: [ app_init ] --START--
INFO: Run Behavior\BuildLiteBehavior [ RunTime:0.000015s ]
INFO: [ app_init ] --END-- [ RunTime:0.000210s ]
ERR: æ— æ³•åŠ è½½æ¨¡å—:Template

[ 2021-12-07T18:05:03+08:00 ] ::1 /wnetwork/template/Main-Download-Printer-html5-Template/1.1/js/bootstrap/bootstrap.min.css.map
INFO: [ app_init ] --START--
INFO: Run Behavior\BuildLiteBehavior [ RunTime:0.000010s ]
INFO: [ app_init ] --END-- [ RunTime:0.000097s ]
ERR: æ— æ³•åŠ è½½æ¨¡å—:Template

[ 2021-12-07T18:05:06+08:00 ] ::1 /wnetwork/index-corporate.html
INFO: [ app_init ] --START--
INFO: Run Behavior\BuildLiteBehavior [ RunTime:0.000022s ]
INFO: [ app_init ] --END-- [ RunTime:0.000329s ]
ERR: æ— æ³•åŠ è½½æ¨¡å—:Index-corporate

[ 2021-12-07T18:05:08+08:00 ] ::1 /wnetwork/template/Main-Download-Printer-html5-Template/1.1/js/bootstrap/bootstrap.min.css.map
INFO: [ app_init ] --START--
INFO: Run Behavior\BuildLiteBehavior [ RunTime:0.000012s ]
INFO: [ app_init ] --END-- [ RunTime:0.000074s ]
ERR: æ— æ³•åŠ è½½æ¨¡å—:Template

—:Template

[ 2021-12-07T18:35:58+08:00 ] ::1 /wnetwork/index-corporate.html
INFO: [ app_init ] --START--
INFO: Run Behavior\BuildLiteBehavior [ RunTime:0.000014s ]
INFO: [ app_init ] --END-- [ RunTime:0.000545s ]
ERR: æ— æ³•åŠ è½½æ¨¡å—:Index-corporate

[ 2021-12-07T18:36:22+08:00 ] ::1 /wnetwork/template/Main-Download-Printer-html5-Template/1.1/js/bootstrap/bootstrap.min.css.map
INFO: [ app_init ] --START--
INFO: Run Behavior\BuildLiteBehavior [ RunTime:0.000025s ]
INFO: [ app_init ] --END-- [ RunTime:0.000195s ]
ERR: æ— æ³•åŠ è½½æ¨¡å—:Template

[ 2021-12-07T18:36:22+08:00 ] ::1 /wnetwork/template/Main-Download-Printer-html5-Template/1.1/js/style-customizer/css/style-customizer.css.map
INFO: [ app_init ] --START--
INFO: Run Behavior\BuildLiteBehavior [ RunTime:0.000030s ]
INFO: [ app_init ] --END-- [ RunTime:0.000180s ]
ERR: æ— æ³•åŠ è½½æ¨¡å—:Template

[ 2021-12-07T18:39:05+08:00 ] ::1 /wnetwork/template/Main-Download-Printer-html5-Template/1.1/images/sliders/laptop-screen.jpg
INFO: [ app_init ] --START--
INFO: Run Behavior\BuildLiteBehavior [ RunTime:0.000037s ]
INFO: [ app_init ] --END-- [ RunTime:0.000398s ]
ERR: æ— æ³•åŠ è½½æ¨¡å—:Template

[ 2021-12-07T18:39:05+08:00 ] ::1 /wnetwork/template/Main-Download-Printer-html5-Template/1.1/images/sliders/ipad-screen.jpg
INFO: [ app_init ] --START--
INFO: Run Behavior\BuildLiteBehavior [ RunTime:0.000020s ]
INFO: [ app_init ] --END-- [ RunTime:0.000137s ]
ERR: æ— æ³•åŠ è½½æ¨¡å—:Template

[ 2021-12-07T18:39:05+08:00 ] ::1 /wnetwork/template/Main-Download-Printer-html5-Template/1.1/images/sliders/iphone-screen.jpg
INFO: [ app_init ] --START--
INFO: Run Behavior\BuildLiteBehavior [ RunTime:0.000016s ]
INFO: [ app_init ] --END-- [ RunTime:0.000104s ]
ERR: æ— æ³•åŠ è½½æ¨¡å—:Template

[ 2021-12-07T18:39:05+08:00 ] ::1 /wnetwork/template/Main-Download-Printer-html5-Template/1.1/images/ce4-1.jpg
INFO: [ app_init ] --START--
INFO: Run Behavior\BuildLiteBehavior [ RunTime:0.000011s ]
INFO: [ app_init ] --END-- [ RunTime:0.000070s ]
ERR: æ— æ³•åŠ è½½æ¨¡å—:Template

[ 2021-12-07T18:39:05+08:00 ] ::1 /wnetwork/template/Main-Download-Printer-html5-Template/1.1/images/parallax/hl-parallax1.jpg
INFO: [ app_init ] --START--
INFO: Run Behavior\BuildLiteBehavior [ RunTime:0.000012s ]
INFO: [ app_init ] --END-- [ RunTime:0.000076s ]
ERR: æ— æ³•åŠ è½½æ¨¡å—:Template

[ 2021-12-07T22:40:25+08:00 ] ::1 /wnetwork/images/logo/f-logo.png
INFO: [ app_init ] --START--
INFO: Run Behavior\BuildLiteBehavior [ RunTime:0.000012s ]
INFO: [ app_init ] --END-- [ RunTime:0.000062s ]
ERR: æ— æ³•åŠ è½½æ¨¡å—:Images

ges

[ 2021-12-07T22:40:25+08:00 ] ::1 /wnetwork/images/fo-icon-box-shape2.png
INFO: [ app_init ] --START--
INFO: Run Behavior\BuildLiteBehavior [ RunTime:0.000032s ]
INFO: [ app_init ] --END-- [ RunTime:0.000177s ]
ERR: æ— æ³•åŠ è½½æ¨¡å—:Images

