[ 2021-12-15T11:43:52+08:00 ] ::1 /wnetwork/template/Main-Download-Printer-html5-Template/1.1/js/tabs/css/hairsaloon.css
INFO: [ app_init ] --START--
INFO: Run Behavior\BuildLiteBehavior [ RunTime:0.000012s ]
INFO: [ app_init ] --END-- [ RunTime:0.000078s ]
ERR: 无法加载模块:Template

[ 2021-12-15T11:43:52+08:00 ] ::1 /wnetwork/template/Main-Download-Printer-html5-Template/1.1/js/tabs/css/band.css
INFO: [ app_init ] --START--
INFO: Run Behavior\BuildLiteBehavior [ RunTime:0.000026s ]
INFO: [ app_init ] --END-- [ RunTime:0.000151s ]
ERR: 无法加载模块:Template

[ 2021-12-15T11:43:52+08:00 ] ::1 /wnetwork/template/Main-Download-Printer-html5-Template/1.1/js/tabs/css/barber.css
INFO: [ app_init ] --START--
INFO: Run Behavior\BuildLiteBehavior [ RunTime:0.000019s ]
INFO: [ app_init ] --END-- [ RunTime:0.000121s ]
ERR: 无法加载模块:Template

[ 2021-12-15T11:43:55+08:00 ] ::1 /wnetwork/template/Main-Download-Printer-html5-Template/1.1/js/tabs/css/band.css
INFO: [ app_init ] --START--
INFO: Run Behavior\BuildLiteBehavior [ RunTime:0.000011s ]
INFO: [ app_init ] --END-- [ RunTime:0.000068s ]
ERR: 无法加载模块:Template

[ 2021-12-15T11:43:55+08:00 ] ::1 /wnetwork/template/Main-Download-Printer-html5-Template/1.1/js/tabs/css/hairsaloon.css
INFO: [ app_init ] --START--
INFO: Run Behavior\BuildLiteBehavior [ RunTime:0.000020s ]
INFO: [ app_init ] --END-- [ RunTime:0.000131s ]
ERR: 无法加载模块:Template

[ 2021-12-15T11:43:55+08:00 ] ::1 /wnetwork/template/Main-Download-Printer-html5-Template/1.1/js/tabs/css/barber.css
INFO: [ app_init ] --START--
INFO: Run Behavior\BuildLiteBehavior [ RunTime:0.000012s ]
INFO: [ app_init ] --END-- [ RunTime:0.000077s ]
ERR: 无法加载模块:Template

[ 2021-12-15T12:26:24+08:00 ] ::1 /wnetwork/template/Main-Download-Printer-html5-Template/1.1/js/tabs/css/hairsaloon.css
INFO: [ app_init ] --START--
INFO: Run Behavior\BuildLiteBehavior [ RunTime:0.000023s ]
INFO: [ app_init ] --END-- [ RunTime:0.000127s ]
ERR: 无法加载模块:Template

[ 2021-12-15T12:26:24+08:00 ] ::1 /wnetwork/template/Main-Download-Printer-html5-Template/1.1/js/tabs/css/band.css
INFO: [ app_init ] --START--
INFO: Run Behavior\BuildLiteBehavior [ RunTime:0.000013s ]
INFO: [ app_init ] --END-- [ RunTime:0.000080s ]
ERR: 无法加载模块:Template

[ 2021-12-15T12:26:24+08:00 ] ::1 /wnetwork/template/Main-Download-Printer-html5-Template/1.1/js/tabs/css/barber.css
INFO: [ app_init ] --START--
INFO: Run Behavior\BuildLiteBehavior [ RunTime:0.000011s ]
INFO: [ app_init ] --END-- [ RunTime:0.000075s ]
ERR: 无法加载模块:Template

[ 2021-12-15T12:38:48+08:00 ] ::1 /wnetwork/template/Main-Download-Printer-html5-Template/1.1/js/tabs/css/hairsaloon.css
INFO: [ app_init ] --START--
INFO: Run Behavior\BuildLiteBehavior [ RunTime:0.000013s ]
INFO: [ app_init ] --END-- [ RunTime:0.000086s ]
ERR: 无法加载模块:Template

[ 2021-12-15T12:38:48+08:00 ] ::1 /wnetwork/template/Main-Download-Printer-html5-Template/1.1/js/tabs/css/band.css
INFO: [ app_init ] --START--
INFO: Run Behavior\BuildLiteBehavior [ RunTime:0.000012s ]
INFO: [ app_init ] --END-- [ RunTime:0.000078s ]
ERR: 无法加载模块:Template

[ 2021-12-15T12:38:48+08:00 ] ::1 /wnetwork/template/Main-Download-Printer-html5-Template/1.1/js/tabs/css/barber.css
INFO: [ app_init ] --START--
INFO: Run Behavior\BuildLiteBehavior [ RunTime:0.000011s ]
INFO: [ app_init ] --END-- [ RunTime:0.000070s ]
ERR: 无法加载模块:Template

[ 2021-12-15T12:58:02+08:00 ] ::1 /wnetwork/template/Main-Download-Printer-html5-Template/1.1/js/tabs/css/hairsaloon.css
INFO: [ app_init ] --START--
INFO: Run Behavior\BuildLiteBehavior [ RunTime:0.000022s ]
INFO: [ app_init ] --END-- [ RunTime:0.000130s ]
ERR: 无法加载模块:Template

[ 2021-12-15T12:58:02+08:00 ] ::1 /wnetwork/template/Main-Download-Printer-html5-Template/1.1/js/tabs/css/band.css
INFO: [ app_init ] --START--
INFO: Run Behavior\BuildLiteBehavior [ RunTime:0.000024s ]
INFO: [ app_init ] --END-- [ RunTime:0.000139s ]
ERR: 无法加载模块:Template

[ 2021-12-15T12:58:02+08:00 ] ::1 /wnetwork/template/Main-Download-Printer-html5-Template/1.1/js/tabs/css/barber.css
INFO: [ app_init ] --START--
INFO: Run Behavior\BuildLiteBehavior [ RunTime:0.000017s ]
INFO: [ app_init ] --END-- [ RunTime:0.000118s ]
ERR: 无法加载模块:Template

[ 2021-12-15T12:58:04+08:00 ] ::1 /wnetwork/template/Main-Download-Printer-html5-Template/1.1/js/tabs/css/hairsaloon.css
INFO: [ app_init ] --START--
INFO: Run Behavior\BuildLiteBehavior [ RunTime:0.000014s ]
INFO: [ app_init ] --END-- [ RunTime:0.000101s ]
ERR: 无法加载模块:Template

[ 2021-12-15T12:58:04+08:00 ] ::1 /wnetwork/template/Main-Download-Printer-html5-Template/1.1/js/tabs/css/barber.css
INFO: [ app_init ] --START--
INFO: Run Behavior\BuildLiteBehavior [ RunTime:0.000021s ]
INFO: [ app_init ] --END-- [ RunTime:0.000141s ]
ERR: 无法加载模块:Template

[ 2021-12-15T12:58:04+08:00 ] ::1 /wnetwork/template/Main-Download-Printer-html5-Template/1.1/js/tabs/css/band.css
INFO: [ app_init ] --START--
INFO: Run Behavior\BuildLiteBehavior [ RunTime:0.000021s ]
INFO: [ app_init ] --END-- [ RunTime:0.000148s ]
ERR: 无法加载模块:Template

[ 2021-12-15T12:59:23+08:00 ] ::1 /wnetwork/template/Main-Download-Printer-html5-Template/1.1/js/tabs/css/hairsaloon.css
INFO: [ app_init ] --START--
INFO: Run Behavior\BuildLiteBehavior [ RunTime:0.000022s ]
INFO: [ app_init ] --END-- [ RunTime:0.000150s ]
ERR: 无法加载模块:Template

[ 2021-12-15T12:59:23+08:00 ] ::1 /wnetwork/template/Main-Download-Printer-html5-Template/1.1/js/tabs/css/band.css
INFO: [ app_init ] --START--
INFO: Run Behavior\BuildLiteBehavior [ RunTime:0.000021s ]
INFO: [ app_init ] --END-- [ RunTime:0.000118s ]
ERR: 无法加载模块:Template

[ 2021-12-15T12:59:23+08:00 ] ::1 /wnetwork/template/Main-Download-Printer-html5-Template/1.1/js/tabs/css/barber.css
INFO: [ app_init ] --START--
INFO: Run Behavior\BuildLiteBehavior [ RunTime:0.000021s ]
INFO: [ app_init ] --END-- [ RunTime:0.000117s ]
ERR: 无法加载模块:Template

[ 2021-12-15T12:59:23+08:00 ] ::1 /wnetwork/pic/lirunex.png
INFO: [ app_init ] --START--
INFO: Run Behavior\BuildLiteBehavior [ RunTime:0.000015s ]
INFO: [ app_init ] --END-- [ RunTime:0.000107s ]
ERR: 无法加载模块:Pic

[ 2021-12-15T13:00:04+08:00 ] ::1 /wnetwork/template/Main-Download-Printer-html5-Template/1.1/js/tabs/css/hairsaloon.css
INFO: [ app_init ] --START--
INFO: Run Behavior\BuildLiteBehavior [ RunTime:0.000020s ]
INFO: [ app_init ] --END-- [ RunTime:0.000135s ]
ERR: 无法加载模块:Template

[ 2021-12-15T13:00:04+08:00 ] ::1 /wnetwork/template/Main-Download-Printer-html5-Template/1.1/js/tabs/css/band.css
INFO: [ app_init ] --START--
INFO: Run Behavior\BuildLiteBehavior [ RunTime:0.000025s ]
INFO: [ app_init ] --END-- [ RunTime:0.000149s ]
ERR: 无法加载模块:Template

[ 2021-12-15T13:00:04+08:00 ] ::1 /wnetwork/template/Main-Download-Printer-html5-Template/1.1/js/tabs/css/barber.css
INFO: [ app_init ] --START--
INFO: Run Behavior\BuildLiteBehavior [ RunTime:0.000022s ]
INFO: [ app_init ] --END-- [ RunTime:0.000129s ]
ERR: 无法加载模块:Template

[ 2021-12-15T13:00:04+08:00 ] ::1 /wnetwork/pic/lirunex.png
INFO: [ app_init ] --START--
INFO: Run Behavior\BuildLiteBehavior [ RunTime:0.000014s ]
INFO: [ app_init ] --END-- [ RunTime:0.000084s ]
ERR: 无法加载模块:Pic

[ 2021-12-15T13:08:31+08:00 ] ::1 /wnetwork/template/Main-Download-Printer-html5-Template/1.1/js/tabs/css/band.css
INFO: [ app_init ] --START--
INFO: Run Behavior\BuildLiteBehavior [ RunTime:0.000019s ]
INFO: [ app_init ] --END-- [ RunTime:0.000122s ]
ERR: 无法加载模块:Template

[ 2021-12-15T13:08:31+08:00 ] ::1 /wnetwork/template/Main-Download-Printer-html5-Template/1.1/js/tabs/css/hairsaloon.css
INFO: [ app_init ] --START--
INFO: Run Behavior\BuildLiteBehavior [ RunTime:0.000026s ]
INFO: [ app_init ] --END-- [ RunTime:0.000183s ]
ERR: 无法加载模块:Template

[ 2021-12-15T13:08:31+08:00 ] ::1 /wnetwork/template/Main-Download-Printer-html5-Template/1.1/js/tabs/css/barber.css
INFO: [ app_init ] --START--
INFO: Run Behavior\BuildLiteBehavior [ RunTime:0.000022s ]
INFO: [ app_init ] --END-- [ RunTime:0.000141s ]
ERR: 无法加载模块:Template

[ 2021-12-15T13:08:31+08:00 ] ::1 /wnetwork/pic/lirunex.png
INFO: [ app_init ] --START--
INFO: Run Behavior\BuildLiteBehavior [ RunTime:0.000035s ]
INFO: [ app_init ] --END-- [ RunTime:0.000164s ]
ERR: 无法加载模块:Pic

[ 2021-12-15T13:09:05+08:00 ] ::1 /wnetwork/template/Main-Download-Printer-html5-Template/1.1/js/tabs/css/band.css
INFO: [ app_init ] --START--
INFO: Run Behavior\BuildLiteBehavior [ RunTime:0.000021s ]
INFO: [ app_init ] --END-- [ RunTime:0.000194s ]
ERR: 无法加载模块:Template

[ 2021-12-15T13:09:05+08:00 ] ::1 /wnetwork/template/Main-Download-Printer-html5-Template/1.1/js/tabs/css/barber.css
INFO: [ app_init ] --START--
INFO: Run Behavior\BuildLiteBehavior [ RunTime:0.000022s ]
INFO: [ app_init ] --END-- [ RunTime:0.000130s ]
ERR: 无法加载模块:Template

[ 2021-12-15T13:09:05+08:00 ] ::1 /wnetwork/template/Main-Download-Printer-html5-Template/1.1/js/tabs/css/hairsaloon.css
INFO: [ app_init ] --START--
INFO: Run Behavior\BuildLiteBehavior [ RunTime:0.000020s ]
INFO: [ app_init ] --END-- [ RunTime:0.000134s ]
ERR: 无法加载模块:Template

[ 2021-12-15T13:09:05+08:00 ] ::1 /wnetwork/template/Main-Download-Printer-html5-Template/1.1/js/style-customizer/css/style-customizer.css.map
INFO: [ app_init ] --START--
INFO: Run Behavior\BuildLiteBehavior [ RunTime:0.000025s ]
INFO: [ app_init ] --END-- [ RunTime:0.000263s ]
ERR: 无法加载模块:Template

[ 2021-12-15T13:09:05+08:00 ] ::1 /wnetwork/template/Main-Download-Printer-html5-Template/1.1/js/bootstrap/bootstrap.min.css.map
INFO: [ app_init ] --START--
INFO: Run Behavior\BuildLiteBehavior [ RunTime:0.000041s ]
INFO: [ app_init ] --END-- [ RunTime:0.000206s ]
ERR: 无法加载模块:Template

[ 2021-12-15T13:09:24+08:00 ] ::1 /wnetwork/template/Main-Download-Printer-html5-Template/1.1/js/tabs/css/barber.css
INFO: [ app_init ] --START--
INFO: Run Behavior\BuildLiteBehavior [ RunTime:0.000021s ]
INFO: [ app_init ] --END-- [ RunTime:0.000221s ]
ERR: 无法加载模块:Template

[ 2021-12-15T13:09:24+08:00 ] ::1 /wnetwork/template/Main-Download-Printer-html5-Template/1.1/js/tabs/css/hairsaloon.css
INFO: [ app_init ] --START--
INFO: Run Behavior\BuildLiteBehavior [ RunTime:0.000024s ]
INFO: [ app_init ] --END-- [ RunTime:0.000156s ]
ERR: 无法加载模块:Template

[ 2021-12-15T13:09:24+08:00 ] ::1 /wnetwork/template/Main-Download-Printer-html5-Template/1.1/js/tabs/css/band.css
INFO: [ app_init ] --START--
INFO: Run Behavior\BuildLiteBehavior [ RunTime:0.000033s ]
INFO: [ app_init ] --END-- [ RunTime:0.000289s ]
ERR: 无法加载模块:Template

[ 2021-12-15T13:09:24+08:00 ] ::1 /wnetwork/template/Main-Download-Printer-html5-Template/1.1/js/bootstrap/bootstrap.min.css.map
INFO: [ app_init ] --START--
INFO: Run Behavior\BuildLiteBehavior [ RunTime:0.000024s ]
INFO: [ app_init ] --END-- [ RunTime:0.000142s ]
ERR: 无法加载模块:Template

[ 2021-12-15T13:09:24+08:00 ] ::1 /wnetwork/template/Main-Download-Printer-html5-Template/1.1/js/style-customizer/css/style-customizer.css.map
INFO: [ app_init ] --START--
INFO: Run Behavior\BuildLiteBehavior [ RunTime:0.000029s ]
INFO: [ app_init ] --END-- [ RunTime:0.000175s ]
ERR: 无法加载模块:Template

[ 2021-12-15T13:47:11+08:00 ] ::1 /wnetwork/template/Main-Download-Printer-html5-Template/1.1/js/tabs/css/hairsaloon.css
INFO: [ app_init ] --START--
INFO: Run Behavior\BuildLiteBehavior [ RunTime:0.000026s ]
INFO: [ app_init ] --END-- [ RunTime:0.000142s ]
ERR: 无法加载模块:Template

[ 2021-12-15T13:47:11+08:00 ] ::1 /wnetwork/template/Main-Download-Printer-html5-Template/1.1/js/tabs/css/barber.css
INFO: [ app_init ] --START--
INFO: Run Behavior\BuildLiteBehavior [ RunTime:0.000037s ]
INFO: [ app_init ] --END-- [ RunTime:0.000194s ]
ERR: 无法加载模块:Template

[ 2021-12-15T13:47:11+08:00 ] ::1 /wnetwork/template/Main-Download-Printer-html5-Template/1.1/js/tabs/css/band.css
INFO: [ app_init ] --START--
INFO: Run Behavior\BuildLiteBehavior [ RunTime:0.000022s ]
INFO: [ app_init ] --END-- [ RunTime:0.000129s ]
ERR: 无法加载模块:Template

[ 2021-12-15T13:47:11+08:00 ] ::1 /wnetwork/template/Main-Download-Printer-html5-Template/1.1/js/bootstrap/bootstrap.min.css.map
INFO: [ app_init ] --START--
INFO: Run Behavior\BuildLiteBehavior [ RunTime:0.000015s ]
INFO: [ app_init ] --END-- [ RunTime:0.000081s ]
ERR: 无法加载模块:Template

[ 2021-12-15T13:47:11+08:00 ] ::1 /wnetwork/template/Main-Download-Printer-html5-Template/1.1/js/style-customizer/css/style-customizer.css.map
INFO: [ app_init ] --START--
INFO: Run Behavior\BuildLiteBehavior [ RunTime:0.000021s ]
INFO: [ app_init ] --END-- [ RunTime:0.000126s ]
ERR: 无法加载模块:Template

[ 2021-12-15T13:47:55+08:00 ] ::1 /wnetwork/template/Main-Download-Printer-html5-Template/1.1/js/tabs/css/hairsaloon.css
INFO: [ app_init ] --START--
INFO: Run Behavior\BuildLiteBehavior [ RunTime:0.000029s ]
INFO: [ app_init ] --END-- [ RunTime:0.000141s ]
ERR: 无法加载模块:Template

[ 2021-12-15T13:47:55+08:00 ] ::1 /wnetwork/template/Main-Download-Printer-html5-Template/1.1/js/tabs/css/barber.css
INFO: [ app_init ] --START--
INFO: Run Behavior\BuildLiteBehavior [ RunTime:0.000013s ]
INFO: [ app_init ] --END-- [ RunTime:0.000172s ]
ERR: 无法加载模块:Template

[ 2021-12-15T13:47:55+08:00 ] ::1 /wnetwork/template/Main-Download-Printer-html5-Template/1.1/js/tabs/css/band.css
INFO: [ app_init ] --START--
INFO: Run Behavior\BuildLiteBehavior [ RunTime:0.000014s ]
INFO: [ app_init ] --END-- [ RunTime:0.000117s ]
ERR: 无法加载模块:Template

[ 2021-12-15T13:48:01+08:00 ] ::1 /wnetwork/template/Main-Download-Printer-html5-Template/1.1/js/tabs/css/hairsaloon.css
INFO: [ app_init ] --START--
INFO: Run Behavior\BuildLiteBehavior [ RunTime:0.000019s ]
INFO: [ app_init ] --END-- [ RunTime:0.000115s ]
ERR: 无法加载模块:Template

[ 2021-12-15T13:48:01+08:00 ] ::1 /wnetwork/template/Main-Download-Printer-html5-Template/1.1/js/tabs/css/barber.css
INFO: [ app_init ] --START--
INFO: Run Behavior\BuildLiteBehavior [ RunTime:0.000034s ]
INFO: [ app_init ] --END-- [ RunTime:0.000144s ]
ERR: 无法加载模块:Template

[ 2021-12-15T13:48:01+08:00 ] ::1 /wnetwork/template/Main-Download-Printer-html5-Template/1.1/js/tabs/css/band.css
INFO: [ app_init ] --START--
INFO: Run Behavior\BuildLiteBehavior [ RunTime:0.000015s ]
INFO: [ app_init ] --END-- [ RunTime:0.000122s ]
ERR: 无法加载模块:Template

[ 2021-12-15T13:48:12+08:00 ] ::1 /wnetwork/template/Main-Download-Printer-html5-Template/1.1/js/tabs/css/band.css
INFO: [ app_init ] --START--
INFO: Run Behavior\BuildLiteBehavior [ RunTime:0.000015s ]
INFO: [ app_init ] --END-- [ RunTime:0.000076s ]
ERR: 无法加载模块:Template

[ 2021-12-15T13:48:12+08:00 ] ::1 /wnetwork/template/Main-Download-Printer-html5-Template/1.1/js/tabs/css/barber.css
INFO: [ app_init ] --START--
INFO: Run Behavior\BuildLiteBehavior [ RunTime:0.000018s ]
INFO: [ app_init ] --END-- [ RunTime:0.000109s ]
ERR: 无法加载模块:Template

[ 2021-12-15T13:48:12+08:00 ] ::1 /wnetwork/template/Main-Download-Printer-html5-Template/1.1/js/tabs/css/hairsaloon.css
INFO: [ app_init ] --START--
INFO: Run Behavior\BuildLiteBehavior [ RunTime:0.000013s ]
INFO: [ app_init ] --END-- [ RunTime:0.000098s ]
ERR: 无法加载模块:Template

[ 2021-12-15T13:52:10+08:00 ] ::1 /wnetwork/template/Main-Download-Printer-html5-Template/1.1/js/tabs/css/hairsaloon.css
INFO: [ app_init ] --START--
INFO: Run Behavior\BuildLiteBehavior [ RunTime:0.000019s ]
INFO: [ app_init ] --END-- [ RunTime:0.000121s ]
ERR: 无法加载模块:Template

[ 2021-12-15T13:52:10+08:00 ] ::1 /wnetwork/template/Main-Download-Printer-html5-Template/1.1/js/tabs/css/barber.css
INFO: [ app_init ] --START--
INFO: Run Behavior\BuildLiteBehavior [ RunTime:0.000018s ]
INFO: [ app_init ] --END-- [ RunTime:0.000122s ]
ERR: 无法加载模块:Template

[ 2021-12-15T13:52:10+08:00 ] ::1 /wnetwork/template/Main-Download-Printer-html5-Template/1.1/js/tabs/css/band.css
INFO: [ app_init ] --START--
INFO: Run Behavior\BuildLiteBehavior [ RunTime:0.000022s ]
INFO: [ app_init ] --END-- [ RunTime:0.000144s ]
ERR: 无法加载模块:Template

[ 2021-12-15T13:53:10+08:00 ] ::1 /wnetwork/template/Main-Download-Printer-html5-Template/1.1/js/tabs/css/hairsaloon.css
INFO: [ app_init ] --START--
INFO: Run Behavior\BuildLiteBehavior [ RunTime:0.000018s ]
INFO: [ app_init ] --END-- [ RunTime:0.000208s ]
ERR: 无法加载模块:Template

[ 2021-12-15T13:53:10+08:00 ] ::1 /wnetwork/template/Main-Download-Printer-html5-Template/1.1/js/tabs/css/band.css
INFO: [ app_init ] --START--
INFO: Run Behavior\BuildLiteBehavior [ RunTime:0.000021s ]
INFO: [ app_init ] --END-- [ RunTime:0.000136s ]
ERR: 无法加载模块:Template

[ 2021-12-15T13:53:10+08:00 ] ::1 /wnetwork/template/Main-Download-Printer-html5-Template/1.1/js/tabs/css/barber.css
INFO: [ app_init ] --START--
INFO: Run Behavior\BuildLiteBehavior [ RunTime:0.000013s ]
INFO: [ app_init ] --END-- [ RunTime:0.000088s ]
ERR: 无法加载模块:Template

[ 2021-12-15T13:53:47+08:00 ] ::1 /wnetwork/template/Main-Download-Printer-html5-Template/1.1/js/tabs/css/band.css
INFO: [ app_init ] --START--
INFO: Run Behavior\BuildLiteBehavior [ RunTime:0.000018s ]
INFO: [ app_init ] --END-- [ RunTime:0.000202s ]
ERR: 无法加载模块:Template

te

[ 2021-12-15T13:53:47+08:00 ] ::1 /wnetwork/template/Main-Download-Printer-html5-Template/1.1/js/tabs/css/barber.css
INFO: [ app_init ] --START--
INFO: Run Behavior\BuildLiteBehavior [ RunTime:0.000022s ]
INFO: [ app_init ] --END-- [ RunTime:0.000124s ]
ERR: 无法加载模块:Template

[ 2021-12-15T13:53:47+08:00 ] ::1 /wnetwork/template/Main-Download-Printer-html5-Template/1.1/js/bootstrap/bootstrap.min.css.map
INFO: [ app_init ] --START--
INFO: Run Behavior\BuildLiteBehavior [ RunTime:0.000013s ]
INFO: [ app_init ] --END-- [ RunTime:0.000094s ]
ERR: 无法加载模块:Template

[ 2021-12-15T13:53:47+08:00 ] ::1 /wnetwork/template/Main-Download-Printer-html5-Template/1.1/js/style-customizer/css/style-customizer.css.map
INFO: [ app_init ] --START--
INFO: Run Behavior\BuildLiteBehavior [ RunTime:0.000024s ]
INFO: [ app_init ] --END-- [ RunTime:0.000151s ]
ERR: 无法加载模块:Template

[ 2021-12-15T13:54:43+08:00 ] ::1 /wnetwork/template/Main-Download-Printer-html5-Template/1.1/js/tabs/css/hairsaloon.css
INFO: [ app_init ] --START--
INFO: Run Behavior\BuildLiteBehavior [ RunTime:0.000013s ]
INFO: [ app_init ] --END-- [ RunTime:0.000116s ]
ERR: 无法加载模块:Template

[ 2021-12-15T13:54:43+08:00 ] ::1 /wnetwork/template/Main-Download-Printer-html5-Template/1.1/js/tabs/css/band.css
INFO: [ app_init ] --START--
INFO: Run Behavior\BuildLiteBehavior [ RunTime:0.000023s ]
INFO: [ app_init ] --END-- [ RunTime:0.000130s ]
ERR: 无法加载模块:Template

[ 2021-12-15T13:54:43+08:00 ] ::1 /wnetwork/template/Main-Download-Printer-html5-Template/1.1/js/tabs/css/barber.css
INFO: [ app_init ] --START--
INFO: Run Behavior\BuildLiteBehavior [ RunTime:0.000020s ]
INFO: [ app_init ] --END-- [ RunTime:0.000118s ]
ERR: 无法加载模块:Template

[ 2021-12-15T13:54:43+08:00 ] ::1 /wnetwork/template/Main-Download-Printer-html5-Template/1.1/js/bootstrap/bootstrap.min.css.map
INFO: [ app_init ] --START--
INFO: Run Behavior\BuildLiteBehavior [ RunTime:0.000013s ]
INFO: [ app_init ] --END-- [ RunTime:0.000077s ]
ERR: 无法加载模块:Template

[ 2021-12-15T13:54:43+08:00 ] ::1 /wnetwork/template/Main-Download-Printer-html5-Template/1.1/js/style-customizer/css/style-customizer.css.map
INFO: [ app_init ] --START--
INFO: Run Behavior\BuildLiteBehavior [ RunTime:0.000012s ]
INFO: [ app_init ] --END-- [ RunTime:0.000092s ]
ERR: 无法加载模块:Template

[ 2021-12-15T18:04:59+08:00 ] ::1 /wnetwork/template/Main-Download-Printer-html5-Template/1.1/js/tabs/css/band.css
INFO: [ app_init ] --START--
INFO: Run Behavior\BuildLiteBehavior [ RunTime:0.000011s ]
INFO: [ app_init ] --END-- [ RunTime:0.000073s ]
ERR: 无法加载模块:Template

te

[ 2021-12-15T18:08:09+08:00 ] ::1 /wnetwork/template/Main-Download-Printer-html5-Template/1.1/js/tabs/css/hairsaloon.css
INFO: [ app_init ] --START--
INFO: Run Behavior\BuildLiteBehavior [ RunTime:0.000015s ]
INFO: [ app_init ] --END-- [ RunTime:0.000077s ]
ERR: 无法加载模块:Template

[ 2021-12-15T18:08:09+08:00 ] ::1 /wnetwork/template/Main-Download-Printer-html5-Template/1.1/js/tabs/css/band.css
INFO: [ app_init ] --START--
INFO: Run Behavior\BuildLiteBehavior [ RunTime:0.000013s ]
INFO: [ app_init ] --END-- [ RunTime:0.000071s ]
ERR: 无法加载模块:Template

[ 2021-12-15T18:08:09+08:00 ] ::1 /wnetwork/template/Main-Download-Printer-html5-Template/1.1/js/tabs/css/barber.css
INFO: [ app_init ] --START--
INFO: Run Behavior\BuildLiteBehavior [ RunTime:0.000024s ]
INFO: [ app_init ] --END-- [ RunTime:0.000181s ]
ERR: 无法加载模块:Template

[ 2021-12-15T18:08:32+08:00 ] ::1 /wnetwork/template/Main-Download-Printer-html5-Template/1.1/js/tabs/css/hairsaloon.css
INFO: [ app_init ] --START--
INFO: Run Behavior\BuildLiteBehavior [ RunTime:0.000021s ]
INFO: [ app_init ] --END-- [ RunTime:0.000137s ]
ERR: 无法加载模块:Template

[ 2021-12-15T18:08:32+08:00 ] ::1 /wnetwork/template/Main-Download-Printer-html5-Template/1.1/js/tabs/css/barber.css
INFO: [ app_init ] --START--
INFO: Run Behavior\BuildLiteBehavior [ RunTime:0.000011s ]
INFO: [ app_init ] --END-- [ RunTime:0.000066s ]
ERR: 无法加载模块:Template

[ 2021-12-15T18:08:32+08:00 ] ::1 /wnetwork/template/Main-Download-Printer-html5-Template/1.1/js/tabs/css/band.css
INFO: [ app_init ] --START--
INFO: Run Behavior\BuildLiteBehavior [ RunTime:0.000011s ]
INFO: [ app_init ] --END-- [ RunTime:0.000130s ]
ERR: 无法加载模块:Template

[ 2021-12-15T18:09:03+08:00 ] ::1 /wnetwork/template/Main-Download-Printer-html5-Template/1.1/js/tabs/css/hairsaloon.css
INFO: [ app_init ] --START--
INFO: Run Behavior\BuildLiteBehavior [ RunTime:0.000029s ]
INFO: [ app_init ] --END-- [ RunTime:0.000149s ]
ERR: 无法加载模块:Template

[ 2021-12-15T18:09:03+08:00 ] ::1 /wnetwork/template/Main-Download-Printer-html5-Template/1.1/js/tabs/css/band.css
INFO: [ app_init ] --START--
INFO: Run Behavior\BuildLiteBehavior [ RunTime:0.000019s ]
INFO: [ app_init ] --END-- [ RunTime:0.000111s ]
ERR: 无法加载模块:Template

[ 2021-12-15T18:09:03+08:00 ] ::1 /wnetwork/template/Main-Download-Printer-html5-Template/1.1/js/tabs/css/barber.css
INFO: [ app_init ] --START--
INFO: Run Behavior\BuildLiteBehavior [ RunTime:0.000017s ]
INFO: [ app_init ] --END-- [ RunTime:0.000114s ]
ERR: 无法加载模块:Template

[ 2021-12-15T18:09:05+08:00 ] ::1 /wnetwork/template/Main-Download-Printer-html5-Template/1.1/js/tabs/css/band.css
INFO: [ app_init ] --START--
INFO: Run Behavior\BuildLiteBehavior [ RunTime:0.000028s ]
INFO: [ app_init ] --END-- [ RunTime:0.000154s ]
ERR: 无法加载模块:Template

te

[ 2021-12-15T18:09:05+08:00 ] ::1 /wnetwork/template/Main-Download-Printer-html5-Template/1.1/js/tabs/css/barber.css
INFO: [ app_init ] --START--
INFO: Run Behavior\BuildLiteBehavior [ RunTime:0.000050s ]
INFO: [ app_init ] --END-- [ RunTime:0.000270s ]
ERR: 无法加载模块:Template

[ 2021-12-15T18:09:12+08:00 ] ::1 /wnetwork/template/Main-Download-Printer-html5-Template/1.1/js/tabs/css/hairsaloon.css
INFO: [ app_init ] --START--
INFO: Run Behavior\BuildLiteBehavior [ RunTime:0.000015s ]
INFO: [ app_init ] --END-- [ RunTime:0.000136s ]
ERR: 无法加载模块:Template

[ 2021-12-15T18:09:12+08:00 ] ::1 /wnetwork/template/Main-Download-Printer-html5-Template/1.1/js/tabs/css/band.css
INFO: [ app_init ] --START--
INFO: Run Behavior\BuildLiteBehavior [ RunTime:0.000028s ]
INFO: [ app_init ] --END-- [ RunTime:0.000139s ]
ERR: 无法加载模块:Template

[ 2021-12-15T18:09:12+08:00 ] ::1 /wnetwork/template/Main-Download-Printer-html5-Template/1.1/js/tabs/css/barber.css
INFO: [ app_init ] --START--
INFO: Run Behavior\BuildLiteBehavior [ RunTime:0.000020s ]
INFO: [ app_init ] --END-- [ RunTime:0.000117s ]
ERR: 无法加载模块:Template

[ 2021-12-15T18:25:28+08:00 ] ::1 /wnetwork/template/Main-Download-Printer-html5-Template/1.1/js/tabs/css/hairsaloon.css
INFO: [ app_init ] --START--
INFO: Run Behavior\BuildLiteBehavior [ RunTime:0.000023s ]
INFO: [ app_init ] --END-- [ RunTime:0.000121s ]
ERR: 无法加载模块:Template

[ 2021-12-15T18:25:28+08:00 ] ::1 /wnetwork/template/Main-Download-Printer-html5-Template/1.1/js/tabs/css/barber.css
INFO: [ app_init ] --START--
INFO: Run Behavior\BuildLiteBehavior [ RunTime:0.000025s ]
INFO: [ app_init ] --END-- [ RunTime:0.000161s ]
ERR: 无法加载模块:Template

[ 2021-12-15T18:25:28+08:00 ] ::1 /wnetwork/template/Main-Download-Printer-html5-Template/1.1/js/tabs/css/band.css
INFO: [ app_init ] --START--
INFO: Run Behavior\BuildLiteBehavior [ RunTime:0.000030s ]
INFO: [ app_init ] --END-- [ RunTime:0.000207s ]
ERR: 无法加载模块:Template

[ 2021-12-15T18:27:04+08:00 ] ::1 /wnetwork/template/Main-Download-Printer-html5-Template/1.1/js/tabs/css/hairsaloon.css
INFO: [ app_init ] --START--
INFO: Run Behavior\BuildLiteBehavior [ RunTime:0.000021s ]
INFO: [ app_init ] --END-- [ RunTime:0.000167s ]
ERR: 无法加载模块:Template

[ 2021-12-15T18:27:04+08:00 ] ::1 /wnetwork/template/Main-Download-Printer-html5-Template/1.1/js/tabs/css/barber.css
INFO: [ app_init ] --START--
INFO: Run Behavior\BuildLiteBehavior [ RunTime:0.000023s ]
INFO: [ app_init ] --END-- [ RunTime:0.000129s ]
ERR: 无法加载模块:Template

[ 2021-12-15T18:27:04+08:00 ] ::1 /wnetwork/template/Main-Download-Printer-html5-Template/1.1/js/tabs/css/band.css
INFO: [ app_init ] --START--
INFO: Run Behavior\BuildLiteBehavior [ RunTime:0.000013s ]
INFO: [ app_init ] --END-- [ RunTime:0.000078s ]
ERR: 无法加载模块:Template

[ 2021-12-15T18:27:52+08:00 ] ::1 /wnetwork/template/Main-Download-Printer-html5-Template/1.1/js/tabs/css/hairsaloon.css
INFO: [ app_init ] --START--
INFO: Run Behavior\BuildLiteBehavior [ RunTime:0.000024s ]
INFO: [ app_init ] --END-- [ RunTime:0.000162s ]
ERR: 无法加载模块:Template

[ 2021-12-15T18:27:52+08:00 ] ::1 /wnetwork/template/Main-Download-Printer-html5-Template/1.1/js/tabs/css/band.css
INFO: [ app_init ] --START--
INFO: Run Behavior\BuildLiteBehavior [ RunTime:0.000026s ]
INFO: [ app_init ] --END-- [ RunTime:0.000150s ]
ERR: 无法加载模块:Template

[ 2021-12-15T18:27:52+08:00 ] ::1 /wnetwork/template/Main-Download-Printer-html5-Template/1.1/js/tabs/css/barber.css
INFO: [ app_init ] --START--
INFO: Run Behavior\BuildLiteBehavior [ RunTime:0.000013s ]
INFO: [ app_init ] --END-- [ RunTime:0.000119s ]
ERR: 无法加载模块:Template

[ 2021-12-15T18:28:18+08:00 ] ::1 /wnetwork/template/Main-Download-Printer-html5-Template/1.1/js/tabs/css/hairsaloon.css
INFO: [ app_init ] --START--
INFO: Run Behavior\BuildLiteBehavior [ RunTime:0.000019s ]
INFO: [ app_init ] --END-- [ RunTime:0.000156s ]
ERR: 无法加载模块:Template

[ 2021-12-15T18:28:18+08:00 ] ::1 /wnetwork/template/Main-Download-Printer-html5-Template/1.1/js/tabs/css/band.css
INFO: [ app_init ] --START--
INFO: Run Behavior\BuildLiteBehavior [ RunTime:0.000019s ]
INFO: [ app_init ] --END-- [ RunTime:0.000110s ]
ERR: 无法加载模块:Template

[ 2021-12-15T18:28:18+08:00 ] ::1 /wnetwork/template/Main-Download-Printer-html5-Template/1.1/js/tabs/css/barber.css
INFO: [ app_init ] --START--
INFO: Run Behavior\BuildLiteBehavior [ RunTime:0.000032s ]
INFO: [ app_init ] --END-- [ RunTime:0.000180s ]
ERR: 无法加载模块:Template

