[ 2022-01-04T14:26:43+08:00 ] ::1 /wnetwork/template/Main-Download-Printer-html5-Template/1.1/js/tabs/css/barber.css
INFO: [ app_init ] --START--
INFO: Run Behavior\BuildLiteBehavior [ RunTime:0.000025s ]
INFO: [ app_init ] --END-- [ RunTime:0.000205s ]
ERR: 无法加载模块:Template

[ 2022-01-04T14:26:43+08:00 ] ::1 /wnetwork/template/Main-Download-Printer-html5-Template/1.1/js/tabs/css/band.css
INFO: [ app_init ] --START--
INFO: Run Behavior\BuildLiteBehavior [ RunTime:0.000027s ]
INFO: [ app_init ] --END-- [ RunTime:0.000140s ]
ERR: 无法加载模块:Template

[ 2022-01-04T14:26:43+08:00 ] ::1 /wnetwork/template/Main-Download-Printer-html5-Template/1.1/js/tabs/css/hairsaloon.css
INFO: [ app_init ] --START--
INFO: Run Behavior\BuildLiteBehavior [ RunTime:0.000048s ]
INFO: [ app_init ] --END-- [ RunTime:0.000197s ]
ERR: 无法加载模块:Template

[ 2022-01-04T14:26:47+08:00 ] ::1 /wnetwork/template/Main-Download-Printer-html5-Template/1.1/js/tabs/css/hairsaloon.css
INFO: [ app_init ] --START--
INFO: Run Behavior\BuildLiteBehavior [ RunTime:0.000019s ]
INFO: [ app_init ] --END-- [ RunTime:0.000207s ]
ERR: 无法加载模块:Template

[ 2022-01-04T14:26:47+08:00 ] ::1 /wnetwork/template/Main-Download-Printer-html5-Template/1.1/js/tabs/css/barber.css
INFO: [ app_init ] --START--
INFO: Run Behavior\BuildLiteBehavior [ RunTime:0.000035s ]
INFO: [ app_init ] --END-- [ RunTime:0.000208s ]
ERR: 无法加载模块:Template

[ 2022-01-04T14:27:17+08:00 ] ::1 /wnetwork/template/Main-Download-Printer-html5-Template/1.1/js/tabs/css/barber.css
INFO: [ app_init ] --START--
INFO: Run Behavior\BuildLiteBehavior [ RunTime:0.000020s ]
INFO: [ app_init ] --END-- [ RunTime:0.000114s ]
ERR: 无法加载模块:Template



[ 2022-01-04T14:27:23+08:00 ] ::1 /wnetwork/template/Main-Download-Printer-html5-Template/1.1/js/tabs/css/hairsaloon.css
INFO: [ app_init ] --START--
INFO: Run Behavior\BuildLiteBehavior [ RunTime:0.000025s ]
INFO: [ app_init ] --END-- [ RunTime:0.000162s ]
ERR: 无法加载模块:Template

[ 2022-01-04T14:27:23+08:00 ] ::1 /wnetwork/template/Main-Download-Printer-html5-Template/1.1/js/tabs/css/barber.css
INFO: [ app_init ] --START--
INFO: Run Behavior\BuildLiteBehavior [ RunTime:0.000017s ]
INFO: [ app_init ] --END-- [ RunTime:0.000103s ]
ERR: 无法加载模块:Template

[ 2022-01-04T14:27:23+08:00 ] ::1 /wnetwork/template/Main-Download-Printer-html5-Template/1.1/js/tabs/css/band.css
INFO: [ app_init ] --START--
INFO: Run Behavior\BuildLiteBehavior [ RunTime:0.000036s ]
INFO: [ app_init ] --END-- [ RunTime:0.000169s ]
ERR: 无法加载模块:Template

