[ 2022-10-19T15:15:58+08:00 ] ::1 /wnetwork/template/Main-Download-Printer-html5-Template/1.1/js/tabs/css/hairsaloon.css
INFO: [ app_init ] --START--
INFO: Run Behavior\BuildLiteBehavior [ RunTime:0.000026s ]
INFO: [ app_init ] --END-- [ RunTime:0.000144s ]
ERR: 无法加载模块:Template

[ 2022-10-19T15:15:58+08:00 ] ::1 /wnetwork/template/Main-Download-Printer-html5-Template/1.1/js/tabs/css/barber.css
INFO: [ app_init ] --START--
INFO: Run Behavior\BuildLiteBehavior [ RunTime:0.000023s ]
INFO: [ app_init ] --END-- [ RunTime:0.000150s ]
ERR: 无法加载模块:Template

[ 2022-10-19T15:16:06+08:00 ] ::1 /wnetwork/template/Main-Download-Printer-html5-Template/1.1/js/tabs/css/hairsaloon.css
INFO: [ app_init ] --START--
INFO: Run Behavior\BuildLiteBehavior [ RunTime:0.000044s ]
INFO: [ app_init ] --END-- [ RunTime:0.000218s ]
ERR: 无法加载模块:Template

[ 2022-10-19T15:16:06+08:00 ] ::1 /wnetwork/template/Main-Download-Printer-html5-Template/1.1/js/tabs/css/band.css
INFO: [ app_init ] --START--
INFO: Run Behavior\BuildLiteBehavior [ RunTime:0.000020s ]
INFO: [ app_init ] --END-- [ RunTime:0.000204s ]
ERR: 无法加载模块:Template

[ 2022-10-19T15:16:06+08:00 ] ::1 /wnetwork/template/Main-Download-Printer-html5-Template/1.1/js/tabs/css/barber.css
INFO: [ app_init ] --START--
INFO: Run Behavior\BuildLiteBehavior [ RunTime:0.000022s ]
INFO: [ app_init ] --END-- [ RunTime:0.000192s ]
ERR: 无法加载模块:Template

