[ 2025-10-27T13:04:03+08:00 ] ::1 /wnetwork/template/Main-Download-Printer-html5-Template/1.1/fonts/font-awesome/css/font-awesome.min.css
INFO: [ app_init ] --START--
INFO: Run Behavior\BuildLiteBehavior [ RunTime:0.000013s ]
INFO: [ app_init ] --END-- [ RunTime:0.000077s ]
ERR: Êó†Ê≥ïÂä†ËΩΩÊ®°Âùó:Wnetwork

[ 2025-10-27T13:04:03+08:00 ] ::1 /wnetwork/template/Main-Download-Printer-html5-Template/1.1/css/corporate.css
INFO: [ app_init ] --START--
INFO: Run Behavior\BuildLiteBehavior [ RunTime:0.000023s ]
INFO: [ app_init ] --END-- [ RunTime:0.000102s ]
ERR: Êó†Ê≥ïÂä†ËΩΩÊ®°Âùó:Wnetwork

[ 2025-10-27T13:04:03+08:00 ] ::1 /wnetwork/template/Main-Download-Printer-html5-Template/1.1/js/bootstrap/bootstrap.min.css
INFO: [ app_init ] --START--
INFO: Run Behavior\BuildLiteBehavior [ RunTime:0.000022s ]
INFO: [ app_init ] --END-- [ RunTime:0.000104s ]
ERR: Êó†Ê≥ïÂä†ËΩΩÊ®°Âùó:Wnetwork

-27T13:04:03+08:00 ] ::1 /wnetwork/template/Main-Download-Printer-html5-Template/1.1/js/megamenu/stylesheets/screen.css
INFO: [ app_init ] --START--
INFO: Run Behavior\BuildLiteBehavior [ RunTime:0.000010s ]
INFO: [ app_init ] --END-- [ RunTime:0.000044s ]
ERR: Êó†Ê≥ïÂä†ËΩΩÊ®°Âùó:Wnetwork

[ 2025-10-27T13:04:03+08:00 ] ::1 /wnetwork/template/Main-Download-Printer-html5-Template/1.1/js/revolution-slider/css/settings.css
INFO: [ app_init ] --START--
INFO: Run Behavior\BuildLiteBehavior [ RunTime:0.000009s ]
INFO: [ app_init ] --END-- [ RunTime:0.000061s ]
ERR: Êó†Ê≥ïÂä†ËΩΩÊ®°Âùó:Wnetwork

[ 2025-10-27T13:04:03+08:00 ] ::1 /wnetwork/template/Main-Download-Printer-html5-Template/1.1/fonts/et-line-font/et-line-font.css
INFO: [ app_init ] --START--
INFO: Run Behavior\BuildLiteBehavior [ RunTime:0.000009s ]
INFO: [ app_init ] --END-- [ RunTime:0.000057s ]
ERR: Êó†Ê≥ïÂä†ËΩΩÊ®°Âùó:Wnetwork

[ 2025-10-27T13:04:03+08:00 ] ::1 /wnetwork/template/Main-Download-Printer-html5-Template/1.1/fonts/Simple-Line-Icons-Webfont/simple-line-icons.css
INFO: [ app_init ] --START--
INFO: Run Behavior\BuildLiteBehavior [ RunTime:0.000010s ]
INFO: [ app_init ] --END-- [ RunTime:0.000054s ]
ERR: Êó†Ê≥ïÂä†ËΩΩÊ®°Âùó:Wnetwork

[ 2025-10-27T13:04:03+08:00 ] ::1 /wnetwork/template/Main-Download-Printer-html5-Template/1.1/js/revolution-slider/css/layers.css
INFO: [ app_init ] --START--
INFO: Run Behavior\BuildLiteBehavior [ RunTime:0.000015s ]
INFO: [ app_init ] --END-- [ RunTime:0.000082s ]
ERR: Êó†Ê≥ïÂä†ËΩΩÊ®°Âùó:Wnetwork

[ 2025-10-27T13:04:03+08:00 ] ::1 /wnetwork/template/Main-Download-Printer-html5-Template/1.1/js/revolution-slider/css/navigation.css
INFO: [ app_init ] --START--
INFO: Run Behavior\BuildLiteBehavior [ RunTime:0.000010s ]
INFO: [ app_init ] --END-- [ RunTime:0.000060s ]
ERR: Êó†Ê≥ïÂä†ËΩΩÊ®°Âùó:Wnetwork

[ 2025-10-27T13:04:03+08:00 ] ::1 /wnetwork/template/Main-Download-Printer-html5-Template/1.1/js/owl-carousel/owl.theme.css
INFO: [ app_init ] --START--
INFO: Run Behavior\BuildLiteBehavior [ RunTime:0.000015s ]
INFO: [ app_init ] --END-- [ RunTime:0.000082s ]
ERR: Êó†Ê≥ïÂä†ËΩΩÊ®°Âùó:Wnetwork

[ 2025-10-27T13:04:03+08:00 ] ::1 /wnetwork/template/Main-Download-Printer-html5-Template/1.1/js/owl-carousel/owl.carousel.css
INFO: [ app_init ] --START--
INFO: Run Behavior\BuildLiteBehavior [ RunTime:0.000012s ]
INFO: [ app_init ] --END-- [ RunTime:0.000065s ]
ERR: Êó†Ê≥ïÂä†ËΩΩÊ®°Âùó:Wnetwork

[ 2025-10-27T13:04:03+08:00 ] ::1 /wnetwork/template/Main-Download-Printer-html5-Template/1.1/js/cubeportfolio/cubeportfolio.min.css
INFO: [ app_init ] --START--
INFO: Run Behavior\BuildLiteBehavior [ RunTime:0.000018s ]
INFO: [ app_init ] --END-- [ RunTime:0.000098s ]
ERR: Êó†Ê≥ïÂä†ËΩΩÊ®°Âùó:Wnetwork

[ 2025-10-27T13:04:03+08:00 ] ::1 /wnetwork/template/Main-Download-Printer-html5-Template/1.1/js/accordion/css/smk-accordion.css
INFO: [ app_init ] --START--
INFO: Run Behavior\BuildLiteBehavior [ RunTime:0.000013s ]
INFO: [ app_init ] --END-- [ RunTime:0.000078s ]
ERR: Êó†Ê≥ïÂä†ËΩΩÊ®°Âùó:Wnetwork

[ 2025-10-27T13:04:03+08:00 ] ::1 /wnetwork/template/Main-Download-Printer-html5-Template/1.1/js/jFlickrFeed/style.css
INFO: [ app_init ] --START--
INFO: Run Behavior\BuildLiteBehavior [ RunTime:0.000010s ]
INFO: [ app_init ] --END-- [ RunTime:0.000060s ]
ERR: Êó†Ê≥ïÂä†ËΩΩÊ®°Âùó:Wnetwork

[ 2025-10-27T13:04:03+08:00 ] ::1 /wnetwork/template/Main-Download-Printer-html5-Template/1.1/js/tabs/css/responsive-tabs.css
INFO: [ app_init ] --START--
INFO: Run Behavior\BuildLiteBehavior [ RunTime:0.000008s ]
INFO: [ app_init ] --END-- [ RunTime:0.000044s ]
ERR: Êó†Ê≥ïÂä†ËΩΩÊ®°Âùó:Wnetwork

[ 2025-10-27T13:04:03+08:00 ] ::1 /wnetwork/template/Main-Download-Printer-html5-Template/1.1/js/ytplayer/ytplayer.css
INFO: [ app_init ] --START--
INFO: Run Behavior\BuildLiteBehavior [ RunTime:0.000009s ]
INFO: [ app_init ] --END-- [ RunTime:0.000053s ]
ERR: Êó†Ê≥ïÂä†ËΩΩÊ®°Âùó:Wnetwork

[ 2025-10-27T13:04:03+08:00 ] ::1 /wnetwork/template/Main-Download-Printer-html5-Template/1.1/js/tabs/css/hairsaloon.css
INFO: [ app_init ] --START--
INFO: Run Behavior\BuildLiteBehavior [ RunTime:0.000027s ]
INFO: [ app_init ] --END-- [ RunTime:0.000177s ]
ERR: Êó†Ê≥ïÂä†ËΩΩÊ®°Âùó:Wnetwork

[ 2025-10-27T13:04:03+08:00 ] ::1 /wnetwork/template/Main-Download-Printer-html5-Template/1.1/js/smart-forms/smart-forms.css
INFO: [ app_init ] --START--
INFO: Run Behavior\BuildLiteBehavior [ RunTime:0.000018s ]
INFO: [ app_init ] --END-- [ RunTime:0.000118s ]
ERR: Êó†Ê≥ïÂä†ËΩΩÊ®°Âùó:Wnetwork

[ 2025-10-27T13:04:03+08:00 ] ::1 /wnetwork/template/Main-Download-Printer-html5-Template/1.1/js/tabs/css/barber.css
INFO: [ app_init ] --START--
INFO: Run Behavior\BuildLiteBehavior [ RunTime:0.000010s ]
INFO: [ app_init ] --END-- [ RunTime:0.000053s ]
ERR: Êó†Ê≥ïÂä†ËΩΩÊ®°Âùó:Wnetwork

[ 2025-10-27T13:04:03+08:00 ] ::1 /wnetwork/template/Main-Download-Printer-html5-Template/1.1/js/tabs/css/band.css
INFO: [ app_init ] --START--
INFO: Run Behavior\BuildLiteBehavior [ RunTime:0.000007s ]
INFO: [ app_init ] --END-- [ RunTime:0.000047s ]
ERR: Êó†Ê≥ïÂä†ËΩΩÊ®°Âùó:Wnetwork

[ 2025-10-27T13:04:03+08:00 ] ::1 /wnetwork/template/Main-Download-Printer-html5-Template/1.1/js/style-customizer/css/spectrum.css
INFO: [ app_init ] --START--
INFO: Run Behavior\BuildLiteBehavior [ RunTime:0.000013s ]
INFO: [ app_init ] --END-- [ RunTime:0.000073s ]
ERR: Êó†Ê≥ïÂä†ËΩΩÊ®°Âùó:Wnetwork

work

[ 2025-10-27T13:04:03+08:00 ] ::1 /wnetwork/pic/wnetwork.gif
INFO: [ app_init ] --START--
INFO: Run Behavior\BuildLiteBehavior [ RunTime:0.000017s ]
INFO: [ app_init ] --END-- [ RunTime:0.000085s ]
ERR: Êó†Ê≥ïÂä†ËΩΩÊ®°Âùó:Wnetwork

[ 2025-10-27T13:04:03+08:00 ] ::1 /wnetwork/pic/logo.png
INFO: [ app_init ] --START--
INFO: Run Behavior\BuildLiteBehavior [ RunTime:0.000013s ]
INFO: [ app_init ] --END-- [ RunTime:0.000075s ]
ERR: Êó†Ê≥ïÂä†ËΩΩÊ®°Âùó:Wnetwork

[ 2025-10-27T13:04:03+08:00 ] ::1 /wnetwork/pic/design.png
INFO: [ app_init ] --START--
INFO: Run Behavior\BuildLiteBehavior [ RunTime:0.000015s ]
INFO: [ app_init ] --END-- [ RunTime:0.000086s ]
ERR: Êó†Ê≥ïÂä†ËΩΩÊ®°Âùó:Wnetwork

[ 2025-10-27T13:04:03+08:00 ] ::1 /wnetwork/pic/banner.jpg
INFO: [ app_init ] --START--
INFO: Run Behavior\BuildLiteBehavior [ RunTime:0.000012s ]
INFO: [ app_init ] --END-- [ RunTime:0.000063s ]
ERR: Êó†Ê≥ïÂä†ËΩΩÊ®°Âùó:Wnetwork

[ 2025-10-27T13:04:03+08:00 ] ::1 /wnetwork/pic/sketch.png
INFO: [ app_init ] --START--
INFO: Run Behavior\BuildLiteBehavior [ RunTime:0.000011s ]
INFO: [ app_init ] --END-- [ RunTime:0.000059s ]
ERR: Êó†Ê≥ïÂä†ËΩΩÊ®°Âùó:Wnetwork

[ 2025-10-27T13:04:03+08:00 ] ::1 /wnetwork/template/Main-Download-Printer-html5-Template/1.1/js/bootstrap/bootstrap.min.js
INFO: [ app_init ] --START--
INFO: Run Behavior\BuildLiteBehavior [ RunTime:0.000006s ]
INFO: [ app_init ] --END-- [ RunTime:0.000037s ]
ERR: Êó†Ê≥ïÂä†ËΩΩÊ®°Âùó:Wnetwork

[ 2025-10-27T13:04:03+08:00 ] ::1 /wnetwork/template/Main-Download-Printer-html5-Template/1.1/js/jquery/jquery.js
INFO: [ app_init ] --START--
INFO: Run Behavior\BuildLiteBehavior [ RunTime:0.000007s ]
INFO: [ app_init ] --END-- [ RunTime:0.000051s ]
ERR: Êó†Ê≥ïÂä†ËΩΩÊ®°Âùó:Wnetwork

[ 2025-10-27T13:04:03+08:00 ] ::1 /wnetwork/template/Main-Download-Printer-html5-Template/1.1/js/style-customizer/js/spectrum.js
INFO: [ app_init ] --START--
INFO: Run Behavior\BuildLiteBehavior [ RunTime:0.000008s ]
INFO: [ app_init ] --END-- [ RunTime:0.000048s ]
ERR: Êó†Ê≥ïÂä†ËΩΩÊ®°Âùó:Wnetwork

[ 2025-10-27T13:04:03+08:00 ] ::1 /wnetwork/template/Main-Download-Printer-html5-Template/1.1/js/less/less.min.js
INFO: [ app_init ] --START--
INFO: Run Behavior\BuildLiteBehavior [ RunTime:0.000009s ]
INFO: [ app_init ] --END-- [ RunTime:0.000058s ]
ERR: Êó†Ê≥ïÂä†ËΩΩÊ®°Âùó:Wnetwork

°Âùó:Wnetwork

[ 2025-10-27T13:04:03+08:00 ] ::1 /wnetwork/template/Main-Download-Printer-html5-Template/1.1/js/style-customizer/js/style-customizer.js
INFO: [ app_init ] --START--
INFO: Run Behavior\BuildLiteBehavior [ RunTime:0.000012s ]
INFO: [ app_init ] --END-- [ RunTime:0.000065s ]
ERR: Êó†Ê≥ïÂä†ËΩΩÊ®°Âùó:Wnetwork

[ 2025-10-27T13:04:03+08:00 ] ::1 /wnetwork/template/Main-Download-Printer-html5-Template/1.1/js/megamenu/js/main.js
INFO: [ app_init ] --START--
INFO: Run Behavior\BuildLiteBehavior [ RunTime:0.000016s ]
INFO: [ app_init ] --END-- [ RunTime:0.000078s ]
ERR: Êó†Ê≥ïÂä†ËΩΩÊ®°Âùó:Wnetwork

[ 2025-10-27T13:04:03+08:00 ] ::1 /wnetwork/template/Main-Download-Printer-html5-Template/1.1/js/owl-carousel/owl.carousel.js
INFO: [ app_init ] --START--
INFO: Run Behavior\BuildLiteBehavior [ RunTime:0.000010s ]
INFO: [ app_init ] --END-- [ RunTime:0.000061s ]
ERR: Êó†Ê≥ïÂä†ËΩΩÊ®°Âùó:Wnetwork

[ 2025-10-27T13:04:03+08:00 ] ::1 /wnetwork/template/Main-Download-Printer-html5-Template/1.1/js/owl-carousel/custom.js
INFO: [ app_init ] --START--
INFO: Run Behavior\BuildLiteBehavior [ RunTime:0.000030s ]
INFO: [ app_init ] --END-- [ RunTime:0.000088s ]
ERR: Êó†Ê≥ïÂä†ËΩΩÊ®°Âùó:Wnetwork

[ 2025-10-27T13:04:03+08:00 ] ::1 /wnetwork/template/Main-Download-Printer-html5-Template/1.1/js/ytplayer/play-pause-btn.js
INFO: [ app_init ] --START--
INFO: Run Behavior\BuildLiteBehavior [ RunTime:0.000012s ]
INFO: [ app_init ] --END-- [ RunTime:0.000066s ]
ERR: Êó†Ê≥ïÂä†ËΩΩÊ®°Âùó:Wnetwork

[ 2025-10-27T13:04:03+08:00 ] ::1 /wnetwork/template/Main-Download-Printer-html5-Template/1.1/js/ytplayer/elementvideo-custom.js
INFO: [ app_init ] --START--
INFO: Run Behavior\BuildLiteBehavior [ RunTime:0.000011s ]
INFO: [ app_init ] --END-- [ RunTime:0.000066s ]
ERR: Êó†Ê≥ïÂä†ËΩΩÊ®°Âùó:Wnetwork

[ 2025-10-27T13:04:03+08:00 ] ::1 /wnetwork/template/Main-Download-Printer-html5-Template/1.1/js/ytplayer/jquery.mb.YTPlayer.js
INFO: [ app_init ] --START--
INFO: Run Behavior\BuildLiteBehavior [ RunTime:0.000009s ]
INFO: [ app_init ] --END-- [ RunTime:0.000061s ]
ERR: Êó†Ê≥ïÂä†ËΩΩÊ®°Âùó:Wnetwork

[ 2025-10-27T13:04:03+08:00 ] ::1 /wnetwork/template/Main-Download-Printer-html5-Template/1.1/js/accordion/js/smk-accordion.js
INFO: [ app_init ] --START--
INFO: Run Behavior\BuildLiteBehavior [ RunTime:0.000017s ]
INFO: [ app_init ] --END-- [ RunTime:0.000083s ]
ERR: Êó†Ê≥ïÂä†ËΩΩÊ®°Âùó:Wnetwork

[ 2025-10-27T13:04:03+08:00 ] ::1 /wnetwork/template/Main-Download-Printer-html5-Template/1.1/js/cubeportfolio/jquery.cubeportfolio.min.js
INFO: [ app_init ] --START--
INFO: Run Behavior\BuildLiteBehavior [ RunTime:0.000010s ]
INFO: [ app_init ] --END-- [ RunTime:0.000050s ]
ERR: Êó†Ê≥ïÂä†ËΩΩÊ®°Âùó:Wnetwork

[ 2025-10-27T13:04:03+08:00 ] ::1 /wnetwork/template/Main-Download-Printer-html5-Template/1.1/js/cubeportfolio/main-mosaic3.js
INFO: [ app_init ] --START--
INFO: Run Behavior\BuildLiteBehavior [ RunTime:0.000010s ]
INFO: [ app_init ] --END-- [ RunTime:0.000057s ]
ERR: Êó†Ê≥ïÂä†ËΩΩÊ®°Âùó:Wnetwork

[ 2025-10-27T13:04:03+08:00 ] ::1 /wnetwork/template/Main-Download-Printer-html5-Template/1.1/js/tabs/js/responsive-tabs.min.js
INFO: [ app_init ] --START--
INFO: Run Behavior\BuildLiteBehavior [ RunTime:0.000013s ]
INFO: [ app_init ] --END-- [ RunTime:0.000073s ]
ERR: Êó†Ê≥ïÂä†ËΩΩÊ®°Âùó:Wnetwork

[ 2025-10-27T13:04:03+08:00 ] ::1 /wnetwork/template/Main-Download-Printer-html5-Template/1.1/js/revolution-slider/js/jquery.themepunch.tools.min.js
INFO: [ app_init ] --START--
INFO: Run Behavior\BuildLiteBehavior [ RunTime:0.000007s ]
INFO: [ app_init ] --END-- [ RunTime:0.000044s ]
ERR: Êó†Ê≥ïÂä†ËΩΩÊ®°Âùó:Wnetwork

[ 2025-10-27T13:04:03+08:00 ] ::1 /wnetwork/template/Main-Download-Printer-html5-Template/1.1/js/revolution-slider/js/extensions/revolution.extension.video.min.js
INFO: [ app_init ] --START--
INFO: Run Behavior\BuildLiteBehavior [ RunTime:0.000013s ]
INFO: [ app_init ] --END-- [ RunTime:0.000075s ]
ERR: Êó†Ê≥ïÂä†ËΩΩÊ®°Âùó:Wnetwork

[ 2025-10-27T13:04:03+08:00 ] ::1 /wnetwork/template/Main-Download-Printer-html5-Template/1.1/js/revolution-slider/js/jquery.themepunch.revolution.min.js
INFO: [ app_init ] --START--
INFO: Run Behavior\BuildLiteBehavior [ RunTime:0.000020s ]
INFO: [ app_init ] --END-- [ RunTime:0.000104s ]
ERR: Êó†Ê≥ïÂä†ËΩΩÊ®°Âùó:Wnetwork

[ 2025-10-27T13:04:03+08:00 ] ::1 /wnetwork/template/Main-Download-Printer-html5-Template/1.1/js/revolution-slider/js/extensions/revolution.extension.slideanims.min.js
INFO: [ app_init ] --START--
INFO: Run Behavior\BuildLiteBehavior [ RunTime:0.000014s ]
INFO: [ app_init ] --END-- [ RunTime:0.000069s ]
ERR: Êó†Ê≥ïÂä†ËΩΩÊ®°Âùó:Wnetwork

[ 2025-10-27T13:04:03+08:00 ] ::1 /wnetwork/template/Main-Download-Printer-html5-Template/1.1/js/revolution-slider/js/extensions/revolution.extension.layeranimation.min.js
INFO: [ app_init ] --START--
INFO: Run Behavior\BuildLiteBehavior [ RunTime:0.000012s ]
INFO: [ app_init ] --END-- [ RunTime:0.000117s ]
ERR: Êó†Ê≥ïÂä†ËΩΩÊ®°Âùó:Wnetwork

[ 2025-10-27T13:04:03+08:00 ] ::1 /wnetwork/fonts/Jonathan%20Ball%20-%20Acre-Medium.otf
INFO: [ app_init ] --START--
INFO: Run Behavior\BuildLiteBehavior [ RunTime:0.000011s ]
INFO: [ app_init ] --END-- [ RunTime:0.000064s ]
ERR: Êó†Ê≥ïÂä†ËΩΩÊ®°Âùó:Wnetwork

[ 2025-10-27T13:04:03+08:00 ] ::1 /wnetwork/template/Main-Download-Printer-html5-Template/1.1/js/revolution-slider/js/extensions/revolution.extension.kenburn.min.js
INFO: [ app_init ] --START--
INFO: Run Behavior\BuildLiteBehavior [ RunTime:0.000009s ]
INFO: [ app_init ] --END-- [ RunTime:0.000049s ]
ERR: Êó†Ê≥ïÂä†ËΩΩÊ®°Âùó:Wnetwork

[ 2025-10-27T13:04:03+08:00 ] ::1 /wnetwork/template/Main-Download-Printer-html5-Template/1.1/js/revolution-slider/js/extensions/revolution.extension.navigation.min.js
INFO: [ app_init ] --START--
INFO: Run Behavior\BuildLiteBehavior [ RunTime:0.000012s ]
INFO: [ app_init ] --END-- [ RunTime:0.000062s ]
ERR: Êó†Ê≥ïÂä†ËΩΩÊ®°Âùó:Wnetwork

[ 2025-10-27T13:04:03+08:00 ] ::1 /wnetwork/template/Main-Download-Printer-html5-Template/1.1/js/revolution-slider/js/extensions/revolution.extension.parallax.min.js
INFO: [ app_init ] --START--
INFO: Run Behavior\BuildLiteBehavior [ RunTime:0.000017s ]
INFO: [ app_init ] --END-- [ RunTime:0.000096s ]
ERR: Êó†Ê≥ïÂä†ËΩΩÊ®°Âùó:Wnetwork

[ 2025-10-27T13:04:03+08:00 ] ::1 /wnetwork/template/Main-Download-Printer-html5-Template/1.1/js/revolution-slider/js/extensions/revolution.extension.actions.min.js
INFO: [ app_init ] --START--
INFO: Run Behavior\BuildLiteBehavior [ RunTime:0.000008s ]
INFO: [ app_init ] --END-- [ RunTime:0.000052s ]
ERR: Êó†Ê≥ïÂä†ËΩΩÊ®°Âùó:Wnetwork

[ 2025-10-27T13:04:03+08:00 ] ::1 /wnetwork/template/Main-Download-Printer-html5-Template/1.1/js/revolution-slider/js/extensions/revolution.extension.carousel.min.js
INFO: [ app_init ] --START--
INFO: Run Behavior\BuildLiteBehavior [ RunTime:0.000014s ]
INFO: [ app_init ] --END-- [ RunTime:0.000075s ]
ERR: Êó†Ê≥ïÂä†ËΩΩÊ®°Âùó:Wnetwork

[ 2025-10-27T13:04:03+08:00 ] ::1 /wnetwork/template/Main-Download-Printer-html5-Template/1.1/js/revolution-slider/js/extensions/revolution.extension.migration.min.js
INFO: [ app_init ] --START--
INFO: Run Behavior\BuildLiteBehavior [ RunTime:0.000009s ]
INFO: [ app_init ] --END-- [ RunTime:0.000045s ]
ERR: Êó†Ê≥ïÂä†ËΩΩÊ®°Âùó:Wnetwork

[ 2025-10-27T13:04:03+08:00 ] ::1 /wnetwork/template/Main-Download-Printer-html5-Template/1.1/js/jFlickrFeed/jflickrfeed.min.js
INFO: [ app_init ] --START--
INFO: Run Behavior\BuildLiteBehavior [ RunTime:0.000007s ]
INFO: [ app_init ] --END-- [ RunTime:0.000049s ]
ERR: Êó†Ê≥ïÂä†ËΩΩÊ®°Âùó:Wnetwork

[ 2025-10-27T13:04:03+08:00 ] ::1 /wnetwork/template/Main-Download-Printer-html5-Template/1.1/js/functions/functions.js
INFO: [ app_init ] --START--
INFO: Run Behavior\BuildLiteBehavior [ RunTime:0.000009s ]
INFO: [ app_init ] --END-- [ RunTime:0.000060s ]
ERR: Êó†Ê≥ïÂä†ËΩΩÊ®°Âùó:Wnetwork

[ 2025-10-27T13:04:03+08:00 ] ::1 /wnetwork/pic/web.png
INFO: [ app_init ] --START--
INFO: Run Behavior\BuildLiteBehavior [ RunTime:0.000010s ]
INFO: [ app_init ] --END-- [ RunTime:0.000064s ]
ERR: Êó†Ê≥ïÂä†ËΩΩÊ®°Âùó:Wnetwork

[ 2025-10-27T13:04:03+08:00 ] ::1 /wnetwork/pic/ecommerce.png
INFO: [ app_init ] --START--
INFO: Run Behavior\BuildLiteBehavior [ RunTime:0.000012s ]
INFO: [ app_init ] --END-- [ RunTime:0.000076s ]
ERR: Êó†Ê≥ïÂä†ËΩΩÊ®°Âùó:Wnetwork

[ 2025-10-27T13:04:04+08:00 ] ::1 /wnetwork/pic/develop.png
INFO: [ app_init ] --START--
INFO: Run Behavior\BuildLiteBehavior [ RunTime:0.000012s ]
INFO: [ app_init ] --END-- [ RunTime:0.000053s ]
ERR: Êó†Ê≥ïÂä†ËΩΩÊ®°Âùó:Wnetwork

[ 2025-10-27T13:04:04+08:00 ] ::1 /wnetwork/pic/office2.jpg
INFO: [ app_init ] --START--
INFO: Run Behavior\BuildLiteBehavior [ RunTime:0.000006s ]
INFO: [ app_init ] --END-- [ RunTime:0.000033s ]
ERR: Êó†Ê≥ïÂä†ËΩΩÊ®°Âùó:Wnetwork

[ 2025-10-27T13:04:04+08:00 ] ::1 /wnetwork/pic/office1.jpg
INFO: [ app_init ] --START--
INFO: Run Behavior\BuildLiteBehavior [ RunTime:0.000006s ]
INFO: [ app_init ] --END-- [ RunTime:0.000029s ]
ERR: Êó†Ê≥ïÂä†ËΩΩÊ®°Âùó:Wnetwork

[ 2025-10-27T13:04:04+08:00 ] ::1 /wnetwork/pic/office3.jpg
INFO: [ app_init ] --START--
INFO: Run Behavior\BuildLiteBehavior [ RunTime:0.000008s ]
INFO: [ app_init ] --END-- [ RunTime:0.000049s ]
ERR: Êó†Ê≥ïÂä†ËΩΩÊ®°Âùó:Wnetwork

[ 2025-10-27T13:04:04+08:00 ] ::1 /wnetwork/pic/website2.png
INFO: [ app_init ] --START--
INFO: Run Behavior\BuildLiteBehavior [ RunTime:0.000005s ]
INFO: [ app_init ] --END-- [ RunTime:0.000030s ]
ERR: Êó†Ê≥ïÂä†ËΩΩÊ®°Âùó:Wnetwork

[ 2025-10-27T13:04:04+08:00 ] ::1 /wnetwork/pic/website1.png
INFO: [ app_init ] --START--
INFO: Run Behavior\BuildLiteBehavior [ RunTime:0.000007s ]
INFO: [ app_init ] --END-- [ RunTime:0.000044s ]
ERR: Êó†Ê≥ïÂä†ËΩΩÊ®°Âùó:Wnetwork

[ 2025-10-27T13:04:04+08:00 ] ::1 /wnetwork/fonts/Inter-Regular.ttf
INFO: [ app_init ] --START--
INFO: Run Behavior\BuildLiteBehavior [ RunTime:0.000007s ]
INFO: [ app_init ] --END-- [ RunTime:0.000045s ]
ERR: Êó†Ê≥ïÂä†ËΩΩÊ®°Âùó:Wnetwork

[ 2025-10-27T13:04:04+08:00 ] ::1 /wnetwork/template/Main-Download-Printer-html5-Template/1.1/js/revolution-slider/js/extensions/revolution.extension.actions.min.js
INFO: [ app_init ] --START--
INFO: Run Behavior\BuildLiteBehavior [ RunTime:0.000017s ]
INFO: [ app_init ] --END-- [ RunTime:0.000086s ]
ERR: Êó†Ê≥ïÂä†ËΩΩÊ®°Âùó:Wnetwork

[ 2025-10-27T13:04:04+08:00 ] ::1 /wnetwork/pic/mobile1.png
INFO: [ app_init ] --START--
INFO: Run Behavior\BuildLiteBehavior [ RunTime:0.000009s ]
INFO: [ app_init ] --END-- [ RunTime:0.000057s ]
ERR: Êó†Ê≥ïÂä†ËΩΩÊ®°Âùó:Wnetwork

[ 2025-10-27T13:04:04+08:00 ] ::1 /wnetwork/pic/website6.png
INFO: [ app_init ] --START--
INFO: Run Behavior\BuildLiteBehavior [ RunTime:0.000010s ]
INFO: [ app_init ] --END-- [ RunTime:0.000053s ]
ERR: Êó†Ê≥ïÂä†ËΩΩÊ®°Âùó:Wnetwork

[ 2025-10-27T13:04:04+08:00 ] ::1 /wnetwork/pic/website3.png
INFO: [ app_init ] --START--
INFO: Run Behavior\BuildLiteBehavior [ RunTime:0.000007s ]
INFO: [ app_init ] --END-- [ RunTime:0.000044s ]
ERR: Êó†Ê≥ïÂä†ËΩΩÊ®°Âùó:Wnetwork

[ 2025-10-27T13:04:04+08:00 ] ::1 /wnetwork/pic/website5.png
INFO: [ app_init ] --START--
INFO: Run Behavior\BuildLiteBehavior [ RunTime:0.000008s ]
INFO: [ app_init ] --END-- [ RunTime:0.000054s ]
ERR: Êó†Ê≥ïÂä†ËΩΩÊ®°Âùó:Wnetwork

[ 2025-10-27T13:04:04+08:00 ] ::1 /wnetwork/pic/website4.png
INFO: [ app_init ] --START--
INFO: Run Behavior\BuildLiteBehavior [ RunTime:0.000009s ]
INFO: [ app_init ] --END-- [ RunTime:0.000052s ]
ERR: Êó†Ê≥ïÂä†ËΩΩÊ®°Âùó:Wnetwork

[ 2025-10-27T13:04:04+08:00 ] ::1 /wnetwork/pic/mobile2.png
INFO: [ app_init ] --START--
INFO: Run Behavior\BuildLiteBehavior [ RunTime:0.000011s ]
INFO: [ app_init ] --END-- [ RunTime:0.000060s ]
ERR: Êó†Ê≥ïÂä†ËΩΩÊ®°Âùó:Wnetwork

[ 2025-10-27T13:04:04+08:00 ] ::1 /wnetwork/pic/mobile4.png
INFO: [ app_init ] --START--
INFO: Run Behavior\BuildLiteBehavior [ RunTime:0.000012s ]
INFO: [ app_init ] --END-- [ RunTime:0.000057s ]
ERR: Êó†Ê≥ïÂä†ËΩΩÊ®°Âùó:Wnetwork

[ 2025-10-27T13:04:04+08:00 ] ::1 /wnetwork/pic/twinpalm.png
INFO: [ app_init ] --START--
INFO: Run Behavior\BuildLiteBehavior [ RunTime:0.000005s ]
INFO: [ app_init ] --END-- [ RunTime:0.000035s ]
ERR: Êó†Ê≥ïÂä†ËΩΩÊ®°Âùó:Wnetwork

[ 2025-10-27T13:04:04+08:00 ] ::1 /wnetwork/pic/inbocsz.png
INFO: [ app_init ] --START--
INFO: Run Behavior\BuildLiteBehavior [ RunTime:0.000005s ]
INFO: [ app_init ] --END-- [ RunTime:0.000030s ]
ERR: Êó†Ê≥ïÂä†ËΩΩÊ®°Âùó:Wnetwork

[ 2025-10-27T13:04:04+08:00 ] ::1 /wnetwork/pic/mobile3.png
INFO: [ app_init ] --START--
INFO: Run Behavior\BuildLiteBehavior [ RunTime:0.000005s ]
INFO: [ app_init ] --END-- [ RunTime:0.000033s ]
ERR: Êó†Ê≥ïÂä†ËΩΩÊ®°Âùó:Wnetwork

[ 2025-10-27T13:04:04+08:00 ] ::1 /wnetwork/pic/fintech.png
INFO: [ app_init ] --START--
INFO: Run Behavior\BuildLiteBehavior [ RunTime:0.000009s ]
INFO: [ app_init ] --END-- [ RunTime:0.000132s ]
ERR: Êó†Ê≥ïÂä†ËΩΩÊ®°Âùó:Wnetwork

[ 2025-10-27T13:04:04+08:00 ] ::1 /wnetwork/template/Main-Download-Printer-html5-Template/1.1/js/revolution-slider/js/extensions/revolution.extension.kenburn.min.js
INFO: [ app_init ] --START--
INFO: Run Behavior\BuildLiteBehavior [ RunTime:0.000009s ]
INFO: [ app_init ] --END-- [ RunTime:0.000054s ]
ERR: Êó†Ê≥ïÂä†ËΩΩÊ®°Âùó:Wnetwork

[ 2025-10-27T13:04:04+08:00 ] ::1 /wnetwork/pic/UWE.png
INFO: [ app_init ] --START--
INFO: Run Behavior\BuildLiteBehavior [ RunTime:0.000009s ]
INFO: [ app_init ] --END-- [ RunTime:0.000065s ]
ERR: Êó†Ê≥ïÂä†ËΩΩÊ®°Âùó:Wnetwork

[ 2025-10-27T13:04:04+08:00 ] ::1 /wnetwork/pic/Linurex.png
INFO: [ app_init ] --START--
INFO: Run Behavior\BuildLiteBehavior [ RunTime:0.000014s ]
INFO: [ app_init ] --END-- [ RunTime:0.000078s ]
ERR: Êó†Ê≥ïÂä†ËΩΩÊ®°Âùó:Wnetwork

[ 2025-10-27T13:04:04+08:00 ] ::1 /wnetwork/pic/logo.png
INFO: [ app_init ] --START--
INFO: Run Behavior\BuildLiteBehavior [ RunTime:0.000010s ]
INFO: [ app_init ] --END-- [ RunTime:0.000053s ]
ERR: Êó†Ê≥ïÂä†ËΩΩÊ®°Âùó:Wnetwork

[ 2025-10-27T13:04:04+08:00 ] ::1 /wnetwork/template/Main-Download-Printer-html5-Template/1.1/js/revolution-slider/js/extensions/revolution.extension.layeranimation.min.js
INFO: [ app_init ] --START--
INFO: Run Behavior\BuildLiteBehavior [ RunTime:0.000007s ]
INFO: [ app_init ] --END-- [ RunTime:0.000041s ]
ERR: Êó†Ê≥ïÂä†ËΩΩÊ®°Âùó:Wnetwork

[ 2025-10-27T13:04:04+08:00 ] ::1 /wnetwork/template/Main-Download-Printer-html5-Template/1.1/js/revolution-slider/js/extensions/revolution.extension.navigation.min.js
INFO: [ app_init ] --START--
INFO: Run Behavior\BuildLiteBehavior [ RunTime:0.000005s ]
INFO: [ app_init ] --END-- [ RunTime:0.000031s ]
ERR: Êó†Ê≥ïÂä†ËΩΩÊ®°Âùó:Wnetwork

[ 2025-10-27T13:04:04+08:00 ] ::1 /wnetwork/template/Main-Download-Printer-html5-Template/1.1/js/revolution-slider/js/extensions/revolution.extension.parallax.min.js
INFO: [ app_init ] --START--
INFO: Run Behavior\BuildLiteBehavior [ RunTime:0.000006s ]
INFO: [ app_init ] --END-- [ RunTime:0.000033s ]
ERR: Êó†Ê≥ïÂä†ËΩΩÊ®°Âùó:Wnetwork

[ 2025-10-27T13:04:04+08:00 ] ::1 /wnetwork/template/Main-Download-Printer-html5-Template/1.1/js/revolution-slider/js/extensions/revolution.extension.actions.min.js
INFO: [ app_init ] --START--
INFO: Run Behavior\BuildLiteBehavior [ RunTime:0.000007s ]
INFO: [ app_init ] --END-- [ RunTime:0.000037s ]
ERR: Êó†Ê≥ïÂä†ËΩΩÊ®°Âùó:Wnetwork

[ 2025-10-27T13:04:04+08:00 ] ::1 /wnetwork/template/Main-Download-Printer-html5-Template/1.1/js/revolution-slider/js/extensions/revolution.extension.slideanims.min.js
INFO: [ app_init ] --START--
INFO: Run Behavior\BuildLiteBehavior [ RunTime:0.000009s ]
INFO: [ app_init ] --END-- [ RunTime:0.000055s ]
ERR: Êó†Ê≥ïÂä†ËΩΩÊ®°Âùó:Wnetwork

[ 2025-10-27T13:04:04+08:00 ] ::1 /wnetwork/template/Main-Download-Printer-html5-Template/1.1/js/revolution-slider/js/extensions/revolution.extension.video.min.js
INFO: [ app_init ] --START--
INFO: Run Behavior\BuildLiteBehavior [ RunTime:0.000019s ]
INFO: [ app_init ] --END-- [ RunTime:0.000115s ]
ERR: Êó†Ê≥ïÂä†ËΩΩÊ®°Âùó:Wnetwork

[ 2025-10-27T13:04:04+08:00 ] ::1 /favicon.ico
INFO: [ app_init ] --START--
INFO: Run Behavior\BuildLiteBehavior [ RunTime:0.000010s ]
INFO: [ app_init ] --END-- [ RunTime:0.000046s ]
ERR: Êó†Ê≥ïÂä†ËΩΩÊ®°Âùó:Favicon

[ 2025-10-27T13:04:11+08:00 ] ::1 /wnetwork/template/Main-Download-Printer-html5-Template/1.1/fonts/font-awesome/css/font-awesome.min.css
INFO: [ app_init ] --START--
INFO: Run Behavior\BuildLiteBehavior [ RunTime:0.000008s ]
INFO: [ app_init ] --END-- [ RunTime:0.000061s ]
ERR: Êó†Ê≥ïÂä†ËΩΩÊ®°Âùó:Wnetwork

[ 2025-10-27T13:04:11+08:00 ] ::1 /wnetwork/template/Main-Download-Printer-html5-Template/1.1/js/megamenu/stylesheets/screen.css
INFO: [ app_init ] --START--
INFO: Run Behavior\BuildLiteBehavior [ RunTime:0.000007s ]
INFO: [ app_init ] --END-- [ RunTime:0.000033s ]
ERR: Êó†Ê≥ïÂä†ËΩΩÊ®°Âùó:Wnetwork

[ 2025-10-27T13:04:11+08:00 ] ::1 /wnetwork/template/Main-Download-Printer-html5-Template/1.1/js/loaders/stylesheets/screen.css
INFO: [ app_init ] --START--
INFO: Run Behavior\BuildLiteBehavior [ RunTime:0.000006s ]
INFO: [ app_init ] --END-- [ RunTime:0.000041s ]
ERR: Êó†Ê≥ïÂä†ËΩΩÊ®°Âùó:Wnetwork

[ 2025-10-27T13:04:11+08:00 ] ::1 /wnetwork/template/Main-Download-Printer-html5-Template/1.1/css/theme-default.css
INFO: [ app_init ] --START--
INFO: Run Behavior\BuildLiteBehavior [ RunTime:0.000008s ]
INFO: [ app_init ] --END-- [ RunTime:0.000050s ]
ERR: Êó†Ê≥ïÂä†ËΩΩÊ®°Âùó:Wnetwork

[ 2025-10-27T13:04:11+08:00 ] ::1 /wnetwork/template/Main-Download-Printer-html5-Template/1.1/js/bootstrap/bootstrap.min.css
INFO: [ app_init ] --START--
INFO: Run Behavior\BuildLiteBehavior [ RunTime:0.000009s ]
INFO: [ app_init ] --END-- [ RunTime:0.000054s ]
ERR: Êó†Ê≥ïÂä†ËΩΩÊ®°Âùó:Wnetwork

[ 2025-10-27T13:04:11+08:00 ] ::1 /wnetwork/template/Main-Download-Printer-html5-Template/1.1/js/revolution-slider/css/layers.css
INFO: [ app_init ] --START--
INFO: Run Behavior\BuildLiteBehavior [ RunTime:0.000005s ]
INFO: [ app_init ] --END-- [ RunTime:0.000031s ]
ERR: Êó†Ê≥ïÂä†ËΩΩÊ®°Âùó:Wnetwork

[ 2025-10-27T13:04:11+08:00 ] ::1 /wnetwork/template/Main-Download-Printer-html5-Template/1.1/fonts/et-line-font/et-line-font.css
INFO: [ app_init ] --START--
INFO: Run Behavior\BuildLiteBehavior [ RunTime:0.000013s ]
INFO: [ app_init ] --END-- [ RunTime:0.000071s ]
ERR: Êó†Ê≥ïÂä†ËΩΩÊ®°Âùó:Wnetwork

[ 2025-10-27T13:04:11+08:00 ] ::1 /wnetwork/template/Main-Download-Printer-html5-Template/1.1/js/owl-carousel/owl.carousel.css
INFO: [ app_init ] --START--
INFO: Run Behavior\BuildLiteBehavior [ RunTime:0.000005s ]
INFO: [ app_init ] --END-- [ RunTime:0.000031s ]
ERR: Êó†Ê≥ïÂä†ËΩΩÊ®°Âùó:Wnetwork

[ 2025-10-27T13:04:11+08:00 ] ::1 /wnetwork/template/Main-Download-Printer-html5-Template/1.1/js/revolution-slider/css/settings.css
INFO: [ app_init ] --START--
INFO: Run Behavior\BuildLiteBehavior [ RunTime:0.000005s ]
INFO: [ app_init ] --END-- [ RunTime:0.000029s ]
ERR: Êó†Ê≥ïÂä†ËΩΩÊ®°Âùó:Wnetwork

[ 2025-10-27T13:04:11+08:00 ] ::1 /wnetwork/template/Main-Download-Printer-html5-Template/1.1/fonts/Simple-Line-Icons-Webfont/simple-line-icons.css
INFO: [ app_init ] --START--
INFO: Run Behavior\BuildLiteBehavior [ RunTime:0.000005s ]
INFO: [ app_init ] --END-- [ RunTime:0.000030s ]
ERR: Êó†Ê≥ïÂä†ËΩΩÊ®°Âùó:Wnetwork

[ 2025-10-27T13:04:11+08:00 ] ::1 /wnetwork/template/Main-Download-Printer-html5-Template/1.1/js/revolution-slider/css/navigation.css
INFO: [ app_init ] --START--
INFO: Run Behavior\BuildLiteBehavior [ RunTime:0.000011s ]
INFO: [ app_init ] --END-- [ RunTime:0.000057s ]
ERR: Êó†Ê≥ïÂä†ËΩΩÊ®°Âùó:Wnetwork

[ 2025-10-27T13:04:11+08:00 ] ::1 /wnetwork/template/Main-Download-Printer-html5-Template/1.1/js/cubeportfolio/cubeportfolio.min.css
INFO: [ app_init ] --START--
INFO: Run Behavior\BuildLiteBehavior [ RunTime:0.000007s ]
INFO: [ app_init ] --END-- [ RunTime:0.000036s ]
ERR: Êó†Ê≥ïÂä†ËΩΩÊ®°Âùó:Wnetwork

[ 2025-10-27T13:04:11+08:00 ] ::1 /wnetwork/template/Main-Download-Printer-html5-Template/1.1/js/tabs/css/responsive-tabs.css
INFO: [ app_init ] --START--
INFO: Run Behavior\BuildLiteBehavior [ RunTime:0.000005s ]
INFO: [ app_init ] --END-- [ RunTime:0.000030s ]
ERR: Êó†Ê≥ïÂä†ËΩΩÊ®°Âùó:Wnetwork

[ 2025-10-27T13:04:11+08:00 ] ::1 /wnetwork/template/Main-Download-Printer-html5-Template/1.1/js/ytplayer/ytplayer.css
INFO: [ app_init ] --START--
INFO: Run Behavior\BuildLiteBehavior [ RunTime:0.000009s ]
INFO: [ app_init ] --END-- [ RunTime:0.000052s ]
ERR: Êó†Ê≥ïÂä†ËΩΩÊ®°Âùó:Wnetwork

[ 2025-10-27T13:04:11+08:00 ] ::1 /wnetwork/template/Main-Download-Printer-html5-Template/1.1/js/owl-carousel/owl.theme.css
INFO: [ app_init ] --START--
INFO: Run Behavior\BuildLiteBehavior [ RunTime:0.000006s ]
INFO: [ app_init ] --END-- [ RunTime:0.000028s ]
ERR: Êó†Ê≥ïÂä†ËΩΩÊ®°Âùó:Wnetwork

[ 2025-10-27T13:04:11+08:00 ] ::1 /wnetwork/template/Main-Download-Printer-html5-Template/1.1/js/jFlickrFeed/style.css
INFO: [ app_init ] --START--
INFO: Run Behavior\BuildLiteBehavior [ RunTime:0.000009s ]
INFO: [ app_init ] --END-- [ RunTime:0.000055s ]
ERR: Êó†Ê≥ïÂä†ËΩΩÊ®°Âùó:Wnetwork

[ 2025-10-27T13:04:11+08:00 ] ::1 /wnetwork/template/Main-Download-Printer-html5-Template/1.1/js/accordion/css/smk-accordion.css
INFO: [ app_init ] --START--
INFO: Run Behavior\BuildLiteBehavior [ RunTime:0.000008s ]
INFO: [ app_init ] --END-- [ RunTime:0.000051s ]
ERR: Êó†Ê≥ïÂä†ËΩΩÊ®°Âùó:Wnetwork

[ 2025-10-27T13:04:11+08:00 ] ::1 /wnetwork/template/Main-Download-Printer-html5-Template/1.1/js/tabs/css/hairsaloon.css
INFO: [ app_init ] --START--
INFO: Run Behavior\BuildLiteBehavior [ RunTime:0.000015s ]
INFO: [ app_init ] --END-- [ RunTime:0.000074s ]
ERR: Êó†Ê≥ïÂä†ËΩΩÊ®°Âùó:Wnetwork

[ 2025-10-27T13:04:11+08:00 ] ::1 /wnetwork/template/Main-Download-Printer-html5-Template/1.1/js/tabs/css/band.css
INFO: [ app_init ] --START--
INFO: Run Behavior\BuildLiteBehavior [ RunTime:0.000014s ]
INFO: [ app_init ] --END-- [ RunTime:0.000067s ]
ERR: Êó†Ê≥ïÂä†ËΩΩÊ®°Âùó:Wnetwork

[ 2025-10-27T13:04:11+08:00 ] ::1 /wnetwork/template/Main-Download-Printer-html5-Template/1.1/js/smart-forms/smart-forms.css
INFO: [ app_init ] --START--
INFO: Run Behavior\BuildLiteBehavior [ RunTime:0.000011s ]
INFO: [ app_init ] --END-- [ RunTime:0.000064s ]
ERR: Êó†Ê≥ïÂä†ËΩΩÊ®°Âùó:Wnetwork

[ 2025-10-27T13:04:11+08:00 ] ::1 /wnetwork/template/Main-Download-Printer-html5-Template/1.1/js/style-customizer/css/spectrum.css
INFO: [ app_init ] --START--
INFO: Run Behavior\BuildLiteBehavior [ RunTime:0.000008s ]
INFO: [ app_init ] --END-- [ RunTime:0.000044s ]
ERR: Êó†Ê≥ïÂä†ËΩΩÊ®°Âùó:Wnetwork

[ 2025-10-27T13:04:11+08:00 ] ::1 /wnetwork/template/Main-Download-Printer-html5-Template/1.1/js/tabs/css/barber.css
INFO: [ app_init ] --START--
INFO: Run Behavior\BuildLiteBehavior [ RunTime:0.000010s ]
INFO: [ app_init ] --END-- [ RunTime:0.000061s ]
ERR: Êó†Ê≥ïÂä†ËΩΩÊ®°Âùó:Wnetwork

[ 2025-10-27T13:04:11+08:00 ] ::1 /wnetwork/template/Main-Download-Printer-html5-Template/1.1/js/style-customizer/css/style-customizer.css
INFO: [ app_init ] --START--
INFO: Run Behavior\BuildLiteBehavior [ RunTime:0.000009s ]
INFO: [ app_init ] --END-- [ RunTime:0.000045s ]
ERR: Êó†Ê≥ïÂä†ËΩΩÊ®°Âùó:Wnetwork

[ 2025-10-27T13:05:04+08:00 ] ::1 /wnetwork/template/Main-Download-Printer-html5-Template/1.1/js/megamenu/stylesheets/screen.css
INFO: [ app_init ] --START--
INFO: Run Behavior\BuildLiteBehavior [ RunTime:0.000008s ]
INFO: [ app_init ] --END-- [ RunTime:0.000039s ]
ERR: Êó†Ê≥ïÂä†ËΩΩÊ®°Âùó:Wnetwork

[ 2025-10-27T13:05:04+08:00 ] ::1 /wnetwork/template/Main-Download-Printer-html5-Template/1.1/js/loaders/stylesheets/screen.css
INFO: [ app_init ] --START--
INFO: Run Behavior\BuildLiteBehavior [ RunTime:0.000012s ]
INFO: [ app_init ] --END-- [ RunTime:0.000068s ]
ERR: Êó†Ê≥ïÂä†ËΩΩÊ®°Âùó:Wnetwork

[ 2025-10-27T13:05:04+08:00 ] ::1 /wnetwork/template/Main-Download-Printer-html5-Template/1.1/css/corporate.css
INFO: [ app_init ] --START--
INFO: Run Behavior\BuildLiteBehavior [ RunTime:0.000014s ]
INFO: [ app_init ] --END-- [ RunTime:0.000075s ]
ERR: Êó†Ê≥ïÂä†ËΩΩÊ®°Âùó:Wnetwork

[ 2025-10-27T13:05:04+08:00 ] ::1 /wnetwork/template/Main-Download-Printer-html5-Template/1.1/css/theme-default.css
INFO: [ app_init ] --START--
INFO: Run Behavior\BuildLiteBehavior [ RunTime:0.000010s ]
INFO: [ app_init ] --END-- [ RunTime:0.000057s ]
ERR: Êó†Ê≥ïÂä†ËΩΩÊ®°Âùó:Wnetwork

[ 2025-10-27T13:05:04+08:00 ] ::1 /wnetwork/template/Main-Download-Printer-html5-Template/1.1/fonts/Simple-Line-Icons-Webfont/simple-line-icons.css
INFO: [ app_init ] --START--
INFO: Run Behavior\BuildLiteBehavior [ RunTime:0.000010s ]
INFO: [ app_init ] --END-- [ RunTime:0.000057s ]
ERR: Êó†Ê≥ïÂä†ËΩΩÊ®°Âùó:Wnetwork

[ 2025-10-27T13:05:04+08:00 ] ::1 /wnetwork/template/Main-Download-Printer-html5-Template/1.1/fonts/et-line-font/et-line-font.css
INFO: [ app_init ] --START--
INFO: Run Behavior\BuildLiteBehavior [ RunTime:0.000009s ]
INFO: [ app_init ] --END-- [ RunTime:0.000055s ]
ERR: Êó†Ê≥ïÂä†ËΩΩÊ®°Âùó:Wnetwork

[ 2025-10-27T13:05:04+08:00 ] ::1 /wnetwork/template/Main-Download-Printer-html5-Template/1.1/js/revolution-slider/css/settings.css
INFO: [ app_init ] --START--
INFO: Run Behavior\BuildLiteBehavior [ RunTime:0.000015s ]
INFO: [ app_init ] --END-- [ RunTime:0.000079s ]
ERR: Êó†Ê≥ïÂä†ËΩΩÊ®°Âùó:Wnetwork

[ 2025-10-27T13:05:04+08:00 ] ::1 /wnetwork/template/Main-Download-Printer-html5-Template/1.1/js/revolution-slider/css/layers.css
INFO: [ app_init ] --START--
INFO: Run Behavior\BuildLiteBehavior [ RunTime:0.000009s ]
INFO: [ app_init ] --END-- [ RunTime:0.000049s ]
ERR: Êó†Ê≥ïÂä†ËΩΩÊ®°Âùó:Wnetwork

[ 2025-10-27T13:05:04+08:00 ] ::1 /wnetwork/template/Main-Download-Printer-html5-Template/1.1/js/owl-carousel/owl.carousel.css
INFO: [ app_init ] --START--
INFO: Run Behavior\BuildLiteBehavior [ RunTime:0.000010s ]
INFO: [ app_init ] --END-- [ RunTime:0.000049s ]
ERR: Êó†Ê≥ïÂä†ËΩΩÊ®°Âùó:Wnetwork

[ 2025-10-27T13:05:04+08:00 ] ::1 /wnetwork/template/Main-Download-Printer-html5-Template/1.1/js/revolution-slider/css/navigation.css
INFO: [ app_init ] --START--
INFO: Run Behavior\BuildLiteBehavior [ RunTime:0.000010s ]
INFO: [ app_init ] --END-- [ RunTime:0.000059s ]
ERR: Êó†Ê≥ïÂä†ËΩΩÊ®°Âùó:Wnetwork

[ 2025-10-27T13:05:04+08:00 ] ::1 /wnetwork/template/Main-Download-Printer-html5-Template/1.1/js/owl-carousel/owl.theme.css
INFO: [ app_init ] --START--
INFO: Run Behavior\BuildLiteBehavior [ RunTime:0.000011s ]
INFO: [ app_init ] --END-- [ RunTime:0.000066s ]
ERR: Êó†Ê≥ïÂä†ËΩΩÊ®°Âùó:Wnetwork

[ 2025-10-27T13:05:04+08:00 ] ::1 /wnetwork/template/Main-Download-Printer-html5-Template/1.1/js/ytplayer/ytplayer.css
INFO: [ app_init ] --START--
INFO: Run Behavior\BuildLiteBehavior [ RunTime:0.000013s ]
INFO: [ app_init ] --END-- [ RunTime:0.000074s ]
ERR: Êó†Ê≥ïÂä†ËΩΩÊ®°Âùó:Wnetwork

[ 2025-10-27T13:05:04+08:00 ] ::1 /wnetwork/template/Main-Download-Printer-html5-Template/1.1/js/cubeportfolio/cubeportfolio.min.css
INFO: [ app_init ] --START--
INFO: Run Behavior\BuildLiteBehavior [ RunTime:0.000009s ]
INFO: [ app_init ] --END-- [ RunTime:0.000056s ]
ERR: Êó†Ê≥ïÂä†ËΩΩÊ®°Âùó:Wnetwork

[ 2025-10-27T13:05:04+08:00 ] ::1 /wnetwork/template/Main-Download-Printer-html5-Template/1.1/js/accordion/css/smk-accordion.css
INFO: [ app_init ] --START--
INFO: Run Behavior\BuildLiteBehavior [ RunTime:0.000011s ]
INFO: [ app_init ] --END-- [ RunTime:0.000065s ]
ERR: Êó†Ê≥ïÂä†ËΩΩÊ®°Âùó:Wnetwork

[ 2025-10-27T13:05:04+08:00 ] ::1 /wnetwork/template/Main-Download-Printer-html5-Template/1.1/js/tabs/css/responsive-tabs.css
INFO: [ app_init ] --START--
INFO: Run Behavior\BuildLiteBehavior [ RunTime:0.000008s ]
INFO: [ app_init ] --END-- [ RunTime:0.000046s ]
ERR: Êó†Ê≥ïÂä†ËΩΩÊ®°Âùó:Wnetwork

[ 2025-10-27T13:05:04+08:00 ] ::1 /wnetwork/template/Main-Download-Printer-html5-Template/1.1/js/jFlickrFeed/style.css
INFO: [ app_init ] --START--
INFO: Run Behavior\BuildLiteBehavior [ RunTime:0.000013s ]
INFO: [ app_init ] --END-- [ RunTime:0.000073s ]
ERR: Êó†Ê≥ïÂä†ËΩΩÊ®°Âùó:Wnetwork

[ 2025-10-27T13:05:04+08:00 ] ::1 /wnetwork/template/Main-Download-Printer-html5-Template/1.1/js/tabs/css/hairsaloon.css
INFO: [ app_init ] --START--
INFO: Run Behavior\BuildLiteBehavior [ RunTime:0.000011s ]
INFO: [ app_init ] --END-- [ RunTime:0.000060s ]
ERR: Êó†Ê≥ïÂä†ËΩΩÊ®°Âùó:Wnetwork

[ 2025-10-27T13:05:04+08:00 ] ::1 /wnetwork/template/Main-Download-Printer-html5-Template/1.1/js/smart-forms/smart-forms.css
INFO: [ app_init ] --START--
INFO: Run Behavior\BuildLiteBehavior [ RunTime:0.000015s ]
INFO: [ app_init ] --END-- [ RunTime:0.000082s ]
ERR: Êó†Ê≥ïÂä†ËΩΩÊ®°Âùó:Wnetwork

[ 2025-10-27T13:05:04+08:00 ] ::1 /wnetwork/template/Main-Download-Printer-html5-Template/1.1/js/tabs/css/band.css
INFO: [ app_init ] --START--
INFO: Run Behavior\BuildLiteBehavior [ RunTime:0.000009s ]
INFO: [ app_init ] --END-- [ RunTime:0.000058s ]
ERR: Êó†Ê≥ïÂä†ËΩΩÊ®°Âùó:Wnetwork

[ 2025-10-27T13:05:04+08:00 ] ::1 /wnetwork/template/Main-Download-Printer-html5-Template/1.1/js/tabs/css/barber.css
INFO: [ app_init ] --START--
INFO: Run Behavior\BuildLiteBehavior [ RunTime:0.000010s ]
INFO: [ app_init ] --END-- [ RunTime:0.000064s ]
ERR: Êó†Ê≥ïÂä†ËΩΩÊ®°Âùó:Wnetwork

[ 2025-10-27T13:05:04+08:00 ] ::1 /wnetwork/template/Main-Download-Printer-html5-Template/1.1/js/style-customizer/css/style-customizer.css
INFO: [ app_init ] --START--
INFO: Run Behavior\BuildLiteBehavior [ RunTime:0.000015s ]
INFO: [ app_init ] --END-- [ RunTime:0.000083s ]
ERR: Êó†Ê≥ïÂä†ËΩΩÊ®°Âùó:Wnetwork

[ 2025-10-27T13:05:04+08:00 ] ::1 /wnetwork/template/Main-Download-Printer-html5-Template/1.1/js/style-customizer/css/spectrum.css
INFO: [ app_init ] --START--
INFO: Run Behavior\BuildLiteBehavior [ RunTime:0.000009s ]
INFO: [ app_init ] --END-- [ RunTime:0.000056s ]
ERR: Êó†Ê≥ïÂä†ËΩΩÊ®°Âùó:Wnetwork

[ 2025-10-27T13:05:04+08:00 ] ::1 /wnetwork/template/Main-Download-Printer-html5-Template/1.1/fonts/font-awesome/css/font-awesome.min.css
INFO: [ app_init ] --START--
INFO: Run Behavior\BuildLiteBehavior [ RunTime:0.000008s ]
INFO: [ app_init ] --END-- [ RunTime:0.000045s ]
ERR: Êó†Ê≥ïÂä†ËΩΩÊ®°Âùó:Wnetwork

[ 2025-10-27T13:05:04+08:00 ] ::1 /wnetwork/pic/logo.png
INFO: [ app_init ] --START--
INFO: Run Behavior\BuildLiteBehavior [ RunTime:0.000009s ]
INFO: [ app_init ] --END-- [ RunTime:0.000044s ]
ERR: Êó†Ê≥ïÂä†ËΩΩÊ®°Âùó:Wnetwork

[ 2025-10-27T13:05:04+08:00 ] ::1 /wnetwork/pic/wnetwork.gif
INFO: [ app_init ] --START--
INFO: Run Behavior\BuildLiteBehavior [ RunTime:0.000007s ]
INFO: [ app_init ] --END-- [ RunTime:0.000038s ]
ERR: Êó†Ê≥ïÂä†ËΩΩÊ®°Âùó:Wnetwork

[ 2025-10-27T13:05:05+08:00 ] ::1 /wnetwork/pic/banner.jpg
INFO: [ app_init ] --START--
INFO: Run Behavior\BuildLiteBehavior [ RunTime:0.000009s ]
INFO: [ app_init ] --END-- [ RunTime:0.000049s ]
ERR: Êó†Ê≥ïÂä†ËΩΩÊ®°Âùó:Wnetwork

[ 2025-10-27T13:05:05+08:00 ] ::1 /wnetwork/pic/design.png
INFO: [ app_init ] --START--
INFO: Run Behavior\BuildLiteBehavior [ RunTime:0.000011s ]
INFO: [ app_init ] --END-- [ RunTime:0.000059s ]
ERR: Êó†Ê≥ïÂä†ËΩΩÊ®°Âùó:Wnetwork

[ 2025-10-27T13:05:05+08:00 ] ::1 /wnetwork/pic/sketch.png
INFO: [ app_init ] --START--
INFO: Run Behavior\BuildLiteBehavior [ RunTime:0.000010s ]
INFO: [ app_init ] --END-- [ RunTime:0.000060s ]
ERR: Êó†Ê≥ïÂä†ËΩΩÊ®°Âùó:Wnetwork

[ 2025-10-27T13:05:05+08:00 ] ::1 /wnetwork/template/Main-Download-Printer-html5-Template/1.1/js/jquery/jquery.js
INFO: [ app_init ] --START--
INFO: Run Behavior\BuildLiteBehavior [ RunTime:0.000007s ]
INFO: [ app_init ] --END-- [ RunTime:0.000042s ]
ERR: Êó†Ê≥ïÂä†ËΩΩÊ®°Âùó:Wnetwork

[ 2025-10-27T13:05:05+08:00 ] ::1 /wnetwork/template/Main-Download-Printer-html5-Template/1.1/js/bootstrap/bootstrap.min.js
INFO: [ app_init ] --START--
INFO: Run Behavior\BuildLiteBehavior [ RunTime:0.000016s ]
INFO: [ app_init ] --END-- [ RunTime:0.000088s ]
ERR: Êó†Ê≥ïÂä†ËΩΩÊ®°Âùó:Wnetwork

[ 2025-10-27T13:05:05+08:00 ] ::1 /wnetwork/template/Main-Download-Printer-html5-Template/1.1/js/style-customizer/js/spectrum.js
INFO: [ app_init ] --START--
INFO: Run Behavior\BuildLiteBehavior [ RunTime:0.000017s ]
INFO: [ app_init ] --END-- [ RunTime:0.000070s ]
ERR: Êó†Ê≥ïÂä†ËΩΩÊ®°Âùó:Wnetwork

[ 2025-10-27T13:05:05+08:00 ] ::1 /wnetwork/template/Main-Download-Printer-html5-Template/1.1/js/less/less.min.js
INFO: [ app_init ] --START--
INFO: Run Behavior\BuildLiteBehavior [ RunTime:0.000005s ]
INFO: [ app_init ] --END-- [ RunTime:0.000034s ]
ERR: Êó†Ê≥ïÂä†ËΩΩÊ®°Âùó:Wnetwork

[ 2025-10-27T13:05:05+08:00 ] ::1 /wnetwork/template/Main-Download-Printer-html5-Template/1.1/js/style-customizer/js/style-customizer.js
INFO: [ app_init ] --START--
INFO: Run Behavior\BuildLiteBehavior [ RunTime:0.000013s ]
INFO: [ app_init ] --END-- [ RunTime:0.000070s ]
ERR: Êó†Ê≥ïÂä†ËΩΩÊ®°Âùó:Wnetwork

[ 2025-10-27T13:05:05+08:00 ] ::1 /wnetwork/template/Main-Download-Printer-html5-Template/1.1/js/megamenu/js/main.js
INFO: [ app_init ] --START--
INFO: Run Behavior\BuildLiteBehavior [ RunTime:0.000008s ]
INFO: [ app_init ] --END-- [ RunTime:0.000045s ]
ERR: Êó†Ê≥ïÂä†ËΩΩÊ®°Âùó:Wnetwork

[ 2025-10-27T13:05:05+08:00 ] ::1 /wnetwork/template/Main-Download-Printer-html5-Template/1.1/js/jFlickrFeed/style.css
INFO: [ app_init ] --START--
INFO: Run Behavior\BuildLiteBehavior [ RunTime:0.000015s ]
INFO: [ app_init ] --END-- [ RunTime:0.000079s ]
ERR: Êó†Ê≥ïÂä†ËΩΩÊ®°Âùó:Wnetwork

[ 2025-10-27T13:05:05+08:00 ] ::1 /wnetwork/template/Main-Download-Printer-html5-Template/1.1/js/owl-carousel/owl.carousel.js
INFO: [ app_init ] --START--
INFO: Run Behavior\BuildLiteBehavior [ RunTime:0.000006s ]
INFO: [ app_init ] --END-- [ RunTime:0.000059s ]
ERR: Êó†Ê≥ïÂä†ËΩΩÊ®°Âùó:Wnetwork

[ 2025-10-27T13:05:05+08:00 ] ::1 /wnetwork/template/Main-Download-Printer-html5-Template/1.1/js/parallax/jquery.parallax-1.1.3.js
INFO: [ app_init ] --START--
INFO: Run Behavior\BuildLiteBehavior [ RunTime:0.000007s ]
INFO: [ app_init ] --END-- [ RunTime:0.000043s ]
ERR: Êó†Ê≥ïÂä†ËΩΩÊ®°Âùó:Wnetwork

[ 2025-10-27T13:05:05+08:00 ] ::1 /wnetwork/template/Main-Download-Printer-html5-Template/1.1/js/owl-carousel/custom.js
INFO: [ app_init ] --START--
INFO: Run Behavior\BuildLiteBehavior [ RunTime:0.000015s ]
INFO: [ app_init ] --END-- [ RunTime:0.000089s ]
ERR: Êó†Ê≥ïÂä†ËΩΩÊ®°Âùó:Wnetwork

work

[ 2025-10-27T13:05:05+08:00 ] ::1 /wnetwork/fonts/Jonathan%20Ball%20-%20Acre-Medium.otf
INFO: [ app_init ] --START--
INFO: Run Behavior\BuildLiteBehavior [ RunTime:0.000014s ]
INFO: [ app_init ] --END-- [ RunTime:0.000068s ]
ERR: Êó†Ê≥ïÂä†ËΩΩÊ®°Âùó:Wnetwork

[ 2025-10-27T13:05:05+08:00 ] ::1 /wnetwork/template/Main-Download-Printer-html5-Template/1.1/js/cubeportfolio/jquery.cubeportfolio.min.js
INFO: [ app_init ] --START--
INFO: Run Behavior\BuildLiteBehavior [ RunTime:0.000009s ]
INFO: [ app_init ] --END-- [ RunTime:0.000053s ]
ERR: Êó†Ê≥ïÂä†ËΩΩÊ®°Âùó:Wnetwork

[ 2025-10-27T13:05:05+08:00 ] ::1 /wnetwork/template/Main-Download-Printer-html5-Template/1.1/js/ytplayer/elementvideo-custom.js
INFO: [ app_init ] --START--
INFO: Run Behavior\BuildLiteBehavior [ RunTime:0.000015s ]
INFO: [ app_init ] --END-- [ RunTime:0.000071s ]
ERR: Êó†Ê≥ïÂä†ËΩΩÊ®°Âùó:Wnetwork

[ 2025-10-27T13:05:05+08:00 ] ::1 /wnetwork/template/Main-Download-Printer-html5-Template/1.1/js/accordion/js/smk-accordion.js
INFO: [ app_init ] --START--
INFO: Run Behavior\BuildLiteBehavior [ RunTime:0.000014s ]
INFO: [ app_init ] --END-- [ RunTime:0.000066s ]
ERR: Êó†Ê≥ïÂä†ËΩΩÊ®°Âùó:Wnetwork

[ 2025-10-27T13:05:05+08:00 ] ::1 /wnetwork/template/Main-Download-Printer-html5-Template/1.1/js/cubeportfolio/main-mosaic3.js
INFO: [ app_init ] --START--
INFO: Run Behavior\BuildLiteBehavior [ RunTime:0.000014s ]
INFO: [ app_init ] --END-- [ RunTime:0.000077s ]
ERR: Êó†Ê≥ïÂä†ËΩΩÊ®°Âùó:Wnetwork

[ 2025-10-27T13:05:05+08:00 ] ::1 /wnetwork/template/Main-Download-Printer-html5-Template/1.1/js/accordion/js/custom.js
INFO: [ app_init ] --START--
INFO: Run Behavior\BuildLiteBehavior [ RunTime:0.000013s ]
INFO: [ app_init ] --END-- [ RunTime:0.000059s ]
ERR: Êó†Ê≥ïÂä†ËΩΩÊ®°Âùó:Wnetwork

[ 2025-10-27T13:05:05+08:00 ] ::1 /wnetwork/template/Main-Download-Printer-html5-Template/1.1/js/tabs/js/responsive-tabs.min.js
INFO: [ app_init ] --START--
INFO: Run Behavior\BuildLiteBehavior [ RunTime:0.000012s ]
INFO: [ app_init ] --END-- [ RunTime:0.000068s ]
ERR: Êó†Ê≥ïÂä†ËΩΩÊ®°Âùó:Wnetwork

[ 2025-10-27T13:05:05+08:00 ] ::1 /wnetwork/template/Main-Download-Printer-html5-Template/1.1/js/revolution-slider/js/jquery.themepunch.tools.min.js
INFO: [ app_init ] --START--
INFO: Run Behavior\BuildLiteBehavior [ RunTime:0.000010s ]
INFO: [ app_init ] --END-- [ RunTime:0.000074s ]
ERR: Êó†Ê≥ïÂä†ËΩΩÊ®°Âùó:Wnetwork

[ 2025-10-27T13:05:05+08:00 ] ::1 /wnetwork/template/Main-Download-Printer-html5-Template/1.1/js/revolution-slider/js/jquery.themepunch.revolution.min.js
INFO: [ app_init ] --START--
INFO: Run Behavior\BuildLiteBehavior [ RunTime:0.000009s ]
INFO: [ app_init ] --END-- [ RunTime:0.000052s ]
ERR: Êó†Ê≥ïÂä†ËΩΩÊ®°Âùó:Wnetwork

[ 2025-10-27T13:05:05+08:00 ] ::1 /wnetwork/template/Main-Download-Printer-html5-Template/1.1/js/revolution-slider/js/extensions/revolution.extension.slideanims.min.js
INFO: [ app_init ] --START--
INFO: Run Behavior\BuildLiteBehavior [ RunTime:0.000007s ]
INFO: [ app_init ] --END-- [ RunTime:0.000056s ]
ERR: Êó†Ê≥ïÂä†ËΩΩÊ®°Âùó:Wnetwork

[ 2025-10-27T13:05:05+08:00 ] ::1 /wnetwork/template/Main-Download-Printer-html5-Template/1.1/js/revolution-slider/js/extensions/revolution.extension.video.min.js
INFO: [ app_init ] --START--
INFO: Run Behavior\BuildLiteBehavior [ RunTime:0.000010s ]
INFO: [ app_init ] --END-- [ RunTime:0.000061s ]
ERR: Êó†Ê≥ïÂä†ËΩΩÊ®°Âùó:Wnetwork

[ 2025-10-27T13:05:05+08:00 ] ::1 /wnetwork/template/Main-Download-Printer-html5-Template/1.1/js/revolution-slider/js/extensions/revolution.extension.layeranimation.min.js
INFO: [ app_init ] --START--
INFO: Run Behavior\BuildLiteBehavior [ RunTime:0.000013s ]
INFO: [ app_init ] --END-- [ RunTime:0.000074s ]
ERR: Êó†Ê≥ïÂä†ËΩΩÊ®°Âùó:Wnetwork

[ 2025-10-27T13:05:05+08:00 ] ::1 /wnetwork/template/Main-Download-Printer-html5-Template/1.1/js/revolution-slider/js/extensions/revolution.extension.kenburn.min.js
INFO: [ app_init ] --START--
INFO: Run Behavior\BuildLiteBehavior [ RunTime:0.000012s ]
INFO: [ app_init ] --END-- [ RunTime:0.000069s ]
ERR: Êó†Ê≥ïÂä†ËΩΩÊ®°Âùó:Wnetwork

[ 2025-10-27T13:05:05+08:00 ] ::1 /wnetwork/template/Main-Download-Printer-html5-Template/1.1/js/revolution-slider/js/extensions/revolution.extension.navigation.min.js
INFO: [ app_init ] --START--
INFO: Run Behavior\BuildLiteBehavior [ RunTime:0.000008s ]
INFO: [ app_init ] --END-- [ RunTime:0.000051s ]
ERR: Êó†Ê≥ïÂä†ËΩΩÊ®°Âùó:Wnetwork

[ 2025-10-27T13:05:05+08:00 ] ::1 /wnetwork/template/Main-Download-Printer-html5-Template/1.1/js/revolution-slider/js/extensions/revolution.extension.parallax.min.js
INFO: [ app_init ] --START--
INFO: Run Behavior\BuildLiteBehavior [ RunTime:0.000008s ]
INFO: [ app_init ] --END-- [ RunTime:0.000049s ]
ERR: Êó†Ê≥ïÂä†ËΩΩÊ®°Âùó:Wnetwork

[ 2025-10-27T13:05:05+08:00 ] ::1 /wnetwork/template/Main-Download-Printer-html5-Template/1.1/js/revolution-slider/js/extensions/revolution.extension.carousel.min.js
INFO: [ app_init ] --START--
INFO: Run Behavior\BuildLiteBehavior [ RunTime:0.000008s ]
INFO: [ app_init ] --END-- [ RunTime:0.000051s ]
ERR: Êó†Ê≥ïÂä†ËΩΩÊ®°Âùó:Wnetwork

[ 2025-10-27T13:05:05+08:00 ] ::1 /wnetwork/template/Main-Download-Printer-html5-Template/1.1/js/revolution-slider/js/extensions/revolution.extension.actions.min.js
INFO: [ app_init ] --START--
INFO: Run Behavior\BuildLiteBehavior [ RunTime:0.000011s ]
INFO: [ app_init ] --END-- [ RunTime:0.000061s ]
ERR: Êó†Ê≥ïÂä†ËΩΩÊ®°Âùó:Wnetwork

[ 2025-10-27T13:05:05+08:00 ] ::1 /wnetwork/pic/develop.png
INFO: [ app_init ] --START--
INFO: Run Behavior\BuildLiteBehavior [ RunTime:0.000013s ]
INFO: [ app_init ] --END-- [ RunTime:0.000067s ]
ERR: Êó†Ê≥ïÂä†ËΩΩÊ®°Âùó:Wnetwork

[ 2025-10-27T13:05:05+08:00 ] ::1 /wnetwork/template/Main-Download-Printer-html5-Template/1.1/js/functions/functions.js
INFO: [ app_init ] --START--
INFO: Run Behavior\BuildLiteBehavior [ RunTime:0.000007s ]
INFO: [ app_init ] --END-- [ RunTime:0.000046s ]
ERR: Êó†Ê≥ïÂä†ËΩΩÊ®°Âùó:Wnetwork

[ 2025-10-27T13:05:05+08:00 ] ::1 /wnetwork/pic/ecommerce.png
INFO: [ app_init ] --START--
INFO: Run Behavior\BuildLiteBehavior [ RunTime:0.000008s ]
INFO: [ app_init ] --END-- [ RunTime:0.000044s ]
ERR: Êó†Ê≥ïÂä†ËΩΩÊ®°Âùó:Wnetwork

[ 2025-10-27T13:05:05+08:00 ] ::1 /wnetwork/template/Main-Download-Printer-html5-Template/1.1/js/jFlickrFeed/jflickrfeed.min.js
INFO: [ app_init ] --START--
INFO: Run Behavior\BuildLiteBehavior [ RunTime:0.000007s ]
INFO: [ app_init ] --END-- [ RunTime:0.000045s ]
ERR: Êó†Ê≥ïÂä†ËΩΩÊ®°Âùó:Wnetwork

[ 2025-10-27T13:05:05+08:00 ] ::1 /wnetwork/template/Main-Download-Printer-html5-Template/1.1/js/revolution-slider/js/extensions/revolution.extension.migration.min.js
INFO: [ app_init ] --START--
INFO: Run Behavior\BuildLiteBehavior [ RunTime:0.000028s ]
INFO: [ app_init ] --END-- [ RunTime:0.000084s ]
ERR: Êó†Ê≥ïÂä†ËΩΩÊ®°Âùó:Wnetwork

[ 2025-10-27T13:05:05+08:00 ] ::1 /wnetwork/template/Main-Download-Printer-html5-Template/1.1/js/revolution-slider/js/extensions/revolution.extension.actions.min.js
INFO: [ app_init ] --START--
INFO: Run Behavior\BuildLiteBehavior [ RunTime:0.000012s ]
INFO: [ app_init ] --END-- [ RunTime:0.000071s ]
ERR: Êó†Ê≥ïÂä†ËΩΩÊ®°Âùó:Wnetwork

[ 2025-10-27T13:05:05+08:00 ] ::1 /wnetwork/pic/office3.jpg
INFO: [ app_init ] --START--
INFO: Run Behavior\BuildLiteBehavior [ RunTime:0.000015s ]
INFO: [ app_init ] --END-- [ RunTime:0.000077s ]
ERR: Êó†Ê≥ïÂä†ËΩΩÊ®°Âùó:Wnetwork

[ 2025-10-27T13:05:05+08:00 ] ::1 /wnetwork/pic/office1.jpg
INFO: [ app_init ] --START--
INFO: Run Behavior\BuildLiteBehavior [ RunTime:0.000011s ]
INFO: [ app_init ] --END-- [ RunTime:0.000060s ]
ERR: Êó†Ê≥ïÂä†ËΩΩÊ®°Âùó:Wnetwork

[ 2025-10-27T13:05:05+08:00 ] ::1 /wnetwork/pic/website1.png
INFO: [ app_init ] --START--
INFO: Run Behavior\BuildLiteBehavior [ RunTime:0.000009s ]
INFO: [ app_init ] --END-- [ RunTime:0.000059s ]
ERR: Êó†Ê≥ïÂä†ËΩΩÊ®°Âùó:Wnetwork

[ 2025-10-27T13:05:05+08:00 ] ::1 /wnetwork/pic/website2.png
INFO: [ app_init ] --START--
INFO: Run Behavior\BuildLiteBehavior [ RunTime:0.000013s ]
INFO: [ app_init ] --END-- [ RunTime:0.000076s ]
ERR: Êó†Ê≥ïÂä†ËΩΩÊ®°Âùó:Wnetwork

[ 2025-10-27T13:05:05+08:00 ] ::1 /wnetwork/pic/website3.png
INFO: [ app_init ] --START--
INFO: Run Behavior\BuildLiteBehavior [ RunTime:0.000010s ]
INFO: [ app_init ] --END-- [ RunTime:0.000055s ]
ERR: Êó†Ê≥ïÂä†ËΩΩÊ®°Âùó:Wnetwork

[ 2025-10-27T13:05:05+08:00 ] ::1 /wnetwork/pic/mobile1.png
INFO: [ app_init ] --START--
INFO: Run Behavior\BuildLiteBehavior [ RunTime:0.000008s ]
INFO: [ app_init ] --END-- [ RunTime:0.000047s ]
ERR: Êó†Ê≥ïÂä†ËΩΩÊ®°Âùó:Wnetwork


[ 2025-10-27T13:05:05+08:00 ] ::1 /wnetwork/pic/website6.png
INFO: [ app_init ] --START--
INFO: Run Behavior\BuildLiteBehavior [ RunTime:0.000009s ]
INFO: [ app_init ] --END-- [ RunTime:0.000053s ]
ERR: Êó†Ê≥ïÂä†ËΩΩÊ®°Âùó:Wnetwork

[ 2025-10-27T13:05:05+08:00 ] ::1 /wnetwork/pic/website4.png
INFO: [ app_init ] --START--
INFO: Run Behavior\BuildLiteBehavior [ RunTime:0.000009s ]
INFO: [ app_init ] --END-- [ RunTime:0.000064s ]
ERR: Êó†Ê≥ïÂä†ËΩΩÊ®°Âùó:Wnetwork

[ 2025-10-27T13:05:05+08:00 ] ::1 /wnetwork/pic/mobile2.png
INFO: [ app_init ] --START--
INFO: Run Behavior\BuildLiteBehavior [ RunTime:0.000007s ]
INFO: [ app_init ] --END-- [ RunTime:0.000047s ]
ERR: Êó†Ê≥ïÂä†ËΩΩÊ®°Âùó:Wnetwork

[ 2025-10-27T13:05:05+08:00 ] ::1 /wnetwork/template/Main-Download-Printer-html5-Template/1.1/js/revolution-slider/js/extensions/revolution.extension.kenburn.min.js
INFO: [ app_init ] --START--
INFO: Run Behavior\BuildLiteBehavior [ RunTime:0.000010s ]
INFO: [ app_init ] --END-- [ RunTime:0.000047s ]
ERR: Êó†Ê≥ïÂä†ËΩΩÊ®°Âùó:Wnetwork

[ 2025-10-27T13:05:05+08:00 ] ::1 /wnetwork/pic/twinpalm.png
INFO: [ app_init ] --START--
INFO: Run Behavior\BuildLiteBehavior [ RunTime:0.000012s ]
INFO: [ app_init ] --END-- [ RunTime:0.000070s ]
ERR: Êó†Ê≥ïÂä†ËΩΩÊ®°Âùó:Wnetwork

[ 2025-10-27T13:05:05+08:00 ] ::1 /wnetwork/pic/fintech.png
INFO: [ app_init ] --START--
INFO: Run Behavior\BuildLiteBehavior [ RunTime:0.000009s ]
INFO: [ app_init ] --END-- [ RunTime:0.000051s ]
ERR: Êó†Ê≥ïÂä†ËΩΩÊ®°Âùó:Wnetwork

[ 2025-10-27T13:05:05+08:00 ] ::1 /wnetwork/pic/inbocsz.png
INFO: [ app_init ] --START--
INFO: Run Behavior\BuildLiteBehavior [ RunTime:0.000010s ]
INFO: [ app_init ] --END-- [ RunTime:0.000062s ]
ERR: Êó†Ê≥ïÂä†ËΩΩÊ®°Âùó:Wnetwork

[ 2025-10-27T13:05:05+08:00 ] ::1 /wnetwork/pic/mobile3.png
INFO: [ app_init ] --START--
INFO: Run Behavior\BuildLiteBehavior [ RunTime:0.000006s ]
INFO: [ app_init ] --END-- [ RunTime:0.000043s ]
ERR: Êó†Ê≥ïÂä†ËΩΩÊ®°Âùó:Wnetwork

[ 2025-10-27T13:05:05+08:00 ] ::1 /wnetwork/pic/Linurex.png
INFO: [ app_init ] --START--
INFO: Run Behavior\BuildLiteBehavior [ RunTime:0.000010s ]
INFO: [ app_init ] --END-- [ RunTime:0.000055s ]
ERR: Êó†Ê≥ïÂä†ËΩΩÊ®°Âùó:Wnetwork

[ 2025-10-27T13:05:05+08:00 ] ::1 /wnetwork/pic/mobile4.png
INFO: [ app_init ] --START--
INFO: Run Behavior\BuildLiteBehavior [ RunTime:0.000009s ]
INFO: [ app_init ] --END-- [ RunTime:0.000045s ]
ERR: Êó†Ê≥ïÂä†ËΩΩÊ®°Âùó:Wnetwork

[ 2025-10-27T13:05:05+08:00 ] ::1 /wnetwork/template/Main-Download-Printer-html5-Template/1.1/js/revolution-slider/js/extensions/revolution.extension.layeranimation.min.js
INFO: [ app_init ] --START--
INFO: Run Behavior\BuildLiteBehavior [ RunTime:0.000016s ]
INFO: [ app_init ] --END-- [ RunTime:0.000075s ]
ERR: Êó†Ê≥ïÂä†ËΩΩÊ®°Âùó:Wnetwork

[ 2025-10-27T13:05:05+08:00 ] ::1 /wnetwork/pic/logo.png
INFO: [ app_init ] --START--
INFO: Run Behavior\BuildLiteBehavior [ RunTime:0.000018s ]
INFO: [ app_init ] --END-- [ RunTime:0.000089s ]
ERR: Êó†Ê≥ïÂä†ËΩΩÊ®°Âùó:Wnetwork

[ 2025-10-27T13:05:05+08:00 ] ::1 /wnetwork/pic/UWE.png
INFO: [ app_init ] --START--
INFO: Run Behavior\BuildLiteBehavior [ RunTime:0.000011s ]
INFO: [ app_init ] --END-- [ RunTime:0.000063s ]
ERR: Êó†Ê≥ïÂä†ËΩΩÊ®°Âùó:Wnetwork

[ 2025-10-27T13:05:05+08:00 ] ::1 /wnetwork/template/Main-Download-Printer-html5-Template/1.1/js/revolution-slider/js/extensions/revolution.extension.navigation.min.js
INFO: [ app_init ] --START--
INFO: Run Behavior\BuildLiteBehavior [ RunTime:0.000017s ]
INFO: [ app_init ] --END-- [ RunTime:0.000088s ]
ERR: Êó†Ê≥ïÂä†ËΩΩÊ®°Âùó:Wnetwork

[ 2025-10-27T13:05:05+08:00 ] ::1 /wnetwork/template/Main-Download-Printer-html5-Template/1.1/js/revolution-slider/js/extensions/revolution.extension.parallax.min.js
INFO: [ app_init ] --START--
INFO: Run Behavior\BuildLiteBehavior [ RunTime:0.000018s ]
INFO: [ app_init ] --END-- [ RunTime:0.000094s ]
ERR: Êó†Ê≥ïÂä†ËΩΩÊ®°Âùó:Wnetwork

[ 2025-10-27T13:05:05+08:00 ] ::1 /wnetwork/template/Main-Download-Printer-html5-Template/1.1/js/revolution-slider/js/extensions/revolution.extension.actions.min.js
INFO: [ app_init ] --START--
INFO: Run Behavior\BuildLiteBehavior [ RunTime:0.000020s ]
INFO: [ app_init ] --END-- [ RunTime:0.000106s ]
ERR: Êó†Ê≥ïÂä†ËΩΩÊ®°Âùó:Wnetwork

[ 2025-10-27T13:05:05+08:00 ] ::1 /wnetwork/template/Main-Download-Printer-html5-Template/1.1/js/revolution-slider/js/extensions/revolution.extension.slideanims.min.js
INFO: [ app_init ] --START--
INFO: Run Behavior\BuildLiteBehavior [ RunTime:0.000019s ]
INFO: [ app_init ] --END-- [ RunTime:0.000095s ]
ERR: Êó†Ê≥ïÂä†ËΩΩÊ®°Âùó:Wnetwork

[ 2025-10-27T13:05:05+08:00 ] ::1 /wnetwork/template/Main-Download-Printer-html5-Template/1.1/js/revolution-slider/js/extensions/revolution.extension.video.min.js
INFO: [ app_init ] --START--
INFO: Run Behavior\BuildLiteBehavior [ RunTime:0.000011s ]
INFO: [ app_init ] --END-- [ RunTime:0.000049s ]
ERR: Êó†Ê≥ïÂä†ËΩΩÊ®°Âùó:Wnetwork

[ 2025-10-27T13:07:16+08:00 ] ::1 /template/Main-Download-Printer-html5-Template/1.1/js/tabs/css/hairsaloon.css
INFO: [ app_init ] --START--
INFO: Run Behavior\BuildLiteBehavior [ RunTime:0.000015s ]
INFO: [ app_init ] --END-- [ RunTime:0.000074s ]
ERR: Êó†Ê≥ïÂä†ËΩΩÊ®°Âùó:Template

[ 2025-10-27T13:07:16+08:00 ] ::1 /template/Main-Download-Printer-html5-Template/1.1/js/tabs/css/barber.css
INFO: [ app_init ] --START--
INFO: Run Behavior\BuildLiteBehavior [ RunTime:0.000017s ]
INFO: [ app_init ] --END-- [ RunTime:0.000106s ]
ERR: Êó†Ê≥ïÂä†ËΩΩÊ®°Âùó:Template

[ 2025-10-27T13:07:16+08:00 ] ::1 /template/Main-Download-Printer-html5-Template/1.1/js/tabs/css/band.css
INFO: [ app_init ] --START--
INFO: Run Behavior\BuildLiteBehavior [ RunTime:0.000009s ]
INFO: [ app_init ] --END-- [ RunTime:0.000055s ]
ERR: Êó†Ê≥ïÂä†ËΩΩÊ®°Âùó:Template

[ 2025-10-27T13:07:16+08:00 ] ::1 /template/Main-Download-Printer-html5-Template/1.1/js/bootstrap/bootstrap.min.css.map
INFO: [ app_init ] --START--
INFO: Run Behavior\BuildLiteBehavior [ RunTime:0.000013s ]
INFO: [ app_init ] --END-- [ RunTime:0.000071s ]
ERR: Êó†Ê≥ïÂä†ËΩΩÊ®°Âùó:Template

[ 2025-10-27T13:07:16+08:00 ] ::1 /template/Main-Download-Printer-html5-Template/1.1/js/style-customizer/css/style-customizer.css.map
INFO: [ app_init ] --START--
INFO: Run Behavior\BuildLiteBehavior [ RunTime:0.000014s ]
INFO: [ app_init ] --END-- [ RunTime:0.000083s ]
ERR: Êó†Ê≥ïÂä†ËΩΩÊ®°Âùó:Template

[ 2025-10-27T13:08:33+08:00 ] ::1 /template/Main-Download-Printer-html5-Template/1.1/js/tabs/css/band.css
INFO: [ app_init ] --START--
INFO: Run Behavior\BuildLiteBehavior [ RunTime:0.000013s ]
INFO: [ app_init ] --END-- [ RunTime:0.000076s ]
ERR: Êó†Ê≥ïÂä†ËΩΩÊ®°Âùó:Template

[ 2025-10-27T13:08:33+08:00 ] ::1 /template/Main-Download-Printer-html5-Template/1.1/js/tabs/css/barber.css
INFO: [ app_init ] --START--
INFO: Run Behavior\BuildLiteBehavior [ RunTime:0.000009s ]
INFO: [ app_init ] --END-- [ RunTime:0.000048s ]
ERR: Êó†Ê≥ïÂä†ËΩΩÊ®°Âùó:Template

[ 2025-10-27T13:08:33+08:00 ] ::1 /template/Main-Download-Printer-html5-Template/1.1/js/tabs/css/hairsaloon.css
INFO: [ app_init ] --START--
INFO: Run Behavior\BuildLiteBehavior [ RunTime:0.000012s ]
INFO: [ app_init ] --END-- [ RunTime:0.000067s ]
ERR: Êó†Ê≥ïÂä†ËΩΩÊ®°Âùó:Template

[ 2025-10-27T13:08:33+08:00 ] ::1 /template/Main-Download-Printer-html5-Template/1.1/js/bootstrap/bootstrap.min.css.map
INFO: [ app_init ] --START--
INFO: Run Behavior\BuildLiteBehavior [ RunTime:0.000011s ]
INFO: [ app_init ] --END-- [ RunTime:0.000061s ]
ERR: Êó†Ê≥ïÂä†ËΩΩÊ®°Âùó:Template

[ 2025-10-27T13:08:33+08:00 ] ::1 /template/Main-Download-Printer-html5-Template/1.1/js/style-customizer/css/style-customizer.css.map
INFO: [ app_init ] --START--
INFO: Run Behavior\BuildLiteBehavior [ RunTime:0.000010s ]
INFO: [ app_init ] --END-- [ RunTime:0.000062s ]
ERR: Êó†Ê≥ïÂä†ËΩΩÊ®°Âùó:Template

[ 2025-10-27T13:08:38+08:00 ] ::1 /template/Main-Download-Printer-html5-Template/1.1/js/tabs/css/hairsaloon.css
INFO: [ app_init ] --START--
INFO: Run Behavior\BuildLiteBehavior [ RunTime:0.000016s ]
INFO: [ app_init ] --END-- [ RunTime:0.000078s ]
ERR: Êó†Ê≥ïÂä†ËΩΩÊ®°Âùó:Template

[ 2025-10-27T13:08:38+08:00 ] ::1 /template/Main-Download-Printer-html5-Template/1.1/js/tabs/css/band.css
INFO: [ app_init ] --START--
INFO: Run Behavior\BuildLiteBehavior [ RunTime:0.000007s ]
INFO: [ app_init ] --END-- [ RunTime:0.000042s ]
ERR: Êó†Ê≥ïÂä†ËΩΩÊ®°Âùó:Template

[ 2025-10-27T13:08:38+08:00 ] ::1 /template/Main-Download-Printer-html5-Template/1.1/js/tabs/css/barber.css
INFO: [ app_init ] --START--
INFO: Run Behavior\BuildLiteBehavior [ RunTime:0.000018s ]
INFO: [ app_init ] --END-- [ RunTime:0.000101s ]
ERR: Êó†Ê≥ïÂä†ËΩΩÊ®°Âùó:Template

[ 2025-10-27T13:08:38+08:00 ] ::1 /template/Main-Download-Printer-html5-Template/1.1/js/bootstrap/bootstrap.min.css.map
INFO: [ app_init ] --START--
INFO: Run Behavior\BuildLiteBehavior [ RunTime:0.000017s ]
INFO: [ app_init ] --END-- [ RunTime:0.000088s ]
ERR: Êó†Ê≥ïÂä†ËΩΩÊ®°Âùó:Template

[ 2025-10-27T13:08:38+08:00 ] ::1 /template/Main-Download-Printer-html5-Template/1.1/js/style-customizer/css/style-customizer.css.map
INFO: [ app_init ] --START--
INFO: Run Behavior\BuildLiteBehavior [ RunTime:0.000015s ]
INFO: [ app_init ] --END-- [ RunTime:0.000074s ]
ERR: Êó†Ê≥ïÂä†ËΩΩÊ®°Âùó:Template

[ 2025-10-27T13:08:42+08:00 ] ::1 /template/Main-Download-Printer-html5-Template/1.1/js/tabs/css/hairsaloon.css
INFO: [ app_init ] --START--
INFO: Run Behavior\BuildLiteBehavior [ RunTime:0.000010s ]
INFO: [ app_init ] --END-- [ RunTime:0.000052s ]
ERR: Êó†Ê≥ïÂä†ËΩΩÊ®°Âùó:Template

[ 2025-10-27T13:08:42+08:00 ] ::1 /template/Main-Download-Printer-html5-Template/1.1/js/tabs/css/band.css
INFO: [ app_init ] --START--
INFO: Run Behavior\BuildLiteBehavior [ RunTime:0.000008s ]
INFO: [ app_init ] --END-- [ RunTime:0.000038s ]
ERR: Êó†Ê≥ïÂä†ËΩΩÊ®°Âùó:Template

[ 2025-10-27T13:08:42+08:00 ] ::1 /template/Main-Download-Printer-html5-Template/1.1/js/tabs/css/barber.css
INFO: [ app_init ] --START--
INFO: Run Behavior\BuildLiteBehavior [ RunTime:0.000009s ]
INFO: [ app_init ] --END-- [ RunTime:0.000053s ]
ERR: Êó†Ê≥ïÂä†ËΩΩÊ®°Âùó:Template

[ 2025-10-27T13:08:43+08:00 ] ::1 /template/Main-Download-Printer-html5-Template/1.1/js/style-customizer/css/style-customizer.css.map
INFO: [ app_init ] --START--
INFO: Run Behavior\BuildLiteBehavior [ RunTime:0.000006s ]
INFO: [ app_init ] --END-- [ RunTime:0.000045s ]
ERR: Êó†Ê≥ïÂä†ËΩΩÊ®°Âùó:Template

[ 2025-10-27T13:08:47+08:00 ] ::1 /template/Main-Download-Printer-html5-Template/1.1/js/tabs/css/hairsaloon.css
INFO: [ app_init ] --START--
INFO: Run Behavior\BuildLiteBehavior [ RunTime:0.000007s ]
INFO: [ app_init ] --END-- [ RunTime:0.000037s ]
ERR: Êó†Ê≥ïÂä†ËΩΩÊ®°Âùó:Template

[ 2025-10-27T13:08:47+08:00 ] ::1 /template/Main-Download-Printer-html5-Template/1.1/js/tabs/css/barber.css
INFO: [ app_init ] --START--
INFO: Run Behavior\BuildLiteBehavior [ RunTime:0.000007s ]
INFO: [ app_init ] --END-- [ RunTime:0.000032s ]
ERR: Êó†Ê≥ïÂä†ËΩΩÊ®°Âùó:Template

[ 2025-10-27T13:08:47+08:00 ] ::1 /template/Main-Download-Printer-html5-Template/1.1/js/tabs/css/band.css
INFO: [ app_init ] --START--
INFO: Run Behavior\BuildLiteBehavior [ RunTime:0.000008s ]
INFO: [ app_init ] --END-- [ RunTime:0.000052s ]
ERR: Êó†Ê≥ïÂä†ËΩΩÊ®°Âùó:Template

[ 2025-10-27T13:08:47+08:00 ] ::1 /template/Main-Download-Printer-html5-Template/1.1/js/style-customizer/css/style-customizer.css.map
INFO: [ app_init ] --START--
INFO: Run Behavior\BuildLiteBehavior [ RunTime:0.000007s ]
INFO: [ app_init ] --END-- [ RunTime:0.000039s ]
ERR: Êó†Ê≥ïÂä†ËΩΩÊ®°Âùó:Template

[ 2025-10-27T13:08:47+08:00 ] ::1 /template/Main-Download-Printer-html5-Template/1.1/js/bootstrap/bootstrap.min.css.map
INFO: [ app_init ] --START--
INFO: Run Behavior\BuildLiteBehavior [ RunTime:0.000008s ]
INFO: [ app_init ] --END-- [ RunTime:0.000047s ]
ERR: Êó†Ê≥ïÂä†ËΩΩÊ®°Âùó:Template

